[2023-01-08T15:35:23.446+0000] {processor.py:153} INFO - Started process (PID=173) to work on /opt/airflow/dags/postgres/postgres.py
[2023-01-08T15:35:23.448+0000] {processor.py:743} INFO - Processing file /opt/airflow/dags/postgres/postgres.py for tasks to queue
[2023-01-08T15:35:23.474+0000] {logging_mixin.py:137} INFO - [2023-01-08T15:35:23.474+0000] {dagbag.py:538} INFO - Filling up the DagBag from /opt/airflow/dags/postgres/postgres.py
[2023-01-08T15:35:24.269+0000] {processor.py:755} WARNING - No viable dags retrieved from /opt/airflow/dags/postgres/postgres.py
[2023-01-08T15:35:24.299+0000] {processor.py:175} INFO - Processing /opt/airflow/dags/postgres/postgres.py took 0.866 seconds
[2023-01-08T15:35:54.454+0000] {processor.py:153} INFO - Started process (PID=397) to work on /opt/airflow/dags/postgres/postgres.py
[2023-01-08T15:35:54.456+0000] {processor.py:743} INFO - Processing file /opt/airflow/dags/postgres/postgres.py for tasks to queue
[2023-01-08T15:35:54.457+0000] {logging_mixin.py:137} INFO - [2023-01-08T15:35:54.457+0000] {dagbag.py:538} INFO - Filling up the DagBag from /opt/airflow/dags/postgres/postgres.py
[2023-01-08T15:35:55.027+0000] {processor.py:755} WARNING - No viable dags retrieved from /opt/airflow/dags/postgres/postgres.py
[2023-01-08T15:35:55.056+0000] {processor.py:175} INFO - Processing /opt/airflow/dags/postgres/postgres.py took 0.615 seconds
[2023-01-08T15:36:25.366+0000] {processor.py:153} INFO - Started process (PID=619) to work on /opt/airflow/dags/postgres/postgres.py
[2023-01-08T15:36:25.366+0000] {processor.py:743} INFO - Processing file /opt/airflow/dags/postgres/postgres.py for tasks to queue
[2023-01-08T15:36:25.367+0000] {logging_mixin.py:137} INFO - [2023-01-08T15:36:25.367+0000] {dagbag.py:538} INFO - Filling up the DagBag from /opt/airflow/dags/postgres/postgres.py
[2023-01-08T15:36:25.588+0000] {processor.py:755} WARNING - No viable dags retrieved from /opt/airflow/dags/postgres/postgres.py
[2023-01-08T15:36:25.599+0000] {processor.py:175} INFO - Processing /opt/airflow/dags/postgres/postgres.py took 0.237 seconds
[2023-01-08T15:36:55.736+0000] {processor.py:153} INFO - Started process (PID=841) to work on /opt/airflow/dags/postgres/postgres.py
[2023-01-08T15:36:55.745+0000] {processor.py:743} INFO - Processing file /opt/airflow/dags/postgres/postgres.py for tasks to queue
[2023-01-08T15:36:55.746+0000] {logging_mixin.py:137} INFO - [2023-01-08T15:36:55.746+0000] {dagbag.py:538} INFO - Filling up the DagBag from /opt/airflow/dags/postgres/postgres.py
[2023-01-08T15:36:55.972+0000] {processor.py:755} WARNING - No viable dags retrieved from /opt/airflow/dags/postgres/postgres.py
[2023-01-08T15:36:55.984+0000] {processor.py:175} INFO - Processing /opt/airflow/dags/postgres/postgres.py took 0.251 seconds
[2023-01-08T15:37:26.614+0000] {processor.py:153} INFO - Started process (PID=1063) to work on /opt/airflow/dags/postgres/postgres.py
[2023-01-08T15:37:26.620+0000] {processor.py:743} INFO - Processing file /opt/airflow/dags/postgres/postgres.py for tasks to queue
[2023-01-08T15:37:26.621+0000] {logging_mixin.py:137} INFO - [2023-01-08T15:37:26.621+0000] {dagbag.py:538} INFO - Filling up the DagBag from /opt/airflow/dags/postgres/postgres.py
[2023-01-08T15:37:26.949+0000] {processor.py:755} WARNING - No viable dags retrieved from /opt/airflow/dags/postgres/postgres.py
[2023-01-08T15:37:26.973+0000] {processor.py:175} INFO - Processing /opt/airflow/dags/postgres/postgres.py took 0.363 seconds
[2023-01-08T15:37:57.226+0000] {processor.py:153} INFO - Started process (PID=1294) to work on /opt/airflow/dags/postgres/postgres.py
[2023-01-08T15:37:57.227+0000] {processor.py:743} INFO - Processing file /opt/airflow/dags/postgres/postgres.py for tasks to queue
[2023-01-08T15:37:57.229+0000] {logging_mixin.py:137} INFO - [2023-01-08T15:37:57.228+0000] {dagbag.py:538} INFO - Filling up the DagBag from /opt/airflow/dags/postgres/postgres.py
[2023-01-08T15:37:57.841+0000] {processor.py:755} WARNING - No viable dags retrieved from /opt/airflow/dags/postgres/postgres.py
[2023-01-08T15:37:57.888+0000] {processor.py:175} INFO - Processing /opt/airflow/dags/postgres/postgres.py took 0.671 seconds
[2023-01-08T15:38:28.156+0000] {processor.py:153} INFO - Started process (PID=1523) to work on /opt/airflow/dags/postgres/postgres.py
[2023-01-08T15:38:28.161+0000] {processor.py:743} INFO - Processing file /opt/airflow/dags/postgres/postgres.py for tasks to queue
[2023-01-08T15:38:28.162+0000] {logging_mixin.py:137} INFO - [2023-01-08T15:38:28.162+0000] {dagbag.py:538} INFO - Filling up the DagBag from /opt/airflow/dags/postgres/postgres.py
[2023-01-08T15:38:29.239+0000] {processor.py:755} WARNING - No viable dags retrieved from /opt/airflow/dags/postgres/postgres.py
[2023-01-08T15:38:29.294+0000] {processor.py:175} INFO - Processing /opt/airflow/dags/postgres/postgres.py took 1.170 seconds
[2023-01-08T15:38:59.522+0000] {processor.py:153} INFO - Started process (PID=1747) to work on /opt/airflow/dags/postgres/postgres.py
[2023-01-08T15:38:59.525+0000] {processor.py:743} INFO - Processing file /opt/airflow/dags/postgres/postgres.py for tasks to queue
[2023-01-08T15:38:59.528+0000] {logging_mixin.py:137} INFO - [2023-01-08T15:38:59.527+0000] {dagbag.py:538} INFO - Filling up the DagBag from /opt/airflow/dags/postgres/postgres.py
[2023-01-08T15:39:00.604+0000] {processor.py:755} WARNING - No viable dags retrieved from /opt/airflow/dags/postgres/postgres.py
[2023-01-08T15:39:00.624+0000] {processor.py:175} INFO - Processing /opt/airflow/dags/postgres/postgres.py took 1.119 seconds
[2023-01-08T15:39:30.711+0000] {processor.py:153} INFO - Started process (PID=1972) to work on /opt/airflow/dags/postgres/postgres.py
[2023-01-08T15:39:30.719+0000] {processor.py:743} INFO - Processing file /opt/airflow/dags/postgres/postgres.py for tasks to queue
[2023-01-08T15:39:30.720+0000] {logging_mixin.py:137} INFO - [2023-01-08T15:39:30.719+0000] {dagbag.py:538} INFO - Filling up the DagBag from /opt/airflow/dags/postgres/postgres.py
[2023-01-08T15:39:30.970+0000] {processor.py:755} WARNING - No viable dags retrieved from /opt/airflow/dags/postgres/postgres.py
[2023-01-08T15:39:31.005+0000] {processor.py:175} INFO - Processing /opt/airflow/dags/postgres/postgres.py took 0.298 seconds
[2023-01-08T15:40:01.320+0000] {processor.py:153} INFO - Started process (PID=2205) to work on /opt/airflow/dags/postgres/postgres.py
[2023-01-08T15:40:01.325+0000] {processor.py:743} INFO - Processing file /opt/airflow/dags/postgres/postgres.py for tasks to queue
[2023-01-08T15:40:01.327+0000] {logging_mixin.py:137} INFO - [2023-01-08T15:40:01.327+0000] {dagbag.py:538} INFO - Filling up the DagBag from /opt/airflow/dags/postgres/postgres.py
[2023-01-08T15:40:01.622+0000] {processor.py:755} WARNING - No viable dags retrieved from /opt/airflow/dags/postgres/postgres.py
[2023-01-08T15:40:01.686+0000] {processor.py:175} INFO - Processing /opt/airflow/dags/postgres/postgres.py took 0.369 seconds
[2023-01-08T15:40:31.898+0000] {processor.py:153} INFO - Started process (PID=2432) to work on /opt/airflow/dags/postgres/postgres.py
[2023-01-08T15:40:31.899+0000] {processor.py:743} INFO - Processing file /opt/airflow/dags/postgres/postgres.py for tasks to queue
[2023-01-08T15:40:31.901+0000] {logging_mixin.py:137} INFO - [2023-01-08T15:40:31.901+0000] {dagbag.py:538} INFO - Filling up the DagBag from /opt/airflow/dags/postgres/postgres.py
[2023-01-08T15:40:32.318+0000] {processor.py:755} WARNING - No viable dags retrieved from /opt/airflow/dags/postgres/postgres.py
[2023-01-08T15:40:32.333+0000] {processor.py:175} INFO - Processing /opt/airflow/dags/postgres/postgres.py took 0.442 seconds
[2023-01-08T15:41:02.489+0000] {processor.py:153} INFO - Started process (PID=2651) to work on /opt/airflow/dags/postgres/postgres.py
[2023-01-08T15:41:02.498+0000] {processor.py:743} INFO - Processing file /opt/airflow/dags/postgres/postgres.py for tasks to queue
[2023-01-08T15:41:02.499+0000] {logging_mixin.py:137} INFO - [2023-01-08T15:41:02.499+0000] {dagbag.py:538} INFO - Filling up the DagBag from /opt/airflow/dags/postgres/postgres.py
[2023-01-08T15:41:02.773+0000] {processor.py:755} WARNING - No viable dags retrieved from /opt/airflow/dags/postgres/postgres.py
[2023-01-08T15:41:02.785+0000] {processor.py:175} INFO - Processing /opt/airflow/dags/postgres/postgres.py took 0.299 seconds
[2023-01-08T15:41:32.827+0000] {processor.py:153} INFO - Started process (PID=2878) to work on /opt/airflow/dags/postgres/postgres.py
[2023-01-08T15:41:32.827+0000] {processor.py:743} INFO - Processing file /opt/airflow/dags/postgres/postgres.py for tasks to queue
[2023-01-08T15:41:32.828+0000] {logging_mixin.py:137} INFO - [2023-01-08T15:41:32.828+0000] {dagbag.py:538} INFO - Filling up the DagBag from /opt/airflow/dags/postgres/postgres.py
[2023-01-08T15:41:33.066+0000] {processor.py:755} WARNING - No viable dags retrieved from /opt/airflow/dags/postgres/postgres.py
[2023-01-08T15:41:33.078+0000] {processor.py:175} INFO - Processing /opt/airflow/dags/postgres/postgres.py took 0.254 seconds
[2023-01-08T15:42:03.266+0000] {processor.py:153} INFO - Started process (PID=3105) to work on /opt/airflow/dags/postgres/postgres.py
[2023-01-08T15:42:03.275+0000] {processor.py:743} INFO - Processing file /opt/airflow/dags/postgres/postgres.py for tasks to queue
[2023-01-08T15:42:03.276+0000] {logging_mixin.py:137} INFO - [2023-01-08T15:42:03.276+0000] {dagbag.py:538} INFO - Filling up the DagBag from /opt/airflow/dags/postgres/postgres.py
[2023-01-08T15:42:03.916+0000] {processor.py:755} WARNING - No viable dags retrieved from /opt/airflow/dags/postgres/postgres.py
[2023-01-08T15:42:03.944+0000] {processor.py:175} INFO - Processing /opt/airflow/dags/postgres/postgres.py took 0.685 seconds
[2023-01-08T15:42:34.135+0000] {processor.py:153} INFO - Started process (PID=3327) to work on /opt/airflow/dags/postgres/postgres.py
[2023-01-08T15:42:34.136+0000] {processor.py:743} INFO - Processing file /opt/airflow/dags/postgres/postgres.py for tasks to queue
[2023-01-08T15:42:34.137+0000] {logging_mixin.py:137} INFO - [2023-01-08T15:42:34.137+0000] {dagbag.py:538} INFO - Filling up the DagBag from /opt/airflow/dags/postgres/postgres.py
[2023-01-08T15:42:34.382+0000] {processor.py:755} WARNING - No viable dags retrieved from /opt/airflow/dags/postgres/postgres.py
[2023-01-08T15:42:34.394+0000] {processor.py:175} INFO - Processing /opt/airflow/dags/postgres/postgres.py took 0.262 seconds
[2023-01-08T15:43:05.000+0000] {processor.py:153} INFO - Started process (PID=3550) to work on /opt/airflow/dags/postgres/postgres.py
[2023-01-08T15:43:05.008+0000] {processor.py:743} INFO - Processing file /opt/airflow/dags/postgres/postgres.py for tasks to queue
[2023-01-08T15:43:05.009+0000] {logging_mixin.py:137} INFO - [2023-01-08T15:43:05.009+0000] {dagbag.py:538} INFO - Filling up the DagBag from /opt/airflow/dags/postgres/postgres.py
[2023-01-08T15:43:05.241+0000] {processor.py:755} WARNING - No viable dags retrieved from /opt/airflow/dags/postgres/postgres.py
[2023-01-08T15:43:05.253+0000] {processor.py:175} INFO - Processing /opt/airflow/dags/postgres/postgres.py took 0.256 seconds
[2023-01-08T15:43:35.649+0000] {processor.py:153} INFO - Started process (PID=3782) to work on /opt/airflow/dags/postgres/postgres.py
[2023-01-08T15:43:35.657+0000] {processor.py:743} INFO - Processing file /opt/airflow/dags/postgres/postgres.py for tasks to queue
[2023-01-08T15:43:35.659+0000] {logging_mixin.py:137} INFO - [2023-01-08T15:43:35.658+0000] {dagbag.py:538} INFO - Filling up the DagBag from /opt/airflow/dags/postgres/postgres.py
[2023-01-08T15:43:36.218+0000] {processor.py:755} WARNING - No viable dags retrieved from /opt/airflow/dags/postgres/postgres.py
[2023-01-08T15:43:36.246+0000] {processor.py:175} INFO - Processing /opt/airflow/dags/postgres/postgres.py took 0.604 seconds
[2023-01-08T15:44:06.301+0000] {processor.py:153} INFO - Started process (PID=4005) to work on /opt/airflow/dags/postgres/postgres.py
[2023-01-08T15:44:06.308+0000] {processor.py:743} INFO - Processing file /opt/airflow/dags/postgres/postgres.py for tasks to queue
[2023-01-08T15:44:06.309+0000] {logging_mixin.py:137} INFO - [2023-01-08T15:44:06.309+0000] {dagbag.py:538} INFO - Filling up the DagBag from /opt/airflow/dags/postgres/postgres.py
[2023-01-08T15:44:06.544+0000] {processor.py:755} WARNING - No viable dags retrieved from /opt/airflow/dags/postgres/postgres.py
[2023-01-08T15:44:06.557+0000] {processor.py:175} INFO - Processing /opt/airflow/dags/postgres/postgres.py took 0.259 seconds
[2023-01-08T15:44:37.119+0000] {processor.py:153} INFO - Started process (PID=4227) to work on /opt/airflow/dags/postgres/postgres.py
[2023-01-08T15:44:37.119+0000] {processor.py:743} INFO - Processing file /opt/airflow/dags/postgres/postgres.py for tasks to queue
[2023-01-08T15:44:37.120+0000] {logging_mixin.py:137} INFO - [2023-01-08T15:44:37.120+0000] {dagbag.py:538} INFO - Filling up the DagBag from /opt/airflow/dags/postgres/postgres.py
[2023-01-08T15:44:37.356+0000] {processor.py:755} WARNING - No viable dags retrieved from /opt/airflow/dags/postgres/postgres.py
[2023-01-08T15:44:37.371+0000] {processor.py:175} INFO - Processing /opt/airflow/dags/postgres/postgres.py took 0.255 seconds
[2023-01-08T15:45:07.655+0000] {processor.py:153} INFO - Started process (PID=4459) to work on /opt/airflow/dags/postgres/postgres.py
[2023-01-08T15:45:07.662+0000] {processor.py:743} INFO - Processing file /opt/airflow/dags/postgres/postgres.py for tasks to queue
[2023-01-08T15:45:07.663+0000] {logging_mixin.py:137} INFO - [2023-01-08T15:45:07.663+0000] {dagbag.py:538} INFO - Filling up the DagBag from /opt/airflow/dags/postgres/postgres.py
[2023-01-08T15:45:07.885+0000] {processor.py:755} WARNING - No viable dags retrieved from /opt/airflow/dags/postgres/postgres.py
[2023-01-08T15:45:07.897+0000] {processor.py:175} INFO - Processing /opt/airflow/dags/postgres/postgres.py took 0.245 seconds
[2023-01-08T15:45:38.162+0000] {processor.py:153} INFO - Started process (PID=4682) to work on /opt/airflow/dags/postgres/postgres.py
[2023-01-08T15:45:38.164+0000] {processor.py:743} INFO - Processing file /opt/airflow/dags/postgres/postgres.py for tasks to queue
[2023-01-08T15:45:38.165+0000] {logging_mixin.py:137} INFO - [2023-01-08T15:45:38.165+0000] {dagbag.py:538} INFO - Filling up the DagBag from /opt/airflow/dags/postgres/postgres.py
[2023-01-08T15:45:38.682+0000] {processor.py:755} WARNING - No viable dags retrieved from /opt/airflow/dags/postgres/postgres.py
[2023-01-08T15:45:38.695+0000] {processor.py:175} INFO - Processing /opt/airflow/dags/postgres/postgres.py took 0.544 seconds
[2023-01-08T15:46:08.819+0000] {processor.py:153} INFO - Started process (PID=4899) to work on /opt/airflow/dags/postgres/postgres.py
[2023-01-08T15:46:08.829+0000] {processor.py:743} INFO - Processing file /opt/airflow/dags/postgres/postgres.py for tasks to queue
[2023-01-08T15:46:08.830+0000] {logging_mixin.py:137} INFO - [2023-01-08T15:46:08.829+0000] {dagbag.py:538} INFO - Filling up the DagBag from /opt/airflow/dags/postgres/postgres.py
[2023-01-08T15:46:09.138+0000] {processor.py:755} WARNING - No viable dags retrieved from /opt/airflow/dags/postgres/postgres.py
[2023-01-08T15:46:09.150+0000] {processor.py:175} INFO - Processing /opt/airflow/dags/postgres/postgres.py took 0.336 seconds
[2023-01-08T15:46:39.644+0000] {processor.py:153} INFO - Started process (PID=5121) to work on /opt/airflow/dags/postgres/postgres.py
[2023-01-08T15:46:39.645+0000] {processor.py:743} INFO - Processing file /opt/airflow/dags/postgres/postgres.py for tasks to queue
[2023-01-08T15:46:39.646+0000] {logging_mixin.py:137} INFO - [2023-01-08T15:46:39.646+0000] {dagbag.py:538} INFO - Filling up the DagBag from /opt/airflow/dags/postgres/postgres.py
[2023-01-08T15:46:39.962+0000] {processor.py:755} WARNING - No viable dags retrieved from /opt/airflow/dags/postgres/postgres.py
[2023-01-08T15:46:39.975+0000] {processor.py:175} INFO - Processing /opt/airflow/dags/postgres/postgres.py took 0.334 seconds
[2023-01-08T15:50:07.229+0000] {processor.py:153} INFO - Started process (PID=174) to work on /opt/airflow/dags/postgres/postgres.py
[2023-01-08T15:50:07.246+0000] {processor.py:743} INFO - Processing file /opt/airflow/dags/postgres/postgres.py for tasks to queue
[2023-01-08T15:50:07.251+0000] {logging_mixin.py:137} INFO - [2023-01-08T15:50:07.250+0000] {dagbag.py:538} INFO - Filling up the DagBag from /opt/airflow/dags/postgres/postgres.py
[2023-01-08T15:50:10.828+0000] {processor.py:755} WARNING - No viable dags retrieved from /opt/airflow/dags/postgres/postgres.py
[2023-01-08T15:50:10.920+0000] {processor.py:175} INFO - Processing /opt/airflow/dags/postgres/postgres.py took 3.699 seconds
[2023-01-08T15:50:41.190+0000] {processor.py:153} INFO - Started process (PID=396) to work on /opt/airflow/dags/postgres/postgres.py
[2023-01-08T15:50:41.197+0000] {processor.py:743} INFO - Processing file /opt/airflow/dags/postgres/postgres.py for tasks to queue
[2023-01-08T15:50:41.198+0000] {logging_mixin.py:137} INFO - [2023-01-08T15:50:41.198+0000] {dagbag.py:538} INFO - Filling up the DagBag from /opt/airflow/dags/postgres/postgres.py
[2023-01-08T15:50:41.476+0000] {processor.py:755} WARNING - No viable dags retrieved from /opt/airflow/dags/postgres/postgres.py
[2023-01-08T15:50:41.489+0000] {processor.py:175} INFO - Processing /opt/airflow/dags/postgres/postgres.py took 0.302 seconds
[2023-01-08T15:51:12.259+0000] {processor.py:153} INFO - Started process (PID=625) to work on /opt/airflow/dags/postgres/postgres.py
[2023-01-08T15:51:12.267+0000] {processor.py:743} INFO - Processing file /opt/airflow/dags/postgres/postgres.py for tasks to queue
[2023-01-08T15:51:12.268+0000] {logging_mixin.py:137} INFO - [2023-01-08T15:51:12.268+0000] {dagbag.py:538} INFO - Filling up the DagBag from /opt/airflow/dags/postgres/postgres.py
[2023-01-08T15:51:12.756+0000] {processor.py:755} WARNING - No viable dags retrieved from /opt/airflow/dags/postgres/postgres.py
[2023-01-08T15:51:12.776+0000] {processor.py:175} INFO - Processing /opt/airflow/dags/postgres/postgres.py took 0.519 seconds
[2023-01-08T15:51:43.188+0000] {processor.py:153} INFO - Started process (PID=840) to work on /opt/airflow/dags/postgres/postgres.py
[2023-01-08T15:51:43.190+0000] {processor.py:743} INFO - Processing file /opt/airflow/dags/postgres/postgres.py for tasks to queue
[2023-01-08T15:51:43.190+0000] {logging_mixin.py:137} INFO - [2023-01-08T15:51:43.190+0000] {dagbag.py:538} INFO - Filling up the DagBag from /opt/airflow/dags/postgres/postgres.py
[2023-01-08T15:51:43.684+0000] {processor.py:755} WARNING - No viable dags retrieved from /opt/airflow/dags/postgres/postgres.py
[2023-01-08T15:51:43.697+0000] {processor.py:175} INFO - Processing /opt/airflow/dags/postgres/postgres.py took 0.518 seconds
[2023-01-08T15:52:14.625+0000] {processor.py:153} INFO - Started process (PID=1066) to work on /opt/airflow/dags/postgres/postgres.py
[2023-01-08T15:52:14.634+0000] {processor.py:743} INFO - Processing file /opt/airflow/dags/postgres/postgres.py for tasks to queue
[2023-01-08T15:52:14.636+0000] {logging_mixin.py:137} INFO - [2023-01-08T15:52:14.636+0000] {dagbag.py:538} INFO - Filling up the DagBag from /opt/airflow/dags/postgres/postgres.py
[2023-01-08T15:52:15.719+0000] {processor.py:755} WARNING - No viable dags retrieved from /opt/airflow/dags/postgres/postgres.py
[2023-01-08T15:52:15.744+0000] {processor.py:175} INFO - Processing /opt/airflow/dags/postgres/postgres.py took 1.127 seconds
[2023-01-08T15:52:46.151+0000] {processor.py:153} INFO - Started process (PID=1295) to work on /opt/airflow/dags/postgres/postgres.py
[2023-01-08T15:52:46.172+0000] {processor.py:743} INFO - Processing file /opt/airflow/dags/postgres/postgres.py for tasks to queue
[2023-01-08T15:52:46.174+0000] {logging_mixin.py:137} INFO - [2023-01-08T15:52:46.174+0000] {dagbag.py:538} INFO - Filling up the DagBag from /opt/airflow/dags/postgres/postgres.py
[2023-01-08T15:52:46.976+0000] {processor.py:755} WARNING - No viable dags retrieved from /opt/airflow/dags/postgres/postgres.py
[2023-01-08T15:52:47.003+0000] {processor.py:175} INFO - Processing /opt/airflow/dags/postgres/postgres.py took 0.862 seconds
[2023-01-08T15:53:17.350+0000] {processor.py:153} INFO - Started process (PID=1520) to work on /opt/airflow/dags/postgres/postgres.py
[2023-01-08T15:53:17.362+0000] {processor.py:743} INFO - Processing file /opt/airflow/dags/postgres/postgres.py for tasks to queue
[2023-01-08T15:53:17.364+0000] {logging_mixin.py:137} INFO - [2023-01-08T15:53:17.363+0000] {dagbag.py:538} INFO - Filling up the DagBag from /opt/airflow/dags/postgres/postgres.py
[2023-01-08T15:53:18.020+0000] {processor.py:755} WARNING - No viable dags retrieved from /opt/airflow/dags/postgres/postgres.py
[2023-01-08T15:53:18.056+0000] {processor.py:175} INFO - Processing /opt/airflow/dags/postgres/postgres.py took 0.718 seconds
[2023-01-08T15:53:48.159+0000] {processor.py:153} INFO - Started process (PID=1743) to work on /opt/airflow/dags/postgres/postgres.py
[2023-01-08T15:53:48.160+0000] {processor.py:743} INFO - Processing file /opt/airflow/dags/postgres/postgres.py for tasks to queue
[2023-01-08T15:53:48.162+0000] {logging_mixin.py:137} INFO - [2023-01-08T15:53:48.162+0000] {dagbag.py:538} INFO - Filling up the DagBag from /opt/airflow/dags/postgres/postgres.py
[2023-01-08T15:53:48.771+0000] {processor.py:755} WARNING - No viable dags retrieved from /opt/airflow/dags/postgres/postgres.py
[2023-01-08T15:53:48.820+0000] {processor.py:175} INFO - Processing /opt/airflow/dags/postgres/postgres.py took 0.668 seconds
[2023-01-08T15:54:18.928+0000] {processor.py:153} INFO - Started process (PID=1964) to work on /opt/airflow/dags/postgres/postgres.py
[2023-01-08T15:54:18.931+0000] {processor.py:743} INFO - Processing file /opt/airflow/dags/postgres/postgres.py for tasks to queue
[2023-01-08T15:54:18.933+0000] {logging_mixin.py:137} INFO - [2023-01-08T15:54:18.932+0000] {dagbag.py:538} INFO - Filling up the DagBag from /opt/airflow/dags/postgres/postgres.py
[2023-01-08T15:54:19.701+0000] {processor.py:755} WARNING - No viable dags retrieved from /opt/airflow/dags/postgres/postgres.py
[2023-01-08T15:54:19.718+0000] {processor.py:175} INFO - Processing /opt/airflow/dags/postgres/postgres.py took 0.799 seconds
[2023-01-08T15:54:50.085+0000] {processor.py:153} INFO - Started process (PID=2186) to work on /opt/airflow/dags/postgres/postgres.py
[2023-01-08T15:54:50.092+0000] {processor.py:743} INFO - Processing file /opt/airflow/dags/postgres/postgres.py for tasks to queue
[2023-01-08T15:54:50.092+0000] {logging_mixin.py:137} INFO - [2023-01-08T15:54:50.092+0000] {dagbag.py:538} INFO - Filling up the DagBag from /opt/airflow/dags/postgres/postgres.py
[2023-01-08T15:54:50.342+0000] {processor.py:755} WARNING - No viable dags retrieved from /opt/airflow/dags/postgres/postgres.py
[2023-01-08T15:54:50.359+0000] {processor.py:175} INFO - Processing /opt/airflow/dags/postgres/postgres.py took 0.279 seconds
[2023-01-08T15:55:20.850+0000] {processor.py:153} INFO - Started process (PID=2408) to work on /opt/airflow/dags/postgres/postgres.py
[2023-01-08T15:55:20.852+0000] {processor.py:743} INFO - Processing file /opt/airflow/dags/postgres/postgres.py for tasks to queue
[2023-01-08T15:55:20.853+0000] {logging_mixin.py:137} INFO - [2023-01-08T15:55:20.853+0000] {dagbag.py:538} INFO - Filling up the DagBag from /opt/airflow/dags/postgres/postgres.py
[2023-01-08T15:55:21.565+0000] {processor.py:755} WARNING - No viable dags retrieved from /opt/airflow/dags/postgres/postgres.py
[2023-01-08T15:55:21.600+0000] {processor.py:175} INFO - Processing /opt/airflow/dags/postgres/postgres.py took 0.758 seconds
[2023-01-08T15:55:52.032+0000] {processor.py:153} INFO - Started process (PID=2630) to work on /opt/airflow/dags/postgres/postgres.py
[2023-01-08T15:55:52.040+0000] {processor.py:743} INFO - Processing file /opt/airflow/dags/postgres/postgres.py for tasks to queue
[2023-01-08T15:55:52.041+0000] {logging_mixin.py:137} INFO - [2023-01-08T15:55:52.040+0000] {dagbag.py:538} INFO - Filling up the DagBag from /opt/airflow/dags/postgres/postgres.py
[2023-01-08T15:55:52.393+0000] {processor.py:755} WARNING - No viable dags retrieved from /opt/airflow/dags/postgres/postgres.py
[2023-01-08T15:55:52.409+0000] {processor.py:175} INFO - Processing /opt/airflow/dags/postgres/postgres.py took 0.381 seconds
[2023-01-08T15:56:22.918+0000] {processor.py:153} INFO - Started process (PID=2861) to work on /opt/airflow/dags/postgres/postgres.py
[2023-01-08T15:56:22.920+0000] {processor.py:743} INFO - Processing file /opt/airflow/dags/postgres/postgres.py for tasks to queue
[2023-01-08T15:56:22.921+0000] {logging_mixin.py:137} INFO - [2023-01-08T15:56:22.921+0000] {dagbag.py:538} INFO - Filling up the DagBag from /opt/airflow/dags/postgres/postgres.py
[2023-01-08T15:56:23.513+0000] {processor.py:755} WARNING - No viable dags retrieved from /opt/airflow/dags/postgres/postgres.py
[2023-01-08T15:56:23.542+0000] {processor.py:175} INFO - Processing /opt/airflow/dags/postgres/postgres.py took 0.638 seconds
[2023-01-08T15:56:53.890+0000] {processor.py:153} INFO - Started process (PID=3081) to work on /opt/airflow/dags/postgres/postgres.py
[2023-01-08T15:56:53.898+0000] {processor.py:743} INFO - Processing file /opt/airflow/dags/postgres/postgres.py for tasks to queue
[2023-01-08T15:56:53.899+0000] {logging_mixin.py:137} INFO - [2023-01-08T15:56:53.899+0000] {dagbag.py:538} INFO - Filling up the DagBag from /opt/airflow/dags/postgres/postgres.py
[2023-01-08T15:56:54.207+0000] {processor.py:755} WARNING - No viable dags retrieved from /opt/airflow/dags/postgres/postgres.py
[2023-01-08T15:56:54.222+0000] {processor.py:175} INFO - Processing /opt/airflow/dags/postgres/postgres.py took 0.337 seconds
[2023-01-08T15:57:24.299+0000] {processor.py:153} INFO - Started process (PID=3306) to work on /opt/airflow/dags/postgres/postgres.py
[2023-01-08T15:57:24.301+0000] {processor.py:743} INFO - Processing file /opt/airflow/dags/postgres/postgres.py for tasks to queue
[2023-01-08T15:57:24.303+0000] {logging_mixin.py:137} INFO - [2023-01-08T15:57:24.302+0000] {dagbag.py:538} INFO - Filling up the DagBag from /opt/airflow/dags/postgres/postgres.py
[2023-01-08T15:57:25.425+0000] {processor.py:755} WARNING - No viable dags retrieved from /opt/airflow/dags/postgres/postgres.py
[2023-01-08T15:57:25.500+0000] {processor.py:175} INFO - Processing /opt/airflow/dags/postgres/postgres.py took 1.209 seconds
[2023-01-08T15:57:55.874+0000] {processor.py:153} INFO - Started process (PID=3532) to work on /opt/airflow/dags/postgres/postgres.py
[2023-01-08T15:57:55.893+0000] {processor.py:743} INFO - Processing file /opt/airflow/dags/postgres/postgres.py for tasks to queue
[2023-01-08T15:57:55.895+0000] {logging_mixin.py:137} INFO - [2023-01-08T15:57:55.894+0000] {dagbag.py:538} INFO - Filling up the DagBag from /opt/airflow/dags/postgres/postgres.py
[2023-01-08T15:57:56.853+0000] {processor.py:755} WARNING - No viable dags retrieved from /opt/airflow/dags/postgres/postgres.py
[2023-01-08T15:57:56.881+0000] {processor.py:175} INFO - Processing /opt/airflow/dags/postgres/postgres.py took 1.023 seconds
[2023-01-08T15:58:27.119+0000] {processor.py:153} INFO - Started process (PID=3754) to work on /opt/airflow/dags/postgres/postgres.py
[2023-01-08T15:58:27.121+0000] {processor.py:743} INFO - Processing file /opt/airflow/dags/postgres/postgres.py for tasks to queue
[2023-01-08T15:58:27.123+0000] {logging_mixin.py:137} INFO - [2023-01-08T15:58:27.122+0000] {dagbag.py:538} INFO - Filling up the DagBag from /opt/airflow/dags/postgres/postgres.py
[2023-01-08T15:58:28.630+0000] {processor.py:755} WARNING - No viable dags retrieved from /opt/airflow/dags/postgres/postgres.py
[2023-01-08T15:58:28.686+0000] {processor.py:175} INFO - Processing /opt/airflow/dags/postgres/postgres.py took 1.589 seconds
[2023-01-08T15:58:58.831+0000] {processor.py:153} INFO - Started process (PID=3976) to work on /opt/airflow/dags/postgres/postgres.py
[2023-01-08T15:58:58.831+0000] {processor.py:743} INFO - Processing file /opt/airflow/dags/postgres/postgres.py for tasks to queue
[2023-01-08T15:58:58.832+0000] {logging_mixin.py:137} INFO - [2023-01-08T15:58:58.832+0000] {dagbag.py:538} INFO - Filling up the DagBag from /opt/airflow/dags/postgres/postgres.py
[2023-01-08T15:58:59.153+0000] {processor.py:755} WARNING - No viable dags retrieved from /opt/airflow/dags/postgres/postgres.py
[2023-01-08T15:58:59.169+0000] {processor.py:175} INFO - Processing /opt/airflow/dags/postgres/postgres.py took 0.342 seconds
[2023-01-08T15:59:29.961+0000] {processor.py:153} INFO - Started process (PID=4198) to work on /opt/airflow/dags/postgres/postgres.py
[2023-01-08T15:59:29.968+0000] {processor.py:743} INFO - Processing file /opt/airflow/dags/postgres/postgres.py for tasks to queue
[2023-01-08T15:59:29.969+0000] {logging_mixin.py:137} INFO - [2023-01-08T15:59:29.969+0000] {dagbag.py:538} INFO - Filling up the DagBag from /opt/airflow/dags/postgres/postgres.py
[2023-01-08T15:59:30.568+0000] {processor.py:755} WARNING - No viable dags retrieved from /opt/airflow/dags/postgres/postgres.py
[2023-01-08T15:59:30.611+0000] {processor.py:175} INFO - Processing /opt/airflow/dags/postgres/postgres.py took 0.660 seconds
[2023-01-08T16:00:00.982+0000] {processor.py:153} INFO - Started process (PID=4420) to work on /opt/airflow/dags/postgres/postgres.py
[2023-01-08T16:00:00.983+0000] {processor.py:743} INFO - Processing file /opt/airflow/dags/postgres/postgres.py for tasks to queue
[2023-01-08T16:00:00.984+0000] {logging_mixin.py:137} INFO - [2023-01-08T16:00:00.984+0000] {dagbag.py:538} INFO - Filling up the DagBag from /opt/airflow/dags/postgres/postgres.py
[2023-01-08T16:00:01.291+0000] {processor.py:755} WARNING - No viable dags retrieved from /opt/airflow/dags/postgres/postgres.py
[2023-01-08T16:00:01.305+0000] {processor.py:175} INFO - Processing /opt/airflow/dags/postgres/postgres.py took 0.327 seconds
[2023-01-08T16:00:31.491+0000] {processor.py:153} INFO - Started process (PID=4642) to work on /opt/airflow/dags/postgres/postgres.py
[2023-01-08T16:00:31.501+0000] {processor.py:743} INFO - Processing file /opt/airflow/dags/postgres/postgres.py for tasks to queue
[2023-01-08T16:00:31.506+0000] {logging_mixin.py:137} INFO - [2023-01-08T16:00:31.505+0000] {dagbag.py:538} INFO - Filling up the DagBag from /opt/airflow/dags/postgres/postgres.py
[2023-01-08T16:00:32.225+0000] {processor.py:755} WARNING - No viable dags retrieved from /opt/airflow/dags/postgres/postgres.py
[2023-01-08T16:00:32.264+0000] {processor.py:175} INFO - Processing /opt/airflow/dags/postgres/postgres.py took 0.785 seconds
[2023-01-08T16:01:02.588+0000] {processor.py:153} INFO - Started process (PID=4867) to work on /opt/airflow/dags/postgres/postgres.py
[2023-01-08T16:01:02.592+0000] {processor.py:743} INFO - Processing file /opt/airflow/dags/postgres/postgres.py for tasks to queue
[2023-01-08T16:01:02.594+0000] {logging_mixin.py:137} INFO - [2023-01-08T16:01:02.593+0000] {dagbag.py:538} INFO - Filling up the DagBag from /opt/airflow/dags/postgres/postgres.py
[2023-01-08T16:01:03.263+0000] {processor.py:755} WARNING - No viable dags retrieved from /opt/airflow/dags/postgres/postgres.py
[2023-01-08T16:01:03.292+0000] {processor.py:175} INFO - Processing /opt/airflow/dags/postgres/postgres.py took 0.714 seconds
[2023-01-08T16:01:33.906+0000] {processor.py:153} INFO - Started process (PID=5091) to work on /opt/airflow/dags/postgres/postgres.py
[2023-01-08T16:01:33.919+0000] {processor.py:743} INFO - Processing file /opt/airflow/dags/postgres/postgres.py for tasks to queue
[2023-01-08T16:01:33.920+0000] {logging_mixin.py:137} INFO - [2023-01-08T16:01:33.920+0000] {dagbag.py:538} INFO - Filling up the DagBag from /opt/airflow/dags/postgres/postgres.py
[2023-01-08T16:01:34.203+0000] {processor.py:755} WARNING - No viable dags retrieved from /opt/airflow/dags/postgres/postgres.py
[2023-01-08T16:01:34.217+0000] {processor.py:175} INFO - Processing /opt/airflow/dags/postgres/postgres.py took 0.316 seconds
[2023-01-08T16:02:04.532+0000] {processor.py:153} INFO - Started process (PID=5313) to work on /opt/airflow/dags/postgres/postgres.py
[2023-01-08T16:02:04.533+0000] {processor.py:743} INFO - Processing file /opt/airflow/dags/postgres/postgres.py for tasks to queue
[2023-01-08T16:02:04.534+0000] {logging_mixin.py:137} INFO - [2023-01-08T16:02:04.534+0000] {dagbag.py:538} INFO - Filling up the DagBag from /opt/airflow/dags/postgres/postgres.py
[2023-01-08T16:02:04.845+0000] {processor.py:755} WARNING - No viable dags retrieved from /opt/airflow/dags/postgres/postgres.py
[2023-01-08T16:02:04.861+0000] {processor.py:175} INFO - Processing /opt/airflow/dags/postgres/postgres.py took 0.332 seconds
[2023-01-08T16:02:35.035+0000] {processor.py:153} INFO - Started process (PID=5535) to work on /opt/airflow/dags/postgres/postgres.py
[2023-01-08T16:02:35.042+0000] {processor.py:743} INFO - Processing file /opt/airflow/dags/postgres/postgres.py for tasks to queue
[2023-01-08T16:02:35.043+0000] {logging_mixin.py:137} INFO - [2023-01-08T16:02:35.043+0000] {dagbag.py:538} INFO - Filling up the DagBag from /opt/airflow/dags/postgres/postgres.py
[2023-01-08T16:02:35.315+0000] {processor.py:755} WARNING - No viable dags retrieved from /opt/airflow/dags/postgres/postgres.py
[2023-01-08T16:02:35.331+0000] {processor.py:175} INFO - Processing /opt/airflow/dags/postgres/postgres.py took 0.300 seconds
[2023-01-08T16:03:05.558+0000] {processor.py:153} INFO - Started process (PID=5760) to work on /opt/airflow/dags/postgres/postgres.py
[2023-01-08T16:03:05.560+0000] {processor.py:743} INFO - Processing file /opt/airflow/dags/postgres/postgres.py for tasks to queue
[2023-01-08T16:03:05.561+0000] {logging_mixin.py:137} INFO - [2023-01-08T16:03:05.561+0000] {dagbag.py:538} INFO - Filling up the DagBag from /opt/airflow/dags/postgres/postgres.py
[2023-01-08T16:03:06.059+0000] {processor.py:755} WARNING - No viable dags retrieved from /opt/airflow/dags/postgres/postgres.py
[2023-01-08T16:03:06.087+0000] {processor.py:175} INFO - Processing /opt/airflow/dags/postgres/postgres.py took 0.536 seconds
[2023-01-08T16:03:36.863+0000] {processor.py:153} INFO - Started process (PID=5992) to work on /opt/airflow/dags/postgres/postgres.py
[2023-01-08T16:03:36.875+0000] {processor.py:743} INFO - Processing file /opt/airflow/dags/postgres/postgres.py for tasks to queue
[2023-01-08T16:03:36.876+0000] {logging_mixin.py:137} INFO - [2023-01-08T16:03:36.876+0000] {dagbag.py:538} INFO - Filling up the DagBag from /opt/airflow/dags/postgres/postgres.py
[2023-01-08T16:03:37.836+0000] {processor.py:755} WARNING - No viable dags retrieved from /opt/airflow/dags/postgres/postgres.py
[2023-01-08T16:03:37.908+0000] {processor.py:175} INFO - Processing /opt/airflow/dags/postgres/postgres.py took 1.052 seconds
[2023-01-08T16:04:08.117+0000] {processor.py:153} INFO - Started process (PID=6215) to work on /opt/airflow/dags/postgres/postgres.py
[2023-01-08T16:04:08.120+0000] {processor.py:743} INFO - Processing file /opt/airflow/dags/postgres/postgres.py for tasks to queue
[2023-01-08T16:04:08.121+0000] {logging_mixin.py:137} INFO - [2023-01-08T16:04:08.121+0000] {dagbag.py:538} INFO - Filling up the DagBag from /opt/airflow/dags/postgres/postgres.py
[2023-01-08T16:04:08.766+0000] {processor.py:755} WARNING - No viable dags retrieved from /opt/airflow/dags/postgres/postgres.py
[2023-01-08T16:04:08.876+0000] {processor.py:175} INFO - Processing /opt/airflow/dags/postgres/postgres.py took 0.766 seconds
[2023-01-08T16:04:35.635+0000] {processor.py:153} INFO - Started process (PID=6422) to work on /opt/airflow/dags/postgres/postgres.py
[2023-01-08T16:04:35.646+0000] {processor.py:743} INFO - Processing file /opt/airflow/dags/postgres/postgres.py for tasks to queue
[2023-01-08T16:04:35.648+0000] {logging_mixin.py:137} INFO - [2023-01-08T16:04:35.648+0000] {dagbag.py:538} INFO - Filling up the DagBag from /opt/airflow/dags/postgres/postgres.py
[2023-01-08T16:04:35.649+0000] {logging_mixin.py:137} INFO - [2023-01-08T16:04:35.649+0000] {dagbag.py:320} INFO - File /opt/airflow/dags/postgres/postgres.py assumed to contain no DAGs. Skipping.
[2023-01-08T16:04:35.650+0000] {processor.py:755} WARNING - No viable dags retrieved from /opt/airflow/dags/postgres/postgres.py
[2023-01-08T16:04:35.683+0000] {processor.py:175} INFO - Processing /opt/airflow/dags/postgres/postgres.py took 0.057 seconds
[2023-01-08T16:04:57.187+0000] {processor.py:153} INFO - Started process (PID=6583) to work on /opt/airflow/dags/postgres/postgres.py
[2023-01-08T16:04:57.188+0000] {processor.py:743} INFO - Processing file /opt/airflow/dags/postgres/postgres.py for tasks to queue
[2023-01-08T16:04:57.189+0000] {logging_mixin.py:137} INFO - [2023-01-08T16:04:57.189+0000] {dagbag.py:538} INFO - Filling up the DagBag from /opt/airflow/dags/postgres/postgres.py
[2023-01-08T16:04:57.190+0000] {logging_mixin.py:137} INFO - [2023-01-08T16:04:57.190+0000] {dagbag.py:320} INFO - File /opt/airflow/dags/postgres/postgres.py assumed to contain no DAGs. Skipping.
[2023-01-08T16:04:57.191+0000] {processor.py:755} WARNING - No viable dags retrieved from /opt/airflow/dags/postgres/postgres.py
[2023-01-08T16:04:57.217+0000] {processor.py:175} INFO - Processing /opt/airflow/dags/postgres/postgres.py took 0.037 seconds
[2023-01-08T16:52:14.884+0000] {processor.py:153} INFO - Started process (PID=173) to work on /opt/airflow/dags/postgres/postgres.py
[2023-01-08T16:52:14.922+0000] {processor.py:743} INFO - Processing file /opt/airflow/dags/postgres/postgres.py for tasks to queue
[2023-01-08T16:52:14.922+0000] {logging_mixin.py:137} INFO - [2023-01-08T16:52:14.922+0000] {dagbag.py:538} INFO - Filling up the DagBag from /opt/airflow/dags/postgres/postgres.py
[2023-01-08T16:52:16.152+0000] {processor.py:755} WARNING - No viable dags retrieved from /opt/airflow/dags/postgres/postgres.py
[2023-01-08T16:52:16.210+0000] {processor.py:175} INFO - Processing /opt/airflow/dags/postgres/postgres.py took 1.329 seconds
[2023-01-08T16:52:46.995+0000] {processor.py:153} INFO - Started process (PID=397) to work on /opt/airflow/dags/postgres/postgres.py
[2023-01-08T16:52:46.996+0000] {processor.py:743} INFO - Processing file /opt/airflow/dags/postgres/postgres.py for tasks to queue
[2023-01-08T16:52:46.997+0000] {logging_mixin.py:137} INFO - [2023-01-08T16:52:46.997+0000] {dagbag.py:538} INFO - Filling up the DagBag from /opt/airflow/dags/postgres/postgres.py
[2023-01-08T16:52:47.503+0000] {processor.py:755} WARNING - No viable dags retrieved from /opt/airflow/dags/postgres/postgres.py
[2023-01-08T16:52:47.524+0000] {processor.py:175} INFO - Processing /opt/airflow/dags/postgres/postgres.py took 0.548 seconds
[2023-01-08T16:53:17.767+0000] {processor.py:153} INFO - Started process (PID=620) to work on /opt/airflow/dags/postgres/postgres.py
[2023-01-08T16:53:17.775+0000] {processor.py:743} INFO - Processing file /opt/airflow/dags/postgres/postgres.py for tasks to queue
[2023-01-08T16:53:17.776+0000] {logging_mixin.py:137} INFO - [2023-01-08T16:53:17.776+0000] {dagbag.py:538} INFO - Filling up the DagBag from /opt/airflow/dags/postgres/postgres.py
[2023-01-08T16:53:18.039+0000] {processor.py:755} WARNING - No viable dags retrieved from /opt/airflow/dags/postgres/postgres.py
[2023-01-08T16:53:18.053+0000] {processor.py:175} INFO - Processing /opt/airflow/dags/postgres/postgres.py took 0.289 seconds
[2023-01-08T16:53:48.242+0000] {processor.py:153} INFO - Started process (PID=842) to work on /opt/airflow/dags/postgres/postgres.py
[2023-01-08T16:53:48.250+0000] {processor.py:743} INFO - Processing file /opt/airflow/dags/postgres/postgres.py for tasks to queue
[2023-01-08T16:53:48.251+0000] {logging_mixin.py:137} INFO - [2023-01-08T16:53:48.250+0000] {dagbag.py:538} INFO - Filling up the DagBag from /opt/airflow/dags/postgres/postgres.py
[2023-01-08T16:53:48.508+0000] {processor.py:755} WARNING - No viable dags retrieved from /opt/airflow/dags/postgres/postgres.py
[2023-01-08T16:53:48.526+0000] {processor.py:175} INFO - Processing /opt/airflow/dags/postgres/postgres.py took 0.287 seconds
[2023-01-08T16:54:18.840+0000] {processor.py:153} INFO - Started process (PID=1064) to work on /opt/airflow/dags/postgres/postgres.py
[2023-01-08T16:54:18.842+0000] {processor.py:743} INFO - Processing file /opt/airflow/dags/postgres/postgres.py for tasks to queue
[2023-01-08T16:54:18.844+0000] {logging_mixin.py:137} INFO - [2023-01-08T16:54:18.844+0000] {dagbag.py:538} INFO - Filling up the DagBag from /opt/airflow/dags/postgres/postgres.py
[2023-01-08T16:54:20.400+0000] {processor.py:755} WARNING - No viable dags retrieved from /opt/airflow/dags/postgres/postgres.py
[2023-01-08T16:54:20.738+0000] {processor.py:175} INFO - Processing /opt/airflow/dags/postgres/postgres.py took 1.930 seconds
[2023-01-08T16:54:51.687+0000] {processor.py:153} INFO - Started process (PID=1292) to work on /opt/airflow/dags/postgres/postgres.py
[2023-01-08T16:54:51.714+0000] {processor.py:743} INFO - Processing file /opt/airflow/dags/postgres/postgres.py for tasks to queue
[2023-01-08T16:54:51.715+0000] {logging_mixin.py:137} INFO - [2023-01-08T16:54:51.715+0000] {dagbag.py:538} INFO - Filling up the DagBag from /opt/airflow/dags/postgres/postgres.py
[2023-01-08T16:54:54.545+0000] {processor.py:755} WARNING - No viable dags retrieved from /opt/airflow/dags/postgres/postgres.py
[2023-01-08T16:54:54.622+0000] {processor.py:175} INFO - Processing /opt/airflow/dags/postgres/postgres.py took 2.995 seconds
[2023-01-08T16:55:24.778+0000] {processor.py:153} INFO - Started process (PID=1521) to work on /opt/airflow/dags/postgres/postgres.py
[2023-01-08T16:55:24.784+0000] {processor.py:743} INFO - Processing file /opt/airflow/dags/postgres/postgres.py for tasks to queue
[2023-01-08T16:55:24.786+0000] {logging_mixin.py:137} INFO - [2023-01-08T16:55:24.785+0000] {dagbag.py:538} INFO - Filling up the DagBag from /opt/airflow/dags/postgres/postgres.py
[2023-01-08T16:55:26.495+0000] {processor.py:755} WARNING - No viable dags retrieved from /opt/airflow/dags/postgres/postgres.py
[2023-01-08T16:55:26.607+0000] {processor.py:175} INFO - Processing /opt/airflow/dags/postgres/postgres.py took 1.843 seconds
[2023-01-08T16:55:56.880+0000] {processor.py:153} INFO - Started process (PID=1746) to work on /opt/airflow/dags/postgres/postgres.py
[2023-01-08T16:55:56.881+0000] {processor.py:743} INFO - Processing file /opt/airflow/dags/postgres/postgres.py for tasks to queue
[2023-01-08T16:55:56.882+0000] {logging_mixin.py:137} INFO - [2023-01-08T16:55:56.882+0000] {dagbag.py:538} INFO - Filling up the DagBag from /opt/airflow/dags/postgres/postgres.py
[2023-01-08T16:55:57.110+0000] {processor.py:755} WARNING - No viable dags retrieved from /opt/airflow/dags/postgres/postgres.py
[2023-01-08T16:55:57.124+0000] {processor.py:175} INFO - Processing /opt/airflow/dags/postgres/postgres.py took 0.248 seconds
[2023-01-08T16:56:27.643+0000] {processor.py:153} INFO - Started process (PID=1968) to work on /opt/airflow/dags/postgres/postgres.py
[2023-01-08T16:56:27.644+0000] {processor.py:743} INFO - Processing file /opt/airflow/dags/postgres/postgres.py for tasks to queue
[2023-01-08T16:56:27.645+0000] {logging_mixin.py:137} INFO - [2023-01-08T16:56:27.644+0000] {dagbag.py:538} INFO - Filling up the DagBag from /opt/airflow/dags/postgres/postgres.py
[2023-01-08T16:56:27.942+0000] {processor.py:755} WARNING - No viable dags retrieved from /opt/airflow/dags/postgres/postgres.py
[2023-01-08T16:56:27.959+0000] {processor.py:175} INFO - Processing /opt/airflow/dags/postgres/postgres.py took 0.320 seconds
[2023-01-08T16:56:58.234+0000] {processor.py:153} INFO - Started process (PID=2195) to work on /opt/airflow/dags/postgres/postgres.py
[2023-01-08T16:56:58.235+0000] {processor.py:743} INFO - Processing file /opt/airflow/dags/postgres/postgres.py for tasks to queue
[2023-01-08T16:56:58.236+0000] {logging_mixin.py:137} INFO - [2023-01-08T16:56:58.236+0000] {dagbag.py:538} INFO - Filling up the DagBag from /opt/airflow/dags/postgres/postgres.py
[2023-01-08T16:56:58.502+0000] {processor.py:755} WARNING - No viable dags retrieved from /opt/airflow/dags/postgres/postgres.py
[2023-01-08T16:56:58.520+0000] {processor.py:175} INFO - Processing /opt/airflow/dags/postgres/postgres.py took 0.289 seconds
[2023-01-08T16:57:05.541+0000] {processor.py:153} INFO - Started process (PID=2340) to work on /opt/airflow/dags/postgres/postgres.py
[2023-01-08T16:57:05.543+0000] {processor.py:743} INFO - Processing file /opt/airflow/dags/postgres/postgres.py for tasks to queue
[2023-01-08T16:57:05.544+0000] {logging_mixin.py:137} INFO - [2023-01-08T16:57:05.544+0000] {dagbag.py:538} INFO - Filling up the DagBag from /opt/airflow/dags/postgres/postgres.py
[2023-01-08T16:57:05.545+0000] {logging_mixin.py:137} INFO - [2023-01-08T16:57:05.545+0000] {dagbag.py:320} INFO - File /opt/airflow/dags/postgres/postgres.py assumed to contain no DAGs. Skipping.
[2023-01-08T16:57:05.545+0000] {processor.py:755} WARNING - No viable dags retrieved from /opt/airflow/dags/postgres/postgres.py
[2023-01-08T16:57:05.599+0000] {processor.py:175} INFO - Processing /opt/airflow/dags/postgres/postgres.py took 0.074 seconds
