[2023-01-11T13:40:13.927+0000] {processor.py:153} INFO - Started process (PID=267) to work on /home/airflow/.local/lib/python3.7/site-packages/airflow/example_dags/example_short_circuit_decorator.py
[2023-01-11T13:40:13.929+0000] {processor.py:743} INFO - Processing file /home/airflow/.local/lib/python3.7/site-packages/airflow/example_dags/example_short_circuit_decorator.py for tasks to queue
[2023-01-11T13:40:13.930+0000] {logging_mixin.py:137} INFO - [2023-01-11T13:40:13.930+0000] {dagbag.py:538} INFO - Filling up the DagBag from /home/airflow/.local/lib/python3.7/site-packages/airflow/example_dags/example_short_circuit_decorator.py
[2023-01-11T13:40:14.090+0000] {processor.py:753} INFO - DAG(s) dict_keys(['example_short_circuit_decorator']) retrieved from /home/airflow/.local/lib/python3.7/site-packages/airflow/example_dags/example_short_circuit_decorator.py
[2023-01-11T13:40:14.262+0000] {logging_mixin.py:137} INFO - [2023-01-11T13:40:14.262+0000] {dag.py:2676} INFO - Sync 1 DAGs
[2023-01-11T13:40:14.423+0000] {logging_mixin.py:137} INFO - [2023-01-11T13:40:14.423+0000] {dag.py:3427} INFO - Setting next_dagrun for example_short_circuit_decorator to 2023-01-10T13:40:14.422592+00:00, run_after=2023-01-11T13:40:14.422592+00:00
[2023-01-11T13:40:14.583+0000] {processor.py:175} INFO - Processing /home/airflow/.local/lib/python3.7/site-packages/airflow/example_dags/example_short_circuit_decorator.py took 0.661 seconds
[2023-01-11T13:40:44.738+0000] {processor.py:153} INFO - Started process (PID=472) to work on /home/airflow/.local/lib/python3.7/site-packages/airflow/example_dags/example_short_circuit_decorator.py
[2023-01-11T13:40:44.739+0000] {processor.py:743} INFO - Processing file /home/airflow/.local/lib/python3.7/site-packages/airflow/example_dags/example_short_circuit_decorator.py for tasks to queue
[2023-01-11T13:40:44.740+0000] {logging_mixin.py:137} INFO - [2023-01-11T13:40:44.739+0000] {dagbag.py:538} INFO - Filling up the DagBag from /home/airflow/.local/lib/python3.7/site-packages/airflow/example_dags/example_short_circuit_decorator.py
[2023-01-11T13:40:44.766+0000] {processor.py:753} INFO - DAG(s) dict_keys(['example_short_circuit_decorator']) retrieved from /home/airflow/.local/lib/python3.7/site-packages/airflow/example_dags/example_short_circuit_decorator.py
[2023-01-11T13:40:44.806+0000] {logging_mixin.py:137} INFO - [2023-01-11T13:40:44.806+0000] {dag.py:2676} INFO - Sync 1 DAGs
[2023-01-11T13:40:44.835+0000] {logging_mixin.py:137} INFO - [2023-01-11T13:40:44.835+0000] {dag.py:3427} INFO - Setting next_dagrun for example_short_circuit_decorator to 2023-01-10T13:40:44.834983+00:00, run_after=2023-01-11T13:40:44.834983+00:00
[2023-01-11T13:40:44.859+0000] {processor.py:175} INFO - Processing /home/airflow/.local/lib/python3.7/site-packages/airflow/example_dags/example_short_circuit_decorator.py took 0.124 seconds
[2023-01-11T13:43:03.301+0000] {processor.py:153} INFO - Started process (PID=268) to work on /home/airflow/.local/lib/python3.7/site-packages/airflow/example_dags/example_short_circuit_decorator.py
[2023-01-11T13:43:03.315+0000] {processor.py:743} INFO - Processing file /home/airflow/.local/lib/python3.7/site-packages/airflow/example_dags/example_short_circuit_decorator.py for tasks to queue
[2023-01-11T13:43:03.320+0000] {logging_mixin.py:137} INFO - [2023-01-11T13:43:03.320+0000] {dagbag.py:538} INFO - Filling up the DagBag from /home/airflow/.local/lib/python3.7/site-packages/airflow/example_dags/example_short_circuit_decorator.py
[2023-01-11T13:43:03.708+0000] {processor.py:753} INFO - DAG(s) dict_keys(['example_short_circuit_decorator']) retrieved from /home/airflow/.local/lib/python3.7/site-packages/airflow/example_dags/example_short_circuit_decorator.py
[2023-01-11T13:43:05.326+0000] {logging_mixin.py:137} INFO - [2023-01-11T13:43:05.325+0000] {dag.py:2676} INFO - Sync 1 DAGs
[2023-01-11T13:43:06.869+0000] {logging_mixin.py:137} INFO - [2023-01-11T13:43:06.869+0000] {dag.py:3427} INFO - Setting next_dagrun for example_short_circuit_decorator to 2023-01-10T13:43:06.868865+00:00, run_after=2023-01-11T13:43:06.868865+00:00
[2023-01-11T13:43:07.473+0000] {processor.py:175} INFO - Processing /home/airflow/.local/lib/python3.7/site-packages/airflow/example_dags/example_short_circuit_decorator.py took 4.204 seconds
[2023-01-11T13:44:47.193+0000] {processor.py:153} INFO - Started process (PID=257) to work on /home/airflow/.local/lib/python3.7/site-packages/airflow/example_dags/example_short_circuit_decorator.py
[2023-01-11T13:44:47.202+0000] {processor.py:743} INFO - Processing file /home/airflow/.local/lib/python3.7/site-packages/airflow/example_dags/example_short_circuit_decorator.py for tasks to queue
[2023-01-11T13:44:47.203+0000] {logging_mixin.py:137} INFO - [2023-01-11T13:44:47.203+0000] {dagbag.py:538} INFO - Filling up the DagBag from /home/airflow/.local/lib/python3.7/site-packages/airflow/example_dags/example_short_circuit_decorator.py
[2023-01-11T13:44:47.364+0000] {processor.py:753} INFO - DAG(s) dict_keys(['example_short_circuit_decorator']) retrieved from /home/airflow/.local/lib/python3.7/site-packages/airflow/example_dags/example_short_circuit_decorator.py
[2023-01-11T13:44:47.652+0000] {logging_mixin.py:137} INFO - [2023-01-11T13:44:47.652+0000] {dag.py:2676} INFO - Sync 1 DAGs
[2023-01-11T13:44:47.859+0000] {logging_mixin.py:137} INFO - [2023-01-11T13:44:47.859+0000] {dag.py:3427} INFO - Setting next_dagrun for example_short_circuit_decorator to 2023-01-10T13:44:47.858625+00:00, run_after=2023-01-11T13:44:47.858625+00:00
[2023-01-11T13:44:48.005+0000] {processor.py:175} INFO - Processing /home/airflow/.local/lib/python3.7/site-packages/airflow/example_dags/example_short_circuit_decorator.py took 0.841 seconds
[2023-01-11T13:45:18.649+0000] {processor.py:153} INFO - Started process (PID=470) to work on /home/airflow/.local/lib/python3.7/site-packages/airflow/example_dags/example_short_circuit_decorator.py
[2023-01-11T13:45:18.650+0000] {processor.py:743} INFO - Processing file /home/airflow/.local/lib/python3.7/site-packages/airflow/example_dags/example_short_circuit_decorator.py for tasks to queue
[2023-01-11T13:45:18.651+0000] {logging_mixin.py:137} INFO - [2023-01-11T13:45:18.651+0000] {dagbag.py:538} INFO - Filling up the DagBag from /home/airflow/.local/lib/python3.7/site-packages/airflow/example_dags/example_short_circuit_decorator.py
[2023-01-11T13:45:18.705+0000] {processor.py:753} INFO - DAG(s) dict_keys(['example_short_circuit_decorator']) retrieved from /home/airflow/.local/lib/python3.7/site-packages/airflow/example_dags/example_short_circuit_decorator.py
[2023-01-11T13:45:18.785+0000] {logging_mixin.py:137} INFO - [2023-01-11T13:45:18.785+0000] {dag.py:2676} INFO - Sync 1 DAGs
[2023-01-11T13:45:18.862+0000] {logging_mixin.py:137} INFO - [2023-01-11T13:45:18.862+0000] {dag.py:3427} INFO - Setting next_dagrun for example_short_circuit_decorator to 2023-01-10T13:45:18.861571+00:00, run_after=2023-01-11T13:45:18.861571+00:00
[2023-01-11T13:45:18.913+0000] {processor.py:175} INFO - Processing /home/airflow/.local/lib/python3.7/site-packages/airflow/example_dags/example_short_circuit_decorator.py took 0.270 seconds
[2023-01-11T13:46:34.143+0000] {processor.py:153} INFO - Started process (PID=258) to work on /home/airflow/.local/lib/python3.7/site-packages/airflow/example_dags/example_short_circuit_decorator.py
[2023-01-11T13:46:34.159+0000] {processor.py:743} INFO - Processing file /home/airflow/.local/lib/python3.7/site-packages/airflow/example_dags/example_short_circuit_decorator.py for tasks to queue
[2023-01-11T13:46:34.161+0000] {logging_mixin.py:137} INFO - [2023-01-11T13:46:34.160+0000] {dagbag.py:538} INFO - Filling up the DagBag from /home/airflow/.local/lib/python3.7/site-packages/airflow/example_dags/example_short_circuit_decorator.py
[2023-01-11T13:46:34.263+0000] {processor.py:753} INFO - DAG(s) dict_keys(['example_short_circuit_decorator']) retrieved from /home/airflow/.local/lib/python3.7/site-packages/airflow/example_dags/example_short_circuit_decorator.py
[2023-01-11T13:46:34.386+0000] {logging_mixin.py:137} INFO - [2023-01-11T13:46:34.386+0000] {dag.py:2676} INFO - Sync 1 DAGs
[2023-01-11T13:46:34.520+0000] {logging_mixin.py:137} INFO - [2023-01-11T13:46:34.519+0000] {dag.py:3427} INFO - Setting next_dagrun for example_short_circuit_decorator to 2023-01-10T13:46:34.519221+00:00, run_after=2023-01-11T13:46:34.519221+00:00
[2023-01-11T13:46:34.637+0000] {processor.py:175} INFO - Processing /home/airflow/.local/lib/python3.7/site-packages/airflow/example_dags/example_short_circuit_decorator.py took 0.515 seconds
[2023-01-11T13:47:04.879+0000] {processor.py:153} INFO - Started process (PID=475) to work on /home/airflow/.local/lib/python3.7/site-packages/airflow/example_dags/example_short_circuit_decorator.py
[2023-01-11T13:47:04.880+0000] {processor.py:743} INFO - Processing file /home/airflow/.local/lib/python3.7/site-packages/airflow/example_dags/example_short_circuit_decorator.py for tasks to queue
[2023-01-11T13:47:04.881+0000] {logging_mixin.py:137} INFO - [2023-01-11T13:47:04.881+0000] {dagbag.py:538} INFO - Filling up the DagBag from /home/airflow/.local/lib/python3.7/site-packages/airflow/example_dags/example_short_circuit_decorator.py
[2023-01-11T13:47:04.956+0000] {processor.py:753} INFO - DAG(s) dict_keys(['example_short_circuit_decorator']) retrieved from /home/airflow/.local/lib/python3.7/site-packages/airflow/example_dags/example_short_circuit_decorator.py
[2023-01-11T13:47:05.080+0000] {logging_mixin.py:137} INFO - [2023-01-11T13:47:05.080+0000] {dag.py:2676} INFO - Sync 1 DAGs
[2023-01-11T13:47:05.133+0000] {logging_mixin.py:137} INFO - [2023-01-11T13:47:05.132+0000] {dag.py:3427} INFO - Setting next_dagrun for example_short_circuit_decorator to 2023-01-10T13:47:05.132265+00:00, run_after=2023-01-11T13:47:05.132265+00:00
[2023-01-11T13:47:05.171+0000] {processor.py:175} INFO - Processing /home/airflow/.local/lib/python3.7/site-packages/airflow/example_dags/example_short_circuit_decorator.py took 0.299 seconds
[2023-01-11T13:47:35.344+0000] {processor.py:153} INFO - Started process (PID=691) to work on /home/airflow/.local/lib/python3.7/site-packages/airflow/example_dags/example_short_circuit_decorator.py
[2023-01-11T13:47:35.346+0000] {processor.py:743} INFO - Processing file /home/airflow/.local/lib/python3.7/site-packages/airflow/example_dags/example_short_circuit_decorator.py for tasks to queue
[2023-01-11T13:47:35.347+0000] {logging_mixin.py:137} INFO - [2023-01-11T13:47:35.347+0000] {dagbag.py:538} INFO - Filling up the DagBag from /home/airflow/.local/lib/python3.7/site-packages/airflow/example_dags/example_short_circuit_decorator.py
[2023-01-11T13:47:35.399+0000] {processor.py:753} INFO - DAG(s) dict_keys(['example_short_circuit_decorator']) retrieved from /home/airflow/.local/lib/python3.7/site-packages/airflow/example_dags/example_short_circuit_decorator.py
[2023-01-11T13:47:35.478+0000] {logging_mixin.py:137} INFO - [2023-01-11T13:47:35.478+0000] {dag.py:2676} INFO - Sync 1 DAGs
[2023-01-11T13:47:35.532+0000] {logging_mixin.py:137} INFO - [2023-01-11T13:47:35.532+0000] {dag.py:3427} INFO - Setting next_dagrun for example_short_circuit_decorator to 2023-01-10T13:47:35.531518+00:00, run_after=2023-01-11T13:47:35.531518+00:00
[2023-01-11T13:47:35.572+0000] {processor.py:175} INFO - Processing /home/airflow/.local/lib/python3.7/site-packages/airflow/example_dags/example_short_circuit_decorator.py took 0.233 seconds
[2023-01-11T13:48:06.896+0000] {processor.py:153} INFO - Started process (PID=908) to work on /home/airflow/.local/lib/python3.7/site-packages/airflow/example_dags/example_short_circuit_decorator.py
[2023-01-11T13:48:06.904+0000] {processor.py:743} INFO - Processing file /home/airflow/.local/lib/python3.7/site-packages/airflow/example_dags/example_short_circuit_decorator.py for tasks to queue
[2023-01-11T13:48:06.905+0000] {logging_mixin.py:137} INFO - [2023-01-11T13:48:06.905+0000] {dagbag.py:538} INFO - Filling up the DagBag from /home/airflow/.local/lib/python3.7/site-packages/airflow/example_dags/example_short_circuit_decorator.py
[2023-01-11T13:48:07.050+0000] {processor.py:753} INFO - DAG(s) dict_keys(['example_short_circuit_decorator']) retrieved from /home/airflow/.local/lib/python3.7/site-packages/airflow/example_dags/example_short_circuit_decorator.py
[2023-01-11T13:48:07.213+0000] {logging_mixin.py:137} INFO - [2023-01-11T13:48:07.213+0000] {dag.py:2676} INFO - Sync 1 DAGs
[2023-01-11T13:48:07.358+0000] {logging_mixin.py:137} INFO - [2023-01-11T13:48:07.358+0000] {dag.py:3427} INFO - Setting next_dagrun for example_short_circuit_decorator to 2023-01-10T13:48:07.357657+00:00, run_after=2023-01-11T13:48:07.357657+00:00
[2023-01-11T13:48:07.444+0000] {processor.py:175} INFO - Processing /home/airflow/.local/lib/python3.7/site-packages/airflow/example_dags/example_short_circuit_decorator.py took 0.566 seconds
[2023-01-11T13:48:37.925+0000] {processor.py:153} INFO - Started process (PID=1119) to work on /home/airflow/.local/lib/python3.7/site-packages/airflow/example_dags/example_short_circuit_decorator.py
[2023-01-11T13:48:37.933+0000] {processor.py:743} INFO - Processing file /home/airflow/.local/lib/python3.7/site-packages/airflow/example_dags/example_short_circuit_decorator.py for tasks to queue
[2023-01-11T13:48:37.937+0000] {logging_mixin.py:137} INFO - [2023-01-11T13:48:37.936+0000] {dagbag.py:538} INFO - Filling up the DagBag from /home/airflow/.local/lib/python3.7/site-packages/airflow/example_dags/example_short_circuit_decorator.py
[2023-01-11T13:48:38.037+0000] {processor.py:753} INFO - DAG(s) dict_keys(['example_short_circuit_decorator']) retrieved from /home/airflow/.local/lib/python3.7/site-packages/airflow/example_dags/example_short_circuit_decorator.py
[2023-01-11T13:48:38.191+0000] {logging_mixin.py:137} INFO - [2023-01-11T13:48:38.188+0000] {dag.py:2676} INFO - Sync 1 DAGs
[2023-01-11T13:48:38.277+0000] {logging_mixin.py:137} INFO - [2023-01-11T13:48:38.277+0000] {dag.py:3427} INFO - Setting next_dagrun for example_short_circuit_decorator to 2023-01-10T13:48:38.277139+00:00, run_after=2023-01-11T13:48:38.277139+00:00
[2023-01-11T13:48:38.330+0000] {processor.py:175} INFO - Processing /home/airflow/.local/lib/python3.7/site-packages/airflow/example_dags/example_short_circuit_decorator.py took 0.412 seconds
[2023-01-11T13:49:08.502+0000] {processor.py:153} INFO - Started process (PID=1332) to work on /home/airflow/.local/lib/python3.7/site-packages/airflow/example_dags/example_short_circuit_decorator.py
[2023-01-11T13:49:08.509+0000] {processor.py:743} INFO - Processing file /home/airflow/.local/lib/python3.7/site-packages/airflow/example_dags/example_short_circuit_decorator.py for tasks to queue
[2023-01-11T13:49:08.510+0000] {logging_mixin.py:137} INFO - [2023-01-11T13:49:08.510+0000] {dagbag.py:538} INFO - Filling up the DagBag from /home/airflow/.local/lib/python3.7/site-packages/airflow/example_dags/example_short_circuit_decorator.py
[2023-01-11T13:49:08.585+0000] {processor.py:753} INFO - DAG(s) dict_keys(['example_short_circuit_decorator']) retrieved from /home/airflow/.local/lib/python3.7/site-packages/airflow/example_dags/example_short_circuit_decorator.py
[2023-01-11T13:49:08.673+0000] {logging_mixin.py:137} INFO - [2023-01-11T13:49:08.673+0000] {dag.py:2676} INFO - Sync 1 DAGs
[2023-01-11T13:49:08.725+0000] {logging_mixin.py:137} INFO - [2023-01-11T13:49:08.724+0000] {dag.py:3427} INFO - Setting next_dagrun for example_short_circuit_decorator to 2023-01-10T13:49:08.724123+00:00, run_after=2023-01-11T13:49:08.724123+00:00
[2023-01-11T13:49:08.767+0000] {processor.py:175} INFO - Processing /home/airflow/.local/lib/python3.7/site-packages/airflow/example_dags/example_short_circuit_decorator.py took 0.272 seconds
[2023-01-11T13:49:39.270+0000] {processor.py:153} INFO - Started process (PID=1546) to work on /home/airflow/.local/lib/python3.7/site-packages/airflow/example_dags/example_short_circuit_decorator.py
[2023-01-11T13:49:39.273+0000] {processor.py:743} INFO - Processing file /home/airflow/.local/lib/python3.7/site-packages/airflow/example_dags/example_short_circuit_decorator.py for tasks to queue
[2023-01-11T13:49:39.275+0000] {logging_mixin.py:137} INFO - [2023-01-11T13:49:39.274+0000] {dagbag.py:538} INFO - Filling up the DagBag from /home/airflow/.local/lib/python3.7/site-packages/airflow/example_dags/example_short_circuit_decorator.py
[2023-01-11T13:49:39.337+0000] {processor.py:753} INFO - DAG(s) dict_keys(['example_short_circuit_decorator']) retrieved from /home/airflow/.local/lib/python3.7/site-packages/airflow/example_dags/example_short_circuit_decorator.py
[2023-01-11T13:49:39.436+0000] {logging_mixin.py:137} INFO - [2023-01-11T13:49:39.436+0000] {dag.py:2676} INFO - Sync 1 DAGs
[2023-01-11T13:49:39.506+0000] {logging_mixin.py:137} INFO - [2023-01-11T13:49:39.506+0000] {dag.py:3427} INFO - Setting next_dagrun for example_short_circuit_decorator to 2023-01-10T13:49:39.505750+00:00, run_after=2023-01-11T13:49:39.505750+00:00
[2023-01-11T13:49:39.548+0000] {processor.py:175} INFO - Processing /home/airflow/.local/lib/python3.7/site-packages/airflow/example_dags/example_short_circuit_decorator.py took 0.287 seconds
[2023-01-11T13:50:09.982+0000] {processor.py:153} INFO - Started process (PID=1758) to work on /home/airflow/.local/lib/python3.7/site-packages/airflow/example_dags/example_short_circuit_decorator.py
[2023-01-11T13:50:09.989+0000] {processor.py:743} INFO - Processing file /home/airflow/.local/lib/python3.7/site-packages/airflow/example_dags/example_short_circuit_decorator.py for tasks to queue
[2023-01-11T13:50:09.990+0000] {logging_mixin.py:137} INFO - [2023-01-11T13:50:09.990+0000] {dagbag.py:538} INFO - Filling up the DagBag from /home/airflow/.local/lib/python3.7/site-packages/airflow/example_dags/example_short_circuit_decorator.py
[2023-01-11T13:50:10.040+0000] {processor.py:753} INFO - DAG(s) dict_keys(['example_short_circuit_decorator']) retrieved from /home/airflow/.local/lib/python3.7/site-packages/airflow/example_dags/example_short_circuit_decorator.py
[2023-01-11T13:50:10.138+0000] {logging_mixin.py:137} INFO - [2023-01-11T13:50:10.137+0000] {dag.py:2676} INFO - Sync 1 DAGs
[2023-01-11T13:50:10.200+0000] {logging_mixin.py:137} INFO - [2023-01-11T13:50:10.199+0000] {dag.py:3427} INFO - Setting next_dagrun for example_short_circuit_decorator to 2023-01-10T13:50:10.199313+00:00, run_after=2023-01-11T13:50:10.199313+00:00
[2023-01-11T13:50:10.245+0000] {processor.py:175} INFO - Processing /home/airflow/.local/lib/python3.7/site-packages/airflow/example_dags/example_short_circuit_decorator.py took 0.272 seconds
