[2023-01-11T13:40:08.679+0000] {processor.py:153} INFO - Started process (PID=215) to work on /home/airflow/.local/lib/python3.7/site-packages/airflow/example_dags/example_dag_decorator.py
[2023-01-11T13:40:08.680+0000] {processor.py:743} INFO - Processing file /home/airflow/.local/lib/python3.7/site-packages/airflow/example_dags/example_dag_decorator.py for tasks to queue
[2023-01-11T13:40:08.681+0000] {logging_mixin.py:137} INFO - [2023-01-11T13:40:08.681+0000] {dagbag.py:538} INFO - Filling up the DagBag from /home/airflow/.local/lib/python3.7/site-packages/airflow/example_dags/example_dag_decorator.py
[2023-01-11T13:40:08.715+0000] {logging_mixin.py:137} INFO - [2023-01-11T13:40:08.715+0000] {taskmixin.py:205} WARNING - Dependency <Task(_PythonDecoratedOperator): prepare_email>, send_email already registered for DAG: example_dag_decorator
[2023-01-11T13:40:08.715+0000] {logging_mixin.py:137} INFO - [2023-01-11T13:40:08.715+0000] {taskmixin.py:205} WARNING - Dependency <Task(EmailOperator): send_email>, prepare_email already registered for DAG: example_dag_decorator
[2023-01-11T13:40:08.743+0000] {processor.py:753} INFO - DAG(s) dict_keys(['example_dag_decorator']) retrieved from /home/airflow/.local/lib/python3.7/site-packages/airflow/example_dags/example_dag_decorator.py
[2023-01-11T13:40:09.069+0000] {logging_mixin.py:137} INFO - [2023-01-11T13:40:09.068+0000] {dag.py:2676} INFO - Sync 1 DAGs
[2023-01-11T13:40:09.203+0000] {logging_mixin.py:137} INFO - [2023-01-11T13:40:09.203+0000] {dag.py:3427} INFO - Setting next_dagrun for example_dag_decorator to None, run_after=None
[2023-01-11T13:40:09.326+0000] {processor.py:175} INFO - Processing /home/airflow/.local/lib/python3.7/site-packages/airflow/example_dags/example_dag_decorator.py took 0.653 seconds
[2023-01-11T13:40:39.568+0000] {processor.py:153} INFO - Started process (PID=425) to work on /home/airflow/.local/lib/python3.7/site-packages/airflow/example_dags/example_dag_decorator.py
[2023-01-11T13:40:39.570+0000] {processor.py:743} INFO - Processing file /home/airflow/.local/lib/python3.7/site-packages/airflow/example_dags/example_dag_decorator.py for tasks to queue
[2023-01-11T13:40:39.571+0000] {logging_mixin.py:137} INFO - [2023-01-11T13:40:39.571+0000] {dagbag.py:538} INFO - Filling up the DagBag from /home/airflow/.local/lib/python3.7/site-packages/airflow/example_dags/example_dag_decorator.py
[2023-01-11T13:40:39.606+0000] {logging_mixin.py:137} INFO - [2023-01-11T13:40:39.606+0000] {taskmixin.py:205} WARNING - Dependency <Task(_PythonDecoratedOperator): prepare_email>, send_email already registered for DAG: example_dag_decorator
[2023-01-11T13:40:39.607+0000] {logging_mixin.py:137} INFO - [2023-01-11T13:40:39.606+0000] {taskmixin.py:205} WARNING - Dependency <Task(EmailOperator): send_email>, prepare_email already registered for DAG: example_dag_decorator
[2023-01-11T13:40:39.629+0000] {processor.py:753} INFO - DAG(s) dict_keys(['example_dag_decorator']) retrieved from /home/airflow/.local/lib/python3.7/site-packages/airflow/example_dags/example_dag_decorator.py
[2023-01-11T13:40:39.798+0000] {logging_mixin.py:137} INFO - [2023-01-11T13:40:39.798+0000] {dag.py:2676} INFO - Sync 1 DAGs
[2023-01-11T13:40:39.851+0000] {logging_mixin.py:137} INFO - [2023-01-11T13:40:39.851+0000] {dag.py:3427} INFO - Setting next_dagrun for example_dag_decorator to None, run_after=None
[2023-01-11T13:40:39.892+0000] {processor.py:175} INFO - Processing /home/airflow/.local/lib/python3.7/site-packages/airflow/example_dags/example_dag_decorator.py took 0.331 seconds
[2023-01-11T13:42:41.264+0000] {processor.py:153} INFO - Started process (PID=214) to work on /home/airflow/.local/lib/python3.7/site-packages/airflow/example_dags/example_dag_decorator.py
[2023-01-11T13:42:41.278+0000] {processor.py:743} INFO - Processing file /home/airflow/.local/lib/python3.7/site-packages/airflow/example_dags/example_dag_decorator.py for tasks to queue
[2023-01-11T13:42:41.280+0000] {logging_mixin.py:137} INFO - [2023-01-11T13:42:41.279+0000] {dagbag.py:538} INFO - Filling up the DagBag from /home/airflow/.local/lib/python3.7/site-packages/airflow/example_dags/example_dag_decorator.py
[2023-01-11T13:42:42.070+0000] {logging_mixin.py:137} INFO - [2023-01-11T13:42:42.070+0000] {taskmixin.py:205} WARNING - Dependency <Task(_PythonDecoratedOperator): prepare_email>, send_email already registered for DAG: example_dag_decorator
[2023-01-11T13:42:42.188+0000] {logging_mixin.py:137} INFO - [2023-01-11T13:42:42.188+0000] {taskmixin.py:205} WARNING - Dependency <Task(EmailOperator): send_email>, prepare_email already registered for DAG: example_dag_decorator
[2023-01-11T13:42:42.626+0000] {processor.py:753} INFO - DAG(s) dict_keys(['example_dag_decorator']) retrieved from /home/airflow/.local/lib/python3.7/site-packages/airflow/example_dags/example_dag_decorator.py
[2023-01-11T13:42:44.396+0000] {logging_mixin.py:137} INFO - [2023-01-11T13:42:44.395+0000] {dag.py:2676} INFO - Sync 1 DAGs
[2023-01-11T13:42:45.355+0000] {logging_mixin.py:137} INFO - [2023-01-11T13:42:45.314+0000] {dag.py:3427} INFO - Setting next_dagrun for example_dag_decorator to None, run_after=None
[2023-01-11T13:42:45.788+0000] {processor.py:175} INFO - Processing /home/airflow/.local/lib/python3.7/site-packages/airflow/example_dags/example_dag_decorator.py took 4.623 seconds
[2023-01-11T13:44:39.611+0000] {processor.py:153} INFO - Started process (PID=212) to work on /home/airflow/.local/lib/python3.7/site-packages/airflow/example_dags/example_dag_decorator.py
[2023-01-11T13:44:39.625+0000] {processor.py:743} INFO - Processing file /home/airflow/.local/lib/python3.7/site-packages/airflow/example_dags/example_dag_decorator.py for tasks to queue
[2023-01-11T13:44:39.626+0000] {logging_mixin.py:137} INFO - [2023-01-11T13:44:39.626+0000] {dagbag.py:538} INFO - Filling up the DagBag from /home/airflow/.local/lib/python3.7/site-packages/airflow/example_dags/example_dag_decorator.py
[2023-01-11T13:44:39.797+0000] {logging_mixin.py:137} INFO - [2023-01-11T13:44:39.796+0000] {taskmixin.py:205} WARNING - Dependency <Task(_PythonDecoratedOperator): prepare_email>, send_email already registered for DAG: example_dag_decorator
[2023-01-11T13:44:39.798+0000] {logging_mixin.py:137} INFO - [2023-01-11T13:44:39.797+0000] {taskmixin.py:205} WARNING - Dependency <Task(EmailOperator): send_email>, prepare_email already registered for DAG: example_dag_decorator
[2023-01-11T13:44:39.892+0000] {processor.py:753} INFO - DAG(s) dict_keys(['example_dag_decorator']) retrieved from /home/airflow/.local/lib/python3.7/site-packages/airflow/example_dags/example_dag_decorator.py
[2023-01-11T13:44:40.537+0000] {logging_mixin.py:137} INFO - [2023-01-11T13:44:40.537+0000] {dag.py:2676} INFO - Sync 1 DAGs
[2023-01-11T13:44:40.649+0000] {logging_mixin.py:137} INFO - [2023-01-11T13:44:40.649+0000] {dag.py:3427} INFO - Setting next_dagrun for example_dag_decorator to None, run_after=None
[2023-01-11T13:44:40.762+0000] {processor.py:175} INFO - Processing /home/airflow/.local/lib/python3.7/site-packages/airflow/example_dags/example_dag_decorator.py took 1.171 seconds
[2023-01-11T13:45:11.400+0000] {processor.py:153} INFO - Started process (PID=425) to work on /home/airflow/.local/lib/python3.7/site-packages/airflow/example_dags/example_dag_decorator.py
[2023-01-11T13:45:11.403+0000] {processor.py:743} INFO - Processing file /home/airflow/.local/lib/python3.7/site-packages/airflow/example_dags/example_dag_decorator.py for tasks to queue
[2023-01-11T13:45:11.406+0000] {logging_mixin.py:137} INFO - [2023-01-11T13:45:11.406+0000] {dagbag.py:538} INFO - Filling up the DagBag from /home/airflow/.local/lib/python3.7/site-packages/airflow/example_dags/example_dag_decorator.py
[2023-01-11T13:45:11.453+0000] {logging_mixin.py:137} INFO - [2023-01-11T13:45:11.452+0000] {taskmixin.py:205} WARNING - Dependency <Task(_PythonDecoratedOperator): prepare_email>, send_email already registered for DAG: example_dag_decorator
[2023-01-11T13:45:11.454+0000] {logging_mixin.py:137} INFO - [2023-01-11T13:45:11.453+0000] {taskmixin.py:205} WARNING - Dependency <Task(EmailOperator): send_email>, prepare_email already registered for DAG: example_dag_decorator
[2023-01-11T13:45:11.485+0000] {processor.py:753} INFO - DAG(s) dict_keys(['example_dag_decorator']) retrieved from /home/airflow/.local/lib/python3.7/site-packages/airflow/example_dags/example_dag_decorator.py
[2023-01-11T13:45:11.705+0000] {logging_mixin.py:137} INFO - [2023-01-11T13:45:11.704+0000] {dag.py:2676} INFO - Sync 1 DAGs
[2023-01-11T13:45:11.786+0000] {logging_mixin.py:137} INFO - [2023-01-11T13:45:11.785+0000] {dag.py:3427} INFO - Setting next_dagrun for example_dag_decorator to None, run_after=None
[2023-01-11T13:45:11.843+0000] {processor.py:175} INFO - Processing /home/airflow/.local/lib/python3.7/site-packages/airflow/example_dags/example_dag_decorator.py took 0.448 seconds
[2023-01-11T13:46:28.333+0000] {processor.py:153} INFO - Started process (PID=213) to work on /home/airflow/.local/lib/python3.7/site-packages/airflow/example_dags/example_dag_decorator.py
[2023-01-11T13:46:28.343+0000] {processor.py:743} INFO - Processing file /home/airflow/.local/lib/python3.7/site-packages/airflow/example_dags/example_dag_decorator.py for tasks to queue
[2023-01-11T13:46:28.344+0000] {logging_mixin.py:137} INFO - [2023-01-11T13:46:28.344+0000] {dagbag.py:538} INFO - Filling up the DagBag from /home/airflow/.local/lib/python3.7/site-packages/airflow/example_dags/example_dag_decorator.py
[2023-01-11T13:46:28.476+0000] {logging_mixin.py:137} INFO - [2023-01-11T13:46:28.475+0000] {taskmixin.py:205} WARNING - Dependency <Task(_PythonDecoratedOperator): prepare_email>, send_email already registered for DAG: example_dag_decorator
[2023-01-11T13:46:28.482+0000] {logging_mixin.py:137} INFO - [2023-01-11T13:46:28.482+0000] {taskmixin.py:205} WARNING - Dependency <Task(EmailOperator): send_email>, prepare_email already registered for DAG: example_dag_decorator
[2023-01-11T13:46:28.609+0000] {processor.py:753} INFO - DAG(s) dict_keys(['example_dag_decorator']) retrieved from /home/airflow/.local/lib/python3.7/site-packages/airflow/example_dags/example_dag_decorator.py
[2023-01-11T13:46:29.123+0000] {logging_mixin.py:137} INFO - [2023-01-11T13:46:29.123+0000] {dag.py:2676} INFO - Sync 1 DAGs
[2023-01-11T13:46:29.341+0000] {logging_mixin.py:137} INFO - [2023-01-11T13:46:29.341+0000] {dag.py:3427} INFO - Setting next_dagrun for example_dag_decorator to None, run_after=None
[2023-01-11T13:46:29.455+0000] {processor.py:175} INFO - Processing /home/airflow/.local/lib/python3.7/site-packages/airflow/example_dags/example_dag_decorator.py took 1.151 seconds
[2023-01-11T13:46:59.919+0000] {processor.py:153} INFO - Started process (PID=426) to work on /home/airflow/.local/lib/python3.7/site-packages/airflow/example_dags/example_dag_decorator.py
[2023-01-11T13:46:59.919+0000] {processor.py:743} INFO - Processing file /home/airflow/.local/lib/python3.7/site-packages/airflow/example_dags/example_dag_decorator.py for tasks to queue
[2023-01-11T13:46:59.920+0000] {logging_mixin.py:137} INFO - [2023-01-11T13:46:59.920+0000] {dagbag.py:538} INFO - Filling up the DagBag from /home/airflow/.local/lib/python3.7/site-packages/airflow/example_dags/example_dag_decorator.py
[2023-01-11T13:46:59.969+0000] {logging_mixin.py:137} INFO - [2023-01-11T13:46:59.969+0000] {taskmixin.py:205} WARNING - Dependency <Task(_PythonDecoratedOperator): prepare_email>, send_email already registered for DAG: example_dag_decorator
[2023-01-11T13:46:59.969+0000] {logging_mixin.py:137} INFO - [2023-01-11T13:46:59.969+0000] {taskmixin.py:205} WARNING - Dependency <Task(EmailOperator): send_email>, prepare_email already registered for DAG: example_dag_decorator
[2023-01-11T13:46:59.988+0000] {processor.py:753} INFO - DAG(s) dict_keys(['example_dag_decorator']) retrieved from /home/airflow/.local/lib/python3.7/site-packages/airflow/example_dags/example_dag_decorator.py
[2023-01-11T13:47:00.109+0000] {logging_mixin.py:137} INFO - [2023-01-11T13:47:00.109+0000] {dag.py:2676} INFO - Sync 1 DAGs
[2023-01-11T13:47:00.131+0000] {logging_mixin.py:137} INFO - [2023-01-11T13:47:00.131+0000] {dag.py:3427} INFO - Setting next_dagrun for example_dag_decorator to None, run_after=None
[2023-01-11T13:47:00.171+0000] {processor.py:175} INFO - Processing /home/airflow/.local/lib/python3.7/site-packages/airflow/example_dags/example_dag_decorator.py took 0.255 seconds
[2023-01-11T13:47:30.339+0000] {processor.py:153} INFO - Started process (PID=645) to work on /home/airflow/.local/lib/python3.7/site-packages/airflow/example_dags/example_dag_decorator.py
[2023-01-11T13:47:30.355+0000] {processor.py:743} INFO - Processing file /home/airflow/.local/lib/python3.7/site-packages/airflow/example_dags/example_dag_decorator.py for tasks to queue
[2023-01-11T13:47:30.357+0000] {logging_mixin.py:137} INFO - [2023-01-11T13:47:30.356+0000] {dagbag.py:538} INFO - Filling up the DagBag from /home/airflow/.local/lib/python3.7/site-packages/airflow/example_dags/example_dag_decorator.py
[2023-01-11T13:47:30.390+0000] {logging_mixin.py:137} INFO - [2023-01-11T13:47:30.390+0000] {taskmixin.py:205} WARNING - Dependency <Task(_PythonDecoratedOperator): prepare_email>, send_email already registered for DAG: example_dag_decorator
[2023-01-11T13:47:30.390+0000] {logging_mixin.py:137} INFO - [2023-01-11T13:47:30.390+0000] {taskmixin.py:205} WARNING - Dependency <Task(EmailOperator): send_email>, prepare_email already registered for DAG: example_dag_decorator
[2023-01-11T13:47:30.442+0000] {processor.py:753} INFO - DAG(s) dict_keys(['example_dag_decorator']) retrieved from /home/airflow/.local/lib/python3.7/site-packages/airflow/example_dags/example_dag_decorator.py
[2023-01-11T13:47:30.812+0000] {logging_mixin.py:137} INFO - [2023-01-11T13:47:30.811+0000] {dag.py:2676} INFO - Sync 1 DAGs
[2023-01-11T13:47:30.880+0000] {logging_mixin.py:137} INFO - [2023-01-11T13:47:30.879+0000] {dag.py:3427} INFO - Setting next_dagrun for example_dag_decorator to None, run_after=None
[2023-01-11T13:47:31.081+0000] {processor.py:175} INFO - Processing /home/airflow/.local/lib/python3.7/site-packages/airflow/example_dags/example_dag_decorator.py took 0.749 seconds
[2023-01-11T13:48:01.996+0000] {processor.py:153} INFO - Started process (PID=862) to work on /home/airflow/.local/lib/python3.7/site-packages/airflow/example_dags/example_dag_decorator.py
[2023-01-11T13:48:02.009+0000] {processor.py:743} INFO - Processing file /home/airflow/.local/lib/python3.7/site-packages/airflow/example_dags/example_dag_decorator.py for tasks to queue
[2023-01-11T13:48:02.010+0000] {logging_mixin.py:137} INFO - [2023-01-11T13:48:02.010+0000] {dagbag.py:538} INFO - Filling up the DagBag from /home/airflow/.local/lib/python3.7/site-packages/airflow/example_dags/example_dag_decorator.py
[2023-01-11T13:48:02.080+0000] {logging_mixin.py:137} INFO - [2023-01-11T13:48:02.079+0000] {taskmixin.py:205} WARNING - Dependency <Task(_PythonDecoratedOperator): prepare_email>, send_email already registered for DAG: example_dag_decorator
[2023-01-11T13:48:02.090+0000] {logging_mixin.py:137} INFO - [2023-01-11T13:48:02.090+0000] {taskmixin.py:205} WARNING - Dependency <Task(EmailOperator): send_email>, prepare_email already registered for DAG: example_dag_decorator
[2023-01-11T13:48:02.154+0000] {processor.py:753} INFO - DAG(s) dict_keys(['example_dag_decorator']) retrieved from /home/airflow/.local/lib/python3.7/site-packages/airflow/example_dags/example_dag_decorator.py
[2023-01-11T13:48:02.573+0000] {logging_mixin.py:137} INFO - [2023-01-11T13:48:02.572+0000] {dag.py:2676} INFO - Sync 1 DAGs
[2023-01-11T13:48:02.646+0000] {logging_mixin.py:137} INFO - [2023-01-11T13:48:02.646+0000] {dag.py:3427} INFO - Setting next_dagrun for example_dag_decorator to None, run_after=None
[2023-01-11T13:48:02.734+0000] {processor.py:175} INFO - Processing /home/airflow/.local/lib/python3.7/site-packages/airflow/example_dags/example_dag_decorator.py took 0.744 seconds
[2023-01-11T13:48:32.939+0000] {processor.py:153} INFO - Started process (PID=1074) to work on /home/airflow/.local/lib/python3.7/site-packages/airflow/example_dags/example_dag_decorator.py
[2023-01-11T13:48:32.946+0000] {processor.py:743} INFO - Processing file /home/airflow/.local/lib/python3.7/site-packages/airflow/example_dags/example_dag_decorator.py for tasks to queue
[2023-01-11T13:48:32.947+0000] {logging_mixin.py:137} INFO - [2023-01-11T13:48:32.947+0000] {dagbag.py:538} INFO - Filling up the DagBag from /home/airflow/.local/lib/python3.7/site-packages/airflow/example_dags/example_dag_decorator.py
[2023-01-11T13:48:32.980+0000] {logging_mixin.py:137} INFO - [2023-01-11T13:48:32.979+0000] {taskmixin.py:205} WARNING - Dependency <Task(_PythonDecoratedOperator): prepare_email>, send_email already registered for DAG: example_dag_decorator
[2023-01-11T13:48:32.980+0000] {logging_mixin.py:137} INFO - [2023-01-11T13:48:32.980+0000] {taskmixin.py:205} WARNING - Dependency <Task(EmailOperator): send_email>, prepare_email already registered for DAG: example_dag_decorator
[2023-01-11T13:48:33.003+0000] {processor.py:753} INFO - DAG(s) dict_keys(['example_dag_decorator']) retrieved from /home/airflow/.local/lib/python3.7/site-packages/airflow/example_dags/example_dag_decorator.py
[2023-01-11T13:48:33.168+0000] {logging_mixin.py:137} INFO - [2023-01-11T13:48:33.167+0000] {dag.py:2676} INFO - Sync 1 DAGs
[2023-01-11T13:48:33.215+0000] {logging_mixin.py:137} INFO - [2023-01-11T13:48:33.215+0000] {dag.py:3427} INFO - Setting next_dagrun for example_dag_decorator to None, run_after=None
[2023-01-11T13:48:33.251+0000] {processor.py:175} INFO - Processing /home/airflow/.local/lib/python3.7/site-packages/airflow/example_dags/example_dag_decorator.py took 0.318 seconds
[2023-01-11T13:49:03.438+0000] {processor.py:153} INFO - Started process (PID=1290) to work on /home/airflow/.local/lib/python3.7/site-packages/airflow/example_dags/example_dag_decorator.py
[2023-01-11T13:49:03.440+0000] {processor.py:743} INFO - Processing file /home/airflow/.local/lib/python3.7/site-packages/airflow/example_dags/example_dag_decorator.py for tasks to queue
[2023-01-11T13:49:03.441+0000] {logging_mixin.py:137} INFO - [2023-01-11T13:49:03.441+0000] {dagbag.py:538} INFO - Filling up the DagBag from /home/airflow/.local/lib/python3.7/site-packages/airflow/example_dags/example_dag_decorator.py
[2023-01-11T13:49:03.475+0000] {logging_mixin.py:137} INFO - [2023-01-11T13:49:03.475+0000] {taskmixin.py:205} WARNING - Dependency <Task(_PythonDecoratedOperator): prepare_email>, send_email already registered for DAG: example_dag_decorator
[2023-01-11T13:49:03.476+0000] {logging_mixin.py:137} INFO - [2023-01-11T13:49:03.476+0000] {taskmixin.py:205} WARNING - Dependency <Task(EmailOperator): send_email>, prepare_email already registered for DAG: example_dag_decorator
[2023-01-11T13:49:03.514+0000] {processor.py:753} INFO - DAG(s) dict_keys(['example_dag_decorator']) retrieved from /home/airflow/.local/lib/python3.7/site-packages/airflow/example_dags/example_dag_decorator.py
[2023-01-11T13:49:03.690+0000] {logging_mixin.py:137} INFO - [2023-01-11T13:49:03.690+0000] {dag.py:2676} INFO - Sync 1 DAGs
[2023-01-11T13:49:03.739+0000] {logging_mixin.py:137} INFO - [2023-01-11T13:49:03.739+0000] {dag.py:3427} INFO - Setting next_dagrun for example_dag_decorator to None, run_after=None
[2023-01-11T13:49:03.781+0000] {processor.py:175} INFO - Processing /home/airflow/.local/lib/python3.7/site-packages/airflow/example_dags/example_dag_decorator.py took 0.348 seconds
[2023-01-11T13:49:33.843+0000] {processor.py:153} INFO - Started process (PID=1501) to work on /home/airflow/.local/lib/python3.7/site-packages/airflow/example_dags/example_dag_decorator.py
[2023-01-11T13:49:33.845+0000] {processor.py:743} INFO - Processing file /home/airflow/.local/lib/python3.7/site-packages/airflow/example_dags/example_dag_decorator.py for tasks to queue
[2023-01-11T13:49:33.847+0000] {logging_mixin.py:137} INFO - [2023-01-11T13:49:33.846+0000] {dagbag.py:538} INFO - Filling up the DagBag from /home/airflow/.local/lib/python3.7/site-packages/airflow/example_dags/example_dag_decorator.py
[2023-01-11T13:49:33.880+0000] {logging_mixin.py:137} INFO - [2023-01-11T13:49:33.880+0000] {taskmixin.py:205} WARNING - Dependency <Task(_PythonDecoratedOperator): prepare_email>, send_email already registered for DAG: example_dag_decorator
[2023-01-11T13:49:33.881+0000] {logging_mixin.py:137} INFO - [2023-01-11T13:49:33.881+0000] {taskmixin.py:205} WARNING - Dependency <Task(EmailOperator): send_email>, prepare_email already registered for DAG: example_dag_decorator
[2023-01-11T13:49:33.904+0000] {processor.py:753} INFO - DAG(s) dict_keys(['example_dag_decorator']) retrieved from /home/airflow/.local/lib/python3.7/site-packages/airflow/example_dags/example_dag_decorator.py
[2023-01-11T13:49:34.066+0000] {logging_mixin.py:137} INFO - [2023-01-11T13:49:34.065+0000] {dag.py:2676} INFO - Sync 1 DAGs
[2023-01-11T13:49:34.111+0000] {logging_mixin.py:137} INFO - [2023-01-11T13:49:34.111+0000] {dag.py:3427} INFO - Setting next_dagrun for example_dag_decorator to None, run_after=None
[2023-01-11T13:49:34.164+0000] {processor.py:175} INFO - Processing /home/airflow/.local/lib/python3.7/site-packages/airflow/example_dags/example_dag_decorator.py took 0.327 seconds
[2023-01-11T13:50:04.303+0000] {processor.py:153} INFO - Started process (PID=1713) to work on /home/airflow/.local/lib/python3.7/site-packages/airflow/example_dags/example_dag_decorator.py
[2023-01-11T13:50:04.305+0000] {processor.py:743} INFO - Processing file /home/airflow/.local/lib/python3.7/site-packages/airflow/example_dags/example_dag_decorator.py for tasks to queue
[2023-01-11T13:50:04.306+0000] {logging_mixin.py:137} INFO - [2023-01-11T13:50:04.305+0000] {dagbag.py:538} INFO - Filling up the DagBag from /home/airflow/.local/lib/python3.7/site-packages/airflow/example_dags/example_dag_decorator.py
[2023-01-11T13:50:04.339+0000] {logging_mixin.py:137} INFO - [2023-01-11T13:50:04.338+0000] {taskmixin.py:205} WARNING - Dependency <Task(_PythonDecoratedOperator): prepare_email>, send_email already registered for DAG: example_dag_decorator
[2023-01-11T13:50:04.339+0000] {logging_mixin.py:137} INFO - [2023-01-11T13:50:04.339+0000] {taskmixin.py:205} WARNING - Dependency <Task(EmailOperator): send_email>, prepare_email already registered for DAG: example_dag_decorator
[2023-01-11T13:50:04.361+0000] {processor.py:753} INFO - DAG(s) dict_keys(['example_dag_decorator']) retrieved from /home/airflow/.local/lib/python3.7/site-packages/airflow/example_dags/example_dag_decorator.py
[2023-01-11T13:50:04.522+0000] {logging_mixin.py:137} INFO - [2023-01-11T13:50:04.522+0000] {dag.py:2676} INFO - Sync 1 DAGs
[2023-01-11T13:50:04.572+0000] {logging_mixin.py:137} INFO - [2023-01-11T13:50:04.571+0000] {dag.py:3427} INFO - Setting next_dagrun for example_dag_decorator to None, run_after=None
[2023-01-11T13:50:04.618+0000] {processor.py:175} INFO - Processing /home/airflow/.local/lib/python3.7/site-packages/airflow/example_dags/example_dag_decorator.py took 0.320 seconds
[2023-01-11T13:50:35.399+0000] {processor.py:153} INFO - Started process (PID=1926) to work on /home/airflow/.local/lib/python3.7/site-packages/airflow/example_dags/example_dag_decorator.py
[2023-01-11T13:50:35.400+0000] {processor.py:743} INFO - Processing file /home/airflow/.local/lib/python3.7/site-packages/airflow/example_dags/example_dag_decorator.py for tasks to queue
[2023-01-11T13:50:35.402+0000] {logging_mixin.py:137} INFO - [2023-01-11T13:50:35.401+0000] {dagbag.py:538} INFO - Filling up the DagBag from /home/airflow/.local/lib/python3.7/site-packages/airflow/example_dags/example_dag_decorator.py
[2023-01-11T13:50:35.440+0000] {logging_mixin.py:137} INFO - [2023-01-11T13:50:35.439+0000] {taskmixin.py:205} WARNING - Dependency <Task(_PythonDecoratedOperator): prepare_email>, send_email already registered for DAG: example_dag_decorator
[2023-01-11T13:50:35.441+0000] {logging_mixin.py:137} INFO - [2023-01-11T13:50:35.440+0000] {taskmixin.py:205} WARNING - Dependency <Task(EmailOperator): send_email>, prepare_email already registered for DAG: example_dag_decorator
[2023-01-11T13:50:35.466+0000] {processor.py:753} INFO - DAG(s) dict_keys(['example_dag_decorator']) retrieved from /home/airflow/.local/lib/python3.7/site-packages/airflow/example_dags/example_dag_decorator.py
[2023-01-11T13:50:35.628+0000] {logging_mixin.py:137} INFO - [2023-01-11T13:50:35.628+0000] {dag.py:2676} INFO - Sync 1 DAGs
[2023-01-11T13:50:35.680+0000] {logging_mixin.py:137} INFO - [2023-01-11T13:50:35.679+0000] {dag.py:3427} INFO - Setting next_dagrun for example_dag_decorator to None, run_after=None
[2023-01-11T13:50:35.723+0000] {processor.py:175} INFO - Processing /home/airflow/.local/lib/python3.7/site-packages/airflow/example_dags/example_dag_decorator.py took 0.331 seconds
