[2023-01-11T13:40:10.852+0000] {processor.py:153} INFO - Started process (PID=230) to work on /home/airflow/.local/lib/python3.7/site-packages/airflow/example_dags/example_complex.py
[2023-01-11T13:40:10.853+0000] {processor.py:743} INFO - Processing file /home/airflow/.local/lib/python3.7/site-packages/airflow/example_dags/example_complex.py for tasks to queue
[2023-01-11T13:40:10.854+0000] {logging_mixin.py:137} INFO - [2023-01-11T13:40:10.854+0000] {dagbag.py:538} INFO - Filling up the DagBag from /home/airflow/.local/lib/python3.7/site-packages/airflow/example_dags/example_complex.py
[2023-01-11T13:40:10.891+0000] {logging_mixin.py:137} INFO - [2023-01-11T13:40:10.891+0000] {taskmixin.py:205} WARNING - Dependency <Task(BashOperator): create_entry_group>, delete_entry_group already registered for DAG: example_complex
[2023-01-11T13:40:10.902+0000] {logging_mixin.py:137} INFO - [2023-01-11T13:40:10.902+0000] {taskmixin.py:205} WARNING - Dependency <Task(BashOperator): delete_entry_group>, create_entry_group already registered for DAG: example_complex
[2023-01-11T13:40:10.903+0000] {logging_mixin.py:137} INFO - [2023-01-11T13:40:10.902+0000] {taskmixin.py:205} WARNING - Dependency <Task(BashOperator): create_entry_gcs>, delete_entry already registered for DAG: example_complex
[2023-01-11T13:40:10.903+0000] {logging_mixin.py:137} INFO - [2023-01-11T13:40:10.903+0000] {taskmixin.py:205} WARNING - Dependency <Task(BashOperator): delete_entry>, create_entry_gcs already registered for DAG: example_complex
[2023-01-11T13:40:10.904+0000] {logging_mixin.py:137} INFO - [2023-01-11T13:40:10.903+0000] {taskmixin.py:205} WARNING - Dependency <Task(BashOperator): create_tag>, delete_tag already registered for DAG: example_complex
[2023-01-11T13:40:10.904+0000] {logging_mixin.py:137} INFO - [2023-01-11T13:40:10.904+0000] {taskmixin.py:205} WARNING - Dependency <Task(BashOperator): delete_tag>, create_tag already registered for DAG: example_complex
[2023-01-11T13:40:10.933+0000] {processor.py:753} INFO - DAG(s) dict_keys(['example_complex']) retrieved from /home/airflow/.local/lib/python3.7/site-packages/airflow/example_dags/example_complex.py
[2023-01-11T13:40:11.019+0000] {logging_mixin.py:137} INFO - [2023-01-11T13:40:11.019+0000] {dag.py:2676} INFO - Sync 1 DAGs
[2023-01-11T13:40:11.068+0000] {logging_mixin.py:137} INFO - [2023-01-11T13:40:11.068+0000] {dag.py:3427} INFO - Setting next_dagrun for example_complex to None, run_after=None
[2023-01-11T13:40:11.117+0000] {processor.py:175} INFO - Processing /home/airflow/.local/lib/python3.7/site-packages/airflow/example_dags/example_complex.py took 0.282 seconds
[2023-01-11T13:40:41.212+0000] {processor.py:153} INFO - Started process (PID=440) to work on /home/airflow/.local/lib/python3.7/site-packages/airflow/example_dags/example_complex.py
[2023-01-11T13:40:41.214+0000] {processor.py:743} INFO - Processing file /home/airflow/.local/lib/python3.7/site-packages/airflow/example_dags/example_complex.py for tasks to queue
[2023-01-11T13:40:41.215+0000] {logging_mixin.py:137} INFO - [2023-01-11T13:40:41.214+0000] {dagbag.py:538} INFO - Filling up the DagBag from /home/airflow/.local/lib/python3.7/site-packages/airflow/example_dags/example_complex.py
[2023-01-11T13:40:41.243+0000] {logging_mixin.py:137} INFO - [2023-01-11T13:40:41.243+0000] {taskmixin.py:205} WARNING - Dependency <Task(BashOperator): create_entry_group>, delete_entry_group already registered for DAG: example_complex
[2023-01-11T13:40:41.243+0000] {logging_mixin.py:137} INFO - [2023-01-11T13:40:41.243+0000] {taskmixin.py:205} WARNING - Dependency <Task(BashOperator): delete_entry_group>, create_entry_group already registered for DAG: example_complex
[2023-01-11T13:40:41.244+0000] {logging_mixin.py:137} INFO - [2023-01-11T13:40:41.244+0000] {taskmixin.py:205} WARNING - Dependency <Task(BashOperator): create_entry_gcs>, delete_entry already registered for DAG: example_complex
[2023-01-11T13:40:41.244+0000] {logging_mixin.py:137} INFO - [2023-01-11T13:40:41.244+0000] {taskmixin.py:205} WARNING - Dependency <Task(BashOperator): delete_entry>, create_entry_gcs already registered for DAG: example_complex
[2023-01-11T13:40:41.245+0000] {logging_mixin.py:137} INFO - [2023-01-11T13:40:41.245+0000] {taskmixin.py:205} WARNING - Dependency <Task(BashOperator): create_tag>, delete_tag already registered for DAG: example_complex
[2023-01-11T13:40:41.245+0000] {logging_mixin.py:137} INFO - [2023-01-11T13:40:41.245+0000] {taskmixin.py:205} WARNING - Dependency <Task(BashOperator): delete_tag>, create_tag already registered for DAG: example_complex
[2023-01-11T13:40:41.261+0000] {processor.py:753} INFO - DAG(s) dict_keys(['example_complex']) retrieved from /home/airflow/.local/lib/python3.7/site-packages/airflow/example_dags/example_complex.py
[2023-01-11T13:40:41.354+0000] {logging_mixin.py:137} INFO - [2023-01-11T13:40:41.354+0000] {dag.py:2676} INFO - Sync 1 DAGs
[2023-01-11T13:40:41.415+0000] {logging_mixin.py:137} INFO - [2023-01-11T13:40:41.414+0000] {dag.py:3427} INFO - Setting next_dagrun for example_complex to None, run_after=None
[2023-01-11T13:40:41.470+0000] {processor.py:175} INFO - Processing /home/airflow/.local/lib/python3.7/site-packages/airflow/example_dags/example_complex.py took 0.265 seconds
[2023-01-11T13:42:50.777+0000] {processor.py:153} INFO - Started process (PID=238) to work on /home/airflow/.local/lib/python3.7/site-packages/airflow/example_dags/example_complex.py
[2023-01-11T13:42:50.779+0000] {processor.py:743} INFO - Processing file /home/airflow/.local/lib/python3.7/site-packages/airflow/example_dags/example_complex.py for tasks to queue
[2023-01-11T13:42:50.781+0000] {logging_mixin.py:137} INFO - [2023-01-11T13:42:50.780+0000] {dagbag.py:538} INFO - Filling up the DagBag from /home/airflow/.local/lib/python3.7/site-packages/airflow/example_dags/example_complex.py
[2023-01-11T13:42:50.915+0000] {logging_mixin.py:137} INFO - [2023-01-11T13:42:50.915+0000] {taskmixin.py:205} WARNING - Dependency <Task(BashOperator): create_entry_group>, delete_entry_group already registered for DAG: example_complex
[2023-01-11T13:42:50.943+0000] {logging_mixin.py:137} INFO - [2023-01-11T13:42:50.943+0000] {taskmixin.py:205} WARNING - Dependency <Task(BashOperator): delete_entry_group>, create_entry_group already registered for DAG: example_complex
[2023-01-11T13:42:50.944+0000] {logging_mixin.py:137} INFO - [2023-01-11T13:42:50.943+0000] {taskmixin.py:205} WARNING - Dependency <Task(BashOperator): create_entry_gcs>, delete_entry already registered for DAG: example_complex
[2023-01-11T13:42:50.953+0000] {logging_mixin.py:137} INFO - [2023-01-11T13:42:50.953+0000] {taskmixin.py:205} WARNING - Dependency <Task(BashOperator): delete_entry>, create_entry_gcs already registered for DAG: example_complex
[2023-01-11T13:42:50.954+0000] {logging_mixin.py:137} INFO - [2023-01-11T13:42:50.954+0000] {taskmixin.py:205} WARNING - Dependency <Task(BashOperator): create_tag>, delete_tag already registered for DAG: example_complex
[2023-01-11T13:42:50.973+0000] {logging_mixin.py:137} INFO - [2023-01-11T13:42:50.973+0000] {taskmixin.py:205} WARNING - Dependency <Task(BashOperator): delete_tag>, create_tag already registered for DAG: example_complex
[2023-01-11T13:42:51.144+0000] {processor.py:753} INFO - DAG(s) dict_keys(['example_complex']) retrieved from /home/airflow/.local/lib/python3.7/site-packages/airflow/example_dags/example_complex.py
[2023-01-11T13:42:51.899+0000] {logging_mixin.py:137} INFO - [2023-01-11T13:42:51.896+0000] {dag.py:2676} INFO - Sync 1 DAGs
[2023-01-11T13:42:52.314+0000] {logging_mixin.py:137} INFO - [2023-01-11T13:42:52.313+0000] {dag.py:3427} INFO - Setting next_dagrun for example_complex to None, run_after=None
[2023-01-11T13:42:52.655+0000] {processor.py:175} INFO - Processing /home/airflow/.local/lib/python3.7/site-packages/airflow/example_dags/example_complex.py took 1.899 seconds
[2023-01-11T13:44:43.291+0000] {processor.py:153} INFO - Started process (PID=227) to work on /home/airflow/.local/lib/python3.7/site-packages/airflow/example_dags/example_complex.py
[2023-01-11T13:44:43.345+0000] {processor.py:743} INFO - Processing file /home/airflow/.local/lib/python3.7/site-packages/airflow/example_dags/example_complex.py for tasks to queue
[2023-01-11T13:44:43.347+0000] {logging_mixin.py:137} INFO - [2023-01-11T13:44:43.346+0000] {dagbag.py:538} INFO - Filling up the DagBag from /home/airflow/.local/lib/python3.7/site-packages/airflow/example_dags/example_complex.py
[2023-01-11T13:44:43.382+0000] {logging_mixin.py:137} INFO - [2023-01-11T13:44:43.382+0000] {taskmixin.py:205} WARNING - Dependency <Task(BashOperator): create_entry_group>, delete_entry_group already registered for DAG: example_complex
[2023-01-11T13:44:43.383+0000] {logging_mixin.py:137} INFO - [2023-01-11T13:44:43.383+0000] {taskmixin.py:205} WARNING - Dependency <Task(BashOperator): delete_entry_group>, create_entry_group already registered for DAG: example_complex
[2023-01-11T13:44:43.384+0000] {logging_mixin.py:137} INFO - [2023-01-11T13:44:43.384+0000] {taskmixin.py:205} WARNING - Dependency <Task(BashOperator): create_entry_gcs>, delete_entry already registered for DAG: example_complex
[2023-01-11T13:44:43.384+0000] {logging_mixin.py:137} INFO - [2023-01-11T13:44:43.384+0000] {taskmixin.py:205} WARNING - Dependency <Task(BashOperator): delete_entry>, create_entry_gcs already registered for DAG: example_complex
[2023-01-11T13:44:43.386+0000] {logging_mixin.py:137} INFO - [2023-01-11T13:44:43.386+0000] {taskmixin.py:205} WARNING - Dependency <Task(BashOperator): create_tag>, delete_tag already registered for DAG: example_complex
[2023-01-11T13:44:43.387+0000] {logging_mixin.py:137} INFO - [2023-01-11T13:44:43.386+0000] {taskmixin.py:205} WARNING - Dependency <Task(BashOperator): delete_tag>, create_tag already registered for DAG: example_complex
[2023-01-11T13:44:43.433+0000] {processor.py:753} INFO - DAG(s) dict_keys(['example_complex']) retrieved from /home/airflow/.local/lib/python3.7/site-packages/airflow/example_dags/example_complex.py
[2023-01-11T13:44:43.666+0000] {logging_mixin.py:137} INFO - [2023-01-11T13:44:43.666+0000] {dag.py:2676} INFO - Sync 1 DAGs
[2023-01-11T13:44:43.814+0000] {logging_mixin.py:137} INFO - [2023-01-11T13:44:43.814+0000] {dag.py:3427} INFO - Setting next_dagrun for example_complex to None, run_after=None
[2023-01-11T13:44:43.939+0000] {processor.py:175} INFO - Processing /home/airflow/.local/lib/python3.7/site-packages/airflow/example_dags/example_complex.py took 0.659 seconds
[2023-01-11T13:45:14.304+0000] {processor.py:153} INFO - Started process (PID=440) to work on /home/airflow/.local/lib/python3.7/site-packages/airflow/example_dags/example_complex.py
[2023-01-11T13:45:14.305+0000] {processor.py:743} INFO - Processing file /home/airflow/.local/lib/python3.7/site-packages/airflow/example_dags/example_complex.py for tasks to queue
[2023-01-11T13:45:14.307+0000] {logging_mixin.py:137} INFO - [2023-01-11T13:45:14.306+0000] {dagbag.py:538} INFO - Filling up the DagBag from /home/airflow/.local/lib/python3.7/site-packages/airflow/example_dags/example_complex.py
[2023-01-11T13:45:14.335+0000] {logging_mixin.py:137} INFO - [2023-01-11T13:45:14.335+0000] {taskmixin.py:205} WARNING - Dependency <Task(BashOperator): create_entry_group>, delete_entry_group already registered for DAG: example_complex
[2023-01-11T13:45:14.336+0000] {logging_mixin.py:137} INFO - [2023-01-11T13:45:14.335+0000] {taskmixin.py:205} WARNING - Dependency <Task(BashOperator): delete_entry_group>, create_entry_group already registered for DAG: example_complex
[2023-01-11T13:45:14.336+0000] {logging_mixin.py:137} INFO - [2023-01-11T13:45:14.336+0000] {taskmixin.py:205} WARNING - Dependency <Task(BashOperator): create_entry_gcs>, delete_entry already registered for DAG: example_complex
[2023-01-11T13:45:14.336+0000] {logging_mixin.py:137} INFO - [2023-01-11T13:45:14.336+0000] {taskmixin.py:205} WARNING - Dependency <Task(BashOperator): delete_entry>, create_entry_gcs already registered for DAG: example_complex
[2023-01-11T13:45:14.337+0000] {logging_mixin.py:137} INFO - [2023-01-11T13:45:14.337+0000] {taskmixin.py:205} WARNING - Dependency <Task(BashOperator): create_tag>, delete_tag already registered for DAG: example_complex
[2023-01-11T13:45:14.338+0000] {logging_mixin.py:137} INFO - [2023-01-11T13:45:14.338+0000] {taskmixin.py:205} WARNING - Dependency <Task(BashOperator): delete_tag>, create_tag already registered for DAG: example_complex
[2023-01-11T13:45:14.352+0000] {processor.py:753} INFO - DAG(s) dict_keys(['example_complex']) retrieved from /home/airflow/.local/lib/python3.7/site-packages/airflow/example_dags/example_complex.py
[2023-01-11T13:45:14.440+0000] {logging_mixin.py:137} INFO - [2023-01-11T13:45:14.440+0000] {dag.py:2676} INFO - Sync 1 DAGs
[2023-01-11T13:45:14.494+0000] {logging_mixin.py:137} INFO - [2023-01-11T13:45:14.494+0000] {dag.py:3427} INFO - Setting next_dagrun for example_complex to None, run_after=None
[2023-01-11T13:45:14.569+0000] {processor.py:175} INFO - Processing /home/airflow/.local/lib/python3.7/site-packages/airflow/example_dags/example_complex.py took 0.270 seconds
[2023-01-11T13:46:31.961+0000] {processor.py:153} INFO - Started process (PID=228) to work on /home/airflow/.local/lib/python3.7/site-packages/airflow/example_dags/example_complex.py
[2023-01-11T13:46:31.976+0000] {processor.py:743} INFO - Processing file /home/airflow/.local/lib/python3.7/site-packages/airflow/example_dags/example_complex.py for tasks to queue
[2023-01-11T13:46:31.978+0000] {logging_mixin.py:137} INFO - [2023-01-11T13:46:31.977+0000] {dagbag.py:538} INFO - Filling up the DagBag from /home/airflow/.local/lib/python3.7/site-packages/airflow/example_dags/example_complex.py
[2023-01-11T13:46:32.123+0000] {logging_mixin.py:137} INFO - [2023-01-11T13:46:32.123+0000] {taskmixin.py:205} WARNING - Dependency <Task(BashOperator): create_entry_group>, delete_entry_group already registered for DAG: example_complex
[2023-01-11T13:46:32.127+0000] {logging_mixin.py:137} INFO - [2023-01-11T13:46:32.127+0000] {taskmixin.py:205} WARNING - Dependency <Task(BashOperator): delete_entry_group>, create_entry_group already registered for DAG: example_complex
[2023-01-11T13:46:32.130+0000] {logging_mixin.py:137} INFO - [2023-01-11T13:46:32.129+0000] {taskmixin.py:205} WARNING - Dependency <Task(BashOperator): create_entry_gcs>, delete_entry already registered for DAG: example_complex
[2023-01-11T13:46:32.131+0000] {logging_mixin.py:137} INFO - [2023-01-11T13:46:32.131+0000] {taskmixin.py:205} WARNING - Dependency <Task(BashOperator): delete_entry>, create_entry_gcs already registered for DAG: example_complex
[2023-01-11T13:46:32.133+0000] {logging_mixin.py:137} INFO - [2023-01-11T13:46:32.132+0000] {taskmixin.py:205} WARNING - Dependency <Task(BashOperator): create_tag>, delete_tag already registered for DAG: example_complex
[2023-01-11T13:46:32.140+0000] {logging_mixin.py:137} INFO - [2023-01-11T13:46:32.140+0000] {taskmixin.py:205} WARNING - Dependency <Task(BashOperator): delete_tag>, create_tag already registered for DAG: example_complex
[2023-01-11T13:46:32.216+0000] {processor.py:753} INFO - DAG(s) dict_keys(['example_complex']) retrieved from /home/airflow/.local/lib/python3.7/site-packages/airflow/example_dags/example_complex.py
[2023-01-11T13:46:32.497+0000] {logging_mixin.py:137} INFO - [2023-01-11T13:46:32.497+0000] {dag.py:2676} INFO - Sync 1 DAGs
[2023-01-11T13:46:32.670+0000] {logging_mixin.py:137} INFO - [2023-01-11T13:46:32.669+0000] {dag.py:3427} INFO - Setting next_dagrun for example_complex to None, run_after=None
[2023-01-11T13:46:32.758+0000] {processor.py:175} INFO - Processing /home/airflow/.local/lib/python3.7/site-packages/airflow/example_dags/example_complex.py took 0.850 seconds
[2023-01-11T13:47:03.117+0000] {processor.py:153} INFO - Started process (PID=445) to work on /home/airflow/.local/lib/python3.7/site-packages/airflow/example_dags/example_complex.py
[2023-01-11T13:47:03.119+0000] {processor.py:743} INFO - Processing file /home/airflow/.local/lib/python3.7/site-packages/airflow/example_dags/example_complex.py for tasks to queue
[2023-01-11T13:47:03.121+0000] {logging_mixin.py:137} INFO - [2023-01-11T13:47:03.120+0000] {dagbag.py:538} INFO - Filling up the DagBag from /home/airflow/.local/lib/python3.7/site-packages/airflow/example_dags/example_complex.py
[2023-01-11T13:47:03.165+0000] {logging_mixin.py:137} INFO - [2023-01-11T13:47:03.164+0000] {taskmixin.py:205} WARNING - Dependency <Task(BashOperator): create_entry_group>, delete_entry_group already registered for DAG: example_complex
[2023-01-11T13:47:03.166+0000] {logging_mixin.py:137} INFO - [2023-01-11T13:47:03.165+0000] {taskmixin.py:205} WARNING - Dependency <Task(BashOperator): delete_entry_group>, create_entry_group already registered for DAG: example_complex
[2023-01-11T13:47:03.167+0000] {logging_mixin.py:137} INFO - [2023-01-11T13:47:03.166+0000] {taskmixin.py:205} WARNING - Dependency <Task(BashOperator): create_entry_gcs>, delete_entry already registered for DAG: example_complex
[2023-01-11T13:47:03.167+0000] {logging_mixin.py:137} INFO - [2023-01-11T13:47:03.167+0000] {taskmixin.py:205} WARNING - Dependency <Task(BashOperator): delete_entry>, create_entry_gcs already registered for DAG: example_complex
[2023-01-11T13:47:03.169+0000] {logging_mixin.py:137} INFO - [2023-01-11T13:47:03.168+0000] {taskmixin.py:205} WARNING - Dependency <Task(BashOperator): create_tag>, delete_tag already registered for DAG: example_complex
[2023-01-11T13:47:03.169+0000] {logging_mixin.py:137} INFO - [2023-01-11T13:47:03.169+0000] {taskmixin.py:205} WARNING - Dependency <Task(BashOperator): delete_tag>, create_tag already registered for DAG: example_complex
[2023-01-11T13:47:03.193+0000] {processor.py:753} INFO - DAG(s) dict_keys(['example_complex']) retrieved from /home/airflow/.local/lib/python3.7/site-packages/airflow/example_dags/example_complex.py
[2023-01-11T13:47:03.318+0000] {logging_mixin.py:137} INFO - [2023-01-11T13:47:03.318+0000] {dag.py:2676} INFO - Sync 1 DAGs
[2023-01-11T13:47:03.383+0000] {logging_mixin.py:137} INFO - [2023-01-11T13:47:03.382+0000] {dag.py:3427} INFO - Setting next_dagrun for example_complex to None, run_after=None
[2023-01-11T13:47:03.434+0000] {processor.py:175} INFO - Processing /home/airflow/.local/lib/python3.7/site-packages/airflow/example_dags/example_complex.py took 0.325 seconds
[2023-01-11T13:47:33.824+0000] {processor.py:153} INFO - Started process (PID=661) to work on /home/airflow/.local/lib/python3.7/site-packages/airflow/example_dags/example_complex.py
[2023-01-11T13:47:33.828+0000] {processor.py:743} INFO - Processing file /home/airflow/.local/lib/python3.7/site-packages/airflow/example_dags/example_complex.py for tasks to queue
[2023-01-11T13:47:33.829+0000] {logging_mixin.py:137} INFO - [2023-01-11T13:47:33.829+0000] {dagbag.py:538} INFO - Filling up the DagBag from /home/airflow/.local/lib/python3.7/site-packages/airflow/example_dags/example_complex.py
[2023-01-11T13:47:33.853+0000] {logging_mixin.py:137} INFO - [2023-01-11T13:47:33.852+0000] {taskmixin.py:205} WARNING - Dependency <Task(BashOperator): create_entry_group>, delete_entry_group already registered for DAG: example_complex
[2023-01-11T13:47:33.853+0000] {logging_mixin.py:137} INFO - [2023-01-11T13:47:33.853+0000] {taskmixin.py:205} WARNING - Dependency <Task(BashOperator): delete_entry_group>, create_entry_group already registered for DAG: example_complex
[2023-01-11T13:47:33.854+0000] {logging_mixin.py:137} INFO - [2023-01-11T13:47:33.854+0000] {taskmixin.py:205} WARNING - Dependency <Task(BashOperator): create_entry_gcs>, delete_entry already registered for DAG: example_complex
[2023-01-11T13:47:33.854+0000] {logging_mixin.py:137} INFO - [2023-01-11T13:47:33.854+0000] {taskmixin.py:205} WARNING - Dependency <Task(BashOperator): delete_entry>, create_entry_gcs already registered for DAG: example_complex
[2023-01-11T13:47:33.856+0000] {logging_mixin.py:137} INFO - [2023-01-11T13:47:33.855+0000] {taskmixin.py:205} WARNING - Dependency <Task(BashOperator): create_tag>, delete_tag already registered for DAG: example_complex
[2023-01-11T13:47:33.856+0000] {logging_mixin.py:137} INFO - [2023-01-11T13:47:33.856+0000] {taskmixin.py:205} WARNING - Dependency <Task(BashOperator): delete_tag>, create_tag already registered for DAG: example_complex
[2023-01-11T13:47:33.871+0000] {processor.py:753} INFO - DAG(s) dict_keys(['example_complex']) retrieved from /home/airflow/.local/lib/python3.7/site-packages/airflow/example_dags/example_complex.py
[2023-01-11T13:47:34.017+0000] {logging_mixin.py:137} INFO - [2023-01-11T13:47:34.017+0000] {dag.py:2676} INFO - Sync 1 DAGs
[2023-01-11T13:47:34.122+0000] {logging_mixin.py:137} INFO - [2023-01-11T13:47:34.122+0000] {dag.py:3427} INFO - Setting next_dagrun for example_complex to None, run_after=None
[2023-01-11T13:47:34.230+0000] {processor.py:175} INFO - Processing /home/airflow/.local/lib/python3.7/site-packages/airflow/example_dags/example_complex.py took 0.411 seconds
[2023-01-11T13:48:04.901+0000] {processor.py:153} INFO - Started process (PID=883) to work on /home/airflow/.local/lib/python3.7/site-packages/airflow/example_dags/example_complex.py
[2023-01-11T13:48:04.931+0000] {processor.py:743} INFO - Processing file /home/airflow/.local/lib/python3.7/site-packages/airflow/example_dags/example_complex.py for tasks to queue
[2023-01-11T13:48:04.933+0000] {logging_mixin.py:137} INFO - [2023-01-11T13:48:04.933+0000] {dagbag.py:538} INFO - Filling up the DagBag from /home/airflow/.local/lib/python3.7/site-packages/airflow/example_dags/example_complex.py
[2023-01-11T13:48:05.015+0000] {logging_mixin.py:137} INFO - [2023-01-11T13:48:05.014+0000] {taskmixin.py:205} WARNING - Dependency <Task(BashOperator): create_entry_group>, delete_entry_group already registered for DAG: example_complex
[2023-01-11T13:48:05.015+0000] {logging_mixin.py:137} INFO - [2023-01-11T13:48:05.015+0000] {taskmixin.py:205} WARNING - Dependency <Task(BashOperator): delete_entry_group>, create_entry_group already registered for DAG: example_complex
[2023-01-11T13:48:05.015+0000] {logging_mixin.py:137} INFO - [2023-01-11T13:48:05.015+0000] {taskmixin.py:205} WARNING - Dependency <Task(BashOperator): create_entry_gcs>, delete_entry already registered for DAG: example_complex
[2023-01-11T13:48:05.016+0000] {logging_mixin.py:137} INFO - [2023-01-11T13:48:05.016+0000] {taskmixin.py:205} WARNING - Dependency <Task(BashOperator): delete_entry>, create_entry_gcs already registered for DAG: example_complex
[2023-01-11T13:48:05.016+0000] {logging_mixin.py:137} INFO - [2023-01-11T13:48:05.016+0000] {taskmixin.py:205} WARNING - Dependency <Task(BashOperator): create_tag>, delete_tag already registered for DAG: example_complex
[2023-01-11T13:48:05.017+0000] {logging_mixin.py:137} INFO - [2023-01-11T13:48:05.017+0000] {taskmixin.py:205} WARNING - Dependency <Task(BashOperator): delete_tag>, create_tag already registered for DAG: example_complex
[2023-01-11T13:48:05.053+0000] {processor.py:753} INFO - DAG(s) dict_keys(['example_complex']) retrieved from /home/airflow/.local/lib/python3.7/site-packages/airflow/example_dags/example_complex.py
[2023-01-11T13:48:05.263+0000] {logging_mixin.py:137} INFO - [2023-01-11T13:48:05.262+0000] {dag.py:2676} INFO - Sync 1 DAGs
[2023-01-11T13:48:05.376+0000] {logging_mixin.py:137} INFO - [2023-01-11T13:48:05.376+0000] {dag.py:3427} INFO - Setting next_dagrun for example_complex to None, run_after=None
[2023-01-11T13:48:05.448+0000] {processor.py:175} INFO - Processing /home/airflow/.local/lib/python3.7/site-packages/airflow/example_dags/example_complex.py took 0.556 seconds
[2023-01-11T13:48:36.505+0000] {processor.py:153} INFO - Started process (PID=1089) to work on /home/airflow/.local/lib/python3.7/site-packages/airflow/example_dags/example_complex.py
[2023-01-11T13:48:36.510+0000] {processor.py:743} INFO - Processing file /home/airflow/.local/lib/python3.7/site-packages/airflow/example_dags/example_complex.py for tasks to queue
[2023-01-11T13:48:36.513+0000] {logging_mixin.py:137} INFO - [2023-01-11T13:48:36.512+0000] {dagbag.py:538} INFO - Filling up the DagBag from /home/airflow/.local/lib/python3.7/site-packages/airflow/example_dags/example_complex.py
[2023-01-11T13:48:36.555+0000] {logging_mixin.py:137} INFO - [2023-01-11T13:48:36.555+0000] {taskmixin.py:205} WARNING - Dependency <Task(BashOperator): create_entry_group>, delete_entry_group already registered for DAG: example_complex
[2023-01-11T13:48:36.556+0000] {logging_mixin.py:137} INFO - [2023-01-11T13:48:36.556+0000] {taskmixin.py:205} WARNING - Dependency <Task(BashOperator): delete_entry_group>, create_entry_group already registered for DAG: example_complex
[2023-01-11T13:48:36.556+0000] {logging_mixin.py:137} INFO - [2023-01-11T13:48:36.556+0000] {taskmixin.py:205} WARNING - Dependency <Task(BashOperator): create_entry_gcs>, delete_entry already registered for DAG: example_complex
[2023-01-11T13:48:36.557+0000] {logging_mixin.py:137} INFO - [2023-01-11T13:48:36.557+0000] {taskmixin.py:205} WARNING - Dependency <Task(BashOperator): delete_entry>, create_entry_gcs already registered for DAG: example_complex
[2023-01-11T13:48:36.567+0000] {logging_mixin.py:137} INFO - [2023-01-11T13:48:36.566+0000] {taskmixin.py:205} WARNING - Dependency <Task(BashOperator): create_tag>, delete_tag already registered for DAG: example_complex
[2023-01-11T13:48:36.567+0000] {logging_mixin.py:137} INFO - [2023-01-11T13:48:36.567+0000] {taskmixin.py:205} WARNING - Dependency <Task(BashOperator): delete_tag>, create_tag already registered for DAG: example_complex
[2023-01-11T13:48:36.592+0000] {processor.py:753} INFO - DAG(s) dict_keys(['example_complex']) retrieved from /home/airflow/.local/lib/python3.7/site-packages/airflow/example_dags/example_complex.py
[2023-01-11T13:48:36.852+0000] {logging_mixin.py:137} INFO - [2023-01-11T13:48:36.852+0000] {dag.py:2676} INFO - Sync 1 DAGs
[2023-01-11T13:48:36.984+0000] {logging_mixin.py:137} INFO - [2023-01-11T13:48:36.983+0000] {dag.py:3427} INFO - Setting next_dagrun for example_complex to None, run_after=None
[2023-01-11T13:48:37.111+0000] {processor.py:175} INFO - Processing /home/airflow/.local/lib/python3.7/site-packages/airflow/example_dags/example_complex.py took 0.626 seconds
[2023-01-11T13:49:07.413+0000] {processor.py:153} INFO - Started process (PID=1312) to work on /home/airflow/.local/lib/python3.7/site-packages/airflow/example_dags/example_complex.py
[2023-01-11T13:49:07.416+0000] {processor.py:743} INFO - Processing file /home/airflow/.local/lib/python3.7/site-packages/airflow/example_dags/example_complex.py for tasks to queue
[2023-01-11T13:49:07.417+0000] {logging_mixin.py:137} INFO - [2023-01-11T13:49:07.417+0000] {dagbag.py:538} INFO - Filling up the DagBag from /home/airflow/.local/lib/python3.7/site-packages/airflow/example_dags/example_complex.py
[2023-01-11T13:49:07.440+0000] {logging_mixin.py:137} INFO - [2023-01-11T13:49:07.439+0000] {taskmixin.py:205} WARNING - Dependency <Task(BashOperator): create_entry_group>, delete_entry_group already registered for DAG: example_complex
[2023-01-11T13:49:07.440+0000] {logging_mixin.py:137} INFO - [2023-01-11T13:49:07.440+0000] {taskmixin.py:205} WARNING - Dependency <Task(BashOperator): delete_entry_group>, create_entry_group already registered for DAG: example_complex
[2023-01-11T13:49:07.441+0000] {logging_mixin.py:137} INFO - [2023-01-11T13:49:07.441+0000] {taskmixin.py:205} WARNING - Dependency <Task(BashOperator): create_entry_gcs>, delete_entry already registered for DAG: example_complex
[2023-01-11T13:49:07.441+0000] {logging_mixin.py:137} INFO - [2023-01-11T13:49:07.441+0000] {taskmixin.py:205} WARNING - Dependency <Task(BashOperator): delete_entry>, create_entry_gcs already registered for DAG: example_complex
[2023-01-11T13:49:07.442+0000] {logging_mixin.py:137} INFO - [2023-01-11T13:49:07.442+0000] {taskmixin.py:205} WARNING - Dependency <Task(BashOperator): create_tag>, delete_tag already registered for DAG: example_complex
[2023-01-11T13:49:07.442+0000] {logging_mixin.py:137} INFO - [2023-01-11T13:49:07.442+0000] {taskmixin.py:205} WARNING - Dependency <Task(BashOperator): delete_tag>, create_tag already registered for DAG: example_complex
[2023-01-11T13:49:07.456+0000] {processor.py:753} INFO - DAG(s) dict_keys(['example_complex']) retrieved from /home/airflow/.local/lib/python3.7/site-packages/airflow/example_dags/example_complex.py
[2023-01-11T13:49:07.538+0000] {logging_mixin.py:137} INFO - [2023-01-11T13:49:07.538+0000] {dag.py:2676} INFO - Sync 1 DAGs
[2023-01-11T13:49:07.586+0000] {logging_mixin.py:137} INFO - [2023-01-11T13:49:07.586+0000] {dag.py:3427} INFO - Setting next_dagrun for example_complex to None, run_after=None
[2023-01-11T13:49:07.637+0000] {processor.py:175} INFO - Processing /home/airflow/.local/lib/python3.7/site-packages/airflow/example_dags/example_complex.py took 0.230 seconds
[2023-01-11T13:49:38.033+0000] {processor.py:153} INFO - Started process (PID=1526) to work on /home/airflow/.local/lib/python3.7/site-packages/airflow/example_dags/example_complex.py
[2023-01-11T13:49:38.035+0000] {processor.py:743} INFO - Processing file /home/airflow/.local/lib/python3.7/site-packages/airflow/example_dags/example_complex.py for tasks to queue
[2023-01-11T13:49:38.036+0000] {logging_mixin.py:137} INFO - [2023-01-11T13:49:38.036+0000] {dagbag.py:538} INFO - Filling up the DagBag from /home/airflow/.local/lib/python3.7/site-packages/airflow/example_dags/example_complex.py
[2023-01-11T13:49:38.063+0000] {logging_mixin.py:137} INFO - [2023-01-11T13:49:38.062+0000] {taskmixin.py:205} WARNING - Dependency <Task(BashOperator): create_entry_group>, delete_entry_group already registered for DAG: example_complex
[2023-01-11T13:49:38.063+0000] {logging_mixin.py:137} INFO - [2023-01-11T13:49:38.063+0000] {taskmixin.py:205} WARNING - Dependency <Task(BashOperator): delete_entry_group>, create_entry_group already registered for DAG: example_complex
[2023-01-11T13:49:38.064+0000] {logging_mixin.py:137} INFO - [2023-01-11T13:49:38.064+0000] {taskmixin.py:205} WARNING - Dependency <Task(BashOperator): create_entry_gcs>, delete_entry already registered for DAG: example_complex
[2023-01-11T13:49:38.065+0000] {logging_mixin.py:137} INFO - [2023-01-11T13:49:38.065+0000] {taskmixin.py:205} WARNING - Dependency <Task(BashOperator): delete_entry>, create_entry_gcs already registered for DAG: example_complex
[2023-01-11T13:49:38.066+0000] {logging_mixin.py:137} INFO - [2023-01-11T13:49:38.066+0000] {taskmixin.py:205} WARNING - Dependency <Task(BashOperator): create_tag>, delete_tag already registered for DAG: example_complex
[2023-01-11T13:49:38.067+0000] {logging_mixin.py:137} INFO - [2023-01-11T13:49:38.067+0000] {taskmixin.py:205} WARNING - Dependency <Task(BashOperator): delete_tag>, create_tag already registered for DAG: example_complex
[2023-01-11T13:49:38.084+0000] {processor.py:753} INFO - DAG(s) dict_keys(['example_complex']) retrieved from /home/airflow/.local/lib/python3.7/site-packages/airflow/example_dags/example_complex.py
[2023-01-11T13:49:38.181+0000] {logging_mixin.py:137} INFO - [2023-01-11T13:49:38.181+0000] {dag.py:2676} INFO - Sync 1 DAGs
[2023-01-11T13:49:38.241+0000] {logging_mixin.py:137} INFO - [2023-01-11T13:49:38.240+0000] {dag.py:3427} INFO - Setting next_dagrun for example_complex to None, run_after=None
[2023-01-11T13:49:38.287+0000] {processor.py:175} INFO - Processing /home/airflow/.local/lib/python3.7/site-packages/airflow/example_dags/example_complex.py took 0.260 seconds
[2023-01-11T13:50:08.357+0000] {processor.py:153} INFO - Started process (PID=1738) to work on /home/airflow/.local/lib/python3.7/site-packages/airflow/example_dags/example_complex.py
[2023-01-11T13:50:08.364+0000] {processor.py:743} INFO - Processing file /home/airflow/.local/lib/python3.7/site-packages/airflow/example_dags/example_complex.py for tasks to queue
[2023-01-11T13:50:08.366+0000] {logging_mixin.py:137} INFO - [2023-01-11T13:50:08.365+0000] {dagbag.py:538} INFO - Filling up the DagBag from /home/airflow/.local/lib/python3.7/site-packages/airflow/example_dags/example_complex.py
[2023-01-11T13:50:08.389+0000] {logging_mixin.py:137} INFO - [2023-01-11T13:50:08.389+0000] {taskmixin.py:205} WARNING - Dependency <Task(BashOperator): create_entry_group>, delete_entry_group already registered for DAG: example_complex
[2023-01-11T13:50:08.390+0000] {logging_mixin.py:137} INFO - [2023-01-11T13:50:08.389+0000] {taskmixin.py:205} WARNING - Dependency <Task(BashOperator): delete_entry_group>, create_entry_group already registered for DAG: example_complex
[2023-01-11T13:50:08.390+0000] {logging_mixin.py:137} INFO - [2023-01-11T13:50:08.390+0000] {taskmixin.py:205} WARNING - Dependency <Task(BashOperator): create_entry_gcs>, delete_entry already registered for DAG: example_complex
[2023-01-11T13:50:08.391+0000] {logging_mixin.py:137} INFO - [2023-01-11T13:50:08.391+0000] {taskmixin.py:205} WARNING - Dependency <Task(BashOperator): delete_entry>, create_entry_gcs already registered for DAG: example_complex
[2023-01-11T13:50:08.392+0000] {logging_mixin.py:137} INFO - [2023-01-11T13:50:08.391+0000] {taskmixin.py:205} WARNING - Dependency <Task(BashOperator): create_tag>, delete_tag already registered for DAG: example_complex
[2023-01-11T13:50:08.392+0000] {logging_mixin.py:137} INFO - [2023-01-11T13:50:08.392+0000] {taskmixin.py:205} WARNING - Dependency <Task(BashOperator): delete_tag>, create_tag already registered for DAG: example_complex
[2023-01-11T13:50:08.407+0000] {processor.py:753} INFO - DAG(s) dict_keys(['example_complex']) retrieved from /home/airflow/.local/lib/python3.7/site-packages/airflow/example_dags/example_complex.py
[2023-01-11T13:50:08.493+0000] {logging_mixin.py:137} INFO - [2023-01-11T13:50:08.493+0000] {dag.py:2676} INFO - Sync 1 DAGs
[2023-01-11T13:50:08.559+0000] {logging_mixin.py:137} INFO - [2023-01-11T13:50:08.557+0000] {dag.py:3427} INFO - Setting next_dagrun for example_complex to None, run_after=None
[2023-01-11T13:50:08.609+0000] {processor.py:175} INFO - Processing /home/airflow/.local/lib/python3.7/site-packages/airflow/example_dags/example_complex.py took 0.258 seconds
