[2023-01-11T13:40:16.982+0000] {processor.py:153} INFO - Started process (PID=289) to work on /home/airflow/.local/lib/python3.7/site-packages/airflow/example_dags/example_python_operator.py
[2023-01-11T13:40:16.984+0000] {processor.py:743} INFO - Processing file /home/airflow/.local/lib/python3.7/site-packages/airflow/example_dags/example_python_operator.py for tasks to queue
[2023-01-11T13:40:16.985+0000] {logging_mixin.py:137} INFO - [2023-01-11T13:40:16.985+0000] {dagbag.py:538} INFO - Filling up the DagBag from /home/airflow/.local/lib/python3.7/site-packages/airflow/example_dags/example_python_operator.py
[2023-01-11T13:40:17.128+0000] {logging_mixin.py:137} INFO - [2023-01-11T13:40:17.128+0000] {taskmixin.py:205} WARNING - Dependency <Task(_PythonDecoratedOperator): print_the_context>, log_sql_query already registered for DAG: example_python_operator
[2023-01-11T13:40:17.129+0000] {logging_mixin.py:137} INFO - [2023-01-11T13:40:17.129+0000] {taskmixin.py:205} WARNING - Dependency <Task(_PythonDecoratedOperator): log_sql_query>, print_the_context already registered for DAG: example_python_operator
[2023-01-11T13:40:17.130+0000] {logging_mixin.py:137} INFO - [2023-01-11T13:40:17.130+0000] {taskmixin.py:205} WARNING - Dependency <Task(_PythonDecoratedOperator): print_the_context>, log_sql_query already registered for DAG: example_python_operator
[2023-01-11T13:40:17.137+0000] {logging_mixin.py:137} INFO - [2023-01-11T13:40:17.136+0000] {taskmixin.py:205} WARNING - Dependency <Task(_PythonDecoratedOperator): log_sql_query>, print_the_context already registered for DAG: example_python_operator
[2023-01-11T13:40:17.142+0000] {logging_mixin.py:137} INFO - [2023-01-11T13:40:17.142+0000] {taskmixin.py:205} WARNING - Dependency <Task(_PythonDecoratedOperator): print_the_context>, log_sql_query already registered for DAG: example_python_operator
[2023-01-11T13:40:17.142+0000] {logging_mixin.py:137} INFO - [2023-01-11T13:40:17.142+0000] {taskmixin.py:205} WARNING - Dependency <Task(_PythonDecoratedOperator): log_sql_query>, print_the_context already registered for DAG: example_python_operator
[2023-01-11T13:40:17.153+0000] {logging_mixin.py:137} INFO - [2023-01-11T13:40:17.152+0000] {taskmixin.py:205} WARNING - Dependency <Task(_PythonDecoratedOperator): print_the_context>, log_sql_query already registered for DAG: example_python_operator
[2023-01-11T13:40:17.159+0000] {logging_mixin.py:137} INFO - [2023-01-11T13:40:17.157+0000] {taskmixin.py:205} WARNING - Dependency <Task(_PythonDecoratedOperator): log_sql_query>, print_the_context already registered for DAG: example_python_operator
[2023-01-11T13:40:17.205+0000] {processor.py:753} INFO - DAG(s) dict_keys(['example_python_operator']) retrieved from /home/airflow/.local/lib/python3.7/site-packages/airflow/example_dags/example_python_operator.py
[2023-01-11T13:40:17.502+0000] {logging_mixin.py:137} INFO - [2023-01-11T13:40:17.502+0000] {dag.py:2676} INFO - Sync 1 DAGs
[2023-01-11T13:40:17.604+0000] {logging_mixin.py:137} INFO - [2023-01-11T13:40:17.604+0000] {dag.py:3427} INFO - Setting next_dagrun for example_python_operator to None, run_after=None
[2023-01-11T13:40:17.750+0000] {processor.py:175} INFO - Processing /home/airflow/.local/lib/python3.7/site-packages/airflow/example_dags/example_python_operator.py took 0.798 seconds
[2023-01-11T13:40:48.455+0000] {processor.py:153} INFO - Started process (PID=501) to work on /home/airflow/.local/lib/python3.7/site-packages/airflow/example_dags/example_python_operator.py
[2023-01-11T13:40:48.462+0000] {processor.py:743} INFO - Processing file /home/airflow/.local/lib/python3.7/site-packages/airflow/example_dags/example_python_operator.py for tasks to queue
[2023-01-11T13:40:48.464+0000] {logging_mixin.py:137} INFO - [2023-01-11T13:40:48.464+0000] {dagbag.py:538} INFO - Filling up the DagBag from /home/airflow/.local/lib/python3.7/site-packages/airflow/example_dags/example_python_operator.py
[2023-01-11T13:40:48.503+0000] {logging_mixin.py:137} INFO - [2023-01-11T13:40:48.503+0000] {taskmixin.py:205} WARNING - Dependency <Task(_PythonDecoratedOperator): print_the_context>, log_sql_query already registered for DAG: example_python_operator
[2023-01-11T13:40:48.504+0000] {logging_mixin.py:137} INFO - [2023-01-11T13:40:48.503+0000] {taskmixin.py:205} WARNING - Dependency <Task(_PythonDecoratedOperator): log_sql_query>, print_the_context already registered for DAG: example_python_operator
[2023-01-11T13:40:48.505+0000] {logging_mixin.py:137} INFO - [2023-01-11T13:40:48.505+0000] {taskmixin.py:205} WARNING - Dependency <Task(_PythonDecoratedOperator): print_the_context>, log_sql_query already registered for DAG: example_python_operator
[2023-01-11T13:40:48.506+0000] {logging_mixin.py:137} INFO - [2023-01-11T13:40:48.506+0000] {taskmixin.py:205} WARNING - Dependency <Task(_PythonDecoratedOperator): log_sql_query>, print_the_context already registered for DAG: example_python_operator
[2023-01-11T13:40:48.507+0000] {logging_mixin.py:137} INFO - [2023-01-11T13:40:48.507+0000] {taskmixin.py:205} WARNING - Dependency <Task(_PythonDecoratedOperator): print_the_context>, log_sql_query already registered for DAG: example_python_operator
[2023-01-11T13:40:48.508+0000] {logging_mixin.py:137} INFO - [2023-01-11T13:40:48.507+0000] {taskmixin.py:205} WARNING - Dependency <Task(_PythonDecoratedOperator): log_sql_query>, print_the_context already registered for DAG: example_python_operator
[2023-01-11T13:40:48.509+0000] {logging_mixin.py:137} INFO - [2023-01-11T13:40:48.509+0000] {taskmixin.py:205} WARNING - Dependency <Task(_PythonDecoratedOperator): print_the_context>, log_sql_query already registered for DAG: example_python_operator
[2023-01-11T13:40:48.509+0000] {logging_mixin.py:137} INFO - [2023-01-11T13:40:48.509+0000] {taskmixin.py:205} WARNING - Dependency <Task(_PythonDecoratedOperator): log_sql_query>, print_the_context already registered for DAG: example_python_operator
[2023-01-11T13:40:48.523+0000] {processor.py:753} INFO - DAG(s) dict_keys(['example_python_operator']) retrieved from /home/airflow/.local/lib/python3.7/site-packages/airflow/example_dags/example_python_operator.py
[2023-01-11T13:40:48.598+0000] {logging_mixin.py:137} INFO - [2023-01-11T13:40:48.598+0000] {dag.py:2676} INFO - Sync 1 DAGs
[2023-01-11T13:40:48.648+0000] {logging_mixin.py:137} INFO - [2023-01-11T13:40:48.648+0000] {dag.py:3427} INFO - Setting next_dagrun for example_python_operator to None, run_after=None
[2023-01-11T13:40:48.683+0000] {processor.py:175} INFO - Processing /home/airflow/.local/lib/python3.7/site-packages/airflow/example_dags/example_python_operator.py took 0.235 seconds
[2023-01-11T13:43:13.357+0000] {processor.py:153} INFO - Started process (PID=296) to work on /home/airflow/.local/lib/python3.7/site-packages/airflow/example_dags/example_python_operator.py
[2023-01-11T13:43:13.561+0000] {processor.py:743} INFO - Processing file /home/airflow/.local/lib/python3.7/site-packages/airflow/example_dags/example_python_operator.py for tasks to queue
[2023-01-11T13:43:13.563+0000] {logging_mixin.py:137} INFO - [2023-01-11T13:43:13.563+0000] {dagbag.py:538} INFO - Filling up the DagBag from /home/airflow/.local/lib/python3.7/site-packages/airflow/example_dags/example_python_operator.py
[2023-01-11T13:43:15.636+0000] {logging_mixin.py:137} INFO - [2023-01-11T13:43:15.600+0000] {taskmixin.py:205} WARNING - Dependency <Task(_PythonDecoratedOperator): print_the_context>, log_sql_query already registered for DAG: example_python_operator
[2023-01-11T13:43:15.637+0000] {logging_mixin.py:137} INFO - [2023-01-11T13:43:15.637+0000] {taskmixin.py:205} WARNING - Dependency <Task(_PythonDecoratedOperator): log_sql_query>, print_the_context already registered for DAG: example_python_operator
[2023-01-11T13:43:15.664+0000] {logging_mixin.py:137} INFO - [2023-01-11T13:43:15.659+0000] {taskmixin.py:205} WARNING - Dependency <Task(_PythonDecoratedOperator): print_the_context>, log_sql_query already registered for DAG: example_python_operator
[2023-01-11T13:43:15.666+0000] {logging_mixin.py:137} INFO - [2023-01-11T13:43:15.665+0000] {taskmixin.py:205} WARNING - Dependency <Task(_PythonDecoratedOperator): log_sql_query>, print_the_context already registered for DAG: example_python_operator
[2023-01-11T13:43:15.679+0000] {logging_mixin.py:137} INFO - [2023-01-11T13:43:15.674+0000] {taskmixin.py:205} WARNING - Dependency <Task(_PythonDecoratedOperator): print_the_context>, log_sql_query already registered for DAG: example_python_operator
[2023-01-11T13:43:15.709+0000] {logging_mixin.py:137} INFO - [2023-01-11T13:43:15.681+0000] {taskmixin.py:205} WARNING - Dependency <Task(_PythonDecoratedOperator): log_sql_query>, print_the_context already registered for DAG: example_python_operator
[2023-01-11T13:43:15.757+0000] {logging_mixin.py:137} INFO - [2023-01-11T13:43:15.757+0000] {taskmixin.py:205} WARNING - Dependency <Task(_PythonDecoratedOperator): print_the_context>, log_sql_query already registered for DAG: example_python_operator
[2023-01-11T13:43:15.789+0000] {logging_mixin.py:137} INFO - [2023-01-11T13:43:15.773+0000] {taskmixin.py:205} WARNING - Dependency <Task(_PythonDecoratedOperator): log_sql_query>, print_the_context already registered for DAG: example_python_operator
[2023-01-11T13:43:16.269+0000] {processor.py:753} INFO - DAG(s) dict_keys(['example_python_operator']) retrieved from /home/airflow/.local/lib/python3.7/site-packages/airflow/example_dags/example_python_operator.py
[2023-01-11T13:43:20.882+0000] {logging_mixin.py:137} INFO - [2023-01-11T13:43:20.881+0000] {dag.py:2676} INFO - Sync 1 DAGs
[2023-01-11T13:43:21.849+0000] {logging_mixin.py:137} INFO - [2023-01-11T13:43:21.848+0000] {dag.py:3427} INFO - Setting next_dagrun for example_python_operator to None, run_after=None
[2023-01-11T13:43:22.957+0000] {processor.py:175} INFO - Processing /home/airflow/.local/lib/python3.7/site-packages/airflow/example_dags/example_python_operator.py took 10.139 seconds
[2023-01-11T13:44:50.387+0000] {processor.py:153} INFO - Started process (PID=287) to work on /home/airflow/.local/lib/python3.7/site-packages/airflow/example_dags/example_python_operator.py
[2023-01-11T13:44:50.400+0000] {processor.py:743} INFO - Processing file /home/airflow/.local/lib/python3.7/site-packages/airflow/example_dags/example_python_operator.py for tasks to queue
[2023-01-11T13:44:50.402+0000] {logging_mixin.py:137} INFO - [2023-01-11T13:44:50.402+0000] {dagbag.py:538} INFO - Filling up the DagBag from /home/airflow/.local/lib/python3.7/site-packages/airflow/example_dags/example_python_operator.py
[2023-01-11T13:44:50.508+0000] {logging_mixin.py:137} INFO - [2023-01-11T13:44:50.508+0000] {taskmixin.py:205} WARNING - Dependency <Task(_PythonDecoratedOperator): print_the_context>, log_sql_query already registered for DAG: example_python_operator
[2023-01-11T13:44:50.512+0000] {logging_mixin.py:137} INFO - [2023-01-11T13:44:50.511+0000] {taskmixin.py:205} WARNING - Dependency <Task(_PythonDecoratedOperator): log_sql_query>, print_the_context already registered for DAG: example_python_operator
[2023-01-11T13:44:50.514+0000] {logging_mixin.py:137} INFO - [2023-01-11T13:44:50.514+0000] {taskmixin.py:205} WARNING - Dependency <Task(_PythonDecoratedOperator): print_the_context>, log_sql_query already registered for DAG: example_python_operator
[2023-01-11T13:44:50.523+0000] {logging_mixin.py:137} INFO - [2023-01-11T13:44:50.522+0000] {taskmixin.py:205} WARNING - Dependency <Task(_PythonDecoratedOperator): log_sql_query>, print_the_context already registered for DAG: example_python_operator
[2023-01-11T13:44:50.525+0000] {logging_mixin.py:137} INFO - [2023-01-11T13:44:50.524+0000] {taskmixin.py:205} WARNING - Dependency <Task(_PythonDecoratedOperator): print_the_context>, log_sql_query already registered for DAG: example_python_operator
[2023-01-11T13:44:50.526+0000] {logging_mixin.py:137} INFO - [2023-01-11T13:44:50.525+0000] {taskmixin.py:205} WARNING - Dependency <Task(_PythonDecoratedOperator): log_sql_query>, print_the_context already registered for DAG: example_python_operator
[2023-01-11T13:44:50.530+0000] {logging_mixin.py:137} INFO - [2023-01-11T13:44:50.530+0000] {taskmixin.py:205} WARNING - Dependency <Task(_PythonDecoratedOperator): print_the_context>, log_sql_query already registered for DAG: example_python_operator
[2023-01-11T13:44:50.532+0000] {logging_mixin.py:137} INFO - [2023-01-11T13:44:50.532+0000] {taskmixin.py:205} WARNING - Dependency <Task(_PythonDecoratedOperator): log_sql_query>, print_the_context already registered for DAG: example_python_operator
[2023-01-11T13:44:50.571+0000] {processor.py:753} INFO - DAG(s) dict_keys(['example_python_operator']) retrieved from /home/airflow/.local/lib/python3.7/site-packages/airflow/example_dags/example_python_operator.py
[2023-01-11T13:44:50.945+0000] {logging_mixin.py:137} INFO - [2023-01-11T13:44:50.945+0000] {dag.py:2676} INFO - Sync 1 DAGs
[2023-01-11T13:44:51.004+0000] {logging_mixin.py:137} INFO - [2023-01-11T13:44:51.004+0000] {dag.py:3427} INFO - Setting next_dagrun for example_python_operator to None, run_after=None
[2023-01-11T13:44:51.065+0000] {processor.py:175} INFO - Processing /home/airflow/.local/lib/python3.7/site-packages/airflow/example_dags/example_python_operator.py took 0.687 seconds
[2023-01-11T13:45:21.361+0000] {processor.py:153} INFO - Started process (PID=494) to work on /home/airflow/.local/lib/python3.7/site-packages/airflow/example_dags/example_python_operator.py
[2023-01-11T13:45:21.384+0000] {processor.py:743} INFO - Processing file /home/airflow/.local/lib/python3.7/site-packages/airflow/example_dags/example_python_operator.py for tasks to queue
[2023-01-11T13:45:21.388+0000] {logging_mixin.py:137} INFO - [2023-01-11T13:45:21.387+0000] {dagbag.py:538} INFO - Filling up the DagBag from /home/airflow/.local/lib/python3.7/site-packages/airflow/example_dags/example_python_operator.py
[2023-01-11T13:45:21.522+0000] {logging_mixin.py:137} INFO - [2023-01-11T13:45:21.522+0000] {taskmixin.py:205} WARNING - Dependency <Task(_PythonDecoratedOperator): print_the_context>, log_sql_query already registered for DAG: example_python_operator
[2023-01-11T13:45:21.523+0000] {logging_mixin.py:137} INFO - [2023-01-11T13:45:21.523+0000] {taskmixin.py:205} WARNING - Dependency <Task(_PythonDecoratedOperator): log_sql_query>, print_the_context already registered for DAG: example_python_operator
[2023-01-11T13:45:21.525+0000] {logging_mixin.py:137} INFO - [2023-01-11T13:45:21.525+0000] {taskmixin.py:205} WARNING - Dependency <Task(_PythonDecoratedOperator): print_the_context>, log_sql_query already registered for DAG: example_python_operator
[2023-01-11T13:45:21.526+0000] {logging_mixin.py:137} INFO - [2023-01-11T13:45:21.526+0000] {taskmixin.py:205} WARNING - Dependency <Task(_PythonDecoratedOperator): log_sql_query>, print_the_context already registered for DAG: example_python_operator
[2023-01-11T13:45:21.529+0000] {logging_mixin.py:137} INFO - [2023-01-11T13:45:21.529+0000] {taskmixin.py:205} WARNING - Dependency <Task(_PythonDecoratedOperator): print_the_context>, log_sql_query already registered for DAG: example_python_operator
[2023-01-11T13:45:21.530+0000] {logging_mixin.py:137} INFO - [2023-01-11T13:45:21.529+0000] {taskmixin.py:205} WARNING - Dependency <Task(_PythonDecoratedOperator): log_sql_query>, print_the_context already registered for DAG: example_python_operator
[2023-01-11T13:45:21.533+0000] {logging_mixin.py:137} INFO - [2023-01-11T13:45:21.532+0000] {taskmixin.py:205} WARNING - Dependency <Task(_PythonDecoratedOperator): print_the_context>, log_sql_query already registered for DAG: example_python_operator
[2023-01-11T13:45:21.534+0000] {logging_mixin.py:137} INFO - [2023-01-11T13:45:21.533+0000] {taskmixin.py:205} WARNING - Dependency <Task(_PythonDecoratedOperator): log_sql_query>, print_the_context already registered for DAG: example_python_operator
[2023-01-11T13:45:21.554+0000] {processor.py:753} INFO - DAG(s) dict_keys(['example_python_operator']) retrieved from /home/airflow/.local/lib/python3.7/site-packages/airflow/example_dags/example_python_operator.py
[2023-01-11T13:45:21.647+0000] {logging_mixin.py:137} INFO - [2023-01-11T13:45:21.646+0000] {dag.py:2676} INFO - Sync 1 DAGs
[2023-01-11T13:45:21.732+0000] {logging_mixin.py:137} INFO - [2023-01-11T13:45:21.732+0000] {dag.py:3427} INFO - Setting next_dagrun for example_python_operator to None, run_after=None
[2023-01-11T13:45:21.803+0000] {processor.py:175} INFO - Processing /home/airflow/.local/lib/python3.7/site-packages/airflow/example_dags/example_python_operator.py took 0.457 seconds
[2023-01-11T13:46:35.384+0000] {processor.py:153} INFO - Started process (PID=280) to work on /home/airflow/.local/lib/python3.7/site-packages/airflow/example_dags/example_python_operator.py
[2023-01-11T13:46:35.397+0000] {processor.py:743} INFO - Processing file /home/airflow/.local/lib/python3.7/site-packages/airflow/example_dags/example_python_operator.py for tasks to queue
[2023-01-11T13:46:35.399+0000] {logging_mixin.py:137} INFO - [2023-01-11T13:46:35.399+0000] {dagbag.py:538} INFO - Filling up the DagBag from /home/airflow/.local/lib/python3.7/site-packages/airflow/example_dags/example_python_operator.py
[2023-01-11T13:46:35.461+0000] {logging_mixin.py:137} INFO - [2023-01-11T13:46:35.461+0000] {taskmixin.py:205} WARNING - Dependency <Task(_PythonDecoratedOperator): print_the_context>, log_sql_query already registered for DAG: example_python_operator
[2023-01-11T13:46:35.462+0000] {logging_mixin.py:137} INFO - [2023-01-11T13:46:35.462+0000] {taskmixin.py:205} WARNING - Dependency <Task(_PythonDecoratedOperator): log_sql_query>, print_the_context already registered for DAG: example_python_operator
[2023-01-11T13:46:35.465+0000] {logging_mixin.py:137} INFO - [2023-01-11T13:46:35.464+0000] {taskmixin.py:205} WARNING - Dependency <Task(_PythonDecoratedOperator): print_the_context>, log_sql_query already registered for DAG: example_python_operator
[2023-01-11T13:46:35.465+0000] {logging_mixin.py:137} INFO - [2023-01-11T13:46:35.465+0000] {taskmixin.py:205} WARNING - Dependency <Task(_PythonDecoratedOperator): log_sql_query>, print_the_context already registered for DAG: example_python_operator
[2023-01-11T13:46:35.467+0000] {logging_mixin.py:137} INFO - [2023-01-11T13:46:35.467+0000] {taskmixin.py:205} WARNING - Dependency <Task(_PythonDecoratedOperator): print_the_context>, log_sql_query already registered for DAG: example_python_operator
[2023-01-11T13:46:35.468+0000] {logging_mixin.py:137} INFO - [2023-01-11T13:46:35.467+0000] {taskmixin.py:205} WARNING - Dependency <Task(_PythonDecoratedOperator): log_sql_query>, print_the_context already registered for DAG: example_python_operator
[2023-01-11T13:46:35.469+0000] {logging_mixin.py:137} INFO - [2023-01-11T13:46:35.469+0000] {taskmixin.py:205} WARNING - Dependency <Task(_PythonDecoratedOperator): print_the_context>, log_sql_query already registered for DAG: example_python_operator
[2023-01-11T13:46:35.470+0000] {logging_mixin.py:137} INFO - [2023-01-11T13:46:35.469+0000] {taskmixin.py:205} WARNING - Dependency <Task(_PythonDecoratedOperator): log_sql_query>, print_the_context already registered for DAG: example_python_operator
[2023-01-11T13:46:35.484+0000] {processor.py:753} INFO - DAG(s) dict_keys(['example_python_operator']) retrieved from /home/airflow/.local/lib/python3.7/site-packages/airflow/example_dags/example_python_operator.py
[2023-01-11T13:46:35.793+0000] {logging_mixin.py:137} INFO - [2023-01-11T13:46:35.793+0000] {dag.py:2676} INFO - Sync 1 DAGs
[2023-01-11T13:46:35.914+0000] {logging_mixin.py:137} INFO - [2023-01-11T13:46:35.913+0000] {dag.py:3427} INFO - Setting next_dagrun for example_python_operator to None, run_after=None
[2023-01-11T13:46:35.986+0000] {processor.py:175} INFO - Processing /home/airflow/.local/lib/python3.7/site-packages/airflow/example_dags/example_python_operator.py took 0.621 seconds
[2023-01-11T13:47:06.846+0000] {processor.py:153} INFO - Started process (PID=497) to work on /home/airflow/.local/lib/python3.7/site-packages/airflow/example_dags/example_python_operator.py
[2023-01-11T13:47:06.857+0000] {processor.py:743} INFO - Processing file /home/airflow/.local/lib/python3.7/site-packages/airflow/example_dags/example_python_operator.py for tasks to queue
[2023-01-11T13:47:06.858+0000] {logging_mixin.py:137} INFO - [2023-01-11T13:47:06.858+0000] {dagbag.py:538} INFO - Filling up the DagBag from /home/airflow/.local/lib/python3.7/site-packages/airflow/example_dags/example_python_operator.py
[2023-01-11T13:47:06.906+0000] {logging_mixin.py:137} INFO - [2023-01-11T13:47:06.906+0000] {taskmixin.py:205} WARNING - Dependency <Task(_PythonDecoratedOperator): print_the_context>, log_sql_query already registered for DAG: example_python_operator
[2023-01-11T13:47:06.907+0000] {logging_mixin.py:137} INFO - [2023-01-11T13:47:06.907+0000] {taskmixin.py:205} WARNING - Dependency <Task(_PythonDecoratedOperator): log_sql_query>, print_the_context already registered for DAG: example_python_operator
[2023-01-11T13:47:06.910+0000] {logging_mixin.py:137} INFO - [2023-01-11T13:47:06.909+0000] {taskmixin.py:205} WARNING - Dependency <Task(_PythonDecoratedOperator): print_the_context>, log_sql_query already registered for DAG: example_python_operator
[2023-01-11T13:47:06.910+0000] {logging_mixin.py:137} INFO - [2023-01-11T13:47:06.910+0000] {taskmixin.py:205} WARNING - Dependency <Task(_PythonDecoratedOperator): log_sql_query>, print_the_context already registered for DAG: example_python_operator
[2023-01-11T13:47:06.913+0000] {logging_mixin.py:137} INFO - [2023-01-11T13:47:06.913+0000] {taskmixin.py:205} WARNING - Dependency <Task(_PythonDecoratedOperator): print_the_context>, log_sql_query already registered for DAG: example_python_operator
[2023-01-11T13:47:06.914+0000] {logging_mixin.py:137} INFO - [2023-01-11T13:47:06.914+0000] {taskmixin.py:205} WARNING - Dependency <Task(_PythonDecoratedOperator): log_sql_query>, print_the_context already registered for DAG: example_python_operator
[2023-01-11T13:47:06.917+0000] {logging_mixin.py:137} INFO - [2023-01-11T13:47:06.917+0000] {taskmixin.py:205} WARNING - Dependency <Task(_PythonDecoratedOperator): print_the_context>, log_sql_query already registered for DAG: example_python_operator
[2023-01-11T13:47:06.918+0000] {logging_mixin.py:137} INFO - [2023-01-11T13:47:06.918+0000] {taskmixin.py:205} WARNING - Dependency <Task(_PythonDecoratedOperator): log_sql_query>, print_the_context already registered for DAG: example_python_operator
[2023-01-11T13:47:06.933+0000] {processor.py:753} INFO - DAG(s) dict_keys(['example_python_operator']) retrieved from /home/airflow/.local/lib/python3.7/site-packages/airflow/example_dags/example_python_operator.py
[2023-01-11T13:47:07.038+0000] {logging_mixin.py:137} INFO - [2023-01-11T13:47:07.037+0000] {dag.py:2676} INFO - Sync 1 DAGs
[2023-01-11T13:47:07.102+0000] {logging_mixin.py:137} INFO - [2023-01-11T13:47:07.102+0000] {dag.py:3427} INFO - Setting next_dagrun for example_python_operator to None, run_after=None
[2023-01-11T13:47:07.152+0000] {processor.py:175} INFO - Processing /home/airflow/.local/lib/python3.7/site-packages/airflow/example_dags/example_python_operator.py took 0.312 seconds
[2023-01-11T13:47:37.504+0000] {processor.py:153} INFO - Started process (PID=715) to work on /home/airflow/.local/lib/python3.7/site-packages/airflow/example_dags/example_python_operator.py
[2023-01-11T13:47:37.513+0000] {processor.py:743} INFO - Processing file /home/airflow/.local/lib/python3.7/site-packages/airflow/example_dags/example_python_operator.py for tasks to queue
[2023-01-11T13:47:37.515+0000] {logging_mixin.py:137} INFO - [2023-01-11T13:47:37.515+0000] {dagbag.py:538} INFO - Filling up the DagBag from /home/airflow/.local/lib/python3.7/site-packages/airflow/example_dags/example_python_operator.py
[2023-01-11T13:47:37.591+0000] {logging_mixin.py:137} INFO - [2023-01-11T13:47:37.591+0000] {taskmixin.py:205} WARNING - Dependency <Task(_PythonDecoratedOperator): print_the_context>, log_sql_query already registered for DAG: example_python_operator
[2023-01-11T13:47:37.592+0000] {logging_mixin.py:137} INFO - [2023-01-11T13:47:37.592+0000] {taskmixin.py:205} WARNING - Dependency <Task(_PythonDecoratedOperator): log_sql_query>, print_the_context already registered for DAG: example_python_operator
[2023-01-11T13:47:37.598+0000] {logging_mixin.py:137} INFO - [2023-01-11T13:47:37.597+0000] {taskmixin.py:205} WARNING - Dependency <Task(_PythonDecoratedOperator): print_the_context>, log_sql_query already registered for DAG: example_python_operator
[2023-01-11T13:47:37.598+0000] {logging_mixin.py:137} INFO - [2023-01-11T13:47:37.598+0000] {taskmixin.py:205} WARNING - Dependency <Task(_PythonDecoratedOperator): log_sql_query>, print_the_context already registered for DAG: example_python_operator
[2023-01-11T13:47:37.603+0000] {logging_mixin.py:137} INFO - [2023-01-11T13:47:37.602+0000] {taskmixin.py:205} WARNING - Dependency <Task(_PythonDecoratedOperator): print_the_context>, log_sql_query already registered for DAG: example_python_operator
[2023-01-11T13:47:37.604+0000] {logging_mixin.py:137} INFO - [2023-01-11T13:47:37.604+0000] {taskmixin.py:205} WARNING - Dependency <Task(_PythonDecoratedOperator): log_sql_query>, print_the_context already registered for DAG: example_python_operator
[2023-01-11T13:47:37.607+0000] {logging_mixin.py:137} INFO - [2023-01-11T13:47:37.606+0000] {taskmixin.py:205} WARNING - Dependency <Task(_PythonDecoratedOperator): print_the_context>, log_sql_query already registered for DAG: example_python_operator
[2023-01-11T13:47:37.608+0000] {logging_mixin.py:137} INFO - [2023-01-11T13:47:37.608+0000] {taskmixin.py:205} WARNING - Dependency <Task(_PythonDecoratedOperator): log_sql_query>, print_the_context already registered for DAG: example_python_operator
[2023-01-11T13:47:37.629+0000] {processor.py:753} INFO - DAG(s) dict_keys(['example_python_operator']) retrieved from /home/airflow/.local/lib/python3.7/site-packages/airflow/example_dags/example_python_operator.py
[2023-01-11T13:47:37.786+0000] {logging_mixin.py:137} INFO - [2023-01-11T13:47:37.785+0000] {dag.py:2676} INFO - Sync 1 DAGs
[2023-01-11T13:47:37.897+0000] {logging_mixin.py:137} INFO - [2023-01-11T13:47:37.896+0000] {dag.py:3427} INFO - Setting next_dagrun for example_python_operator to None, run_after=None
[2023-01-11T13:47:37.964+0000] {processor.py:175} INFO - Processing /home/airflow/.local/lib/python3.7/site-packages/airflow/example_dags/example_python_operator.py took 0.479 seconds
[2023-01-11T13:48:08.194+0000] {processor.py:153} INFO - Started process (PID=928) to work on /home/airflow/.local/lib/python3.7/site-packages/airflow/example_dags/example_python_operator.py
[2023-01-11T13:48:08.206+0000] {processor.py:743} INFO - Processing file /home/airflow/.local/lib/python3.7/site-packages/airflow/example_dags/example_python_operator.py for tasks to queue
[2023-01-11T13:48:08.208+0000] {logging_mixin.py:137} INFO - [2023-01-11T13:48:08.208+0000] {dagbag.py:538} INFO - Filling up the DagBag from /home/airflow/.local/lib/python3.7/site-packages/airflow/example_dags/example_python_operator.py
[2023-01-11T13:48:08.266+0000] {logging_mixin.py:137} INFO - [2023-01-11T13:48:08.265+0000] {taskmixin.py:205} WARNING - Dependency <Task(_PythonDecoratedOperator): print_the_context>, log_sql_query already registered for DAG: example_python_operator
[2023-01-11T13:48:08.270+0000] {logging_mixin.py:137} INFO - [2023-01-11T13:48:08.269+0000] {taskmixin.py:205} WARNING - Dependency <Task(_PythonDecoratedOperator): log_sql_query>, print_the_context already registered for DAG: example_python_operator
[2023-01-11T13:48:08.271+0000] {logging_mixin.py:137} INFO - [2023-01-11T13:48:08.271+0000] {taskmixin.py:205} WARNING - Dependency <Task(_PythonDecoratedOperator): print_the_context>, log_sql_query already registered for DAG: example_python_operator
[2023-01-11T13:48:08.272+0000] {logging_mixin.py:137} INFO - [2023-01-11T13:48:08.271+0000] {taskmixin.py:205} WARNING - Dependency <Task(_PythonDecoratedOperator): log_sql_query>, print_the_context already registered for DAG: example_python_operator
[2023-01-11T13:48:08.273+0000] {logging_mixin.py:137} INFO - [2023-01-11T13:48:08.273+0000] {taskmixin.py:205} WARNING - Dependency <Task(_PythonDecoratedOperator): print_the_context>, log_sql_query already registered for DAG: example_python_operator
[2023-01-11T13:48:08.274+0000] {logging_mixin.py:137} INFO - [2023-01-11T13:48:08.274+0000] {taskmixin.py:205} WARNING - Dependency <Task(_PythonDecoratedOperator): log_sql_query>, print_the_context already registered for DAG: example_python_operator
[2023-01-11T13:48:08.275+0000] {logging_mixin.py:137} INFO - [2023-01-11T13:48:08.275+0000] {taskmixin.py:205} WARNING - Dependency <Task(_PythonDecoratedOperator): print_the_context>, log_sql_query already registered for DAG: example_python_operator
[2023-01-11T13:48:08.276+0000] {logging_mixin.py:137} INFO - [2023-01-11T13:48:08.276+0000] {taskmixin.py:205} WARNING - Dependency <Task(_PythonDecoratedOperator): log_sql_query>, print_the_context already registered for DAG: example_python_operator
[2023-01-11T13:48:08.290+0000] {processor.py:753} INFO - DAG(s) dict_keys(['example_python_operator']) retrieved from /home/airflow/.local/lib/python3.7/site-packages/airflow/example_dags/example_python_operator.py
[2023-01-11T13:48:08.407+0000] {logging_mixin.py:137} INFO - [2023-01-11T13:48:08.407+0000] {dag.py:2676} INFO - Sync 1 DAGs
[2023-01-11T13:48:08.488+0000] {logging_mixin.py:137} INFO - [2023-01-11T13:48:08.488+0000] {dag.py:3427} INFO - Setting next_dagrun for example_python_operator to None, run_after=None
[2023-01-11T13:48:08.570+0000] {processor.py:175} INFO - Processing /home/airflow/.local/lib/python3.7/site-packages/airflow/example_dags/example_python_operator.py took 0.392 seconds
[2023-01-11T13:48:39.012+0000] {processor.py:153} INFO - Started process (PID=1141) to work on /home/airflow/.local/lib/python3.7/site-packages/airflow/example_dags/example_python_operator.py
[2023-01-11T13:48:39.013+0000] {processor.py:743} INFO - Processing file /home/airflow/.local/lib/python3.7/site-packages/airflow/example_dags/example_python_operator.py for tasks to queue
[2023-01-11T13:48:39.014+0000] {logging_mixin.py:137} INFO - [2023-01-11T13:48:39.014+0000] {dagbag.py:538} INFO - Filling up the DagBag from /home/airflow/.local/lib/python3.7/site-packages/airflow/example_dags/example_python_operator.py
[2023-01-11T13:48:39.086+0000] {logging_mixin.py:137} INFO - [2023-01-11T13:48:39.086+0000] {taskmixin.py:205} WARNING - Dependency <Task(_PythonDecoratedOperator): print_the_context>, log_sql_query already registered for DAG: example_python_operator
[2023-01-11T13:48:39.086+0000] {logging_mixin.py:137} INFO - [2023-01-11T13:48:39.086+0000] {taskmixin.py:205} WARNING - Dependency <Task(_PythonDecoratedOperator): log_sql_query>, print_the_context already registered for DAG: example_python_operator
[2023-01-11T13:48:39.088+0000] {logging_mixin.py:137} INFO - [2023-01-11T13:48:39.088+0000] {taskmixin.py:205} WARNING - Dependency <Task(_PythonDecoratedOperator): print_the_context>, log_sql_query already registered for DAG: example_python_operator
[2023-01-11T13:48:39.088+0000] {logging_mixin.py:137} INFO - [2023-01-11T13:48:39.088+0000] {taskmixin.py:205} WARNING - Dependency <Task(_PythonDecoratedOperator): log_sql_query>, print_the_context already registered for DAG: example_python_operator
[2023-01-11T13:48:39.089+0000] {logging_mixin.py:137} INFO - [2023-01-11T13:48:39.089+0000] {taskmixin.py:205} WARNING - Dependency <Task(_PythonDecoratedOperator): print_the_context>, log_sql_query already registered for DAG: example_python_operator
[2023-01-11T13:48:39.090+0000] {logging_mixin.py:137} INFO - [2023-01-11T13:48:39.090+0000] {taskmixin.py:205} WARNING - Dependency <Task(_PythonDecoratedOperator): log_sql_query>, print_the_context already registered for DAG: example_python_operator
[2023-01-11T13:48:39.104+0000] {logging_mixin.py:137} INFO - [2023-01-11T13:48:39.104+0000] {taskmixin.py:205} WARNING - Dependency <Task(_PythonDecoratedOperator): print_the_context>, log_sql_query already registered for DAG: example_python_operator
[2023-01-11T13:48:39.104+0000] {logging_mixin.py:137} INFO - [2023-01-11T13:48:39.104+0000] {taskmixin.py:205} WARNING - Dependency <Task(_PythonDecoratedOperator): log_sql_query>, print_the_context already registered for DAG: example_python_operator
[2023-01-11T13:48:39.156+0000] {processor.py:753} INFO - DAG(s) dict_keys(['example_python_operator']) retrieved from /home/airflow/.local/lib/python3.7/site-packages/airflow/example_dags/example_python_operator.py
[2023-01-11T13:48:39.469+0000] {logging_mixin.py:137} INFO - [2023-01-11T13:48:39.468+0000] {dag.py:2676} INFO - Sync 1 DAGs
[2023-01-11T13:48:39.580+0000] {logging_mixin.py:137} INFO - [2023-01-11T13:48:39.579+0000] {dag.py:3427} INFO - Setting next_dagrun for example_python_operator to None, run_after=None
[2023-01-11T13:48:39.667+0000] {processor.py:175} INFO - Processing /home/airflow/.local/lib/python3.7/site-packages/airflow/example_dags/example_python_operator.py took 0.661 seconds
[2023-01-11T13:49:10.298+0000] {processor.py:153} INFO - Started process (PID=1352) to work on /home/airflow/.local/lib/python3.7/site-packages/airflow/example_dags/example_python_operator.py
[2023-01-11T13:49:10.306+0000] {processor.py:743} INFO - Processing file /home/airflow/.local/lib/python3.7/site-packages/airflow/example_dags/example_python_operator.py for tasks to queue
[2023-01-11T13:49:10.307+0000] {logging_mixin.py:137} INFO - [2023-01-11T13:49:10.307+0000] {dagbag.py:538} INFO - Filling up the DagBag from /home/airflow/.local/lib/python3.7/site-packages/airflow/example_dags/example_python_operator.py
[2023-01-11T13:49:10.323+0000] {logging_mixin.py:137} INFO - [2023-01-11T13:49:10.323+0000] {taskmixin.py:205} WARNING - Dependency <Task(_PythonDecoratedOperator): print_the_context>, log_sql_query already registered for DAG: example_python_operator
[2023-01-11T13:49:10.323+0000] {logging_mixin.py:137} INFO - [2023-01-11T13:49:10.323+0000] {taskmixin.py:205} WARNING - Dependency <Task(_PythonDecoratedOperator): log_sql_query>, print_the_context already registered for DAG: example_python_operator
[2023-01-11T13:49:10.324+0000] {logging_mixin.py:137} INFO - [2023-01-11T13:49:10.324+0000] {taskmixin.py:205} WARNING - Dependency <Task(_PythonDecoratedOperator): print_the_context>, log_sql_query already registered for DAG: example_python_operator
[2023-01-11T13:49:10.324+0000] {logging_mixin.py:137} INFO - [2023-01-11T13:49:10.324+0000] {taskmixin.py:205} WARNING - Dependency <Task(_PythonDecoratedOperator): log_sql_query>, print_the_context already registered for DAG: example_python_operator
[2023-01-11T13:49:10.325+0000] {logging_mixin.py:137} INFO - [2023-01-11T13:49:10.325+0000] {taskmixin.py:205} WARNING - Dependency <Task(_PythonDecoratedOperator): print_the_context>, log_sql_query already registered for DAG: example_python_operator
[2023-01-11T13:49:10.325+0000] {logging_mixin.py:137} INFO - [2023-01-11T13:49:10.325+0000] {taskmixin.py:205} WARNING - Dependency <Task(_PythonDecoratedOperator): log_sql_query>, print_the_context already registered for DAG: example_python_operator
[2023-01-11T13:49:10.325+0000] {logging_mixin.py:137} INFO - [2023-01-11T13:49:10.325+0000] {taskmixin.py:205} WARNING - Dependency <Task(_PythonDecoratedOperator): print_the_context>, log_sql_query already registered for DAG: example_python_operator
[2023-01-11T13:49:10.326+0000] {logging_mixin.py:137} INFO - [2023-01-11T13:49:10.325+0000] {taskmixin.py:205} WARNING - Dependency <Task(_PythonDecoratedOperator): log_sql_query>, print_the_context already registered for DAG: example_python_operator
[2023-01-11T13:49:10.332+0000] {processor.py:753} INFO - DAG(s) dict_keys(['example_python_operator']) retrieved from /home/airflow/.local/lib/python3.7/site-packages/airflow/example_dags/example_python_operator.py
[2023-01-11T13:49:10.369+0000] {logging_mixin.py:137} INFO - [2023-01-11T13:49:10.369+0000] {dag.py:2676} INFO - Sync 1 DAGs
[2023-01-11T13:49:10.392+0000] {logging_mixin.py:137} INFO - [2023-01-11T13:49:10.392+0000] {dag.py:3427} INFO - Setting next_dagrun for example_python_operator to None, run_after=None
[2023-01-11T13:49:10.413+0000] {processor.py:175} INFO - Processing /home/airflow/.local/lib/python3.7/site-packages/airflow/example_dags/example_python_operator.py took 0.119 seconds
[2023-01-11T13:49:40.702+0000] {processor.py:153} INFO - Started process (PID=1566) to work on /home/airflow/.local/lib/python3.7/site-packages/airflow/example_dags/example_python_operator.py
[2023-01-11T13:49:40.704+0000] {processor.py:743} INFO - Processing file /home/airflow/.local/lib/python3.7/site-packages/airflow/example_dags/example_python_operator.py for tasks to queue
[2023-01-11T13:49:40.705+0000] {logging_mixin.py:137} INFO - [2023-01-11T13:49:40.705+0000] {dagbag.py:538} INFO - Filling up the DagBag from /home/airflow/.local/lib/python3.7/site-packages/airflow/example_dags/example_python_operator.py
[2023-01-11T13:49:40.745+0000] {logging_mixin.py:137} INFO - [2023-01-11T13:49:40.744+0000] {taskmixin.py:205} WARNING - Dependency <Task(_PythonDecoratedOperator): print_the_context>, log_sql_query already registered for DAG: example_python_operator
[2023-01-11T13:49:40.745+0000] {logging_mixin.py:137} INFO - [2023-01-11T13:49:40.745+0000] {taskmixin.py:205} WARNING - Dependency <Task(_PythonDecoratedOperator): log_sql_query>, print_the_context already registered for DAG: example_python_operator
[2023-01-11T13:49:40.747+0000] {logging_mixin.py:137} INFO - [2023-01-11T13:49:40.747+0000] {taskmixin.py:205} WARNING - Dependency <Task(_PythonDecoratedOperator): print_the_context>, log_sql_query already registered for DAG: example_python_operator
[2023-01-11T13:49:40.748+0000] {logging_mixin.py:137} INFO - [2023-01-11T13:49:40.748+0000] {taskmixin.py:205} WARNING - Dependency <Task(_PythonDecoratedOperator): log_sql_query>, print_the_context already registered for DAG: example_python_operator
[2023-01-11T13:49:40.750+0000] {logging_mixin.py:137} INFO - [2023-01-11T13:49:40.749+0000] {taskmixin.py:205} WARNING - Dependency <Task(_PythonDecoratedOperator): print_the_context>, log_sql_query already registered for DAG: example_python_operator
[2023-01-11T13:49:40.750+0000] {logging_mixin.py:137} INFO - [2023-01-11T13:49:40.750+0000] {taskmixin.py:205} WARNING - Dependency <Task(_PythonDecoratedOperator): log_sql_query>, print_the_context already registered for DAG: example_python_operator
[2023-01-11T13:49:40.752+0000] {logging_mixin.py:137} INFO - [2023-01-11T13:49:40.751+0000] {taskmixin.py:205} WARNING - Dependency <Task(_PythonDecoratedOperator): print_the_context>, log_sql_query already registered for DAG: example_python_operator
[2023-01-11T13:49:40.752+0000] {logging_mixin.py:137} INFO - [2023-01-11T13:49:40.752+0000] {taskmixin.py:205} WARNING - Dependency <Task(_PythonDecoratedOperator): log_sql_query>, print_the_context already registered for DAG: example_python_operator
[2023-01-11T13:49:40.766+0000] {processor.py:753} INFO - DAG(s) dict_keys(['example_python_operator']) retrieved from /home/airflow/.local/lib/python3.7/site-packages/airflow/example_dags/example_python_operator.py
[2023-01-11T13:49:40.860+0000] {logging_mixin.py:137} INFO - [2023-01-11T13:49:40.859+0000] {dag.py:2676} INFO - Sync 1 DAGs
[2023-01-11T13:49:40.908+0000] {logging_mixin.py:137} INFO - [2023-01-11T13:49:40.908+0000] {dag.py:3427} INFO - Setting next_dagrun for example_python_operator to None, run_after=None
[2023-01-11T13:49:40.949+0000] {processor.py:175} INFO - Processing /home/airflow/.local/lib/python3.7/site-packages/airflow/example_dags/example_python_operator.py took 0.256 seconds
[2023-01-11T13:50:11.084+0000] {processor.py:153} INFO - Started process (PID=1778) to work on /home/airflow/.local/lib/python3.7/site-packages/airflow/example_dags/example_python_operator.py
[2023-01-11T13:50:11.087+0000] {processor.py:743} INFO - Processing file /home/airflow/.local/lib/python3.7/site-packages/airflow/example_dags/example_python_operator.py for tasks to queue
[2023-01-11T13:50:11.089+0000] {logging_mixin.py:137} INFO - [2023-01-11T13:50:11.089+0000] {dagbag.py:538} INFO - Filling up the DagBag from /home/airflow/.local/lib/python3.7/site-packages/airflow/example_dags/example_python_operator.py
[2023-01-11T13:50:11.126+0000] {logging_mixin.py:137} INFO - [2023-01-11T13:50:11.126+0000] {taskmixin.py:205} WARNING - Dependency <Task(_PythonDecoratedOperator): print_the_context>, log_sql_query already registered for DAG: example_python_operator
[2023-01-11T13:50:11.127+0000] {logging_mixin.py:137} INFO - [2023-01-11T13:50:11.127+0000] {taskmixin.py:205} WARNING - Dependency <Task(_PythonDecoratedOperator): log_sql_query>, print_the_context already registered for DAG: example_python_operator
[2023-01-11T13:50:11.128+0000] {logging_mixin.py:137} INFO - [2023-01-11T13:50:11.128+0000] {taskmixin.py:205} WARNING - Dependency <Task(_PythonDecoratedOperator): print_the_context>, log_sql_query already registered for DAG: example_python_operator
[2023-01-11T13:50:11.129+0000] {logging_mixin.py:137} INFO - [2023-01-11T13:50:11.128+0000] {taskmixin.py:205} WARNING - Dependency <Task(_PythonDecoratedOperator): log_sql_query>, print_the_context already registered for DAG: example_python_operator
[2023-01-11T13:50:11.130+0000] {logging_mixin.py:137} INFO - [2023-01-11T13:50:11.130+0000] {taskmixin.py:205} WARNING - Dependency <Task(_PythonDecoratedOperator): print_the_context>, log_sql_query already registered for DAG: example_python_operator
[2023-01-11T13:50:11.130+0000] {logging_mixin.py:137} INFO - [2023-01-11T13:50:11.130+0000] {taskmixin.py:205} WARNING - Dependency <Task(_PythonDecoratedOperator): log_sql_query>, print_the_context already registered for DAG: example_python_operator
[2023-01-11T13:50:11.132+0000] {logging_mixin.py:137} INFO - [2023-01-11T13:50:11.132+0000] {taskmixin.py:205} WARNING - Dependency <Task(_PythonDecoratedOperator): print_the_context>, log_sql_query already registered for DAG: example_python_operator
[2023-01-11T13:50:11.132+0000] {logging_mixin.py:137} INFO - [2023-01-11T13:50:11.132+0000] {taskmixin.py:205} WARNING - Dependency <Task(_PythonDecoratedOperator): log_sql_query>, print_the_context already registered for DAG: example_python_operator
[2023-01-11T13:50:11.145+0000] {processor.py:753} INFO - DAG(s) dict_keys(['example_python_operator']) retrieved from /home/airflow/.local/lib/python3.7/site-packages/airflow/example_dags/example_python_operator.py
[2023-01-11T13:50:11.242+0000] {logging_mixin.py:137} INFO - [2023-01-11T13:50:11.242+0000] {dag.py:2676} INFO - Sync 1 DAGs
[2023-01-11T13:50:11.297+0000] {logging_mixin.py:137} INFO - [2023-01-11T13:50:11.297+0000] {dag.py:3427} INFO - Setting next_dagrun for example_python_operator to None, run_after=None
[2023-01-11T13:50:11.365+0000] {processor.py:175} INFO - Processing /home/airflow/.local/lib/python3.7/site-packages/airflow/example_dags/example_python_operator.py took 0.288 seconds
