[2023-01-11T13:40:22.883+0000] {processor.py:153} INFO - Started process (PID=325) to work on /home/airflow/.local/lib/python3.7/site-packages/airflow/example_dags/example_task_group_decorator.py
[2023-01-11T13:40:22.884+0000] {processor.py:743} INFO - Processing file /home/airflow/.local/lib/python3.7/site-packages/airflow/example_dags/example_task_group_decorator.py for tasks to queue
[2023-01-11T13:40:22.885+0000] {logging_mixin.py:137} INFO - [2023-01-11T13:40:22.885+0000] {dagbag.py:538} INFO - Filling up the DagBag from /home/airflow/.local/lib/python3.7/site-packages/airflow/example_dags/example_task_group_decorator.py
[2023-01-11T13:40:23.073+0000] {processor.py:753} INFO - DAG(s) dict_keys(['example_task_group_decorator']) retrieved from /home/airflow/.local/lib/python3.7/site-packages/airflow/example_dags/example_task_group_decorator.py
[2023-01-11T13:40:23.430+0000] {logging_mixin.py:137} INFO - [2023-01-11T13:40:23.430+0000] {dag.py:2676} INFO - Sync 1 DAGs
[2023-01-11T13:40:23.663+0000] {logging_mixin.py:137} INFO - [2023-01-11T13:40:23.663+0000] {dag.py:3427} INFO - Setting next_dagrun for example_task_group_decorator to 2023-01-10T13:40:23.661237+00:00, run_after=2023-01-11T13:40:23.661237+00:00
[2023-01-11T13:40:23.840+0000] {processor.py:175} INFO - Processing /home/airflow/.local/lib/python3.7/site-packages/airflow/example_dags/example_task_group_decorator.py took 0.981 seconds
[2023-01-11T13:40:54.339+0000] {processor.py:153} INFO - Started process (PID=537) to work on /home/airflow/.local/lib/python3.7/site-packages/airflow/example_dags/example_task_group_decorator.py
[2023-01-11T13:40:54.340+0000] {processor.py:743} INFO - Processing file /home/airflow/.local/lib/python3.7/site-packages/airflow/example_dags/example_task_group_decorator.py for tasks to queue
[2023-01-11T13:40:54.341+0000] {logging_mixin.py:137} INFO - [2023-01-11T13:40:54.341+0000] {dagbag.py:538} INFO - Filling up the DagBag from /home/airflow/.local/lib/python3.7/site-packages/airflow/example_dags/example_task_group_decorator.py
[2023-01-11T13:40:54.369+0000] {processor.py:753} INFO - DAG(s) dict_keys(['example_task_group_decorator']) retrieved from /home/airflow/.local/lib/python3.7/site-packages/airflow/example_dags/example_task_group_decorator.py
[2023-01-11T13:40:54.409+0000] {logging_mixin.py:137} INFO - [2023-01-11T13:40:54.408+0000] {dag.py:2676} INFO - Sync 1 DAGs
[2023-01-11T13:40:54.434+0000] {logging_mixin.py:137} INFO - [2023-01-11T13:40:54.434+0000] {dag.py:3427} INFO - Setting next_dagrun for example_task_group_decorator to 2023-01-10T13:40:54.434401+00:00, run_after=2023-01-11T13:40:54.434401+00:00
[2023-01-11T13:40:54.464+0000] {processor.py:175} INFO - Processing /home/airflow/.local/lib/python3.7/site-packages/airflow/example_dags/example_task_group_decorator.py took 0.129 seconds
[2023-01-11T13:43:32.630+0000] {processor.py:153} INFO - Started process (PID=342) to work on /home/airflow/.local/lib/python3.7/site-packages/airflow/example_dags/example_task_group_decorator.py
[2023-01-11T13:43:32.633+0000] {processor.py:743} INFO - Processing file /home/airflow/.local/lib/python3.7/site-packages/airflow/example_dags/example_task_group_decorator.py for tasks to queue
[2023-01-11T13:43:32.634+0000] {logging_mixin.py:137} INFO - [2023-01-11T13:43:32.634+0000] {dagbag.py:538} INFO - Filling up the DagBag from /home/airflow/.local/lib/python3.7/site-packages/airflow/example_dags/example_task_group_decorator.py
[2023-01-11T13:43:33.072+0000] {processor.py:753} INFO - DAG(s) dict_keys(['example_task_group_decorator']) retrieved from /home/airflow/.local/lib/python3.7/site-packages/airflow/example_dags/example_task_group_decorator.py
[2023-01-11T13:43:33.695+0000] {logging_mixin.py:137} INFO - [2023-01-11T13:43:33.695+0000] {dag.py:2676} INFO - Sync 1 DAGs
[2023-01-11T13:43:34.268+0000] {logging_mixin.py:137} INFO - [2023-01-11T13:43:34.268+0000] {dag.py:3427} INFO - Setting next_dagrun for example_task_group_decorator to 2023-01-10T13:43:34.267547+00:00, run_after=2023-01-11T13:43:34.267547+00:00
[2023-01-11T13:43:35.079+0000] {processor.py:175} INFO - Processing /home/airflow/.local/lib/python3.7/site-packages/airflow/example_dags/example_task_group_decorator.py took 2.532 seconds
[2023-01-11T13:44:53.486+0000] {processor.py:153} INFO - Started process (PID=323) to work on /home/airflow/.local/lib/python3.7/site-packages/airflow/example_dags/example_task_group_decorator.py
[2023-01-11T13:44:53.488+0000] {processor.py:743} INFO - Processing file /home/airflow/.local/lib/python3.7/site-packages/airflow/example_dags/example_task_group_decorator.py for tasks to queue
[2023-01-11T13:44:53.489+0000] {logging_mixin.py:137} INFO - [2023-01-11T13:44:53.489+0000] {dagbag.py:538} INFO - Filling up the DagBag from /home/airflow/.local/lib/python3.7/site-packages/airflow/example_dags/example_task_group_decorator.py
[2023-01-11T13:44:53.554+0000] {processor.py:753} INFO - DAG(s) dict_keys(['example_task_group_decorator']) retrieved from /home/airflow/.local/lib/python3.7/site-packages/airflow/example_dags/example_task_group_decorator.py
[2023-01-11T13:44:53.630+0000] {logging_mixin.py:137} INFO - [2023-01-11T13:44:53.630+0000] {dag.py:2676} INFO - Sync 1 DAGs
[2023-01-11T13:44:53.687+0000] {logging_mixin.py:137} INFO - [2023-01-11T13:44:53.687+0000] {dag.py:3427} INFO - Setting next_dagrun for example_task_group_decorator to 2023-01-10T13:44:53.685691+00:00, run_after=2023-01-11T13:44:53.685691+00:00
[2023-01-11T13:44:53.734+0000] {processor.py:175} INFO - Processing /home/airflow/.local/lib/python3.7/site-packages/airflow/example_dags/example_task_group_decorator.py took 0.254 seconds
[2023-01-11T13:45:24.493+0000] {processor.py:153} INFO - Started process (PID=536) to work on /home/airflow/.local/lib/python3.7/site-packages/airflow/example_dags/example_task_group_decorator.py
[2023-01-11T13:45:24.494+0000] {processor.py:743} INFO - Processing file /home/airflow/.local/lib/python3.7/site-packages/airflow/example_dags/example_task_group_decorator.py for tasks to queue
[2023-01-11T13:45:24.496+0000] {logging_mixin.py:137} INFO - [2023-01-11T13:45:24.495+0000] {dagbag.py:538} INFO - Filling up the DagBag from /home/airflow/.local/lib/python3.7/site-packages/airflow/example_dags/example_task_group_decorator.py
[2023-01-11T13:45:24.577+0000] {processor.py:753} INFO - DAG(s) dict_keys(['example_task_group_decorator']) retrieved from /home/airflow/.local/lib/python3.7/site-packages/airflow/example_dags/example_task_group_decorator.py
[2023-01-11T13:45:24.717+0000] {logging_mixin.py:137} INFO - [2023-01-11T13:45:24.717+0000] {dag.py:2676} INFO - Sync 1 DAGs
[2023-01-11T13:45:24.861+0000] {logging_mixin.py:137} INFO - [2023-01-11T13:45:24.860+0000] {dag.py:3427} INFO - Setting next_dagrun for example_task_group_decorator to 2023-01-10T13:45:24.860085+00:00, run_after=2023-01-11T13:45:24.860085+00:00
[2023-01-11T13:45:24.941+0000] {processor.py:175} INFO - Processing /home/airflow/.local/lib/python3.7/site-packages/airflow/example_dags/example_task_group_decorator.py took 0.465 seconds
[2023-01-11T13:46:37.579+0000] {processor.py:153} INFO - Started process (PID=313) to work on /home/airflow/.local/lib/python3.7/site-packages/airflow/example_dags/example_task_group_decorator.py
[2023-01-11T13:46:37.587+0000] {processor.py:743} INFO - Processing file /home/airflow/.local/lib/python3.7/site-packages/airflow/example_dags/example_task_group_decorator.py for tasks to queue
[2023-01-11T13:46:37.589+0000] {logging_mixin.py:137} INFO - [2023-01-11T13:46:37.588+0000] {dagbag.py:538} INFO - Filling up the DagBag from /home/airflow/.local/lib/python3.7/site-packages/airflow/example_dags/example_task_group_decorator.py
[2023-01-11T13:46:37.672+0000] {processor.py:753} INFO - DAG(s) dict_keys(['example_task_group_decorator']) retrieved from /home/airflow/.local/lib/python3.7/site-packages/airflow/example_dags/example_task_group_decorator.py
[2023-01-11T13:46:37.767+0000] {logging_mixin.py:137} INFO - [2023-01-11T13:46:37.767+0000] {dag.py:2676} INFO - Sync 1 DAGs
[2023-01-11T13:46:37.853+0000] {logging_mixin.py:137} INFO - [2023-01-11T13:46:37.853+0000] {dag.py:3427} INFO - Setting next_dagrun for example_task_group_decorator to 2023-01-10T13:46:37.852799+00:00, run_after=2023-01-11T13:46:37.852799+00:00
[2023-01-11T13:46:37.888+0000] {processor.py:175} INFO - Processing /home/airflow/.local/lib/python3.7/site-packages/airflow/example_dags/example_task_group_decorator.py took 0.328 seconds
[2023-01-11T13:47:08.042+0000] {processor.py:153} INFO - Started process (PID=530) to work on /home/airflow/.local/lib/python3.7/site-packages/airflow/example_dags/example_task_group_decorator.py
[2023-01-11T13:47:08.043+0000] {processor.py:743} INFO - Processing file /home/airflow/.local/lib/python3.7/site-packages/airflow/example_dags/example_task_group_decorator.py for tasks to queue
[2023-01-11T13:47:08.044+0000] {logging_mixin.py:137} INFO - [2023-01-11T13:47:08.044+0000] {dagbag.py:538} INFO - Filling up the DagBag from /home/airflow/.local/lib/python3.7/site-packages/airflow/example_dags/example_task_group_decorator.py
[2023-01-11T13:47:08.106+0000] {processor.py:753} INFO - DAG(s) dict_keys(['example_task_group_decorator']) retrieved from /home/airflow/.local/lib/python3.7/site-packages/airflow/example_dags/example_task_group_decorator.py
[2023-01-11T13:47:08.192+0000] {logging_mixin.py:137} INFO - [2023-01-11T13:47:08.192+0000] {dag.py:2676} INFO - Sync 1 DAGs
[2023-01-11T13:47:08.246+0000] {logging_mixin.py:137} INFO - [2023-01-11T13:47:08.245+0000] {dag.py:3427} INFO - Setting next_dagrun for example_task_group_decorator to 2023-01-10T13:47:08.245405+00:00, run_after=2023-01-11T13:47:08.245405+00:00
[2023-01-11T13:47:08.286+0000] {processor.py:175} INFO - Processing /home/airflow/.local/lib/python3.7/site-packages/airflow/example_dags/example_task_group_decorator.py took 0.252 seconds
[2023-01-11T13:47:41.180+0000] {processor.py:153} INFO - Started process (PID=750) to work on /home/airflow/.local/lib/python3.7/site-packages/airflow/example_dags/example_task_group_decorator.py
[2023-01-11T13:47:41.197+0000] {processor.py:743} INFO - Processing file /home/airflow/.local/lib/python3.7/site-packages/airflow/example_dags/example_task_group_decorator.py for tasks to queue
[2023-01-11T13:47:41.199+0000] {logging_mixin.py:137} INFO - [2023-01-11T13:47:41.198+0000] {dagbag.py:538} INFO - Filling up the DagBag from /home/airflow/.local/lib/python3.7/site-packages/airflow/example_dags/example_task_group_decorator.py
[2023-01-11T13:47:41.293+0000] {processor.py:753} INFO - DAG(s) dict_keys(['example_task_group_decorator']) retrieved from /home/airflow/.local/lib/python3.7/site-packages/airflow/example_dags/example_task_group_decorator.py
[2023-01-11T13:47:41.452+0000] {logging_mixin.py:137} INFO - [2023-01-11T13:47:41.451+0000] {dag.py:2676} INFO - Sync 1 DAGs
[2023-01-11T13:47:41.586+0000] {logging_mixin.py:137} INFO - [2023-01-11T13:47:41.586+0000] {dag.py:3427} INFO - Setting next_dagrun for example_task_group_decorator to 2023-01-10T13:47:41.585620+00:00, run_after=2023-01-11T13:47:41.585620+00:00
[2023-01-11T13:47:41.666+0000] {processor.py:175} INFO - Processing /home/airflow/.local/lib/python3.7/site-packages/airflow/example_dags/example_task_group_decorator.py took 0.493 seconds
[2023-01-11T13:48:13.191+0000] {processor.py:153} INFO - Started process (PID=967) to work on /home/airflow/.local/lib/python3.7/site-packages/airflow/example_dags/example_task_group_decorator.py
[2023-01-11T13:48:13.210+0000] {processor.py:743} INFO - Processing file /home/airflow/.local/lib/python3.7/site-packages/airflow/example_dags/example_task_group_decorator.py for tasks to queue
[2023-01-11T13:48:13.211+0000] {logging_mixin.py:137} INFO - [2023-01-11T13:48:13.211+0000] {dagbag.py:538} INFO - Filling up the DagBag from /home/airflow/.local/lib/python3.7/site-packages/airflow/example_dags/example_task_group_decorator.py
[2023-01-11T13:48:13.300+0000] {processor.py:753} INFO - DAG(s) dict_keys(['example_task_group_decorator']) retrieved from /home/airflow/.local/lib/python3.7/site-packages/airflow/example_dags/example_task_group_decorator.py
[2023-01-11T13:48:13.420+0000] {logging_mixin.py:137} INFO - [2023-01-11T13:48:13.419+0000] {dag.py:2676} INFO - Sync 1 DAGs
[2023-01-11T13:48:13.567+0000] {logging_mixin.py:137} INFO - [2023-01-11T13:48:13.566+0000] {dag.py:3427} INFO - Setting next_dagrun for example_task_group_decorator to 2023-01-10T13:48:13.565969+00:00, run_after=2023-01-11T13:48:13.565969+00:00
[2023-01-11T13:48:13.644+0000] {processor.py:175} INFO - Processing /home/airflow/.local/lib/python3.7/site-packages/airflow/example_dags/example_task_group_decorator.py took 0.459 seconds
[2023-01-11T13:48:43.739+0000] {processor.py:153} INFO - Started process (PID=1179) to work on /home/airflow/.local/lib/python3.7/site-packages/airflow/example_dags/example_task_group_decorator.py
[2023-01-11T13:48:43.747+0000] {processor.py:743} INFO - Processing file /home/airflow/.local/lib/python3.7/site-packages/airflow/example_dags/example_task_group_decorator.py for tasks to queue
[2023-01-11T13:48:43.748+0000] {logging_mixin.py:137} INFO - [2023-01-11T13:48:43.748+0000] {dagbag.py:538} INFO - Filling up the DagBag from /home/airflow/.local/lib/python3.7/site-packages/airflow/example_dags/example_task_group_decorator.py
[2023-01-11T13:48:43.868+0000] {processor.py:753} INFO - DAG(s) dict_keys(['example_task_group_decorator']) retrieved from /home/airflow/.local/lib/python3.7/site-packages/airflow/example_dags/example_task_group_decorator.py
[2023-01-11T13:48:44.017+0000] {logging_mixin.py:137} INFO - [2023-01-11T13:48:44.014+0000] {dag.py:2676} INFO - Sync 1 DAGs
[2023-01-11T13:48:44.130+0000] {logging_mixin.py:137} INFO - [2023-01-11T13:48:44.129+0000] {dag.py:3427} INFO - Setting next_dagrun for example_task_group_decorator to 2023-01-10T13:48:44.129377+00:00, run_after=2023-01-11T13:48:44.129377+00:00
[2023-01-11T13:48:44.206+0000] {processor.py:175} INFO - Processing /home/airflow/.local/lib/python3.7/site-packages/airflow/example_dags/example_task_group_decorator.py took 0.478 seconds
[2023-01-11T13:49:14.530+0000] {processor.py:153} INFO - Started process (PID=1395) to work on /home/airflow/.local/lib/python3.7/site-packages/airflow/example_dags/example_task_group_decorator.py
[2023-01-11T13:49:14.537+0000] {processor.py:743} INFO - Processing file /home/airflow/.local/lib/python3.7/site-packages/airflow/example_dags/example_task_group_decorator.py for tasks to queue
[2023-01-11T13:49:14.538+0000] {logging_mixin.py:137} INFO - [2023-01-11T13:49:14.538+0000] {dagbag.py:538} INFO - Filling up the DagBag from /home/airflow/.local/lib/python3.7/site-packages/airflow/example_dags/example_task_group_decorator.py
[2023-01-11T13:49:14.697+0000] {processor.py:753} INFO - DAG(s) dict_keys(['example_task_group_decorator']) retrieved from /home/airflow/.local/lib/python3.7/site-packages/airflow/example_dags/example_task_group_decorator.py
[2023-01-11T13:49:14.916+0000] {logging_mixin.py:137} INFO - [2023-01-11T13:49:14.916+0000] {dag.py:2676} INFO - Sync 1 DAGs
[2023-01-11T13:49:15.014+0000] {logging_mixin.py:137} INFO - [2023-01-11T13:49:15.014+0000] {dag.py:3427} INFO - Setting next_dagrun for example_task_group_decorator to 2023-01-10T13:49:15.013542+00:00, run_after=2023-01-11T13:49:15.013542+00:00
[2023-01-11T13:49:15.082+0000] {processor.py:175} INFO - Processing /home/airflow/.local/lib/python3.7/site-packages/airflow/example_dags/example_task_group_decorator.py took 0.578 seconds
[2023-01-11T13:49:45.473+0000] {processor.py:153} INFO - Started process (PID=1610) to work on /home/airflow/.local/lib/python3.7/site-packages/airflow/example_dags/example_task_group_decorator.py
[2023-01-11T13:49:45.474+0000] {processor.py:743} INFO - Processing file /home/airflow/.local/lib/python3.7/site-packages/airflow/example_dags/example_task_group_decorator.py for tasks to queue
[2023-01-11T13:49:45.475+0000] {logging_mixin.py:137} INFO - [2023-01-11T13:49:45.475+0000] {dagbag.py:538} INFO - Filling up the DagBag from /home/airflow/.local/lib/python3.7/site-packages/airflow/example_dags/example_task_group_decorator.py
[2023-01-11T13:49:45.538+0000] {processor.py:753} INFO - DAG(s) dict_keys(['example_task_group_decorator']) retrieved from /home/airflow/.local/lib/python3.7/site-packages/airflow/example_dags/example_task_group_decorator.py
[2023-01-11T13:49:45.627+0000] {logging_mixin.py:137} INFO - [2023-01-11T13:49:45.627+0000] {dag.py:2676} INFO - Sync 1 DAGs
[2023-01-11T13:49:45.677+0000] {logging_mixin.py:137} INFO - [2023-01-11T13:49:45.677+0000] {dag.py:3427} INFO - Setting next_dagrun for example_task_group_decorator to 2023-01-10T13:49:45.676941+00:00, run_after=2023-01-11T13:49:45.676941+00:00
[2023-01-11T13:49:45.724+0000] {processor.py:175} INFO - Processing /home/airflow/.local/lib/python3.7/site-packages/airflow/example_dags/example_task_group_decorator.py took 0.258 seconds
[2023-01-11T13:50:15.798+0000] {processor.py:153} INFO - Started process (PID=1823) to work on /home/airflow/.local/lib/python3.7/site-packages/airflow/example_dags/example_task_group_decorator.py
[2023-01-11T13:50:15.801+0000] {processor.py:743} INFO - Processing file /home/airflow/.local/lib/python3.7/site-packages/airflow/example_dags/example_task_group_decorator.py for tasks to queue
[2023-01-11T13:50:15.803+0000] {logging_mixin.py:137} INFO - [2023-01-11T13:50:15.802+0000] {dagbag.py:538} INFO - Filling up the DagBag from /home/airflow/.local/lib/python3.7/site-packages/airflow/example_dags/example_task_group_decorator.py
[2023-01-11T13:50:15.886+0000] {processor.py:753} INFO - DAG(s) dict_keys(['example_task_group_decorator']) retrieved from /home/airflow/.local/lib/python3.7/site-packages/airflow/example_dags/example_task_group_decorator.py
[2023-01-11T13:50:15.963+0000] {logging_mixin.py:137} INFO - [2023-01-11T13:50:15.962+0000] {dag.py:2676} INFO - Sync 1 DAGs
[2023-01-11T13:50:16.014+0000] {logging_mixin.py:137} INFO - [2023-01-11T13:50:16.013+0000] {dag.py:3427} INFO - Setting next_dagrun for example_task_group_decorator to 2023-01-10T13:50:16.013194+00:00, run_after=2023-01-11T13:50:16.013194+00:00
[2023-01-11T13:50:16.052+0000] {processor.py:175} INFO - Processing /home/airflow/.local/lib/python3.7/site-packages/airflow/example_dags/example_task_group_decorator.py took 0.260 seconds
