[2023-01-11T13:40:14.738+0000] {processor.py:153} INFO - Started process (PID=272) to work on /home/airflow/.local/lib/python3.7/site-packages/airflow/example_dags/example_branch_day_of_week_operator.py
[2023-01-11T13:40:14.740+0000] {processor.py:743} INFO - Processing file /home/airflow/.local/lib/python3.7/site-packages/airflow/example_dags/example_branch_day_of_week_operator.py for tasks to queue
[2023-01-11T13:40:14.741+0000] {logging_mixin.py:137} INFO - [2023-01-11T13:40:14.741+0000] {dagbag.py:538} INFO - Filling up the DagBag from /home/airflow/.local/lib/python3.7/site-packages/airflow/example_dags/example_branch_day_of_week_operator.py
[2023-01-11T13:40:14.909+0000] {processor.py:753} INFO - DAG(s) dict_keys(['example_weekday_branch_operator']) retrieved from /home/airflow/.local/lib/python3.7/site-packages/airflow/example_dags/example_branch_day_of_week_operator.py
[2023-01-11T13:40:15.205+0000] {logging_mixin.py:137} INFO - [2023-01-11T13:40:15.205+0000] {dag.py:2676} INFO - Sync 1 DAGs
[2023-01-11T13:40:15.360+0000] {logging_mixin.py:137} INFO - [2023-01-11T13:40:15.356+0000] {dag.py:3427} INFO - Setting next_dagrun for example_weekday_branch_operator to 2023-01-10T00:00:00+00:00, run_after=2023-01-11T00:00:00+00:00
[2023-01-11T13:40:15.437+0000] {processor.py:175} INFO - Processing /home/airflow/.local/lib/python3.7/site-packages/airflow/example_dags/example_branch_day_of_week_operator.py took 0.728 seconds
[2023-01-11T13:40:45.765+0000] {processor.py:153} INFO - Started process (PID=477) to work on /home/airflow/.local/lib/python3.7/site-packages/airflow/example_dags/example_branch_day_of_week_operator.py
[2023-01-11T13:40:45.766+0000] {processor.py:743} INFO - Processing file /home/airflow/.local/lib/python3.7/site-packages/airflow/example_dags/example_branch_day_of_week_operator.py for tasks to queue
[2023-01-11T13:40:45.767+0000] {logging_mixin.py:137} INFO - [2023-01-11T13:40:45.767+0000] {dagbag.py:538} INFO - Filling up the DagBag from /home/airflow/.local/lib/python3.7/site-packages/airflow/example_dags/example_branch_day_of_week_operator.py
[2023-01-11T13:40:45.800+0000] {processor.py:753} INFO - DAG(s) dict_keys(['example_weekday_branch_operator']) retrieved from /home/airflow/.local/lib/python3.7/site-packages/airflow/example_dags/example_branch_day_of_week_operator.py
[2023-01-11T13:40:45.867+0000] {logging_mixin.py:137} INFO - [2023-01-11T13:40:45.867+0000] {dag.py:2676} INFO - Sync 1 DAGs
[2023-01-11T13:40:45.921+0000] {logging_mixin.py:137} INFO - [2023-01-11T13:40:45.921+0000] {dag.py:3427} INFO - Setting next_dagrun for example_weekday_branch_operator to 2023-01-10T00:00:00+00:00, run_after=2023-01-11T00:00:00+00:00
[2023-01-11T13:40:45.959+0000] {processor.py:175} INFO - Processing /home/airflow/.local/lib/python3.7/site-packages/airflow/example_dags/example_branch_day_of_week_operator.py took 0.199 seconds
[2023-01-11T13:43:03.542+0000] {processor.py:153} INFO - Started process (PID=273) to work on /home/airflow/.local/lib/python3.7/site-packages/airflow/example_dags/example_branch_day_of_week_operator.py
[2023-01-11T13:43:03.584+0000] {processor.py:743} INFO - Processing file /home/airflow/.local/lib/python3.7/site-packages/airflow/example_dags/example_branch_day_of_week_operator.py for tasks to queue
[2023-01-11T13:43:03.587+0000] {logging_mixin.py:137} INFO - [2023-01-11T13:43:03.586+0000] {dagbag.py:538} INFO - Filling up the DagBag from /home/airflow/.local/lib/python3.7/site-packages/airflow/example_dags/example_branch_day_of_week_operator.py
[2023-01-11T13:43:03.910+0000] {processor.py:753} INFO - DAG(s) dict_keys(['example_weekday_branch_operator']) retrieved from /home/airflow/.local/lib/python3.7/site-packages/airflow/example_dags/example_branch_day_of_week_operator.py
[2023-01-11T13:43:05.324+0000] {logging_mixin.py:137} INFO - [2023-01-11T13:43:05.323+0000] {dag.py:2676} INFO - Sync 1 DAGs
[2023-01-11T13:43:06.383+0000] {logging_mixin.py:137} INFO - [2023-01-11T13:43:06.350+0000] {dag.py:3427} INFO - Setting next_dagrun for example_weekday_branch_operator to 2023-01-10T00:00:00+00:00, run_after=2023-01-11T00:00:00+00:00
[2023-01-11T13:43:06.997+0000] {processor.py:175} INFO - Processing /home/airflow/.local/lib/python3.7/site-packages/airflow/example_dags/example_branch_day_of_week_operator.py took 3.476 seconds
[2023-01-11T13:44:48.226+0000] {processor.py:153} INFO - Started process (PID=262) to work on /home/airflow/.local/lib/python3.7/site-packages/airflow/example_dags/example_branch_day_of_week_operator.py
[2023-01-11T13:44:48.242+0000] {processor.py:743} INFO - Processing file /home/airflow/.local/lib/python3.7/site-packages/airflow/example_dags/example_branch_day_of_week_operator.py for tasks to queue
[2023-01-11T13:44:48.243+0000] {logging_mixin.py:137} INFO - [2023-01-11T13:44:48.243+0000] {dagbag.py:538} INFO - Filling up the DagBag from /home/airflow/.local/lib/python3.7/site-packages/airflow/example_dags/example_branch_day_of_week_operator.py
[2023-01-11T13:44:48.347+0000] {processor.py:753} INFO - DAG(s) dict_keys(['example_weekday_branch_operator']) retrieved from /home/airflow/.local/lib/python3.7/site-packages/airflow/example_dags/example_branch_day_of_week_operator.py
[2023-01-11T13:44:48.493+0000] {logging_mixin.py:137} INFO - [2023-01-11T13:44:48.492+0000] {dag.py:2676} INFO - Sync 1 DAGs
[2023-01-11T13:44:48.647+0000] {logging_mixin.py:137} INFO - [2023-01-11T13:44:48.647+0000] {dag.py:3427} INFO - Setting next_dagrun for example_weekday_branch_operator to 2023-01-10T00:00:00+00:00, run_after=2023-01-11T00:00:00+00:00
[2023-01-11T13:44:48.754+0000] {processor.py:175} INFO - Processing /home/airflow/.local/lib/python3.7/site-packages/airflow/example_dags/example_branch_day_of_week_operator.py took 0.568 seconds
[2023-01-11T13:45:18.980+0000] {processor.py:153} INFO - Started process (PID=475) to work on /home/airflow/.local/lib/python3.7/site-packages/airflow/example_dags/example_branch_day_of_week_operator.py
[2023-01-11T13:45:18.981+0000] {processor.py:743} INFO - Processing file /home/airflow/.local/lib/python3.7/site-packages/airflow/example_dags/example_branch_day_of_week_operator.py for tasks to queue
[2023-01-11T13:45:18.983+0000] {logging_mixin.py:137} INFO - [2023-01-11T13:45:18.983+0000] {dagbag.py:538} INFO - Filling up the DagBag from /home/airflow/.local/lib/python3.7/site-packages/airflow/example_dags/example_branch_day_of_week_operator.py
[2023-01-11T13:45:19.023+0000] {processor.py:753} INFO - DAG(s) dict_keys(['example_weekday_branch_operator']) retrieved from /home/airflow/.local/lib/python3.7/site-packages/airflow/example_dags/example_branch_day_of_week_operator.py
[2023-01-11T13:45:19.129+0000] {logging_mixin.py:137} INFO - [2023-01-11T13:45:19.129+0000] {dag.py:2676} INFO - Sync 1 DAGs
[2023-01-11T13:45:19.187+0000] {logging_mixin.py:137} INFO - [2023-01-11T13:45:19.187+0000] {dag.py:3427} INFO - Setting next_dagrun for example_weekday_branch_operator to 2023-01-10T00:00:00+00:00, run_after=2023-01-11T00:00:00+00:00
[2023-01-11T13:45:19.225+0000] {processor.py:175} INFO - Processing /home/airflow/.local/lib/python3.7/site-packages/airflow/example_dags/example_branch_day_of_week_operator.py took 0.251 seconds
[2023-01-11T13:46:34.290+0000] {processor.py:153} INFO - Started process (PID=263) to work on /home/airflow/.local/lib/python3.7/site-packages/airflow/example_dags/example_branch_day_of_week_operator.py
[2023-01-11T13:46:34.302+0000] {processor.py:743} INFO - Processing file /home/airflow/.local/lib/python3.7/site-packages/airflow/example_dags/example_branch_day_of_week_operator.py for tasks to queue
[2023-01-11T13:46:34.304+0000] {logging_mixin.py:137} INFO - [2023-01-11T13:46:34.303+0000] {dagbag.py:538} INFO - Filling up the DagBag from /home/airflow/.local/lib/python3.7/site-packages/airflow/example_dags/example_branch_day_of_week_operator.py
[2023-01-11T13:46:34.341+0000] {processor.py:753} INFO - DAG(s) dict_keys(['example_weekday_branch_operator']) retrieved from /home/airflow/.local/lib/python3.7/site-packages/airflow/example_dags/example_branch_day_of_week_operator.py
[2023-01-11T13:46:34.410+0000] {logging_mixin.py:137} INFO - [2023-01-11T13:46:34.410+0000] {dag.py:2676} INFO - Sync 1 DAGs
[2023-01-11T13:46:34.465+0000] {logging_mixin.py:137} INFO - [2023-01-11T13:46:34.465+0000] {dag.py:3427} INFO - Setting next_dagrun for example_weekday_branch_operator to 2023-01-10T00:00:00+00:00, run_after=2023-01-11T00:00:00+00:00
[2023-01-11T13:46:34.545+0000] {processor.py:175} INFO - Processing /home/airflow/.local/lib/python3.7/site-packages/airflow/example_dags/example_branch_day_of_week_operator.py took 0.271 seconds
[2023-01-11T13:47:05.216+0000] {processor.py:153} INFO - Started process (PID=480) to work on /home/airflow/.local/lib/python3.7/site-packages/airflow/example_dags/example_branch_day_of_week_operator.py
[2023-01-11T13:47:05.218+0000] {processor.py:743} INFO - Processing file /home/airflow/.local/lib/python3.7/site-packages/airflow/example_dags/example_branch_day_of_week_operator.py for tasks to queue
[2023-01-11T13:47:05.219+0000] {logging_mixin.py:137} INFO - [2023-01-11T13:47:05.219+0000] {dagbag.py:538} INFO - Filling up the DagBag from /home/airflow/.local/lib/python3.7/site-packages/airflow/example_dags/example_branch_day_of_week_operator.py
[2023-01-11T13:47:05.255+0000] {processor.py:753} INFO - DAG(s) dict_keys(['example_weekday_branch_operator']) retrieved from /home/airflow/.local/lib/python3.7/site-packages/airflow/example_dags/example_branch_day_of_week_operator.py
[2023-01-11T13:47:05.335+0000] {logging_mixin.py:137} INFO - [2023-01-11T13:47:05.335+0000] {dag.py:2676} INFO - Sync 1 DAGs
[2023-01-11T13:47:05.421+0000] {logging_mixin.py:137} INFO - [2023-01-11T13:47:05.421+0000] {dag.py:3427} INFO - Setting next_dagrun for example_weekday_branch_operator to 2023-01-10T00:00:00+00:00, run_after=2023-01-11T00:00:00+00:00
[2023-01-11T13:47:05.473+0000] {processor.py:175} INFO - Processing /home/airflow/.local/lib/python3.7/site-packages/airflow/example_dags/example_branch_day_of_week_operator.py took 0.262 seconds
[2023-01-11T13:47:35.634+0000] {processor.py:153} INFO - Started process (PID=696) to work on /home/airflow/.local/lib/python3.7/site-packages/airflow/example_dags/example_branch_day_of_week_operator.py
[2023-01-11T13:47:35.637+0000] {processor.py:743} INFO - Processing file /home/airflow/.local/lib/python3.7/site-packages/airflow/example_dags/example_branch_day_of_week_operator.py for tasks to queue
[2023-01-11T13:47:35.639+0000] {logging_mixin.py:137} INFO - [2023-01-11T13:47:35.638+0000] {dagbag.py:538} INFO - Filling up the DagBag from /home/airflow/.local/lib/python3.7/site-packages/airflow/example_dags/example_branch_day_of_week_operator.py
[2023-01-11T13:47:35.672+0000] {processor.py:753} INFO - DAG(s) dict_keys(['example_weekday_branch_operator']) retrieved from /home/airflow/.local/lib/python3.7/site-packages/airflow/example_dags/example_branch_day_of_week_operator.py
[2023-01-11T13:47:35.765+0000] {logging_mixin.py:137} INFO - [2023-01-11T13:47:35.765+0000] {dag.py:2676} INFO - Sync 1 DAGs
[2023-01-11T13:47:35.915+0000] {logging_mixin.py:137} INFO - [2023-01-11T13:47:35.914+0000] {dag.py:3427} INFO - Setting next_dagrun for example_weekday_branch_operator to 2023-01-10T00:00:00+00:00, run_after=2023-01-11T00:00:00+00:00
[2023-01-11T13:47:35.989+0000] {processor.py:175} INFO - Processing /home/airflow/.local/lib/python3.7/site-packages/airflow/example_dags/example_branch_day_of_week_operator.py took 0.363 seconds
[2023-01-11T13:48:06.960+0000] {processor.py:153} INFO - Started process (PID=911) to work on /home/airflow/.local/lib/python3.7/site-packages/airflow/example_dags/example_branch_day_of_week_operator.py
[2023-01-11T13:48:06.966+0000] {processor.py:743} INFO - Processing file /home/airflow/.local/lib/python3.7/site-packages/airflow/example_dags/example_branch_day_of_week_operator.py for tasks to queue
[2023-01-11T13:48:06.967+0000] {logging_mixin.py:137} INFO - [2023-01-11T13:48:06.967+0000] {dagbag.py:538} INFO - Filling up the DagBag from /home/airflow/.local/lib/python3.7/site-packages/airflow/example_dags/example_branch_day_of_week_operator.py
[2023-01-11T13:48:07.055+0000] {processor.py:753} INFO - DAG(s) dict_keys(['example_weekday_branch_operator']) retrieved from /home/airflow/.local/lib/python3.7/site-packages/airflow/example_dags/example_branch_day_of_week_operator.py
[2023-01-11T13:48:07.207+0000] {logging_mixin.py:137} INFO - [2023-01-11T13:48:07.207+0000] {dag.py:2676} INFO - Sync 1 DAGs
[2023-01-11T13:48:07.336+0000] {logging_mixin.py:137} INFO - [2023-01-11T13:48:07.332+0000] {dag.py:3427} INFO - Setting next_dagrun for example_weekday_branch_operator to 2023-01-10T00:00:00+00:00, run_after=2023-01-11T00:00:00+00:00
[2023-01-11T13:48:07.428+0000] {processor.py:175} INFO - Processing /home/airflow/.local/lib/python3.7/site-packages/airflow/example_dags/example_branch_day_of_week_operator.py took 0.500 seconds
[2023-01-11T13:48:38.125+0000] {processor.py:153} INFO - Started process (PID=1124) to work on /home/airflow/.local/lib/python3.7/site-packages/airflow/example_dags/example_branch_day_of_week_operator.py
[2023-01-11T13:48:38.131+0000] {processor.py:743} INFO - Processing file /home/airflow/.local/lib/python3.7/site-packages/airflow/example_dags/example_branch_day_of_week_operator.py for tasks to queue
[2023-01-11T13:48:38.133+0000] {logging_mixin.py:137} INFO - [2023-01-11T13:48:38.133+0000] {dagbag.py:538} INFO - Filling up the DagBag from /home/airflow/.local/lib/python3.7/site-packages/airflow/example_dags/example_branch_day_of_week_operator.py
[2023-01-11T13:48:38.237+0000] {processor.py:753} INFO - DAG(s) dict_keys(['example_weekday_branch_operator']) retrieved from /home/airflow/.local/lib/python3.7/site-packages/airflow/example_dags/example_branch_day_of_week_operator.py
[2023-01-11T13:48:38.434+0000] {logging_mixin.py:137} INFO - [2023-01-11T13:48:38.434+0000] {dag.py:2676} INFO - Sync 1 DAGs
[2023-01-11T13:48:38.536+0000] {logging_mixin.py:137} INFO - [2023-01-11T13:48:38.535+0000] {dag.py:3427} INFO - Setting next_dagrun for example_weekday_branch_operator to 2023-01-10T00:00:00+00:00, run_after=2023-01-11T00:00:00+00:00
[2023-01-11T13:48:38.636+0000] {processor.py:175} INFO - Processing /home/airflow/.local/lib/python3.7/site-packages/airflow/example_dags/example_branch_day_of_week_operator.py took 0.522 seconds
[2023-01-11T13:49:08.808+0000] {processor.py:153} INFO - Started process (PID=1337) to work on /home/airflow/.local/lib/python3.7/site-packages/airflow/example_dags/example_branch_day_of_week_operator.py
[2023-01-11T13:49:08.810+0000] {processor.py:743} INFO - Processing file /home/airflow/.local/lib/python3.7/site-packages/airflow/example_dags/example_branch_day_of_week_operator.py for tasks to queue
[2023-01-11T13:49:08.812+0000] {logging_mixin.py:137} INFO - [2023-01-11T13:49:08.811+0000] {dagbag.py:538} INFO - Filling up the DagBag from /home/airflow/.local/lib/python3.7/site-packages/airflow/example_dags/example_branch_day_of_week_operator.py
[2023-01-11T13:49:08.841+0000] {processor.py:753} INFO - DAG(s) dict_keys(['example_weekday_branch_operator']) retrieved from /home/airflow/.local/lib/python3.7/site-packages/airflow/example_dags/example_branch_day_of_week_operator.py
[2023-01-11T13:49:08.912+0000] {logging_mixin.py:137} INFO - [2023-01-11T13:49:08.912+0000] {dag.py:2676} INFO - Sync 1 DAGs
[2023-01-11T13:49:08.964+0000] {logging_mixin.py:137} INFO - [2023-01-11T13:49:08.964+0000] {dag.py:3427} INFO - Setting next_dagrun for example_weekday_branch_operator to 2023-01-10T00:00:00+00:00, run_after=2023-01-11T00:00:00+00:00
[2023-01-11T13:49:09.001+0000] {processor.py:175} INFO - Processing /home/airflow/.local/lib/python3.7/site-packages/airflow/example_dags/example_branch_day_of_week_operator.py took 0.198 seconds
[2023-01-11T13:49:39.600+0000] {processor.py:153} INFO - Started process (PID=1551) to work on /home/airflow/.local/lib/python3.7/site-packages/airflow/example_dags/example_branch_day_of_week_operator.py
[2023-01-11T13:49:39.602+0000] {processor.py:743} INFO - Processing file /home/airflow/.local/lib/python3.7/site-packages/airflow/example_dags/example_branch_day_of_week_operator.py for tasks to queue
[2023-01-11T13:49:39.604+0000] {logging_mixin.py:137} INFO - [2023-01-11T13:49:39.603+0000] {dagbag.py:538} INFO - Filling up the DagBag from /home/airflow/.local/lib/python3.7/site-packages/airflow/example_dags/example_branch_day_of_week_operator.py
[2023-01-11T13:49:39.644+0000] {processor.py:753} INFO - DAG(s) dict_keys(['example_weekday_branch_operator']) retrieved from /home/airflow/.local/lib/python3.7/site-packages/airflow/example_dags/example_branch_day_of_week_operator.py
[2023-01-11T13:49:39.785+0000] {logging_mixin.py:137} INFO - [2023-01-11T13:49:39.785+0000] {dag.py:2676} INFO - Sync 1 DAGs
[2023-01-11T13:49:39.891+0000] {logging_mixin.py:137} INFO - [2023-01-11T13:49:39.891+0000] {dag.py:3427} INFO - Setting next_dagrun for example_weekday_branch_operator to 2023-01-10T00:00:00+00:00, run_after=2023-01-11T00:00:00+00:00
[2023-01-11T13:49:40.011+0000] {processor.py:175} INFO - Processing /home/airflow/.local/lib/python3.7/site-packages/airflow/example_dags/example_branch_day_of_week_operator.py took 0.418 seconds
[2023-01-11T13:50:10.298+0000] {processor.py:153} INFO - Started process (PID=1763) to work on /home/airflow/.local/lib/python3.7/site-packages/airflow/example_dags/example_branch_day_of_week_operator.py
[2023-01-11T13:50:10.300+0000] {processor.py:743} INFO - Processing file /home/airflow/.local/lib/python3.7/site-packages/airflow/example_dags/example_branch_day_of_week_operator.py for tasks to queue
[2023-01-11T13:50:10.302+0000] {logging_mixin.py:137} INFO - [2023-01-11T13:50:10.301+0000] {dagbag.py:538} INFO - Filling up the DagBag from /home/airflow/.local/lib/python3.7/site-packages/airflow/example_dags/example_branch_day_of_week_operator.py
[2023-01-11T13:50:10.333+0000] {processor.py:753} INFO - DAG(s) dict_keys(['example_weekday_branch_operator']) retrieved from /home/airflow/.local/lib/python3.7/site-packages/airflow/example_dags/example_branch_day_of_week_operator.py
[2023-01-11T13:50:10.408+0000] {logging_mixin.py:137} INFO - [2023-01-11T13:50:10.407+0000] {dag.py:2676} INFO - Sync 1 DAGs
[2023-01-11T13:50:10.461+0000] {logging_mixin.py:137} INFO - [2023-01-11T13:50:10.460+0000] {dag.py:3427} INFO - Setting next_dagrun for example_weekday_branch_operator to 2023-01-10T00:00:00+00:00, run_after=2023-01-11T00:00:00+00:00
[2023-01-11T13:50:10.501+0000] {processor.py:175} INFO - Processing /home/airflow/.local/lib/python3.7/site-packages/airflow/example_dags/example_branch_day_of_week_operator.py took 0.210 seconds
