[2023-01-11T13:40:16.180+0000] {processor.py:153} INFO - Started process (PID=284) to work on /home/airflow/.local/lib/python3.7/site-packages/airflow/example_dags/example_latest_only.py
[2023-01-11T13:40:16.184+0000] {processor.py:743} INFO - Processing file /home/airflow/.local/lib/python3.7/site-packages/airflow/example_dags/example_latest_only.py for tasks to queue
[2023-01-11T13:40:16.185+0000] {logging_mixin.py:137} INFO - [2023-01-11T13:40:16.185+0000] {dagbag.py:538} INFO - Filling up the DagBag from /home/airflow/.local/lib/python3.7/site-packages/airflow/example_dags/example_latest_only.py
[2023-01-11T13:40:16.254+0000] {processor.py:753} INFO - DAG(s) dict_keys(['latest_only']) retrieved from /home/airflow/.local/lib/python3.7/site-packages/airflow/example_dags/example_latest_only.py
[2023-01-11T13:40:16.543+0000] {logging_mixin.py:137} INFO - [2023-01-11T13:40:16.542+0000] {dag.py:2676} INFO - Sync 1 DAGs
[2023-01-11T13:40:16.703+0000] {logging_mixin.py:137} INFO - [2023-01-11T13:40:16.703+0000] {dag.py:3427} INFO - Setting next_dagrun for latest_only to 2023-01-11T09:40:16.702609+00:00, run_after=2023-01-11T13:40:16.702609+00:00
[2023-01-11T13:40:16.849+0000] {processor.py:175} INFO - Processing /home/airflow/.local/lib/python3.7/site-packages/airflow/example_dags/example_latest_only.py took 0.693 seconds
[2023-01-11T13:40:46.939+0000] {processor.py:153} INFO - Started process (PID=485) to work on /home/airflow/.local/lib/python3.7/site-packages/airflow/example_dags/example_latest_only.py
[2023-01-11T13:40:46.940+0000] {processor.py:743} INFO - Processing file /home/airflow/.local/lib/python3.7/site-packages/airflow/example_dags/example_latest_only.py for tasks to queue
[2023-01-11T13:40:46.942+0000] {logging_mixin.py:137} INFO - [2023-01-11T13:40:46.941+0000] {dagbag.py:538} INFO - Filling up the DagBag from /home/airflow/.local/lib/python3.7/site-packages/airflow/example_dags/example_latest_only.py
[2023-01-11T13:40:46.993+0000] {processor.py:753} INFO - DAG(s) dict_keys(['latest_only']) retrieved from /home/airflow/.local/lib/python3.7/site-packages/airflow/example_dags/example_latest_only.py
[2023-01-11T13:40:47.187+0000] {logging_mixin.py:137} INFO - [2023-01-11T13:40:47.187+0000] {dag.py:2676} INFO - Sync 1 DAGs
[2023-01-11T13:40:47.322+0000] {logging_mixin.py:137} INFO - [2023-01-11T13:40:47.322+0000] {dag.py:3427} INFO - Setting next_dagrun for latest_only to 2023-01-11T09:40:47.321876+00:00, run_after=2023-01-11T13:40:47.321876+00:00
[2023-01-11T13:40:47.389+0000] {processor.py:175} INFO - Processing /home/airflow/.local/lib/python3.7/site-packages/airflow/example_dags/example_latest_only.py took 0.456 seconds
[2023-01-11T13:43:08.610+0000] {processor.py:153} INFO - Started process (PID=291) to work on /home/airflow/.local/lib/python3.7/site-packages/airflow/example_dags/example_latest_only.py
[2023-01-11T13:43:08.684+0000] {processor.py:743} INFO - Processing file /home/airflow/.local/lib/python3.7/site-packages/airflow/example_dags/example_latest_only.py for tasks to queue
[2023-01-11T13:43:08.702+0000] {logging_mixin.py:137} INFO - [2023-01-11T13:43:08.701+0000] {dagbag.py:538} INFO - Filling up the DagBag from /home/airflow/.local/lib/python3.7/site-packages/airflow/example_dags/example_latest_only.py
[2023-01-11T13:43:08.986+0000] {processor.py:753} INFO - DAG(s) dict_keys(['latest_only']) retrieved from /home/airflow/.local/lib/python3.7/site-packages/airflow/example_dags/example_latest_only.py
[2023-01-11T13:43:13.651+0000] {logging_mixin.py:137} INFO - [2023-01-11T13:43:13.650+0000] {dag.py:2676} INFO - Sync 1 DAGs
[2023-01-11T13:43:16.197+0000] {logging_mixin.py:137} INFO - [2023-01-11T13:43:16.195+0000] {dag.py:3427} INFO - Setting next_dagrun for latest_only to 2023-01-11T09:43:16.194550+00:00, run_after=2023-01-11T13:43:16.194550+00:00
[2023-01-11T13:43:16.726+0000] {processor.py:175} INFO - Processing /home/airflow/.local/lib/python3.7/site-packages/airflow/example_dags/example_latest_only.py took 8.138 seconds
[2023-01-11T13:44:49.736+0000] {processor.py:153} INFO - Started process (PID=280) to work on /home/airflow/.local/lib/python3.7/site-packages/airflow/example_dags/example_latest_only.py
[2023-01-11T13:44:49.742+0000] {processor.py:743} INFO - Processing file /home/airflow/.local/lib/python3.7/site-packages/airflow/example_dags/example_latest_only.py for tasks to queue
[2023-01-11T13:44:49.746+0000] {logging_mixin.py:137} INFO - [2023-01-11T13:44:49.743+0000] {dagbag.py:538} INFO - Filling up the DagBag from /home/airflow/.local/lib/python3.7/site-packages/airflow/example_dags/example_latest_only.py
[2023-01-11T13:44:49.821+0000] {processor.py:753} INFO - DAG(s) dict_keys(['latest_only']) retrieved from /home/airflow/.local/lib/python3.7/site-packages/airflow/example_dags/example_latest_only.py
[2023-01-11T13:44:50.076+0000] {logging_mixin.py:137} INFO - [2023-01-11T13:44:50.076+0000] {dag.py:2676} INFO - Sync 1 DAGs
[2023-01-11T13:44:50.234+0000] {logging_mixin.py:137} INFO - [2023-01-11T13:44:50.234+0000] {dag.py:3427} INFO - Setting next_dagrun for latest_only to 2023-01-11T09:44:50.233562+00:00, run_after=2023-01-11T13:44:50.233562+00:00
[2023-01-11T13:44:50.325+0000] {processor.py:175} INFO - Processing /home/airflow/.local/lib/python3.7/site-packages/airflow/example_dags/example_latest_only.py took 0.615 seconds
[2023-01-11T13:45:20.558+0000] {processor.py:153} INFO - Started process (PID=488) to work on /home/airflow/.local/lib/python3.7/site-packages/airflow/example_dags/example_latest_only.py
[2023-01-11T13:45:20.577+0000] {processor.py:743} INFO - Processing file /home/airflow/.local/lib/python3.7/site-packages/airflow/example_dags/example_latest_only.py for tasks to queue
[2023-01-11T13:45:20.602+0000] {logging_mixin.py:137} INFO - [2023-01-11T13:45:20.602+0000] {dagbag.py:538} INFO - Filling up the DagBag from /home/airflow/.local/lib/python3.7/site-packages/airflow/example_dags/example_latest_only.py
[2023-01-11T13:45:20.678+0000] {processor.py:753} INFO - DAG(s) dict_keys(['latest_only']) retrieved from /home/airflow/.local/lib/python3.7/site-packages/airflow/example_dags/example_latest_only.py
[2023-01-11T13:45:20.893+0000] {logging_mixin.py:137} INFO - [2023-01-11T13:45:20.893+0000] {dag.py:2676} INFO - Sync 1 DAGs
[2023-01-11T13:45:21.154+0000] {logging_mixin.py:137} INFO - [2023-01-11T13:45:21.154+0000] {dag.py:3427} INFO - Setting next_dagrun for latest_only to 2023-01-11T09:45:21.154211+00:00, run_after=2023-01-11T13:45:21.154211+00:00
[2023-01-11T13:45:21.242+0000] {processor.py:175} INFO - Processing /home/airflow/.local/lib/python3.7/site-packages/airflow/example_dags/example_latest_only.py took 0.716 seconds
[2023-01-11T13:46:34.718+0000] {processor.py:153} INFO - Started process (PID=273) to work on /home/airflow/.local/lib/python3.7/site-packages/airflow/example_dags/example_latest_only.py
[2023-01-11T13:46:34.725+0000] {processor.py:743} INFO - Processing file /home/airflow/.local/lib/python3.7/site-packages/airflow/example_dags/example_latest_only.py for tasks to queue
[2023-01-11T13:46:34.726+0000] {logging_mixin.py:137} INFO - [2023-01-11T13:46:34.726+0000] {dagbag.py:538} INFO - Filling up the DagBag from /home/airflow/.local/lib/python3.7/site-packages/airflow/example_dags/example_latest_only.py
[2023-01-11T13:46:34.804+0000] {processor.py:753} INFO - DAG(s) dict_keys(['latest_only']) retrieved from /home/airflow/.local/lib/python3.7/site-packages/airflow/example_dags/example_latest_only.py
[2023-01-11T13:46:34.983+0000] {logging_mixin.py:137} INFO - [2023-01-11T13:46:34.983+0000] {dag.py:2676} INFO - Sync 1 DAGs
[2023-01-11T13:46:35.131+0000] {logging_mixin.py:137} INFO - [2023-01-11T13:46:35.131+0000] {dag.py:3427} INFO - Setting next_dagrun for latest_only to 2023-01-11T09:46:35.131019+00:00, run_after=2023-01-11T13:46:35.131019+00:00
[2023-01-11T13:46:35.268+0000] {processor.py:175} INFO - Processing /home/airflow/.local/lib/python3.7/site-packages/airflow/example_dags/example_latest_only.py took 0.559 seconds
[2023-01-11T13:47:05.688+0000] {processor.py:153} INFO - Started process (PID=490) to work on /home/airflow/.local/lib/python3.7/site-packages/airflow/example_dags/example_latest_only.py
[2023-01-11T13:47:05.689+0000] {processor.py:743} INFO - Processing file /home/airflow/.local/lib/python3.7/site-packages/airflow/example_dags/example_latest_only.py for tasks to queue
[2023-01-11T13:47:05.691+0000] {logging_mixin.py:137} INFO - [2023-01-11T13:47:05.690+0000] {dagbag.py:538} INFO - Filling up the DagBag from /home/airflow/.local/lib/python3.7/site-packages/airflow/example_dags/example_latest_only.py
[2023-01-11T13:47:05.722+0000] {processor.py:753} INFO - DAG(s) dict_keys(['latest_only']) retrieved from /home/airflow/.local/lib/python3.7/site-packages/airflow/example_dags/example_latest_only.py
[2023-01-11T13:47:05.792+0000] {logging_mixin.py:137} INFO - [2023-01-11T13:47:05.792+0000] {dag.py:2676} INFO - Sync 1 DAGs
[2023-01-11T13:47:05.846+0000] {logging_mixin.py:137} INFO - [2023-01-11T13:47:05.845+0000] {dag.py:3427} INFO - Setting next_dagrun for latest_only to 2023-01-11T09:47:05.845271+00:00, run_after=2023-01-11T13:47:05.845271+00:00
[2023-01-11T13:47:05.888+0000] {processor.py:175} INFO - Processing /home/airflow/.local/lib/python3.7/site-packages/airflow/example_dags/example_latest_only.py took 0.208 seconds
[2023-01-11T13:47:36.475+0000] {processor.py:153} INFO - Started process (PID=710) to work on /home/airflow/.local/lib/python3.7/site-packages/airflow/example_dags/example_latest_only.py
[2023-01-11T13:47:36.479+0000] {processor.py:743} INFO - Processing file /home/airflow/.local/lib/python3.7/site-packages/airflow/example_dags/example_latest_only.py for tasks to queue
[2023-01-11T13:47:36.480+0000] {logging_mixin.py:137} INFO - [2023-01-11T13:47:36.480+0000] {dagbag.py:538} INFO - Filling up the DagBag from /home/airflow/.local/lib/python3.7/site-packages/airflow/example_dags/example_latest_only.py
[2023-01-11T13:47:36.555+0000] {processor.py:753} INFO - DAG(s) dict_keys(['latest_only']) retrieved from /home/airflow/.local/lib/python3.7/site-packages/airflow/example_dags/example_latest_only.py
[2023-01-11T13:47:36.748+0000] {logging_mixin.py:137} INFO - [2023-01-11T13:47:36.747+0000] {dag.py:2676} INFO - Sync 1 DAGs
[2023-01-11T13:47:36.884+0000] {logging_mixin.py:137} INFO - [2023-01-11T13:47:36.884+0000] {dag.py:3427} INFO - Setting next_dagrun for latest_only to 2023-01-11T09:47:36.883984+00:00, run_after=2023-01-11T13:47:36.883984+00:00
[2023-01-11T13:47:36.968+0000] {processor.py:175} INFO - Processing /home/airflow/.local/lib/python3.7/site-packages/airflow/example_dags/example_latest_only.py took 0.503 seconds
[2023-01-11T13:48:07.581+0000] {processor.py:153} INFO - Started process (PID=921) to work on /home/airflow/.local/lib/python3.7/site-packages/airflow/example_dags/example_latest_only.py
[2023-01-11T13:48:07.590+0000] {processor.py:743} INFO - Processing file /home/airflow/.local/lib/python3.7/site-packages/airflow/example_dags/example_latest_only.py for tasks to queue
[2023-01-11T13:48:07.592+0000] {logging_mixin.py:137} INFO - [2023-01-11T13:48:07.591+0000] {dagbag.py:538} INFO - Filling up the DagBag from /home/airflow/.local/lib/python3.7/site-packages/airflow/example_dags/example_latest_only.py
[2023-01-11T13:48:07.642+0000] {processor.py:753} INFO - DAG(s) dict_keys(['latest_only']) retrieved from /home/airflow/.local/lib/python3.7/site-packages/airflow/example_dags/example_latest_only.py
[2023-01-11T13:48:07.882+0000] {logging_mixin.py:137} INFO - [2023-01-11T13:48:07.881+0000] {dag.py:2676} INFO - Sync 1 DAGs
[2023-01-11T13:48:08.017+0000] {logging_mixin.py:137} INFO - [2023-01-11T13:48:08.017+0000] {dag.py:3427} INFO - Setting next_dagrun for latest_only to 2023-01-11T09:48:08.017041+00:00, run_after=2023-01-11T13:48:08.017041+00:00
[2023-01-11T13:48:08.113+0000] {processor.py:175} INFO - Processing /home/airflow/.local/lib/python3.7/site-packages/airflow/example_dags/example_latest_only.py took 0.540 seconds
[2023-01-11T13:48:38.743+0000] {processor.py:153} INFO - Started process (PID=1134) to work on /home/airflow/.local/lib/python3.7/site-packages/airflow/example_dags/example_latest_only.py
[2023-01-11T13:48:38.752+0000] {processor.py:743} INFO - Processing file /home/airflow/.local/lib/python3.7/site-packages/airflow/example_dags/example_latest_only.py for tasks to queue
[2023-01-11T13:48:38.754+0000] {logging_mixin.py:137} INFO - [2023-01-11T13:48:38.754+0000] {dagbag.py:538} INFO - Filling up the DagBag from /home/airflow/.local/lib/python3.7/site-packages/airflow/example_dags/example_latest_only.py
[2023-01-11T13:48:38.816+0000] {processor.py:753} INFO - DAG(s) dict_keys(['latest_only']) retrieved from /home/airflow/.local/lib/python3.7/site-packages/airflow/example_dags/example_latest_only.py
[2023-01-11T13:48:38.976+0000] {logging_mixin.py:137} INFO - [2023-01-11T13:48:38.976+0000] {dag.py:2676} INFO - Sync 1 DAGs
[2023-01-11T13:48:39.078+0000] {logging_mixin.py:137} INFO - [2023-01-11T13:48:39.077+0000] {dag.py:3427} INFO - Setting next_dagrun for latest_only to 2023-01-11T09:48:39.076841+00:00, run_after=2023-01-11T13:48:39.076841+00:00
[2023-01-11T13:48:39.177+0000] {processor.py:175} INFO - Processing /home/airflow/.local/lib/python3.7/site-packages/airflow/example_dags/example_latest_only.py took 0.444 seconds
[2023-01-11T13:49:09.285+0000] {processor.py:153} INFO - Started process (PID=1347) to work on /home/airflow/.local/lib/python3.7/site-packages/airflow/example_dags/example_latest_only.py
[2023-01-11T13:49:09.287+0000] {processor.py:743} INFO - Processing file /home/airflow/.local/lib/python3.7/site-packages/airflow/example_dags/example_latest_only.py for tasks to queue
[2023-01-11T13:49:09.288+0000] {logging_mixin.py:137} INFO - [2023-01-11T13:49:09.288+0000] {dagbag.py:538} INFO - Filling up the DagBag from /home/airflow/.local/lib/python3.7/site-packages/airflow/example_dags/example_latest_only.py
[2023-01-11T13:49:09.314+0000] {processor.py:753} INFO - DAG(s) dict_keys(['latest_only']) retrieved from /home/airflow/.local/lib/python3.7/site-packages/airflow/example_dags/example_latest_only.py
[2023-01-11T13:49:09.383+0000] {logging_mixin.py:137} INFO - [2023-01-11T13:49:09.383+0000] {dag.py:2676} INFO - Sync 1 DAGs
[2023-01-11T13:49:09.433+0000] {logging_mixin.py:137} INFO - [2023-01-11T13:49:09.432+0000] {dag.py:3427} INFO - Setting next_dagrun for latest_only to 2023-01-11T09:49:09.432528+00:00, run_after=2023-01-11T13:49:09.432528+00:00
[2023-01-11T13:49:09.469+0000] {processor.py:175} INFO - Processing /home/airflow/.local/lib/python3.7/site-packages/airflow/example_dags/example_latest_only.py took 0.191 seconds
[2023-01-11T13:49:40.417+0000] {processor.py:153} INFO - Started process (PID=1561) to work on /home/airflow/.local/lib/python3.7/site-packages/airflow/example_dags/example_latest_only.py
[2023-01-11T13:49:40.419+0000] {processor.py:743} INFO - Processing file /home/airflow/.local/lib/python3.7/site-packages/airflow/example_dags/example_latest_only.py for tasks to queue
[2023-01-11T13:49:40.421+0000] {logging_mixin.py:137} INFO - [2023-01-11T13:49:40.420+0000] {dagbag.py:538} INFO - Filling up the DagBag from /home/airflow/.local/lib/python3.7/site-packages/airflow/example_dags/example_latest_only.py
[2023-01-11T13:49:40.451+0000] {processor.py:753} INFO - DAG(s) dict_keys(['latest_only']) retrieved from /home/airflow/.local/lib/python3.7/site-packages/airflow/example_dags/example_latest_only.py
[2023-01-11T13:49:40.540+0000] {logging_mixin.py:137} INFO - [2023-01-11T13:49:40.539+0000] {dag.py:2676} INFO - Sync 1 DAGs
[2023-01-11T13:49:40.600+0000] {logging_mixin.py:137} INFO - [2023-01-11T13:49:40.599+0000] {dag.py:3427} INFO - Setting next_dagrun for latest_only to 2023-01-11T09:49:40.599073+00:00, run_after=2023-01-11T13:49:40.599073+00:00
[2023-01-11T13:49:40.645+0000] {processor.py:175} INFO - Processing /home/airflow/.local/lib/python3.7/site-packages/airflow/example_dags/example_latest_only.py took 0.235 seconds
[2023-01-11T13:50:10.797+0000] {processor.py:153} INFO - Started process (PID=1773) to work on /home/airflow/.local/lib/python3.7/site-packages/airflow/example_dags/example_latest_only.py
[2023-01-11T13:50:10.799+0000] {processor.py:743} INFO - Processing file /home/airflow/.local/lib/python3.7/site-packages/airflow/example_dags/example_latest_only.py for tasks to queue
[2023-01-11T13:50:10.801+0000] {logging_mixin.py:137} INFO - [2023-01-11T13:50:10.800+0000] {dagbag.py:538} INFO - Filling up the DagBag from /home/airflow/.local/lib/python3.7/site-packages/airflow/example_dags/example_latest_only.py
[2023-01-11T13:50:10.830+0000] {processor.py:753} INFO - DAG(s) dict_keys(['latest_only']) retrieved from /home/airflow/.local/lib/python3.7/site-packages/airflow/example_dags/example_latest_only.py
[2023-01-11T13:50:10.922+0000] {logging_mixin.py:137} INFO - [2023-01-11T13:50:10.921+0000] {dag.py:2676} INFO - Sync 1 DAGs
[2023-01-11T13:50:10.987+0000] {logging_mixin.py:137} INFO - [2023-01-11T13:50:10.987+0000] {dag.py:3427} INFO - Setting next_dagrun for latest_only to 2023-01-11T09:50:10.986683+00:00, run_after=2023-01-11T13:50:10.986683+00:00
[2023-01-11T13:50:11.033+0000] {processor.py:175} INFO - Processing /home/airflow/.local/lib/python3.7/site-packages/airflow/example_dags/example_latest_only.py took 0.245 seconds
