[2023-01-11T13:40:26.231+0000] {processor.py:153} INFO - Started process (PID=345) to work on /home/airflow/.local/lib/python3.7/site-packages/airflow/example_dags/example_latest_only_with_trigger.py
[2023-01-11T13:40:26.232+0000] {processor.py:743} INFO - Processing file /home/airflow/.local/lib/python3.7/site-packages/airflow/example_dags/example_latest_only_with_trigger.py for tasks to queue
[2023-01-11T13:40:26.237+0000] {logging_mixin.py:137} INFO - [2023-01-11T13:40:26.237+0000] {dagbag.py:538} INFO - Filling up the DagBag from /home/airflow/.local/lib/python3.7/site-packages/airflow/example_dags/example_latest_only_with_trigger.py
[2023-01-11T13:40:26.301+0000] {processor.py:753} INFO - DAG(s) dict_keys(['latest_only_with_trigger']) retrieved from /home/airflow/.local/lib/python3.7/site-packages/airflow/example_dags/example_latest_only_with_trigger.py
[2023-01-11T13:40:26.464+0000] {logging_mixin.py:137} INFO - [2023-01-11T13:40:26.464+0000] {dag.py:2676} INFO - Sync 1 DAGs
[2023-01-11T13:40:26.641+0000] {logging_mixin.py:137} INFO - [2023-01-11T13:40:26.640+0000] {dag.py:3427} INFO - Setting next_dagrun for latest_only_with_trigger to 2023-01-11T09:40:26.640554+00:00, run_after=2023-01-11T13:40:26.640554+00:00
[2023-01-11T13:40:26.731+0000] {processor.py:175} INFO - Processing /home/airflow/.local/lib/python3.7/site-packages/airflow/example_dags/example_latest_only_with_trigger.py took 0.506 seconds
[2023-01-11T13:40:57.246+0000] {processor.py:153} INFO - Started process (PID=557) to work on /home/airflow/.local/lib/python3.7/site-packages/airflow/example_dags/example_latest_only_with_trigger.py
[2023-01-11T13:40:57.247+0000] {processor.py:743} INFO - Processing file /home/airflow/.local/lib/python3.7/site-packages/airflow/example_dags/example_latest_only_with_trigger.py for tasks to queue
[2023-01-11T13:40:57.249+0000] {logging_mixin.py:137} INFO - [2023-01-11T13:40:57.248+0000] {dagbag.py:538} INFO - Filling up the DagBag from /home/airflow/.local/lib/python3.7/site-packages/airflow/example_dags/example_latest_only_with_trigger.py
[2023-01-11T13:40:57.292+0000] {processor.py:753} INFO - DAG(s) dict_keys(['latest_only_with_trigger']) retrieved from /home/airflow/.local/lib/python3.7/site-packages/airflow/example_dags/example_latest_only_with_trigger.py
[2023-01-11T13:40:57.482+0000] {logging_mixin.py:137} INFO - [2023-01-11T13:40:57.482+0000] {dag.py:2676} INFO - Sync 1 DAGs
[2023-01-11T13:40:57.657+0000] {logging_mixin.py:137} INFO - [2023-01-11T13:40:57.657+0000] {dag.py:3427} INFO - Setting next_dagrun for latest_only_with_trigger to 2023-01-11T09:40:57.655890+00:00, run_after=2023-01-11T13:40:57.655890+00:00
[2023-01-11T13:40:57.707+0000] {processor.py:175} INFO - Processing /home/airflow/.local/lib/python3.7/site-packages/airflow/example_dags/example_latest_only_with_trigger.py took 0.467 seconds
[2023-01-11T13:43:38.202+0000] {processor.py:153} INFO - Started process (PID=362) to work on /home/airflow/.local/lib/python3.7/site-packages/airflow/example_dags/example_latest_only_with_trigger.py
[2023-01-11T13:43:38.214+0000] {processor.py:743} INFO - Processing file /home/airflow/.local/lib/python3.7/site-packages/airflow/example_dags/example_latest_only_with_trigger.py for tasks to queue
[2023-01-11T13:43:38.225+0000] {logging_mixin.py:137} INFO - [2023-01-11T13:43:38.225+0000] {dagbag.py:538} INFO - Filling up the DagBag from /home/airflow/.local/lib/python3.7/site-packages/airflow/example_dags/example_latest_only_with_trigger.py
[2023-01-11T13:44:54.706+0000] {processor.py:153} INFO - Started process (PID=343) to work on /home/airflow/.local/lib/python3.7/site-packages/airflow/example_dags/example_latest_only_with_trigger.py
[2023-01-11T13:44:54.708+0000] {processor.py:743} INFO - Processing file /home/airflow/.local/lib/python3.7/site-packages/airflow/example_dags/example_latest_only_with_trigger.py for tasks to queue
[2023-01-11T13:44:54.709+0000] {logging_mixin.py:137} INFO - [2023-01-11T13:44:54.709+0000] {dagbag.py:538} INFO - Filling up the DagBag from /home/airflow/.local/lib/python3.7/site-packages/airflow/example_dags/example_latest_only_with_trigger.py
[2023-01-11T13:44:54.751+0000] {processor.py:753} INFO - DAG(s) dict_keys(['latest_only_with_trigger']) retrieved from /home/airflow/.local/lib/python3.7/site-packages/airflow/example_dags/example_latest_only_with_trigger.py
[2023-01-11T13:44:54.889+0000] {logging_mixin.py:137} INFO - [2023-01-11T13:44:54.888+0000] {dag.py:2676} INFO - Sync 1 DAGs
[2023-01-11T13:44:54.963+0000] {logging_mixin.py:137} INFO - [2023-01-11T13:44:54.962+0000] {dag.py:3427} INFO - Setting next_dagrun for latest_only_with_trigger to 2023-01-11T09:44:54.962253+00:00, run_after=2023-01-11T13:44:54.962253+00:00
[2023-01-11T13:44:55.020+0000] {processor.py:175} INFO - Processing /home/airflow/.local/lib/python3.7/site-packages/airflow/example_dags/example_latest_only_with_trigger.py took 0.321 seconds
[2023-01-11T13:46:38.233+0000] {processor.py:153} INFO - Started process (PID=333) to work on /home/airflow/.local/lib/python3.7/site-packages/airflow/example_dags/example_latest_only_with_trigger.py
[2023-01-11T13:46:38.235+0000] {processor.py:743} INFO - Processing file /home/airflow/.local/lib/python3.7/site-packages/airflow/example_dags/example_latest_only_with_trigger.py for tasks to queue
[2023-01-11T13:46:38.236+0000] {logging_mixin.py:137} INFO - [2023-01-11T13:46:38.236+0000] {dagbag.py:538} INFO - Filling up the DagBag from /home/airflow/.local/lib/python3.7/site-packages/airflow/example_dags/example_latest_only_with_trigger.py
[2023-01-11T13:46:38.267+0000] {processor.py:753} INFO - DAG(s) dict_keys(['latest_only_with_trigger']) retrieved from /home/airflow/.local/lib/python3.7/site-packages/airflow/example_dags/example_latest_only_with_trigger.py
[2023-01-11T13:46:38.336+0000] {logging_mixin.py:137} INFO - [2023-01-11T13:46:38.335+0000] {dag.py:2676} INFO - Sync 1 DAGs
[2023-01-11T13:46:38.387+0000] {logging_mixin.py:137} INFO - [2023-01-11T13:46:38.387+0000] {dag.py:3427} INFO - Setting next_dagrun for latest_only_with_trigger to 2023-01-11T09:46:38.386677+00:00, run_after=2023-01-11T13:46:38.386677+00:00
[2023-01-11T13:46:38.430+0000] {processor.py:175} INFO - Processing /home/airflow/.local/lib/python3.7/site-packages/airflow/example_dags/example_latest_only_with_trigger.py took 0.204 seconds
[2023-01-11T13:47:08.601+0000] {processor.py:153} INFO - Started process (PID=550) to work on /home/airflow/.local/lib/python3.7/site-packages/airflow/example_dags/example_latest_only_with_trigger.py
[2023-01-11T13:47:08.603+0000] {processor.py:743} INFO - Processing file /home/airflow/.local/lib/python3.7/site-packages/airflow/example_dags/example_latest_only_with_trigger.py for tasks to queue
[2023-01-11T13:47:08.604+0000] {logging_mixin.py:137} INFO - [2023-01-11T13:47:08.604+0000] {dagbag.py:538} INFO - Filling up the DagBag from /home/airflow/.local/lib/python3.7/site-packages/airflow/example_dags/example_latest_only_with_trigger.py
[2023-01-11T13:47:08.632+0000] {processor.py:753} INFO - DAG(s) dict_keys(['latest_only_with_trigger']) retrieved from /home/airflow/.local/lib/python3.7/site-packages/airflow/example_dags/example_latest_only_with_trigger.py
[2023-01-11T13:47:08.709+0000] {logging_mixin.py:137} INFO - [2023-01-11T13:47:08.709+0000] {dag.py:2676} INFO - Sync 1 DAGs
[2023-01-11T13:47:08.763+0000] {logging_mixin.py:137} INFO - [2023-01-11T13:47:08.763+0000] {dag.py:3427} INFO - Setting next_dagrun for latest_only_with_trigger to 2023-01-11T09:47:08.762767+00:00, run_after=2023-01-11T13:47:08.762767+00:00
[2023-01-11T13:47:08.811+0000] {processor.py:175} INFO - Processing /home/airflow/.local/lib/python3.7/site-packages/airflow/example_dags/example_latest_only_with_trigger.py took 0.217 seconds
[2023-01-11T13:47:42.338+0000] {processor.py:153} INFO - Started process (PID=770) to work on /home/airflow/.local/lib/python3.7/site-packages/airflow/example_dags/example_latest_only_with_trigger.py
[2023-01-11T13:47:42.349+0000] {processor.py:743} INFO - Processing file /home/airflow/.local/lib/python3.7/site-packages/airflow/example_dags/example_latest_only_with_trigger.py for tasks to queue
[2023-01-11T13:47:42.351+0000] {logging_mixin.py:137} INFO - [2023-01-11T13:47:42.351+0000] {dagbag.py:538} INFO - Filling up the DagBag from /home/airflow/.local/lib/python3.7/site-packages/airflow/example_dags/example_latest_only_with_trigger.py
[2023-01-11T13:47:42.415+0000] {processor.py:753} INFO - DAG(s) dict_keys(['latest_only_with_trigger']) retrieved from /home/airflow/.local/lib/python3.7/site-packages/airflow/example_dags/example_latest_only_with_trigger.py
[2023-01-11T13:47:42.588+0000] {logging_mixin.py:137} INFO - [2023-01-11T13:47:42.588+0000] {dag.py:2676} INFO - Sync 1 DAGs
[2023-01-11T13:47:42.652+0000] {logging_mixin.py:137} INFO - [2023-01-11T13:47:42.652+0000] {dag.py:3427} INFO - Setting next_dagrun for latest_only_with_trigger to 2023-01-11T09:47:42.652213+00:00, run_after=2023-01-11T13:47:42.652213+00:00
[2023-01-11T13:47:42.702+0000] {processor.py:175} INFO - Processing /home/airflow/.local/lib/python3.7/site-packages/airflow/example_dags/example_latest_only_with_trigger.py took 0.382 seconds
[2023-01-11T13:48:15.254+0000] {processor.py:153} INFO - Started process (PID=987) to work on /home/airflow/.local/lib/python3.7/site-packages/airflow/example_dags/example_latest_only_with_trigger.py
[2023-01-11T13:48:15.259+0000] {processor.py:743} INFO - Processing file /home/airflow/.local/lib/python3.7/site-packages/airflow/example_dags/example_latest_only_with_trigger.py for tasks to queue
[2023-01-11T13:48:15.261+0000] {logging_mixin.py:137} INFO - [2023-01-11T13:48:15.260+0000] {dagbag.py:538} INFO - Filling up the DagBag from /home/airflow/.local/lib/python3.7/site-packages/airflow/example_dags/example_latest_only_with_trigger.py
[2023-01-11T13:48:15.357+0000] {processor.py:753} INFO - DAG(s) dict_keys(['latest_only_with_trigger']) retrieved from /home/airflow/.local/lib/python3.7/site-packages/airflow/example_dags/example_latest_only_with_trigger.py
[2023-01-11T13:48:15.657+0000] {logging_mixin.py:137} INFO - [2023-01-11T13:48:15.656+0000] {dag.py:2676} INFO - Sync 1 DAGs
[2023-01-11T13:48:15.868+0000] {logging_mixin.py:137} INFO - [2023-01-11T13:48:15.868+0000] {dag.py:3427} INFO - Setting next_dagrun for latest_only_with_trigger to 2023-01-11T09:48:15.867589+00:00, run_after=2023-01-11T13:48:15.867589+00:00
[2023-01-11T13:48:15.981+0000] {processor.py:175} INFO - Processing /home/airflow/.local/lib/python3.7/site-packages/airflow/example_dags/example_latest_only_with_trigger.py took 0.767 seconds
[2023-01-11T13:48:46.435+0000] {processor.py:153} INFO - Started process (PID=1201) to work on /home/airflow/.local/lib/python3.7/site-packages/airflow/example_dags/example_latest_only_with_trigger.py
[2023-01-11T13:48:46.439+0000] {processor.py:743} INFO - Processing file /home/airflow/.local/lib/python3.7/site-packages/airflow/example_dags/example_latest_only_with_trigger.py for tasks to queue
[2023-01-11T13:48:46.440+0000] {logging_mixin.py:137} INFO - [2023-01-11T13:48:46.440+0000] {dagbag.py:538} INFO - Filling up the DagBag from /home/airflow/.local/lib/python3.7/site-packages/airflow/example_dags/example_latest_only_with_trigger.py
[2023-01-11T13:48:46.483+0000] {processor.py:753} INFO - DAG(s) dict_keys(['latest_only_with_trigger']) retrieved from /home/airflow/.local/lib/python3.7/site-packages/airflow/example_dags/example_latest_only_with_trigger.py
[2023-01-11T13:48:46.567+0000] {logging_mixin.py:137} INFO - [2023-01-11T13:48:46.566+0000] {dag.py:2676} INFO - Sync 1 DAGs
[2023-01-11T13:48:46.632+0000] {logging_mixin.py:137} INFO - [2023-01-11T13:48:46.631+0000] {dag.py:3427} INFO - Setting next_dagrun for latest_only_with_trigger to 2023-01-11T09:48:46.630880+00:00, run_after=2023-01-11T13:48:46.630880+00:00
[2023-01-11T13:48:46.679+0000] {processor.py:175} INFO - Processing /home/airflow/.local/lib/python3.7/site-packages/airflow/example_dags/example_latest_only_with_trigger.py took 0.251 seconds
[2023-01-11T13:49:17.123+0000] {processor.py:153} INFO - Started process (PID=1417) to work on /home/airflow/.local/lib/python3.7/site-packages/airflow/example_dags/example_latest_only_with_trigger.py
[2023-01-11T13:49:17.128+0000] {processor.py:743} INFO - Processing file /home/airflow/.local/lib/python3.7/site-packages/airflow/example_dags/example_latest_only_with_trigger.py for tasks to queue
[2023-01-11T13:49:17.130+0000] {logging_mixin.py:137} INFO - [2023-01-11T13:49:17.129+0000] {dagbag.py:538} INFO - Filling up the DagBag from /home/airflow/.local/lib/python3.7/site-packages/airflow/example_dags/example_latest_only_with_trigger.py
[2023-01-11T13:49:17.184+0000] {processor.py:753} INFO - DAG(s) dict_keys(['latest_only_with_trigger']) retrieved from /home/airflow/.local/lib/python3.7/site-packages/airflow/example_dags/example_latest_only_with_trigger.py
[2023-01-11T13:49:17.257+0000] {logging_mixin.py:137} INFO - [2023-01-11T13:49:17.257+0000] {dag.py:2676} INFO - Sync 1 DAGs
[2023-01-11T13:49:17.310+0000] {logging_mixin.py:137} INFO - [2023-01-11T13:49:17.310+0000] {dag.py:3427} INFO - Setting next_dagrun for latest_only_with_trigger to 2023-01-11T09:49:17.309879+00:00, run_after=2023-01-11T13:49:17.309879+00:00
[2023-01-11T13:49:17.347+0000] {processor.py:175} INFO - Processing /home/airflow/.local/lib/python3.7/site-packages/airflow/example_dags/example_latest_only_with_trigger.py took 0.237 seconds
[2023-01-11T13:49:47.436+0000] {processor.py:153} INFO - Started process (PID=1631) to work on /home/airflow/.local/lib/python3.7/site-packages/airflow/example_dags/example_latest_only_with_trigger.py
[2023-01-11T13:49:47.443+0000] {processor.py:743} INFO - Processing file /home/airflow/.local/lib/python3.7/site-packages/airflow/example_dags/example_latest_only_with_trigger.py for tasks to queue
[2023-01-11T13:49:47.445+0000] {logging_mixin.py:137} INFO - [2023-01-11T13:49:47.445+0000] {dagbag.py:538} INFO - Filling up the DagBag from /home/airflow/.local/lib/python3.7/site-packages/airflow/example_dags/example_latest_only_with_trigger.py
[2023-01-11T13:49:47.473+0000] {processor.py:753} INFO - DAG(s) dict_keys(['latest_only_with_trigger']) retrieved from /home/airflow/.local/lib/python3.7/site-packages/airflow/example_dags/example_latest_only_with_trigger.py
[2023-01-11T13:49:47.548+0000] {logging_mixin.py:137} INFO - [2023-01-11T13:49:47.547+0000] {dag.py:2676} INFO - Sync 1 DAGs
[2023-01-11T13:49:47.600+0000] {logging_mixin.py:137} INFO - [2023-01-11T13:49:47.600+0000] {dag.py:3427} INFO - Setting next_dagrun for latest_only_with_trigger to 2023-01-11T09:49:47.600194+00:00, run_after=2023-01-11T13:49:47.600194+00:00
[2023-01-11T13:49:47.642+0000] {processor.py:175} INFO - Processing /home/airflow/.local/lib/python3.7/site-packages/airflow/example_dags/example_latest_only_with_trigger.py took 0.212 seconds
[2023-01-11T13:50:18.464+0000] {processor.py:153} INFO - Started process (PID=1843) to work on /home/airflow/.local/lib/python3.7/site-packages/airflow/example_dags/example_latest_only_with_trigger.py
[2023-01-11T13:50:18.474+0000] {processor.py:743} INFO - Processing file /home/airflow/.local/lib/python3.7/site-packages/airflow/example_dags/example_latest_only_with_trigger.py for tasks to queue
[2023-01-11T13:50:18.475+0000] {logging_mixin.py:137} INFO - [2023-01-11T13:50:18.475+0000] {dagbag.py:538} INFO - Filling up the DagBag from /home/airflow/.local/lib/python3.7/site-packages/airflow/example_dags/example_latest_only_with_trigger.py
[2023-01-11T13:50:18.503+0000] {processor.py:753} INFO - DAG(s) dict_keys(['latest_only_with_trigger']) retrieved from /home/airflow/.local/lib/python3.7/site-packages/airflow/example_dags/example_latest_only_with_trigger.py
[2023-01-11T13:50:18.576+0000] {logging_mixin.py:137} INFO - [2023-01-11T13:50:18.575+0000] {dag.py:2676} INFO - Sync 1 DAGs
[2023-01-11T13:50:18.625+0000] {logging_mixin.py:137} INFO - [2023-01-11T13:50:18.624+0000] {dag.py:3427} INFO - Setting next_dagrun for latest_only_with_trigger to 2023-01-11T09:50:18.624394+00:00, run_after=2023-01-11T13:50:18.624394+00:00
[2023-01-11T13:50:18.698+0000] {processor.py:175} INFO - Processing /home/airflow/.local/lib/python3.7/site-packages/airflow/example_dags/example_latest_only_with_trigger.py took 0.240 seconds
