[2023-01-11T13:40:27.621+0000] {processor.py:153} INFO - Started process (PID=360) to work on /home/airflow/.local/lib/python3.7/site-packages/airflow/example_dags/example_external_task_marker_dag.py
[2023-01-11T13:40:27.622+0000] {processor.py:743} INFO - Processing file /home/airflow/.local/lib/python3.7/site-packages/airflow/example_dags/example_external_task_marker_dag.py for tasks to queue
[2023-01-11T13:40:27.623+0000] {logging_mixin.py:137} INFO - [2023-01-11T13:40:27.623+0000] {dagbag.py:538} INFO - Filling up the DagBag from /home/airflow/.local/lib/python3.7/site-packages/airflow/example_dags/example_external_task_marker_dag.py
[2023-01-11T13:40:27.652+0000] {processor.py:753} INFO - DAG(s) dict_keys(['example_external_task_marker_parent', 'example_external_task_marker_child']) retrieved from /home/airflow/.local/lib/python3.7/site-packages/airflow/example_dags/example_external_task_marker_dag.py
[2023-01-11T13:40:27.722+0000] {logging_mixin.py:137} INFO - [2023-01-11T13:40:27.722+0000] {dag.py:2676} INFO - Sync 2 DAGs
[2023-01-11T13:40:27.769+0000] {logging_mixin.py:137} INFO - [2023-01-11T13:40:27.769+0000] {dag.py:3427} INFO - Setting next_dagrun for example_external_task_marker_child to None, run_after=None
[2023-01-11T13:40:27.777+0000] {logging_mixin.py:137} INFO - [2023-01-11T13:40:27.777+0000] {dag.py:3427} INFO - Setting next_dagrun for example_external_task_marker_parent to None, run_after=None
[2023-01-11T13:40:27.817+0000] {processor.py:175} INFO - Processing /home/airflow/.local/lib/python3.7/site-packages/airflow/example_dags/example_external_task_marker_dag.py took 0.202 seconds
[2023-01-11T13:40:58.065+0000] {processor.py:153} INFO - Started process (PID=572) to work on /home/airflow/.local/lib/python3.7/site-packages/airflow/example_dags/example_external_task_marker_dag.py
[2023-01-11T13:40:58.066+0000] {processor.py:743} INFO - Processing file /home/airflow/.local/lib/python3.7/site-packages/airflow/example_dags/example_external_task_marker_dag.py for tasks to queue
[2023-01-11T13:40:58.067+0000] {logging_mixin.py:137} INFO - [2023-01-11T13:40:58.067+0000] {dagbag.py:538} INFO - Filling up the DagBag from /home/airflow/.local/lib/python3.7/site-packages/airflow/example_dags/example_external_task_marker_dag.py
[2023-01-11T13:40:58.092+0000] {processor.py:753} INFO - DAG(s) dict_keys(['example_external_task_marker_child', 'example_external_task_marker_parent']) retrieved from /home/airflow/.local/lib/python3.7/site-packages/airflow/example_dags/example_external_task_marker_dag.py
[2023-01-11T13:40:58.174+0000] {logging_mixin.py:137} INFO - [2023-01-11T13:40:58.174+0000] {dag.py:2676} INFO - Sync 2 DAGs
[2023-01-11T13:40:58.224+0000] {logging_mixin.py:137} INFO - [2023-01-11T13:40:58.223+0000] {dag.py:3427} INFO - Setting next_dagrun for example_external_task_marker_child to None, run_after=None
[2023-01-11T13:40:58.230+0000] {logging_mixin.py:137} INFO - [2023-01-11T13:40:58.230+0000] {dag.py:3427} INFO - Setting next_dagrun for example_external_task_marker_parent to None, run_after=None
[2023-01-11T13:40:58.261+0000] {processor.py:175} INFO - Processing /home/airflow/.local/lib/python3.7/site-packages/airflow/example_dags/example_external_task_marker_dag.py took 0.203 seconds
[2023-01-11T13:44:55.800+0000] {processor.py:153} INFO - Started process (PID=358) to work on /home/airflow/.local/lib/python3.7/site-packages/airflow/example_dags/example_external_task_marker_dag.py
[2023-01-11T13:44:55.803+0000] {processor.py:743} INFO - Processing file /home/airflow/.local/lib/python3.7/site-packages/airflow/example_dags/example_external_task_marker_dag.py for tasks to queue
[2023-01-11T13:44:55.804+0000] {logging_mixin.py:137} INFO - [2023-01-11T13:44:55.804+0000] {dagbag.py:538} INFO - Filling up the DagBag from /home/airflow/.local/lib/python3.7/site-packages/airflow/example_dags/example_external_task_marker_dag.py
[2023-01-11T13:44:55.842+0000] {processor.py:753} INFO - DAG(s) dict_keys(['example_external_task_marker_parent', 'example_external_task_marker_child']) retrieved from /home/airflow/.local/lib/python3.7/site-packages/airflow/example_dags/example_external_task_marker_dag.py
[2023-01-11T13:44:56.040+0000] {logging_mixin.py:137} INFO - [2023-01-11T13:44:56.040+0000] {dag.py:2676} INFO - Sync 2 DAGs
[2023-01-11T13:44:56.094+0000] {logging_mixin.py:137} INFO - [2023-01-11T13:44:56.093+0000] {dag.py:3427} INFO - Setting next_dagrun for example_external_task_marker_child to None, run_after=None
[2023-01-11T13:44:56.101+0000] {logging_mixin.py:137} INFO - [2023-01-11T13:44:56.101+0000] {dag.py:3427} INFO - Setting next_dagrun for example_external_task_marker_parent to None, run_after=None
[2023-01-11T13:44:56.149+0000] {processor.py:175} INFO - Processing /home/airflow/.local/lib/python3.7/site-packages/airflow/example_dags/example_external_task_marker_dag.py took 0.355 seconds
[2023-01-11T13:46:38.767+0000] {processor.py:153} INFO - Started process (PID=355) to work on /home/airflow/.local/lib/python3.7/site-packages/airflow/example_dags/example_external_task_marker_dag.py
[2023-01-11T13:46:38.776+0000] {processor.py:743} INFO - Processing file /home/airflow/.local/lib/python3.7/site-packages/airflow/example_dags/example_external_task_marker_dag.py for tasks to queue
[2023-01-11T13:46:38.777+0000] {logging_mixin.py:137} INFO - [2023-01-11T13:46:38.777+0000] {dagbag.py:538} INFO - Filling up the DagBag from /home/airflow/.local/lib/python3.7/site-packages/airflow/example_dags/example_external_task_marker_dag.py
[2023-01-11T13:46:38.839+0000] {processor.py:753} INFO - DAG(s) dict_keys(['example_external_task_marker_child', 'example_external_task_marker_parent']) retrieved from /home/airflow/.local/lib/python3.7/site-packages/airflow/example_dags/example_external_task_marker_dag.py
[2023-01-11T13:46:39.149+0000] {logging_mixin.py:137} INFO - [2023-01-11T13:46:39.148+0000] {dag.py:2676} INFO - Sync 2 DAGs
[2023-01-11T13:46:39.237+0000] {logging_mixin.py:137} INFO - [2023-01-11T13:46:39.237+0000] {dag.py:3427} INFO - Setting next_dagrun for example_external_task_marker_child to None, run_after=None
[2023-01-11T13:46:39.244+0000] {logging_mixin.py:137} INFO - [2023-01-11T13:46:39.244+0000] {dag.py:3427} INFO - Setting next_dagrun for example_external_task_marker_parent to None, run_after=None
[2023-01-11T13:46:39.333+0000] {processor.py:175} INFO - Processing /home/airflow/.local/lib/python3.7/site-packages/airflow/example_dags/example_external_task_marker_dag.py took 0.584 seconds
[2023-01-11T13:47:09.479+0000] {processor.py:153} INFO - Started process (PID=567) to work on /home/airflow/.local/lib/python3.7/site-packages/airflow/example_dags/example_external_task_marker_dag.py
[2023-01-11T13:47:09.483+0000] {processor.py:743} INFO - Processing file /home/airflow/.local/lib/python3.7/site-packages/airflow/example_dags/example_external_task_marker_dag.py for tasks to queue
[2023-01-11T13:47:09.485+0000] {logging_mixin.py:137} INFO - [2023-01-11T13:47:09.485+0000] {dagbag.py:538} INFO - Filling up the DagBag from /home/airflow/.local/lib/python3.7/site-packages/airflow/example_dags/example_external_task_marker_dag.py
[2023-01-11T13:47:09.538+0000] {processor.py:753} INFO - DAG(s) dict_keys(['example_external_task_marker_parent', 'example_external_task_marker_child']) retrieved from /home/airflow/.local/lib/python3.7/site-packages/airflow/example_dags/example_external_task_marker_dag.py
[2023-01-11T13:47:09.714+0000] {logging_mixin.py:137} INFO - [2023-01-11T13:47:09.713+0000] {dag.py:2676} INFO - Sync 2 DAGs
[2023-01-11T13:47:09.798+0000] {logging_mixin.py:137} INFO - [2023-01-11T13:47:09.797+0000] {dag.py:3427} INFO - Setting next_dagrun for example_external_task_marker_child to None, run_after=None
[2023-01-11T13:47:09.807+0000] {logging_mixin.py:137} INFO - [2023-01-11T13:47:09.807+0000] {dag.py:3427} INFO - Setting next_dagrun for example_external_task_marker_parent to None, run_after=None
[2023-01-11T13:47:09.903+0000] {processor.py:175} INFO - Processing /home/airflow/.local/lib/python3.7/site-packages/airflow/example_dags/example_external_task_marker_dag.py took 0.431 seconds
[2023-01-11T13:47:43.159+0000] {processor.py:153} INFO - Started process (PID=787) to work on /home/airflow/.local/lib/python3.7/site-packages/airflow/example_dags/example_external_task_marker_dag.py
[2023-01-11T13:47:43.163+0000] {processor.py:743} INFO - Processing file /home/airflow/.local/lib/python3.7/site-packages/airflow/example_dags/example_external_task_marker_dag.py for tasks to queue
[2023-01-11T13:47:43.164+0000] {logging_mixin.py:137} INFO - [2023-01-11T13:47:43.164+0000] {dagbag.py:538} INFO - Filling up the DagBag from /home/airflow/.local/lib/python3.7/site-packages/airflow/example_dags/example_external_task_marker_dag.py
[2023-01-11T13:47:43.256+0000] {processor.py:753} INFO - DAG(s) dict_keys(['example_external_task_marker_child', 'example_external_task_marker_parent']) retrieved from /home/airflow/.local/lib/python3.7/site-packages/airflow/example_dags/example_external_task_marker_dag.py
[2023-01-11T13:47:43.406+0000] {logging_mixin.py:137} INFO - [2023-01-11T13:47:43.406+0000] {dag.py:2676} INFO - Sync 2 DAGs
[2023-01-11T13:47:43.592+0000] {logging_mixin.py:137} INFO - [2023-01-11T13:47:43.592+0000] {dag.py:3427} INFO - Setting next_dagrun for example_external_task_marker_child to None, run_after=None
[2023-01-11T13:47:43.608+0000] {logging_mixin.py:137} INFO - [2023-01-11T13:47:43.608+0000] {dag.py:3427} INFO - Setting next_dagrun for example_external_task_marker_parent to None, run_after=None
[2023-01-11T13:47:43.722+0000] {processor.py:175} INFO - Processing /home/airflow/.local/lib/python3.7/site-packages/airflow/example_dags/example_external_task_marker_dag.py took 0.569 seconds
[2023-01-11T13:48:18.488+0000] {processor.py:153} INFO - Started process (PID=1002) to work on /home/airflow/.local/lib/python3.7/site-packages/airflow/example_dags/example_external_task_marker_dag.py
[2023-01-11T13:48:18.498+0000] {processor.py:743} INFO - Processing file /home/airflow/.local/lib/python3.7/site-packages/airflow/example_dags/example_external_task_marker_dag.py for tasks to queue
[2023-01-11T13:48:18.542+0000] {logging_mixin.py:137} INFO - [2023-01-11T13:48:18.527+0000] {dagbag.py:538} INFO - Filling up the DagBag from /home/airflow/.local/lib/python3.7/site-packages/airflow/example_dags/example_external_task_marker_dag.py
[2023-01-11T13:48:18.717+0000] {processor.py:753} INFO - DAG(s) dict_keys(['example_external_task_marker_child', 'example_external_task_marker_parent']) retrieved from /home/airflow/.local/lib/python3.7/site-packages/airflow/example_dags/example_external_task_marker_dag.py
[2023-01-11T13:48:19.261+0000] {logging_mixin.py:137} INFO - [2023-01-11T13:48:19.261+0000] {dag.py:2676} INFO - Sync 2 DAGs
[2023-01-11T13:48:19.865+0000] {logging_mixin.py:137} INFO - [2023-01-11T13:48:19.864+0000] {dag.py:3427} INFO - Setting next_dagrun for example_external_task_marker_child to None, run_after=None
[2023-01-11T13:48:19.892+0000] {logging_mixin.py:137} INFO - [2023-01-11T13:48:19.883+0000] {dag.py:3427} INFO - Setting next_dagrun for example_external_task_marker_parent to None, run_after=None
[2023-01-11T13:48:20.006+0000] {processor.py:175} INFO - Processing /home/airflow/.local/lib/python3.7/site-packages/airflow/example_dags/example_external_task_marker_dag.py took 1.597 seconds
[2023-01-11T13:48:50.323+0000] {processor.py:153} INFO - Started process (PID=1220) to work on /home/airflow/.local/lib/python3.7/site-packages/airflow/example_dags/example_external_task_marker_dag.py
[2023-01-11T13:48:50.325+0000] {processor.py:743} INFO - Processing file /home/airflow/.local/lib/python3.7/site-packages/airflow/example_dags/example_external_task_marker_dag.py for tasks to queue
[2023-01-11T13:48:50.326+0000] {logging_mixin.py:137} INFO - [2023-01-11T13:48:50.326+0000] {dagbag.py:538} INFO - Filling up the DagBag from /home/airflow/.local/lib/python3.7/site-packages/airflow/example_dags/example_external_task_marker_dag.py
[2023-01-11T13:48:50.359+0000] {processor.py:753} INFO - DAG(s) dict_keys(['example_external_task_marker_parent', 'example_external_task_marker_child']) retrieved from /home/airflow/.local/lib/python3.7/site-packages/airflow/example_dags/example_external_task_marker_dag.py
[2023-01-11T13:48:50.438+0000] {logging_mixin.py:137} INFO - [2023-01-11T13:48:50.437+0000] {dag.py:2676} INFO - Sync 2 DAGs
[2023-01-11T13:48:50.487+0000] {logging_mixin.py:137} INFO - [2023-01-11T13:48:50.487+0000] {dag.py:3427} INFO - Setting next_dagrun for example_external_task_marker_child to None, run_after=None
[2023-01-11T13:48:50.494+0000] {logging_mixin.py:137} INFO - [2023-01-11T13:48:50.494+0000] {dag.py:3427} INFO - Setting next_dagrun for example_external_task_marker_parent to None, run_after=None
[2023-01-11T13:48:50.544+0000] {processor.py:175} INFO - Processing /home/airflow/.local/lib/python3.7/site-packages/airflow/example_dags/example_external_task_marker_dag.py took 0.228 seconds
[2023-01-11T13:49:21.418+0000] {processor.py:153} INFO - Started process (PID=1432) to work on /home/airflow/.local/lib/python3.7/site-packages/airflow/example_dags/example_external_task_marker_dag.py
[2023-01-11T13:49:21.427+0000] {processor.py:743} INFO - Processing file /home/airflow/.local/lib/python3.7/site-packages/airflow/example_dags/example_external_task_marker_dag.py for tasks to queue
[2023-01-11T13:49:21.428+0000] {logging_mixin.py:137} INFO - [2023-01-11T13:49:21.427+0000] {dagbag.py:538} INFO - Filling up the DagBag from /home/airflow/.local/lib/python3.7/site-packages/airflow/example_dags/example_external_task_marker_dag.py
[2023-01-11T13:49:21.443+0000] {processor.py:753} INFO - DAG(s) dict_keys(['example_external_task_marker_parent', 'example_external_task_marker_child']) retrieved from /home/airflow/.local/lib/python3.7/site-packages/airflow/example_dags/example_external_task_marker_dag.py
[2023-01-11T13:49:21.499+0000] {logging_mixin.py:137} INFO - [2023-01-11T13:49:21.497+0000] {dag.py:2676} INFO - Sync 2 DAGs
[2023-01-11T13:49:21.554+0000] {logging_mixin.py:137} INFO - [2023-01-11T13:49:21.553+0000] {dag.py:3427} INFO - Setting next_dagrun for example_external_task_marker_child to None, run_after=None
[2023-01-11T13:49:21.559+0000] {logging_mixin.py:137} INFO - [2023-01-11T13:49:21.559+0000] {dag.py:3427} INFO - Setting next_dagrun for example_external_task_marker_parent to None, run_after=None
[2023-01-11T13:49:21.578+0000] {processor.py:175} INFO - Processing /home/airflow/.local/lib/python3.7/site-packages/airflow/example_dags/example_external_task_marker_dag.py took 0.164 seconds
[2023-01-11T13:49:51.750+0000] {processor.py:153} INFO - Started process (PID=1646) to work on /home/airflow/.local/lib/python3.7/site-packages/airflow/example_dags/example_external_task_marker_dag.py
[2023-01-11T13:49:51.751+0000] {processor.py:743} INFO - Processing file /home/airflow/.local/lib/python3.7/site-packages/airflow/example_dags/example_external_task_marker_dag.py for tasks to queue
[2023-01-11T13:49:51.753+0000] {logging_mixin.py:137} INFO - [2023-01-11T13:49:51.752+0000] {dagbag.py:538} INFO - Filling up the DagBag from /home/airflow/.local/lib/python3.7/site-packages/airflow/example_dags/example_external_task_marker_dag.py
[2023-01-11T13:49:51.794+0000] {processor.py:753} INFO - DAG(s) dict_keys(['example_external_task_marker_child', 'example_external_task_marker_parent']) retrieved from /home/airflow/.local/lib/python3.7/site-packages/airflow/example_dags/example_external_task_marker_dag.py
[2023-01-11T13:49:51.886+0000] {logging_mixin.py:137} INFO - [2023-01-11T13:49:51.886+0000] {dag.py:2676} INFO - Sync 2 DAGs
[2023-01-11T13:49:51.938+0000] {logging_mixin.py:137} INFO - [2023-01-11T13:49:51.938+0000] {dag.py:3427} INFO - Setting next_dagrun for example_external_task_marker_child to None, run_after=None
[2023-01-11T13:49:51.946+0000] {logging_mixin.py:137} INFO - [2023-01-11T13:49:51.946+0000] {dag.py:3427} INFO - Setting next_dagrun for example_external_task_marker_parent to None, run_after=None
[2023-01-11T13:49:51.983+0000] {processor.py:175} INFO - Processing /home/airflow/.local/lib/python3.7/site-packages/airflow/example_dags/example_external_task_marker_dag.py took 0.240 seconds
[2023-01-11T13:50:22.785+0000] {processor.py:153} INFO - Started process (PID=1858) to work on /home/airflow/.local/lib/python3.7/site-packages/airflow/example_dags/example_external_task_marker_dag.py
[2023-01-11T13:50:22.800+0000] {processor.py:743} INFO - Processing file /home/airflow/.local/lib/python3.7/site-packages/airflow/example_dags/example_external_task_marker_dag.py for tasks to queue
[2023-01-11T13:50:22.802+0000] {logging_mixin.py:137} INFO - [2023-01-11T13:50:22.802+0000] {dagbag.py:538} INFO - Filling up the DagBag from /home/airflow/.local/lib/python3.7/site-packages/airflow/example_dags/example_external_task_marker_dag.py
[2023-01-11T13:50:22.830+0000] {processor.py:753} INFO - DAG(s) dict_keys(['example_external_task_marker_child', 'example_external_task_marker_parent']) retrieved from /home/airflow/.local/lib/python3.7/site-packages/airflow/example_dags/example_external_task_marker_dag.py
[2023-01-11T13:50:22.924+0000] {logging_mixin.py:137} INFO - [2023-01-11T13:50:22.923+0000] {dag.py:2676} INFO - Sync 2 DAGs
[2023-01-11T13:50:22.984+0000] {logging_mixin.py:137} INFO - [2023-01-11T13:50:22.983+0000] {dag.py:3427} INFO - Setting next_dagrun for example_external_task_marker_child to None, run_after=None
[2023-01-11T13:50:22.990+0000] {logging_mixin.py:137} INFO - [2023-01-11T13:50:22.990+0000] {dag.py:3427} INFO - Setting next_dagrun for example_external_task_marker_parent to None, run_after=None
[2023-01-11T13:50:23.026+0000] {processor.py:175} INFO - Processing /home/airflow/.local/lib/python3.7/site-packages/airflow/example_dags/example_external_task_marker_dag.py took 0.247 seconds
