[2023-01-11T13:40:09.788+0000] {processor.py:153} INFO - Started process (PID=225) to work on /home/airflow/.local/lib/python3.7/site-packages/airflow/example_dags/example_datasets.py
[2023-01-11T13:40:09.789+0000] {processor.py:743} INFO - Processing file /home/airflow/.local/lib/python3.7/site-packages/airflow/example_dags/example_datasets.py for tasks to queue
[2023-01-11T13:40:09.791+0000] {logging_mixin.py:137} INFO - [2023-01-11T13:40:09.790+0000] {dagbag.py:538} INFO - Filling up the DagBag from /home/airflow/.local/lib/python3.7/site-packages/airflow/example_dags/example_datasets.py
[2023-01-11T13:40:09.878+0000] {processor.py:753} INFO - DAG(s) dict_keys(['dataset_consumes_1_and_2', 'dataset_consumes_1_never_scheduled', 'dataset_consumes_unknown_never_scheduled', 'dataset_produces_1', 'dataset_produces_2', 'dataset_consumes_1']) retrieved from /home/airflow/.local/lib/python3.7/site-packages/airflow/example_dags/example_datasets.py
[2023-01-11T13:40:10.484+0000] {logging_mixin.py:137} INFO - [2023-01-11T13:40:10.483+0000] {dag.py:2676} INFO - Sync 6 DAGs
[2023-01-11T13:40:10.567+0000] {logging_mixin.py:137} INFO - [2023-01-11T13:40:10.567+0000] {dag.py:3427} INFO - Setting next_dagrun for dataset_consumes_1 to None, run_after=None
[2023-01-11T13:40:10.577+0000] {logging_mixin.py:137} INFO - [2023-01-11T13:40:10.576+0000] {dag.py:3427} INFO - Setting next_dagrun for dataset_consumes_1_and_2 to None, run_after=None
[2023-01-11T13:40:10.580+0000] {logging_mixin.py:137} INFO - [2023-01-11T13:40:10.579+0000] {dag.py:3427} INFO - Setting next_dagrun for dataset_consumes_1_never_scheduled to None, run_after=None
[2023-01-11T13:40:10.583+0000] {logging_mixin.py:137} INFO - [2023-01-11T13:40:10.583+0000] {dag.py:3427} INFO - Setting next_dagrun for dataset_consumes_unknown_never_scheduled to None, run_after=None
[2023-01-11T13:40:10.593+0000] {logging_mixin.py:137} INFO - [2023-01-11T13:40:10.592+0000] {dag.py:3427} INFO - Setting next_dagrun for dataset_produces_1 to 2023-01-10T00:00:00+00:00, run_after=2023-01-11T00:00:00+00:00
[2023-01-11T13:40:10.596+0000] {logging_mixin.py:137} INFO - [2023-01-11T13:40:10.595+0000] {dag.py:3427} INFO - Setting next_dagrun for dataset_produces_2 to None, run_after=None
[2023-01-11T13:40:10.764+0000] {processor.py:175} INFO - Processing /home/airflow/.local/lib/python3.7/site-packages/airflow/example_dags/example_datasets.py took 0.991 seconds
[2023-01-11T13:40:40.958+0000] {processor.py:153} INFO - Started process (PID=437) to work on /home/airflow/.local/lib/python3.7/site-packages/airflow/example_dags/example_datasets.py
[2023-01-11T13:40:40.971+0000] {processor.py:743} INFO - Processing file /home/airflow/.local/lib/python3.7/site-packages/airflow/example_dags/example_datasets.py for tasks to queue
[2023-01-11T13:40:40.972+0000] {logging_mixin.py:137} INFO - [2023-01-11T13:40:40.972+0000] {dagbag.py:538} INFO - Filling up the DagBag from /home/airflow/.local/lib/python3.7/site-packages/airflow/example_dags/example_datasets.py
[2023-01-11T13:40:41.007+0000] {processor.py:753} INFO - DAG(s) dict_keys(['dataset_consumes_1', 'dataset_produces_2', 'dataset_produces_1', 'dataset_consumes_unknown_never_scheduled', 'dataset_consumes_1_never_scheduled', 'dataset_consumes_1_and_2']) retrieved from /home/airflow/.local/lib/python3.7/site-packages/airflow/example_dags/example_datasets.py
[2023-01-11T13:40:41.119+0000] {logging_mixin.py:137} INFO - [2023-01-11T13:40:41.119+0000] {dag.py:2676} INFO - Sync 6 DAGs
[2023-01-11T13:40:41.174+0000] {logging_mixin.py:137} INFO - [2023-01-11T13:40:41.174+0000] {dag.py:3427} INFO - Setting next_dagrun for dataset_consumes_1 to None, run_after=None
[2023-01-11T13:40:41.190+0000] {logging_mixin.py:137} INFO - [2023-01-11T13:40:41.190+0000] {dag.py:3427} INFO - Setting next_dagrun for dataset_consumes_1_and_2 to None, run_after=None
[2023-01-11T13:40:41.193+0000] {logging_mixin.py:137} INFO - [2023-01-11T13:40:41.193+0000] {dag.py:3427} INFO - Setting next_dagrun for dataset_consumes_1_never_scheduled to None, run_after=None
[2023-01-11T13:40:41.195+0000] {logging_mixin.py:137} INFO - [2023-01-11T13:40:41.195+0000] {dag.py:3427} INFO - Setting next_dagrun for dataset_consumes_unknown_never_scheduled to None, run_after=None
[2023-01-11T13:40:41.200+0000] {logging_mixin.py:137} INFO - [2023-01-11T13:40:41.200+0000] {dag.py:3427} INFO - Setting next_dagrun for dataset_produces_1 to 2023-01-10T00:00:00+00:00, run_after=2023-01-11T00:00:00+00:00
[2023-01-11T13:40:41.202+0000] {logging_mixin.py:137} INFO - [2023-01-11T13:40:41.202+0000] {dag.py:3427} INFO - Setting next_dagrun for dataset_produces_2 to None, run_after=None
[2023-01-11T13:40:41.274+0000] {processor.py:175} INFO - Processing /home/airflow/.local/lib/python3.7/site-packages/airflow/example_dags/example_datasets.py took 0.322 seconds
[2023-01-11T13:42:47.759+0000] {processor.py:153} INFO - Started process (PID=231) to work on /home/airflow/.local/lib/python3.7/site-packages/airflow/example_dags/example_datasets.py
[2023-01-11T13:42:47.792+0000] {processor.py:743} INFO - Processing file /home/airflow/.local/lib/python3.7/site-packages/airflow/example_dags/example_datasets.py for tasks to queue
[2023-01-11T13:42:47.794+0000] {logging_mixin.py:137} INFO - [2023-01-11T13:42:47.794+0000] {dagbag.py:538} INFO - Filling up the DagBag from /home/airflow/.local/lib/python3.7/site-packages/airflow/example_dags/example_datasets.py
[2023-01-11T13:42:47.939+0000] {processor.py:753} INFO - DAG(s) dict_keys(['dataset_produces_1', 'dataset_consumes_unknown_never_scheduled', 'dataset_produces_2', 'dataset_consumes_1_never_scheduled', 'dataset_consumes_1_and_2', 'dataset_consumes_1']) retrieved from /home/airflow/.local/lib/python3.7/site-packages/airflow/example_dags/example_datasets.py
[2023-01-11T13:42:49.186+0000] {logging_mixin.py:137} INFO - [2023-01-11T13:42:49.185+0000] {dag.py:2676} INFO - Sync 6 DAGs
[2023-01-11T13:42:49.629+0000] {logging_mixin.py:137} INFO - [2023-01-11T13:42:49.628+0000] {dag.py:3427} INFO - Setting next_dagrun for dataset_consumes_1 to None, run_after=None
[2023-01-11T13:42:49.649+0000] {logging_mixin.py:137} INFO - [2023-01-11T13:42:49.648+0000] {dag.py:3427} INFO - Setting next_dagrun for dataset_consumes_1_and_2 to None, run_after=None
[2023-01-11T13:42:49.676+0000] {logging_mixin.py:137} INFO - [2023-01-11T13:42:49.675+0000] {dag.py:3427} INFO - Setting next_dagrun for dataset_consumes_1_never_scheduled to None, run_after=None
[2023-01-11T13:42:49.684+0000] {logging_mixin.py:137} INFO - [2023-01-11T13:42:49.683+0000] {dag.py:3427} INFO - Setting next_dagrun for dataset_consumes_unknown_never_scheduled to None, run_after=None
[2023-01-11T13:42:49.690+0000] {logging_mixin.py:137} INFO - [2023-01-11T13:42:49.689+0000] {dag.py:3427} INFO - Setting next_dagrun for dataset_produces_1 to 2023-01-10T00:00:00+00:00, run_after=2023-01-11T00:00:00+00:00
[2023-01-11T13:42:49.784+0000] {logging_mixin.py:137} INFO - [2023-01-11T13:42:49.784+0000] {dag.py:3427} INFO - Setting next_dagrun for dataset_produces_2 to None, run_after=None
[2023-01-11T13:42:50.604+0000] {processor.py:175} INFO - Processing /home/airflow/.local/lib/python3.7/site-packages/airflow/example_dags/example_datasets.py took 2.851 seconds
[2023-01-11T13:44:41.751+0000] {processor.py:153} INFO - Started process (PID=222) to work on /home/airflow/.local/lib/python3.7/site-packages/airflow/example_dags/example_datasets.py
[2023-01-11T13:44:41.768+0000] {processor.py:743} INFO - Processing file /home/airflow/.local/lib/python3.7/site-packages/airflow/example_dags/example_datasets.py for tasks to queue
[2023-01-11T13:44:41.770+0000] {logging_mixin.py:137} INFO - [2023-01-11T13:44:41.769+0000] {dagbag.py:538} INFO - Filling up the DagBag from /home/airflow/.local/lib/python3.7/site-packages/airflow/example_dags/example_datasets.py
[2023-01-11T13:44:41.959+0000] {processor.py:753} INFO - DAG(s) dict_keys(['dataset_consumes_1_and_2', 'dataset_produces_1', 'dataset_produces_2', 'dataset_consumes_unknown_never_scheduled', 'dataset_consumes_1', 'dataset_consumes_1_never_scheduled']) retrieved from /home/airflow/.local/lib/python3.7/site-packages/airflow/example_dags/example_datasets.py
[2023-01-11T13:44:42.629+0000] {logging_mixin.py:137} INFO - [2023-01-11T13:44:42.628+0000] {dag.py:2676} INFO - Sync 6 DAGs
[2023-01-11T13:44:42.863+0000] {logging_mixin.py:137} INFO - [2023-01-11T13:44:42.863+0000] {dag.py:3427} INFO - Setting next_dagrun for dataset_consumes_1 to None, run_after=None
[2023-01-11T13:44:42.888+0000] {logging_mixin.py:137} INFO - [2023-01-11T13:44:42.888+0000] {dag.py:3427} INFO - Setting next_dagrun for dataset_consumes_1_and_2 to None, run_after=None
[2023-01-11T13:44:42.902+0000] {logging_mixin.py:137} INFO - [2023-01-11T13:44:42.902+0000] {dag.py:3427} INFO - Setting next_dagrun for dataset_consumes_1_never_scheduled to None, run_after=None
[2023-01-11T13:44:42.911+0000] {logging_mixin.py:137} INFO - [2023-01-11T13:44:42.910+0000] {dag.py:3427} INFO - Setting next_dagrun for dataset_consumes_unknown_never_scheduled to None, run_after=None
[2023-01-11T13:44:42.934+0000] {logging_mixin.py:137} INFO - [2023-01-11T13:44:42.933+0000] {dag.py:3427} INFO - Setting next_dagrun for dataset_produces_1 to 2023-01-10T00:00:00+00:00, run_after=2023-01-11T00:00:00+00:00
[2023-01-11T13:44:42.947+0000] {logging_mixin.py:137} INFO - [2023-01-11T13:44:42.946+0000] {dag.py:3427} INFO - Setting next_dagrun for dataset_produces_2 to None, run_after=None
[2023-01-11T13:44:43.231+0000] {processor.py:175} INFO - Processing /home/airflow/.local/lib/python3.7/site-packages/airflow/example_dags/example_datasets.py took 1.514 seconds
[2023-01-11T13:45:13.278+0000] {processor.py:153} INFO - Started process (PID=435) to work on /home/airflow/.local/lib/python3.7/site-packages/airflow/example_dags/example_datasets.py
[2023-01-11T13:45:13.280+0000] {processor.py:743} INFO - Processing file /home/airflow/.local/lib/python3.7/site-packages/airflow/example_dags/example_datasets.py for tasks to queue
[2023-01-11T13:45:13.281+0000] {logging_mixin.py:137} INFO - [2023-01-11T13:45:13.281+0000] {dagbag.py:538} INFO - Filling up the DagBag from /home/airflow/.local/lib/python3.7/site-packages/airflow/example_dags/example_datasets.py
[2023-01-11T13:45:13.321+0000] {processor.py:753} INFO - DAG(s) dict_keys(['dataset_consumes_1', 'dataset_produces_1', 'dataset_produces_2', 'dataset_consumes_1_never_scheduled', 'dataset_consumes_1_and_2', 'dataset_consumes_unknown_never_scheduled']) retrieved from /home/airflow/.local/lib/python3.7/site-packages/airflow/example_dags/example_datasets.py
[2023-01-11T13:45:13.432+0000] {logging_mixin.py:137} INFO - [2023-01-11T13:45:13.432+0000] {dag.py:2676} INFO - Sync 6 DAGs
[2023-01-11T13:45:13.485+0000] {logging_mixin.py:137} INFO - [2023-01-11T13:45:13.485+0000] {dag.py:3427} INFO - Setting next_dagrun for dataset_consumes_1 to None, run_after=None
[2023-01-11T13:45:13.492+0000] {logging_mixin.py:137} INFO - [2023-01-11T13:45:13.491+0000] {dag.py:3427} INFO - Setting next_dagrun for dataset_consumes_1_and_2 to None, run_after=None
[2023-01-11T13:45:13.494+0000] {logging_mixin.py:137} INFO - [2023-01-11T13:45:13.494+0000] {dag.py:3427} INFO - Setting next_dagrun for dataset_consumes_1_never_scheduled to None, run_after=None
[2023-01-11T13:45:13.497+0000] {logging_mixin.py:137} INFO - [2023-01-11T13:45:13.496+0000] {dag.py:3427} INFO - Setting next_dagrun for dataset_consumes_unknown_never_scheduled to None, run_after=None
[2023-01-11T13:45:13.502+0000] {logging_mixin.py:137} INFO - [2023-01-11T13:45:13.502+0000] {dag.py:3427} INFO - Setting next_dagrun for dataset_produces_1 to 2023-01-10T00:00:00+00:00, run_after=2023-01-11T00:00:00+00:00
[2023-01-11T13:45:13.505+0000] {logging_mixin.py:137} INFO - [2023-01-11T13:45:13.505+0000] {dag.py:3427} INFO - Setting next_dagrun for dataset_produces_2 to None, run_after=None
[2023-01-11T13:45:13.574+0000] {processor.py:175} INFO - Processing /home/airflow/.local/lib/python3.7/site-packages/airflow/example_dags/example_datasets.py took 0.302 seconds
[2023-01-11T13:46:30.433+0000] {processor.py:153} INFO - Started process (PID=223) to work on /home/airflow/.local/lib/python3.7/site-packages/airflow/example_dags/example_datasets.py
[2023-01-11T13:46:30.440+0000] {processor.py:743} INFO - Processing file /home/airflow/.local/lib/python3.7/site-packages/airflow/example_dags/example_datasets.py for tasks to queue
[2023-01-11T13:46:30.442+0000] {logging_mixin.py:137} INFO - [2023-01-11T13:46:30.442+0000] {dagbag.py:538} INFO - Filling up the DagBag from /home/airflow/.local/lib/python3.7/site-packages/airflow/example_dags/example_datasets.py
[2023-01-11T13:46:30.592+0000] {processor.py:753} INFO - DAG(s) dict_keys(['dataset_produces_2', 'dataset_consumes_1', 'dataset_consumes_1_and_2', 'dataset_consumes_unknown_never_scheduled', 'dataset_produces_1', 'dataset_consumes_1_never_scheduled']) retrieved from /home/airflow/.local/lib/python3.7/site-packages/airflow/example_dags/example_datasets.py
[2023-01-11T13:46:31.343+0000] {logging_mixin.py:137} INFO - [2023-01-11T13:46:31.343+0000] {dag.py:2676} INFO - Sync 6 DAGs
[2023-01-11T13:46:31.533+0000] {logging_mixin.py:137} INFO - [2023-01-11T13:46:31.533+0000] {dag.py:3427} INFO - Setting next_dagrun for dataset_consumes_1 to None, run_after=None
[2023-01-11T13:46:31.547+0000] {logging_mixin.py:137} INFO - [2023-01-11T13:46:31.547+0000] {dag.py:3427} INFO - Setting next_dagrun for dataset_consumes_1_and_2 to None, run_after=None
[2023-01-11T13:46:31.563+0000] {logging_mixin.py:137} INFO - [2023-01-11T13:46:31.563+0000] {dag.py:3427} INFO - Setting next_dagrun for dataset_consumes_1_never_scheduled to None, run_after=None
[2023-01-11T13:46:31.567+0000] {logging_mixin.py:137} INFO - [2023-01-11T13:46:31.567+0000] {dag.py:3427} INFO - Setting next_dagrun for dataset_consumes_unknown_never_scheduled to None, run_after=None
[2023-01-11T13:46:31.584+0000] {logging_mixin.py:137} INFO - [2023-01-11T13:46:31.584+0000] {dag.py:3427} INFO - Setting next_dagrun for dataset_produces_1 to 2023-01-10T00:00:00+00:00, run_after=2023-01-11T00:00:00+00:00
[2023-01-11T13:46:31.594+0000] {logging_mixin.py:137} INFO - [2023-01-11T13:46:31.594+0000] {dag.py:3427} INFO - Setting next_dagrun for dataset_produces_2 to None, run_after=None
[2023-01-11T13:46:31.795+0000] {processor.py:175} INFO - Processing /home/airflow/.local/lib/python3.7/site-packages/airflow/example_dags/example_datasets.py took 1.369 seconds
[2023-01-11T13:47:01.978+0000] {processor.py:153} INFO - Started process (PID=436) to work on /home/airflow/.local/lib/python3.7/site-packages/airflow/example_dags/example_datasets.py
[2023-01-11T13:47:01.986+0000] {processor.py:743} INFO - Processing file /home/airflow/.local/lib/python3.7/site-packages/airflow/example_dags/example_datasets.py for tasks to queue
[2023-01-11T13:47:01.987+0000] {logging_mixin.py:137} INFO - [2023-01-11T13:47:01.987+0000] {dagbag.py:538} INFO - Filling up the DagBag from /home/airflow/.local/lib/python3.7/site-packages/airflow/example_dags/example_datasets.py
[2023-01-11T13:47:02.025+0000] {processor.py:753} INFO - DAG(s) dict_keys(['dataset_produces_1', 'dataset_consumes_1', 'dataset_consumes_unknown_never_scheduled', 'dataset_produces_2', 'dataset_consumes_1_never_scheduled', 'dataset_consumes_1_and_2']) retrieved from /home/airflow/.local/lib/python3.7/site-packages/airflow/example_dags/example_datasets.py
[2023-01-11T13:47:02.134+0000] {logging_mixin.py:137} INFO - [2023-01-11T13:47:02.134+0000] {dag.py:2676} INFO - Sync 6 DAGs
[2023-01-11T13:47:02.188+0000] {logging_mixin.py:137} INFO - [2023-01-11T13:47:02.188+0000] {dag.py:3427} INFO - Setting next_dagrun for dataset_consumes_1 to None, run_after=None
[2023-01-11T13:47:02.195+0000] {logging_mixin.py:137} INFO - [2023-01-11T13:47:02.194+0000] {dag.py:3427} INFO - Setting next_dagrun for dataset_consumes_1_and_2 to None, run_after=None
[2023-01-11T13:47:02.197+0000] {logging_mixin.py:137} INFO - [2023-01-11T13:47:02.197+0000] {dag.py:3427} INFO - Setting next_dagrun for dataset_consumes_1_never_scheduled to None, run_after=None
[2023-01-11T13:47:02.200+0000] {logging_mixin.py:137} INFO - [2023-01-11T13:47:02.200+0000] {dag.py:3427} INFO - Setting next_dagrun for dataset_consumes_unknown_never_scheduled to None, run_after=None
[2023-01-11T13:47:02.206+0000] {logging_mixin.py:137} INFO - [2023-01-11T13:47:02.206+0000] {dag.py:3427} INFO - Setting next_dagrun for dataset_produces_1 to 2023-01-10T00:00:00+00:00, run_after=2023-01-11T00:00:00+00:00
[2023-01-11T13:47:02.209+0000] {logging_mixin.py:137} INFO - [2023-01-11T13:47:02.208+0000] {dag.py:3427} INFO - Setting next_dagrun for dataset_produces_2 to None, run_after=None
[2023-01-11T13:47:02.333+0000] {processor.py:175} INFO - Processing /home/airflow/.local/lib/python3.7/site-packages/airflow/example_dags/example_datasets.py took 0.362 seconds
[2023-01-11T13:47:32.713+0000] {processor.py:153} INFO - Started process (PID=655) to work on /home/airflow/.local/lib/python3.7/site-packages/airflow/example_dags/example_datasets.py
[2023-01-11T13:47:32.723+0000] {processor.py:743} INFO - Processing file /home/airflow/.local/lib/python3.7/site-packages/airflow/example_dags/example_datasets.py for tasks to queue
[2023-01-11T13:47:32.724+0000] {logging_mixin.py:137} INFO - [2023-01-11T13:47:32.724+0000] {dagbag.py:538} INFO - Filling up the DagBag from /home/airflow/.local/lib/python3.7/site-packages/airflow/example_dags/example_datasets.py
[2023-01-11T13:47:32.817+0000] {processor.py:753} INFO - DAG(s) dict_keys(['dataset_produces_1', 'dataset_consumes_1_and_2', 'dataset_produces_2', 'dataset_consumes_1', 'dataset_consumes_unknown_never_scheduled', 'dataset_consumes_1_never_scheduled']) retrieved from /home/airflow/.local/lib/python3.7/site-packages/airflow/example_dags/example_datasets.py
[2023-01-11T13:47:33.100+0000] {logging_mixin.py:137} INFO - [2023-01-11T13:47:33.100+0000] {dag.py:2676} INFO - Sync 6 DAGs
[2023-01-11T13:47:33.242+0000] {logging_mixin.py:137} INFO - [2023-01-11T13:47:33.241+0000] {dag.py:3427} INFO - Setting next_dagrun for dataset_consumes_1 to None, run_after=None
[2023-01-11T13:47:33.270+0000] {logging_mixin.py:137} INFO - [2023-01-11T13:47:33.270+0000] {dag.py:3427} INFO - Setting next_dagrun for dataset_consumes_1_and_2 to None, run_after=None
[2023-01-11T13:47:33.273+0000] {logging_mixin.py:137} INFO - [2023-01-11T13:47:33.273+0000] {dag.py:3427} INFO - Setting next_dagrun for dataset_consumes_1_never_scheduled to None, run_after=None
[2023-01-11T13:47:33.276+0000] {logging_mixin.py:137} INFO - [2023-01-11T13:47:33.276+0000] {dag.py:3427} INFO - Setting next_dagrun for dataset_consumes_unknown_never_scheduled to None, run_after=None
[2023-01-11T13:47:33.289+0000] {logging_mixin.py:137} INFO - [2023-01-11T13:47:33.288+0000] {dag.py:3427} INFO - Setting next_dagrun for dataset_produces_1 to 2023-01-10T00:00:00+00:00, run_after=2023-01-11T00:00:00+00:00
[2023-01-11T13:47:33.300+0000] {logging_mixin.py:137} INFO - [2023-01-11T13:47:33.299+0000] {dag.py:3427} INFO - Setting next_dagrun for dataset_produces_2 to None, run_after=None
[2023-01-11T13:47:33.407+0000] {processor.py:175} INFO - Processing /home/airflow/.local/lib/python3.7/site-packages/airflow/example_dags/example_datasets.py took 0.709 seconds
[2023-01-11T13:48:03.612+0000] {processor.py:153} INFO - Started process (PID=873) to work on /home/airflow/.local/lib/python3.7/site-packages/airflow/example_dags/example_datasets.py
[2023-01-11T13:48:03.613+0000] {processor.py:743} INFO - Processing file /home/airflow/.local/lib/python3.7/site-packages/airflow/example_dags/example_datasets.py for tasks to queue
[2023-01-11T13:48:03.619+0000] {logging_mixin.py:137} INFO - [2023-01-11T13:48:03.618+0000] {dagbag.py:538} INFO - Filling up the DagBag from /home/airflow/.local/lib/python3.7/site-packages/airflow/example_dags/example_datasets.py
[2023-01-11T13:48:03.699+0000] {processor.py:753} INFO - DAG(s) dict_keys(['dataset_consumes_1_and_2', 'dataset_produces_1', 'dataset_consumes_unknown_never_scheduled', 'dataset_produces_2', 'dataset_consumes_1', 'dataset_consumes_1_never_scheduled']) retrieved from /home/airflow/.local/lib/python3.7/site-packages/airflow/example_dags/example_datasets.py
[2023-01-11T13:48:03.911+0000] {logging_mixin.py:137} INFO - [2023-01-11T13:48:03.911+0000] {dag.py:2676} INFO - Sync 6 DAGs
[2023-01-11T13:48:04.065+0000] {logging_mixin.py:137} INFO - [2023-01-11T13:48:04.064+0000] {dag.py:3427} INFO - Setting next_dagrun for dataset_consumes_1 to None, run_after=None
[2023-01-11T13:48:04.085+0000] {logging_mixin.py:137} INFO - [2023-01-11T13:48:04.085+0000] {dag.py:3427} INFO - Setting next_dagrun for dataset_consumes_1_and_2 to None, run_after=None
[2023-01-11T13:48:04.093+0000] {logging_mixin.py:137} INFO - [2023-01-11T13:48:04.093+0000] {dag.py:3427} INFO - Setting next_dagrun for dataset_consumes_1_never_scheduled to None, run_after=None
[2023-01-11T13:48:04.097+0000] {logging_mixin.py:137} INFO - [2023-01-11T13:48:04.097+0000] {dag.py:3427} INFO - Setting next_dagrun for dataset_consumes_unknown_never_scheduled to None, run_after=None
[2023-01-11T13:48:04.116+0000] {logging_mixin.py:137} INFO - [2023-01-11T13:48:04.116+0000] {dag.py:3427} INFO - Setting next_dagrun for dataset_produces_1 to 2023-01-10T00:00:00+00:00, run_after=2023-01-11T00:00:00+00:00
[2023-01-11T13:48:04.118+0000] {logging_mixin.py:137} INFO - [2023-01-11T13:48:04.118+0000] {dag.py:3427} INFO - Setting next_dagrun for dataset_produces_2 to None, run_after=None
[2023-01-11T13:48:04.246+0000] {processor.py:175} INFO - Processing /home/airflow/.local/lib/python3.7/site-packages/airflow/example_dags/example_datasets.py took 0.653 seconds
[2023-01-11T13:48:34.981+0000] {processor.py:153} INFO - Started process (PID=1079) to work on /home/airflow/.local/lib/python3.7/site-packages/airflow/example_dags/example_datasets.py
[2023-01-11T13:48:34.992+0000] {processor.py:743} INFO - Processing file /home/airflow/.local/lib/python3.7/site-packages/airflow/example_dags/example_datasets.py for tasks to queue
[2023-01-11T13:48:34.993+0000] {logging_mixin.py:137} INFO - [2023-01-11T13:48:34.993+0000] {dagbag.py:538} INFO - Filling up the DagBag from /home/airflow/.local/lib/python3.7/site-packages/airflow/example_dags/example_datasets.py
[2023-01-11T13:48:35.092+0000] {processor.py:753} INFO - DAG(s) dict_keys(['dataset_consumes_1', 'dataset_consumes_1_never_scheduled', 'dataset_consumes_1_and_2', 'dataset_produces_1', 'dataset_consumes_unknown_never_scheduled', 'dataset_produces_2']) retrieved from /home/airflow/.local/lib/python3.7/site-packages/airflow/example_dags/example_datasets.py
[2023-01-11T13:48:35.250+0000] {logging_mixin.py:137} INFO - [2023-01-11T13:48:35.250+0000] {dag.py:2676} INFO - Sync 6 DAGs
[2023-01-11T13:48:35.313+0000] {logging_mixin.py:137} INFO - [2023-01-11T13:48:35.312+0000] {dag.py:3427} INFO - Setting next_dagrun for dataset_consumes_1 to None, run_after=None
[2023-01-11T13:48:35.319+0000] {logging_mixin.py:137} INFO - [2023-01-11T13:48:35.319+0000] {dag.py:3427} INFO - Setting next_dagrun for dataset_consumes_1_and_2 to None, run_after=None
[2023-01-11T13:48:35.321+0000] {logging_mixin.py:137} INFO - [2023-01-11T13:48:35.321+0000] {dag.py:3427} INFO - Setting next_dagrun for dataset_consumes_1_never_scheduled to None, run_after=None
[2023-01-11T13:48:35.324+0000] {logging_mixin.py:137} INFO - [2023-01-11T13:48:35.323+0000] {dag.py:3427} INFO - Setting next_dagrun for dataset_consumes_unknown_never_scheduled to None, run_after=None
[2023-01-11T13:48:35.330+0000] {logging_mixin.py:137} INFO - [2023-01-11T13:48:35.329+0000] {dag.py:3427} INFO - Setting next_dagrun for dataset_produces_1 to 2023-01-10T00:00:00+00:00, run_after=2023-01-11T00:00:00+00:00
[2023-01-11T13:48:35.332+0000] {logging_mixin.py:137} INFO - [2023-01-11T13:48:35.332+0000] {dag.py:3427} INFO - Setting next_dagrun for dataset_produces_2 to None, run_after=None
[2023-01-11T13:48:35.417+0000] {processor.py:175} INFO - Processing /home/airflow/.local/lib/python3.7/site-packages/airflow/example_dags/example_datasets.py took 0.444 seconds
[2023-01-11T13:49:05.648+0000] {processor.py:153} INFO - Started process (PID=1297) to work on /home/airflow/.local/lib/python3.7/site-packages/airflow/example_dags/example_datasets.py
[2023-01-11T13:49:05.649+0000] {processor.py:743} INFO - Processing file /home/airflow/.local/lib/python3.7/site-packages/airflow/example_dags/example_datasets.py for tasks to queue
[2023-01-11T13:49:05.651+0000] {logging_mixin.py:137} INFO - [2023-01-11T13:49:05.650+0000] {dagbag.py:538} INFO - Filling up the DagBag from /home/airflow/.local/lib/python3.7/site-packages/airflow/example_dags/example_datasets.py
[2023-01-11T13:49:05.792+0000] {processor.py:753} INFO - DAG(s) dict_keys(['dataset_produces_2', 'dataset_consumes_1_never_scheduled', 'dataset_consumes_unknown_never_scheduled', 'dataset_consumes_1', 'dataset_consumes_1_and_2', 'dataset_produces_1']) retrieved from /home/airflow/.local/lib/python3.7/site-packages/airflow/example_dags/example_datasets.py
[2023-01-11T13:49:05.946+0000] {logging_mixin.py:137} INFO - [2023-01-11T13:49:05.946+0000] {dag.py:2676} INFO - Sync 6 DAGs
[2023-01-11T13:49:06.009+0000] {logging_mixin.py:137} INFO - [2023-01-11T13:49:06.008+0000] {dag.py:3427} INFO - Setting next_dagrun for dataset_consumes_1 to None, run_after=None
[2023-01-11T13:49:06.018+0000] {logging_mixin.py:137} INFO - [2023-01-11T13:49:06.018+0000] {dag.py:3427} INFO - Setting next_dagrun for dataset_consumes_1_and_2 to None, run_after=None
[2023-01-11T13:49:06.021+0000] {logging_mixin.py:137} INFO - [2023-01-11T13:49:06.021+0000] {dag.py:3427} INFO - Setting next_dagrun for dataset_consumes_1_never_scheduled to None, run_after=None
[2023-01-11T13:49:06.023+0000] {logging_mixin.py:137} INFO - [2023-01-11T13:49:06.023+0000] {dag.py:3427} INFO - Setting next_dagrun for dataset_consumes_unknown_never_scheduled to None, run_after=None
[2023-01-11T13:49:06.029+0000] {logging_mixin.py:137} INFO - [2023-01-11T13:49:06.028+0000] {dag.py:3427} INFO - Setting next_dagrun for dataset_produces_1 to 2023-01-10T00:00:00+00:00, run_after=2023-01-11T00:00:00+00:00
[2023-01-11T13:49:06.031+0000] {logging_mixin.py:137} INFO - [2023-01-11T13:49:06.031+0000] {dag.py:3427} INFO - Setting next_dagrun for dataset_produces_2 to None, run_after=None
[2023-01-11T13:49:06.107+0000] {processor.py:175} INFO - Processing /home/airflow/.local/lib/python3.7/site-packages/airflow/example_dags/example_datasets.py took 0.479 seconds
[2023-01-11T13:49:36.228+0000] {processor.py:153} INFO - Started process (PID=1511) to work on /home/airflow/.local/lib/python3.7/site-packages/airflow/example_dags/example_datasets.py
[2023-01-11T13:49:36.237+0000] {processor.py:743} INFO - Processing file /home/airflow/.local/lib/python3.7/site-packages/airflow/example_dags/example_datasets.py for tasks to queue
[2023-01-11T13:49:36.239+0000] {logging_mixin.py:137} INFO - [2023-01-11T13:49:36.238+0000] {dagbag.py:538} INFO - Filling up the DagBag from /home/airflow/.local/lib/python3.7/site-packages/airflow/example_dags/example_datasets.py
[2023-01-11T13:49:36.273+0000] {processor.py:753} INFO - DAG(s) dict_keys(['dataset_consumes_1_and_2', 'dataset_produces_1', 'dataset_produces_2', 'dataset_consumes_1_never_scheduled', 'dataset_consumes_unknown_never_scheduled', 'dataset_consumes_1']) retrieved from /home/airflow/.local/lib/python3.7/site-packages/airflow/example_dags/example_datasets.py
[2023-01-11T13:49:36.389+0000] {logging_mixin.py:137} INFO - [2023-01-11T13:49:36.388+0000] {dag.py:2676} INFO - Sync 6 DAGs
[2023-01-11T13:49:36.470+0000] {logging_mixin.py:137} INFO - [2023-01-11T13:49:36.470+0000] {dag.py:3427} INFO - Setting next_dagrun for dataset_consumes_1 to None, run_after=None
[2023-01-11T13:49:36.477+0000] {logging_mixin.py:137} INFO - [2023-01-11T13:49:36.477+0000] {dag.py:3427} INFO - Setting next_dagrun for dataset_consumes_1_and_2 to None, run_after=None
[2023-01-11T13:49:36.480+0000] {logging_mixin.py:137} INFO - [2023-01-11T13:49:36.480+0000] {dag.py:3427} INFO - Setting next_dagrun for dataset_consumes_1_never_scheduled to None, run_after=None
[2023-01-11T13:49:36.482+0000] {logging_mixin.py:137} INFO - [2023-01-11T13:49:36.482+0000] {dag.py:3427} INFO - Setting next_dagrun for dataset_consumes_unknown_never_scheduled to None, run_after=None
[2023-01-11T13:49:36.488+0000] {logging_mixin.py:137} INFO - [2023-01-11T13:49:36.487+0000] {dag.py:3427} INFO - Setting next_dagrun for dataset_produces_1 to 2023-01-10T00:00:00+00:00, run_after=2023-01-11T00:00:00+00:00
[2023-01-11T13:49:36.490+0000] {logging_mixin.py:137} INFO - [2023-01-11T13:49:36.490+0000] {dag.py:3427} INFO - Setting next_dagrun for dataset_produces_2 to None, run_after=None
[2023-01-11T13:49:36.575+0000] {processor.py:175} INFO - Processing /home/airflow/.local/lib/python3.7/site-packages/airflow/example_dags/example_datasets.py took 0.354 seconds
[2023-01-11T13:50:06.702+0000] {processor.py:153} INFO - Started process (PID=1723) to work on /home/airflow/.local/lib/python3.7/site-packages/airflow/example_dags/example_datasets.py
[2023-01-11T13:50:06.704+0000] {processor.py:743} INFO - Processing file /home/airflow/.local/lib/python3.7/site-packages/airflow/example_dags/example_datasets.py for tasks to queue
[2023-01-11T13:50:06.706+0000] {logging_mixin.py:137} INFO - [2023-01-11T13:50:06.705+0000] {dagbag.py:538} INFO - Filling up the DagBag from /home/airflow/.local/lib/python3.7/site-packages/airflow/example_dags/example_datasets.py
[2023-01-11T13:50:06.743+0000] {processor.py:753} INFO - DAG(s) dict_keys(['dataset_consumes_1_and_2', 'dataset_produces_1', 'dataset_consumes_unknown_never_scheduled', 'dataset_produces_2', 'dataset_consumes_1_never_scheduled', 'dataset_consumes_1']) retrieved from /home/airflow/.local/lib/python3.7/site-packages/airflow/example_dags/example_datasets.py
[2023-01-11T13:50:06.857+0000] {logging_mixin.py:137} INFO - [2023-01-11T13:50:06.857+0000] {dag.py:2676} INFO - Sync 6 DAGs
[2023-01-11T13:50:06.908+0000] {logging_mixin.py:137} INFO - [2023-01-11T13:50:06.908+0000] {dag.py:3427} INFO - Setting next_dagrun for dataset_consumes_1 to None, run_after=None
[2023-01-11T13:50:06.915+0000] {logging_mixin.py:137} INFO - [2023-01-11T13:50:06.915+0000] {dag.py:3427} INFO - Setting next_dagrun for dataset_consumes_1_and_2 to None, run_after=None
[2023-01-11T13:50:06.918+0000] {logging_mixin.py:137} INFO - [2023-01-11T13:50:06.918+0000] {dag.py:3427} INFO - Setting next_dagrun for dataset_consumes_1_never_scheduled to None, run_after=None
[2023-01-11T13:50:06.920+0000] {logging_mixin.py:137} INFO - [2023-01-11T13:50:06.920+0000] {dag.py:3427} INFO - Setting next_dagrun for dataset_consumes_unknown_never_scheduled to None, run_after=None
[2023-01-11T13:50:06.925+0000] {logging_mixin.py:137} INFO - [2023-01-11T13:50:06.925+0000] {dag.py:3427} INFO - Setting next_dagrun for dataset_produces_1 to 2023-01-10T00:00:00+00:00, run_after=2023-01-11T00:00:00+00:00
[2023-01-11T13:50:06.928+0000] {logging_mixin.py:137} INFO - [2023-01-11T13:50:06.928+0000] {dag.py:3427} INFO - Setting next_dagrun for dataset_produces_2 to None, run_after=None
[2023-01-11T13:50:06.997+0000] {processor.py:175} INFO - Processing /home/airflow/.local/lib/python3.7/site-packages/airflow/example_dags/example_datasets.py took 0.302 seconds
[2023-01-11T13:50:38.109+0000] {processor.py:153} INFO - Started process (PID=1936) to work on /home/airflow/.local/lib/python3.7/site-packages/airflow/example_dags/example_datasets.py
[2023-01-11T13:50:38.117+0000] {processor.py:743} INFO - Processing file /home/airflow/.local/lib/python3.7/site-packages/airflow/example_dags/example_datasets.py for tasks to queue
[2023-01-11T13:50:38.118+0000] {logging_mixin.py:137} INFO - [2023-01-11T13:50:38.118+0000] {dagbag.py:538} INFO - Filling up the DagBag from /home/airflow/.local/lib/python3.7/site-packages/airflow/example_dags/example_datasets.py
[2023-01-11T13:50:38.160+0000] {processor.py:753} INFO - DAG(s) dict_keys(['dataset_produces_2', 'dataset_consumes_unknown_never_scheduled', 'dataset_consumes_1_never_scheduled', 'dataset_produces_1', 'dataset_consumes_1_and_2', 'dataset_consumes_1']) retrieved from /home/airflow/.local/lib/python3.7/site-packages/airflow/example_dags/example_datasets.py
[2023-01-11T13:50:38.314+0000] {logging_mixin.py:137} INFO - [2023-01-11T13:50:38.313+0000] {dag.py:2676} INFO - Sync 6 DAGs
[2023-01-11T13:50:38.393+0000] {logging_mixin.py:137} INFO - [2023-01-11T13:50:38.393+0000] {dag.py:3427} INFO - Setting next_dagrun for dataset_consumes_1 to None, run_after=None
[2023-01-11T13:50:38.405+0000] {logging_mixin.py:137} INFO - [2023-01-11T13:50:38.405+0000] {dag.py:3427} INFO - Setting next_dagrun for dataset_consumes_1_and_2 to None, run_after=None
[2023-01-11T13:50:38.413+0000] {logging_mixin.py:137} INFO - [2023-01-11T13:50:38.413+0000] {dag.py:3427} INFO - Setting next_dagrun for dataset_consumes_1_never_scheduled to None, run_after=None
[2023-01-11T13:50:38.417+0000] {logging_mixin.py:137} INFO - [2023-01-11T13:50:38.416+0000] {dag.py:3427} INFO - Setting next_dagrun for dataset_consumes_unknown_never_scheduled to None, run_after=None
[2023-01-11T13:50:38.427+0000] {logging_mixin.py:137} INFO - [2023-01-11T13:50:38.426+0000] {dag.py:3427} INFO - Setting next_dagrun for dataset_produces_1 to 2023-01-10T00:00:00+00:00, run_after=2023-01-11T00:00:00+00:00
[2023-01-11T13:50:38.433+0000] {logging_mixin.py:137} INFO - [2023-01-11T13:50:38.432+0000] {dag.py:3427} INFO - Setting next_dagrun for dataset_produces_2 to None, run_after=None
[2023-01-11T13:50:38.551+0000] {processor.py:175} INFO - Processing /home/airflow/.local/lib/python3.7/site-packages/airflow/example_dags/example_datasets.py took 0.449 seconds
