[2023-01-11T13:40:23.925+0000] {processor.py:153} INFO - Started process (PID=330) to work on /home/airflow/.local/lib/python3.7/site-packages/airflow/example_dags/example_branch_python_dop_operator_3.py
[2023-01-11T13:40:23.942+0000] {processor.py:743} INFO - Processing file /home/airflow/.local/lib/python3.7/site-packages/airflow/example_dags/example_branch_python_dop_operator_3.py for tasks to queue
[2023-01-11T13:40:23.944+0000] {logging_mixin.py:137} INFO - [2023-01-11T13:40:23.943+0000] {dagbag.py:538} INFO - Filling up the DagBag from /home/airflow/.local/lib/python3.7/site-packages/airflow/example_dags/example_branch_python_dop_operator_3.py
[2023-01-11T13:40:24.039+0000] {processor.py:753} INFO - DAG(s) dict_keys(['example_branch_dop_operator_v3']) retrieved from /home/airflow/.local/lib/python3.7/site-packages/airflow/example_dags/example_branch_python_dop_operator_3.py
[2023-01-11T13:40:24.145+0000] {logging_mixin.py:137} INFO - [2023-01-11T13:40:24.144+0000] {dag.py:2676} INFO - Sync 1 DAGs
[2023-01-11T13:40:24.336+0000] {logging_mixin.py:137} INFO - [2023-01-11T13:40:24.336+0000] {dag.py:3427} INFO - Setting next_dagrun for example_branch_dop_operator_v3 to 2023-01-11T13:39:00+00:00, run_after=2023-01-11T13:40:00+00:00
[2023-01-11T13:40:24.459+0000] {processor.py:175} INFO - Processing /home/airflow/.local/lib/python3.7/site-packages/airflow/example_dags/example_branch_python_dop_operator_3.py took 0.541 seconds
[2023-01-11T13:40:55.414+0000] {processor.py:153} INFO - Started process (PID=542) to work on /home/airflow/.local/lib/python3.7/site-packages/airflow/example_dags/example_branch_python_dop_operator_3.py
[2023-01-11T13:40:55.417+0000] {processor.py:743} INFO - Processing file /home/airflow/.local/lib/python3.7/site-packages/airflow/example_dags/example_branch_python_dop_operator_3.py for tasks to queue
[2023-01-11T13:40:55.427+0000] {logging_mixin.py:137} INFO - [2023-01-11T13:40:55.424+0000] {dagbag.py:538} INFO - Filling up the DagBag from /home/airflow/.local/lib/python3.7/site-packages/airflow/example_dags/example_branch_python_dop_operator_3.py
[2023-01-11T13:40:55.501+0000] {processor.py:753} INFO - DAG(s) dict_keys(['example_branch_dop_operator_v3']) retrieved from /home/airflow/.local/lib/python3.7/site-packages/airflow/example_dags/example_branch_python_dop_operator_3.py
[2023-01-11T13:40:55.803+0000] {logging_mixin.py:137} INFO - [2023-01-11T13:40:55.803+0000] {dag.py:2676} INFO - Sync 1 DAGs
[2023-01-11T13:40:55.885+0000] {logging_mixin.py:137} INFO - [2023-01-11T13:40:55.884+0000] {dag.py:3427} INFO - Setting next_dagrun for example_branch_dop_operator_v3 to 2023-01-11T13:39:00+00:00, run_after=2023-01-11T13:40:00+00:00
[2023-01-11T13:40:55.908+0000] {processor.py:175} INFO - Processing /home/airflow/.local/lib/python3.7/site-packages/airflow/example_dags/example_branch_python_dop_operator_3.py took 0.528 seconds
[2023-01-11T13:43:33.607+0000] {processor.py:153} INFO - Started process (PID=347) to work on /home/airflow/.local/lib/python3.7/site-packages/airflow/example_dags/example_branch_python_dop_operator_3.py
[2023-01-11T13:43:33.616+0000] {processor.py:743} INFO - Processing file /home/airflow/.local/lib/python3.7/site-packages/airflow/example_dags/example_branch_python_dop_operator_3.py for tasks to queue
[2023-01-11T13:43:33.618+0000] {logging_mixin.py:137} INFO - [2023-01-11T13:43:33.618+0000] {dagbag.py:538} INFO - Filling up the DagBag from /home/airflow/.local/lib/python3.7/site-packages/airflow/example_dags/example_branch_python_dop_operator_3.py
[2023-01-11T13:43:34.027+0000] {processor.py:753} INFO - DAG(s) dict_keys(['example_branch_dop_operator_v3']) retrieved from /home/airflow/.local/lib/python3.7/site-packages/airflow/example_dags/example_branch_python_dop_operator_3.py
[2023-01-11T13:43:35.312+0000] {logging_mixin.py:137} INFO - [2023-01-11T13:43:35.311+0000] {dag.py:2676} INFO - Sync 1 DAGs
[2023-01-11T13:43:36.125+0000] {logging_mixin.py:137} INFO - [2023-01-11T13:43:36.125+0000] {dag.py:3427} INFO - Setting next_dagrun for example_branch_dop_operator_v3 to 2023-01-11T13:42:00+00:00, run_after=2023-01-11T13:43:00+00:00
[2023-01-11T13:43:36.702+0000] {processor.py:175} INFO - Processing /home/airflow/.local/lib/python3.7/site-packages/airflow/example_dags/example_branch_python_dop_operator_3.py took 3.111 seconds
[2023-01-11T13:44:53.787+0000] {processor.py:153} INFO - Started process (PID=328) to work on /home/airflow/.local/lib/python3.7/site-packages/airflow/example_dags/example_branch_python_dop_operator_3.py
[2023-01-11T13:44:53.795+0000] {processor.py:743} INFO - Processing file /home/airflow/.local/lib/python3.7/site-packages/airflow/example_dags/example_branch_python_dop_operator_3.py for tasks to queue
[2023-01-11T13:44:53.796+0000] {logging_mixin.py:137} INFO - [2023-01-11T13:44:53.796+0000] {dagbag.py:538} INFO - Filling up the DagBag from /home/airflow/.local/lib/python3.7/site-packages/airflow/example_dags/example_branch_python_dop_operator_3.py
[2023-01-11T13:44:53.859+0000] {processor.py:753} INFO - DAG(s) dict_keys(['example_branch_dop_operator_v3']) retrieved from /home/airflow/.local/lib/python3.7/site-packages/airflow/example_dags/example_branch_python_dop_operator_3.py
[2023-01-11T13:44:53.936+0000] {logging_mixin.py:137} INFO - [2023-01-11T13:44:53.935+0000] {dag.py:2676} INFO - Sync 1 DAGs
[2023-01-11T13:44:54.011+0000] {logging_mixin.py:137} INFO - [2023-01-11T13:44:54.011+0000] {dag.py:3427} INFO - Setting next_dagrun for example_branch_dop_operator_v3 to 2023-01-11T13:43:00+00:00, run_after=2023-01-11T13:44:00+00:00
[2023-01-11T13:44:54.053+0000] {processor.py:175} INFO - Processing /home/airflow/.local/lib/python3.7/site-packages/airflow/example_dags/example_branch_python_dop_operator_3.py took 0.273 seconds
[2023-01-11T13:45:25.018+0000] {processor.py:153} INFO - Started process (PID=543) to work on /home/airflow/.local/lib/python3.7/site-packages/airflow/example_dags/example_branch_python_dop_operator_3.py
[2023-01-11T13:45:25.019+0000] {processor.py:743} INFO - Processing file /home/airflow/.local/lib/python3.7/site-packages/airflow/example_dags/example_branch_python_dop_operator_3.py for tasks to queue
[2023-01-11T13:45:25.022+0000] {logging_mixin.py:137} INFO - [2023-01-11T13:45:25.021+0000] {dagbag.py:538} INFO - Filling up the DagBag from /home/airflow/.local/lib/python3.7/site-packages/airflow/example_dags/example_branch_python_dop_operator_3.py
[2023-01-11T13:45:25.289+0000] {processor.py:753} INFO - DAG(s) dict_keys(['example_branch_dop_operator_v3']) retrieved from /home/airflow/.local/lib/python3.7/site-packages/airflow/example_dags/example_branch_python_dop_operator_3.py
[2023-01-11T13:46:37.833+0000] {processor.py:153} INFO - Started process (PID=318) to work on /home/airflow/.local/lib/python3.7/site-packages/airflow/example_dags/example_branch_python_dop_operator_3.py
[2023-01-11T13:46:37.837+0000] {processor.py:743} INFO - Processing file /home/airflow/.local/lib/python3.7/site-packages/airflow/example_dags/example_branch_python_dop_operator_3.py for tasks to queue
[2023-01-11T13:46:37.839+0000] {logging_mixin.py:137} INFO - [2023-01-11T13:46:37.839+0000] {dagbag.py:538} INFO - Filling up the DagBag from /home/airflow/.local/lib/python3.7/site-packages/airflow/example_dags/example_branch_python_dop_operator_3.py
[2023-01-11T13:46:37.892+0000] {processor.py:753} INFO - DAG(s) dict_keys(['example_branch_dop_operator_v3']) retrieved from /home/airflow/.local/lib/python3.7/site-packages/airflow/example_dags/example_branch_python_dop_operator_3.py
[2023-01-11T13:46:37.960+0000] {logging_mixin.py:137} INFO - [2023-01-11T13:46:37.960+0000] {dag.py:2676} INFO - Sync 1 DAGs
[2023-01-11T13:46:38.021+0000] {logging_mixin.py:137} INFO - [2023-01-11T13:46:38.021+0000] {dag.py:3427} INFO - Setting next_dagrun for example_branch_dop_operator_v3 to 2023-01-11T13:45:00+00:00, run_after=2023-01-11T13:46:00+00:00
[2023-01-11T13:46:38.068+0000] {processor.py:175} INFO - Processing /home/airflow/.local/lib/python3.7/site-packages/airflow/example_dags/example_branch_python_dop_operator_3.py took 0.242 seconds
[2023-01-11T13:47:08.206+0000] {processor.py:153} INFO - Started process (PID=535) to work on /home/airflow/.local/lib/python3.7/site-packages/airflow/example_dags/example_branch_python_dop_operator_3.py
[2023-01-11T13:47:08.207+0000] {processor.py:743} INFO - Processing file /home/airflow/.local/lib/python3.7/site-packages/airflow/example_dags/example_branch_python_dop_operator_3.py for tasks to queue
[2023-01-11T13:47:08.208+0000] {logging_mixin.py:137} INFO - [2023-01-11T13:47:08.208+0000] {dagbag.py:538} INFO - Filling up the DagBag from /home/airflow/.local/lib/python3.7/site-packages/airflow/example_dags/example_branch_python_dop_operator_3.py
[2023-01-11T13:47:08.258+0000] {processor.py:753} INFO - DAG(s) dict_keys(['example_branch_dop_operator_v3']) retrieved from /home/airflow/.local/lib/python3.7/site-packages/airflow/example_dags/example_branch_python_dop_operator_3.py
[2023-01-11T13:47:08.334+0000] {logging_mixin.py:137} INFO - [2023-01-11T13:47:08.334+0000] {dag.py:2676} INFO - Sync 1 DAGs
[2023-01-11T13:47:08.399+0000] {logging_mixin.py:137} INFO - [2023-01-11T13:47:08.399+0000] {dag.py:3427} INFO - Setting next_dagrun for example_branch_dop_operator_v3 to 2023-01-11T13:46:00+00:00, run_after=2023-01-11T13:47:00+00:00
[2023-01-11T13:47:08.437+0000] {processor.py:175} INFO - Processing /home/airflow/.local/lib/python3.7/site-packages/airflow/example_dags/example_branch_python_dop_operator_3.py took 0.238 seconds
[2023-01-11T13:47:41.632+0000] {processor.py:153} INFO - Started process (PID=755) to work on /home/airflow/.local/lib/python3.7/site-packages/airflow/example_dags/example_branch_python_dop_operator_3.py
[2023-01-11T13:47:41.643+0000] {processor.py:743} INFO - Processing file /home/airflow/.local/lib/python3.7/site-packages/airflow/example_dags/example_branch_python_dop_operator_3.py for tasks to queue
[2023-01-11T13:47:41.647+0000] {logging_mixin.py:137} INFO - [2023-01-11T13:47:41.647+0000] {dagbag.py:538} INFO - Filling up the DagBag from /home/airflow/.local/lib/python3.7/site-packages/airflow/example_dags/example_branch_python_dop_operator_3.py
[2023-01-11T13:47:41.765+0000] {processor.py:753} INFO - DAG(s) dict_keys(['example_branch_dop_operator_v3']) retrieved from /home/airflow/.local/lib/python3.7/site-packages/airflow/example_dags/example_branch_python_dop_operator_3.py
[2023-01-11T13:47:41.859+0000] {logging_mixin.py:137} INFO - [2023-01-11T13:47:41.859+0000] {dag.py:2676} INFO - Sync 1 DAGs
[2023-01-11T13:47:41.959+0000] {logging_mixin.py:137} INFO - [2023-01-11T13:47:41.959+0000] {dag.py:3427} INFO - Setting next_dagrun for example_branch_dop_operator_v3 to 2023-01-11T13:46:00+00:00, run_after=2023-01-11T13:47:00+00:00
[2023-01-11T13:47:42.039+0000] {processor.py:175} INFO - Processing /home/airflow/.local/lib/python3.7/site-packages/airflow/example_dags/example_branch_python_dop_operator_3.py took 0.420 seconds
[2023-01-11T13:48:13.740+0000] {processor.py:153} INFO - Started process (PID=972) to work on /home/airflow/.local/lib/python3.7/site-packages/airflow/example_dags/example_branch_python_dop_operator_3.py
[2023-01-11T13:48:13.752+0000] {processor.py:743} INFO - Processing file /home/airflow/.local/lib/python3.7/site-packages/airflow/example_dags/example_branch_python_dop_operator_3.py for tasks to queue
[2023-01-11T13:48:13.754+0000] {logging_mixin.py:137} INFO - [2023-01-11T13:48:13.753+0000] {dagbag.py:538} INFO - Filling up the DagBag from /home/airflow/.local/lib/python3.7/site-packages/airflow/example_dags/example_branch_python_dop_operator_3.py
[2023-01-11T13:48:13.853+0000] {processor.py:753} INFO - DAG(s) dict_keys(['example_branch_dop_operator_v3']) retrieved from /home/airflow/.local/lib/python3.7/site-packages/airflow/example_dags/example_branch_python_dop_operator_3.py
[2023-01-11T13:48:13.942+0000] {logging_mixin.py:137} INFO - [2023-01-11T13:48:13.941+0000] {dag.py:2676} INFO - Sync 1 DAGs
[2023-01-11T13:48:14.098+0000] {logging_mixin.py:137} INFO - [2023-01-11T13:48:14.098+0000] {dag.py:3427} INFO - Setting next_dagrun for example_branch_dop_operator_v3 to 2023-01-11T13:47:00+00:00, run_after=2023-01-11T13:48:00+00:00
[2023-01-11T13:48:14.169+0000] {processor.py:175} INFO - Processing /home/airflow/.local/lib/python3.7/site-packages/airflow/example_dags/example_branch_python_dop_operator_3.py took 0.435 seconds
[2023-01-11T13:48:44.312+0000] {processor.py:153} INFO - Started process (PID=1186) to work on /home/airflow/.local/lib/python3.7/site-packages/airflow/example_dags/example_branch_python_dop_operator_3.py
[2023-01-11T13:48:44.323+0000] {processor.py:743} INFO - Processing file /home/airflow/.local/lib/python3.7/site-packages/airflow/example_dags/example_branch_python_dop_operator_3.py for tasks to queue
[2023-01-11T13:48:44.324+0000] {logging_mixin.py:137} INFO - [2023-01-11T13:48:44.324+0000] {dagbag.py:538} INFO - Filling up the DagBag from /home/airflow/.local/lib/python3.7/site-packages/airflow/example_dags/example_branch_python_dop_operator_3.py
[2023-01-11T13:48:44.422+0000] {processor.py:753} INFO - DAG(s) dict_keys(['example_branch_dop_operator_v3']) retrieved from /home/airflow/.local/lib/python3.7/site-packages/airflow/example_dags/example_branch_python_dop_operator_3.py
[2023-01-11T13:48:44.567+0000] {logging_mixin.py:137} INFO - [2023-01-11T13:48:44.567+0000] {dag.py:2676} INFO - Sync 1 DAGs
[2023-01-11T13:48:44.708+0000] {logging_mixin.py:137} INFO - [2023-01-11T13:48:44.708+0000] {dag.py:3427} INFO - Setting next_dagrun for example_branch_dop_operator_v3 to 2023-01-11T13:47:00+00:00, run_after=2023-01-11T13:48:00+00:00
[2023-01-11T13:48:44.806+0000] {processor.py:175} INFO - Processing /home/airflow/.local/lib/python3.7/site-packages/airflow/example_dags/example_branch_python_dop_operator_3.py took 0.500 seconds
[2023-01-11T13:49:15.189+0000] {processor.py:153} INFO - Started process (PID=1402) to work on /home/airflow/.local/lib/python3.7/site-packages/airflow/example_dags/example_branch_python_dop_operator_3.py
[2023-01-11T13:49:15.198+0000] {processor.py:743} INFO - Processing file /home/airflow/.local/lib/python3.7/site-packages/airflow/example_dags/example_branch_python_dop_operator_3.py for tasks to queue
[2023-01-11T13:49:15.201+0000] {logging_mixin.py:137} INFO - [2023-01-11T13:49:15.200+0000] {dagbag.py:538} INFO - Filling up the DagBag from /home/airflow/.local/lib/python3.7/site-packages/airflow/example_dags/example_branch_python_dop_operator_3.py
[2023-01-11T13:49:15.326+0000] {processor.py:753} INFO - DAG(s) dict_keys(['example_branch_dop_operator_v3']) retrieved from /home/airflow/.local/lib/python3.7/site-packages/airflow/example_dags/example_branch_python_dop_operator_3.py
[2023-01-11T13:49:15.461+0000] {logging_mixin.py:137} INFO - [2023-01-11T13:49:15.461+0000] {dag.py:2676} INFO - Sync 1 DAGs
[2023-01-11T13:49:15.589+0000] {logging_mixin.py:137} INFO - [2023-01-11T13:49:15.589+0000] {dag.py:3427} INFO - Setting next_dagrun for example_branch_dop_operator_v3 to 2023-01-11T13:48:00+00:00, run_after=2023-01-11T13:49:00+00:00
[2023-01-11T13:49:15.701+0000] {processor.py:175} INFO - Processing /home/airflow/.local/lib/python3.7/site-packages/airflow/example_dags/example_branch_python_dop_operator_3.py took 0.519 seconds
[2023-01-11T13:49:45.782+0000] {processor.py:153} INFO - Started process (PID=1615) to work on /home/airflow/.local/lib/python3.7/site-packages/airflow/example_dags/example_branch_python_dop_operator_3.py
[2023-01-11T13:49:45.784+0000] {processor.py:743} INFO - Processing file /home/airflow/.local/lib/python3.7/site-packages/airflow/example_dags/example_branch_python_dop_operator_3.py for tasks to queue
[2023-01-11T13:49:45.786+0000] {logging_mixin.py:137} INFO - [2023-01-11T13:49:45.786+0000] {dagbag.py:538} INFO - Filling up the DagBag from /home/airflow/.local/lib/python3.7/site-packages/airflow/example_dags/example_branch_python_dop_operator_3.py
[2023-01-11T13:49:45.857+0000] {processor.py:753} INFO - DAG(s) dict_keys(['example_branch_dop_operator_v3']) retrieved from /home/airflow/.local/lib/python3.7/site-packages/airflow/example_dags/example_branch_python_dop_operator_3.py
[2023-01-11T13:49:45.985+0000] {logging_mixin.py:137} INFO - [2023-01-11T13:49:45.985+0000] {dag.py:2676} INFO - Sync 1 DAGs
[2023-01-11T13:49:46.071+0000] {logging_mixin.py:137} INFO - [2023-01-11T13:49:46.070+0000] {dag.py:3427} INFO - Setting next_dagrun for example_branch_dop_operator_v3 to 2023-01-11T13:48:00+00:00, run_after=2023-01-11T13:49:00+00:00
[2023-01-11T13:49:46.106+0000] {processor.py:175} INFO - Processing /home/airflow/.local/lib/python3.7/site-packages/airflow/example_dags/example_branch_python_dop_operator_3.py took 0.336 seconds
[2023-01-11T13:50:16.844+0000] {processor.py:153} INFO - Started process (PID=1828) to work on /home/airflow/.local/lib/python3.7/site-packages/airflow/example_dags/example_branch_python_dop_operator_3.py
[2023-01-11T13:50:16.860+0000] {processor.py:743} INFO - Processing file /home/airflow/.local/lib/python3.7/site-packages/airflow/example_dags/example_branch_python_dop_operator_3.py for tasks to queue
[2023-01-11T13:50:16.862+0000] {logging_mixin.py:137} INFO - [2023-01-11T13:50:16.861+0000] {dagbag.py:538} INFO - Filling up the DagBag from /home/airflow/.local/lib/python3.7/site-packages/airflow/example_dags/example_branch_python_dop_operator_3.py
[2023-01-11T13:50:16.986+0000] {processor.py:753} INFO - DAG(s) dict_keys(['example_branch_dop_operator_v3']) retrieved from /home/airflow/.local/lib/python3.7/site-packages/airflow/example_dags/example_branch_python_dop_operator_3.py
[2023-01-11T13:50:17.107+0000] {logging_mixin.py:137} INFO - [2023-01-11T13:50:17.107+0000] {dag.py:2676} INFO - Sync 1 DAGs
[2023-01-11T13:50:17.240+0000] {logging_mixin.py:137} INFO - [2023-01-11T13:50:17.236+0000] {dag.py:3427} INFO - Setting next_dagrun for example_branch_dop_operator_v3 to 2023-01-11T13:49:00+00:00, run_after=2023-01-11T13:50:00+00:00
[2023-01-11T13:50:17.303+0000] {processor.py:175} INFO - Processing /home/airflow/.local/lib/python3.7/site-packages/airflow/example_dags/example_branch_python_dop_operator_3.py took 0.478 seconds
