[2023-01-11T13:40:05.899+0000] {processor.py:153} INFO - Started process (PID=183) to work on /home/airflow/.local/lib/python3.7/site-packages/airflow/example_dags/example_short_circuit_operator.py
[2023-01-11T13:40:05.901+0000] {processor.py:743} INFO - Processing file /home/airflow/.local/lib/python3.7/site-packages/airflow/example_dags/example_short_circuit_operator.py for tasks to queue
[2023-01-11T13:40:05.902+0000] {logging_mixin.py:137} INFO - [2023-01-11T13:40:05.902+0000] {dagbag.py:538} INFO - Filling up the DagBag from /home/airflow/.local/lib/python3.7/site-packages/airflow/example_dags/example_short_circuit_operator.py
[2023-01-11T13:40:05.955+0000] {processor.py:753} INFO - DAG(s) dict_keys(['example_short_circuit_operator']) retrieved from /home/airflow/.local/lib/python3.7/site-packages/airflow/example_dags/example_short_circuit_operator.py
[2023-01-11T13:40:06.048+0000] {logging_mixin.py:137} INFO - [2023-01-11T13:40:06.047+0000] {dag.py:2676} INFO - Sync 1 DAGs
[2023-01-11T13:40:06.108+0000] {logging_mixin.py:137} INFO - [2023-01-11T13:40:06.107+0000] {dag.py:3427} INFO - Setting next_dagrun for example_short_circuit_operator to 2023-01-10T13:40:06.107523+00:00, run_after=2023-01-11T13:40:06.107523+00:00
[2023-01-11T13:40:06.152+0000] {processor.py:175} INFO - Processing /home/airflow/.local/lib/python3.7/site-packages/airflow/example_dags/example_short_circuit_operator.py took 0.260 seconds
[2023-01-11T13:40:36.354+0000] {processor.py:153} INFO - Started process (PID=393) to work on /home/airflow/.local/lib/python3.7/site-packages/airflow/example_dags/example_short_circuit_operator.py
[2023-01-11T13:40:36.365+0000] {processor.py:743} INFO - Processing file /home/airflow/.local/lib/python3.7/site-packages/airflow/example_dags/example_short_circuit_operator.py for tasks to queue
[2023-01-11T13:40:36.366+0000] {logging_mixin.py:137} INFO - [2023-01-11T13:40:36.366+0000] {dagbag.py:538} INFO - Filling up the DagBag from /home/airflow/.local/lib/python3.7/site-packages/airflow/example_dags/example_short_circuit_operator.py
[2023-01-11T13:40:36.435+0000] {processor.py:753} INFO - DAG(s) dict_keys(['example_short_circuit_operator']) retrieved from /home/airflow/.local/lib/python3.7/site-packages/airflow/example_dags/example_short_circuit_operator.py
[2023-01-11T13:40:36.558+0000] {logging_mixin.py:137} INFO - [2023-01-11T13:40:36.558+0000] {dag.py:2676} INFO - Sync 1 DAGs
[2023-01-11T13:40:36.613+0000] {logging_mixin.py:137} INFO - [2023-01-11T13:40:36.613+0000] {dag.py:3427} INFO - Setting next_dagrun for example_short_circuit_operator to 2023-01-10T13:40:36.612669+00:00, run_after=2023-01-11T13:40:36.612669+00:00
[2023-01-11T13:40:36.666+0000] {processor.py:175} INFO - Processing /home/airflow/.local/lib/python3.7/site-packages/airflow/example_dags/example_short_circuit_operator.py took 0.321 seconds
[2023-01-11T13:42:30.536+0000] {processor.py:153} INFO - Started process (PID=183) to work on /home/airflow/.local/lib/python3.7/site-packages/airflow/example_dags/example_short_circuit_operator.py
[2023-01-11T13:42:30.551+0000] {processor.py:743} INFO - Processing file /home/airflow/.local/lib/python3.7/site-packages/airflow/example_dags/example_short_circuit_operator.py for tasks to queue
[2023-01-11T13:42:30.552+0000] {logging_mixin.py:137} INFO - [2023-01-11T13:42:30.552+0000] {dagbag.py:538} INFO - Filling up the DagBag from /home/airflow/.local/lib/python3.7/site-packages/airflow/example_dags/example_short_circuit_operator.py
[2023-01-11T13:42:30.677+0000] {processor.py:753} INFO - DAG(s) dict_keys(['example_short_circuit_operator']) retrieved from /home/airflow/.local/lib/python3.7/site-packages/airflow/example_dags/example_short_circuit_operator.py
[2023-01-11T13:42:30.827+0000] {logging_mixin.py:137} INFO - [2023-01-11T13:42:30.827+0000] {dag.py:2676} INFO - Sync 1 DAGs
[2023-01-11T13:42:31.015+0000] {logging_mixin.py:137} INFO - [2023-01-11T13:42:31.015+0000] {dag.py:3427} INFO - Setting next_dagrun for example_short_circuit_operator to 2023-01-10T13:42:31.014473+00:00, run_after=2023-01-11T13:42:31.014473+00:00
[2023-01-11T13:42:31.154+0000] {processor.py:175} INFO - Processing /home/airflow/.local/lib/python3.7/site-packages/airflow/example_dags/example_short_circuit_operator.py took 0.635 seconds
[2023-01-11T13:44:34.501+0000] {processor.py:153} INFO - Started process (PID=181) to work on /home/airflow/.local/lib/python3.7/site-packages/airflow/example_dags/example_short_circuit_operator.py
[2023-01-11T13:44:34.510+0000] {processor.py:743} INFO - Processing file /home/airflow/.local/lib/python3.7/site-packages/airflow/example_dags/example_short_circuit_operator.py for tasks to queue
[2023-01-11T13:44:34.512+0000] {logging_mixin.py:137} INFO - [2023-01-11T13:44:34.512+0000] {dagbag.py:538} INFO - Filling up the DagBag from /home/airflow/.local/lib/python3.7/site-packages/airflow/example_dags/example_short_circuit_operator.py
[2023-01-11T13:44:34.619+0000] {processor.py:753} INFO - DAG(s) dict_keys(['example_short_circuit_operator']) retrieved from /home/airflow/.local/lib/python3.7/site-packages/airflow/example_dags/example_short_circuit_operator.py
[2023-01-11T13:44:35.061+0000] {logging_mixin.py:137} INFO - [2023-01-11T13:44:35.061+0000] {dag.py:2676} INFO - Sync 1 DAGs
[2023-01-11T13:44:35.195+0000] {logging_mixin.py:137} INFO - [2023-01-11T13:44:35.195+0000] {dag.py:3427} INFO - Setting next_dagrun for example_short_circuit_operator to 2023-01-10T13:44:35.194721+00:00, run_after=2023-01-11T13:44:35.194721+00:00
[2023-01-11T13:44:35.305+0000] {processor.py:175} INFO - Processing /home/airflow/.local/lib/python3.7/site-packages/airflow/example_dags/example_short_circuit_operator.py took 0.830 seconds
[2023-01-11T13:45:05.804+0000] {processor.py:153} INFO - Started process (PID=391) to work on /home/airflow/.local/lib/python3.7/site-packages/airflow/example_dags/example_short_circuit_operator.py
[2023-01-11T13:45:05.807+0000] {processor.py:743} INFO - Processing file /home/airflow/.local/lib/python3.7/site-packages/airflow/example_dags/example_short_circuit_operator.py for tasks to queue
[2023-01-11T13:45:05.808+0000] {logging_mixin.py:137} INFO - [2023-01-11T13:45:05.808+0000] {dagbag.py:538} INFO - Filling up the DagBag from /home/airflow/.local/lib/python3.7/site-packages/airflow/example_dags/example_short_circuit_operator.py
[2023-01-11T13:45:05.858+0000] {processor.py:753} INFO - DAG(s) dict_keys(['example_short_circuit_operator']) retrieved from /home/airflow/.local/lib/python3.7/site-packages/airflow/example_dags/example_short_circuit_operator.py
[2023-01-11T13:45:05.957+0000] {logging_mixin.py:137} INFO - [2023-01-11T13:45:05.957+0000] {dag.py:2676} INFO - Sync 1 DAGs
[2023-01-11T13:45:06.023+0000] {logging_mixin.py:137} INFO - [2023-01-11T13:45:06.023+0000] {dag.py:3427} INFO - Setting next_dagrun for example_short_circuit_operator to 2023-01-10T13:45:06.022969+00:00, run_after=2023-01-11T13:45:06.022969+00:00
[2023-01-11T13:45:06.119+0000] {processor.py:175} INFO - Processing /home/airflow/.local/lib/python3.7/site-packages/airflow/example_dags/example_short_circuit_operator.py took 0.321 seconds
[2023-01-11T13:46:23.507+0000] {processor.py:153} INFO - Started process (PID=182) to work on /home/airflow/.local/lib/python3.7/site-packages/airflow/example_dags/example_short_circuit_operator.py
[2023-01-11T13:46:23.519+0000] {processor.py:743} INFO - Processing file /home/airflow/.local/lib/python3.7/site-packages/airflow/example_dags/example_short_circuit_operator.py for tasks to queue
[2023-01-11T13:46:23.520+0000] {logging_mixin.py:137} INFO - [2023-01-11T13:46:23.520+0000] {dagbag.py:538} INFO - Filling up the DagBag from /home/airflow/.local/lib/python3.7/site-packages/airflow/example_dags/example_short_circuit_operator.py
[2023-01-11T13:46:23.643+0000] {processor.py:753} INFO - DAG(s) dict_keys(['example_short_circuit_operator']) retrieved from /home/airflow/.local/lib/python3.7/site-packages/airflow/example_dags/example_short_circuit_operator.py
[2023-01-11T13:46:23.882+0000] {logging_mixin.py:137} INFO - [2023-01-11T13:46:23.882+0000] {dag.py:2676} INFO - Sync 1 DAGs
[2023-01-11T13:46:24.014+0000] {logging_mixin.py:137} INFO - [2023-01-11T13:46:24.013+0000] {dag.py:3427} INFO - Setting next_dagrun for example_short_circuit_operator to 2023-01-10T13:46:24.013357+00:00, run_after=2023-01-11T13:46:24.013357+00:00
[2023-01-11T13:46:24.134+0000] {processor.py:175} INFO - Processing /home/airflow/.local/lib/python3.7/site-packages/airflow/example_dags/example_short_circuit_operator.py took 0.632 seconds
[2023-01-11T13:46:54.820+0000] {processor.py:153} INFO - Started process (PID=393) to work on /home/airflow/.local/lib/python3.7/site-packages/airflow/example_dags/example_short_circuit_operator.py
[2023-01-11T13:46:54.821+0000] {processor.py:743} INFO - Processing file /home/airflow/.local/lib/python3.7/site-packages/airflow/example_dags/example_short_circuit_operator.py for tasks to queue
[2023-01-11T13:46:54.823+0000] {logging_mixin.py:137} INFO - [2023-01-11T13:46:54.822+0000] {dagbag.py:538} INFO - Filling up the DagBag from /home/airflow/.local/lib/python3.7/site-packages/airflow/example_dags/example_short_circuit_operator.py
[2023-01-11T13:46:54.894+0000] {processor.py:753} INFO - DAG(s) dict_keys(['example_short_circuit_operator']) retrieved from /home/airflow/.local/lib/python3.7/site-packages/airflow/example_dags/example_short_circuit_operator.py
[2023-01-11T13:46:54.987+0000] {logging_mixin.py:137} INFO - [2023-01-11T13:46:54.986+0000] {dag.py:2676} INFO - Sync 1 DAGs
[2023-01-11T13:46:55.059+0000] {logging_mixin.py:137} INFO - [2023-01-11T13:46:55.059+0000] {dag.py:3427} INFO - Setting next_dagrun for example_short_circuit_operator to 2023-01-10T13:46:55.058868+00:00, run_after=2023-01-11T13:46:55.058868+00:00
[2023-01-11T13:46:55.139+0000] {processor.py:175} INFO - Processing /home/airflow/.local/lib/python3.7/site-packages/airflow/example_dags/example_short_circuit_operator.py took 0.326 seconds
[2023-01-11T13:47:25.490+0000] {processor.py:153} INFO - Started process (PID=603) to work on /home/airflow/.local/lib/python3.7/site-packages/airflow/example_dags/example_short_circuit_operator.py
[2023-01-11T13:47:25.497+0000] {processor.py:743} INFO - Processing file /home/airflow/.local/lib/python3.7/site-packages/airflow/example_dags/example_short_circuit_operator.py for tasks to queue
[2023-01-11T13:47:25.497+0000] {logging_mixin.py:137} INFO - [2023-01-11T13:47:25.497+0000] {dagbag.py:538} INFO - Filling up the DagBag from /home/airflow/.local/lib/python3.7/site-packages/airflow/example_dags/example_short_circuit_operator.py
[2023-01-11T13:47:25.512+0000] {processor.py:753} INFO - DAG(s) dict_keys(['example_short_circuit_operator']) retrieved from /home/airflow/.local/lib/python3.7/site-packages/airflow/example_dags/example_short_circuit_operator.py
[2023-01-11T13:47:25.557+0000] {logging_mixin.py:137} INFO - [2023-01-11T13:47:25.557+0000] {dag.py:2676} INFO - Sync 1 DAGs
[2023-01-11T13:47:25.593+0000] {logging_mixin.py:137} INFO - [2023-01-11T13:47:25.592+0000] {dag.py:3427} INFO - Setting next_dagrun for example_short_circuit_operator to 2023-01-10T13:47:25.592679+00:00, run_after=2023-01-11T13:47:25.592679+00:00
[2023-01-11T13:47:25.616+0000] {processor.py:175} INFO - Processing /home/airflow/.local/lib/python3.7/site-packages/airflow/example_dags/example_short_circuit_operator.py took 0.129 seconds
[2023-01-11T13:47:56.387+0000] {processor.py:153} INFO - Started process (PID=823) to work on /home/airflow/.local/lib/python3.7/site-packages/airflow/example_dags/example_short_circuit_operator.py
[2023-01-11T13:47:56.403+0000] {processor.py:743} INFO - Processing file /home/airflow/.local/lib/python3.7/site-packages/airflow/example_dags/example_short_circuit_operator.py for tasks to queue
[2023-01-11T13:47:56.404+0000] {logging_mixin.py:137} INFO - [2023-01-11T13:47:56.404+0000] {dagbag.py:538} INFO - Filling up the DagBag from /home/airflow/.local/lib/python3.7/site-packages/airflow/example_dags/example_short_circuit_operator.py
[2023-01-11T13:47:56.503+0000] {processor.py:753} INFO - DAG(s) dict_keys(['example_short_circuit_operator']) retrieved from /home/airflow/.local/lib/python3.7/site-packages/airflow/example_dags/example_short_circuit_operator.py
[2023-01-11T13:47:56.814+0000] {logging_mixin.py:137} INFO - [2023-01-11T13:47:56.813+0000] {dag.py:2676} INFO - Sync 1 DAGs
[2023-01-11T13:47:56.902+0000] {logging_mixin.py:137} INFO - [2023-01-11T13:47:56.902+0000] {dag.py:3427} INFO - Setting next_dagrun for example_short_circuit_operator to 2023-01-10T13:47:56.902226+00:00, run_after=2023-01-11T13:47:56.902226+00:00
[2023-01-11T13:47:56.944+0000] {processor.py:175} INFO - Processing /home/airflow/.local/lib/python3.7/site-packages/airflow/example_dags/example_short_circuit_operator.py took 0.566 seconds
[2023-01-11T13:48:27.161+0000] {processor.py:153} INFO - Started process (PID=1039) to work on /home/airflow/.local/lib/python3.7/site-packages/airflow/example_dags/example_short_circuit_operator.py
[2023-01-11T13:48:27.178+0000] {processor.py:743} INFO - Processing file /home/airflow/.local/lib/python3.7/site-packages/airflow/example_dags/example_short_circuit_operator.py for tasks to queue
[2023-01-11T13:48:27.182+0000] {logging_mixin.py:137} INFO - [2023-01-11T13:48:27.181+0000] {dagbag.py:538} INFO - Filling up the DagBag from /home/airflow/.local/lib/python3.7/site-packages/airflow/example_dags/example_short_circuit_operator.py
[2023-01-11T13:48:27.373+0000] {processor.py:753} INFO - DAG(s) dict_keys(['example_short_circuit_operator']) retrieved from /home/airflow/.local/lib/python3.7/site-packages/airflow/example_dags/example_short_circuit_operator.py
[2023-01-11T13:48:27.587+0000] {logging_mixin.py:137} INFO - [2023-01-11T13:48:27.586+0000] {dag.py:2676} INFO - Sync 1 DAGs
[2023-01-11T13:48:27.700+0000] {logging_mixin.py:137} INFO - [2023-01-11T13:48:27.700+0000] {dag.py:3427} INFO - Setting next_dagrun for example_short_circuit_operator to 2023-01-10T13:48:27.700169+00:00, run_after=2023-01-11T13:48:27.700169+00:00
[2023-01-11T13:48:27.779+0000] {processor.py:175} INFO - Processing /home/airflow/.local/lib/python3.7/site-packages/airflow/example_dags/example_short_circuit_operator.py took 0.633 seconds
[2023-01-11T13:48:58.240+0000] {processor.py:153} INFO - Started process (PID=1256) to work on /home/airflow/.local/lib/python3.7/site-packages/airflow/example_dags/example_short_circuit_operator.py
[2023-01-11T13:48:58.242+0000] {processor.py:743} INFO - Processing file /home/airflow/.local/lib/python3.7/site-packages/airflow/example_dags/example_short_circuit_operator.py for tasks to queue
[2023-01-11T13:48:58.243+0000] {logging_mixin.py:137} INFO - [2023-01-11T13:48:58.243+0000] {dagbag.py:538} INFO - Filling up the DagBag from /home/airflow/.local/lib/python3.7/site-packages/airflow/example_dags/example_short_circuit_operator.py
[2023-01-11T13:48:58.276+0000] {processor.py:753} INFO - DAG(s) dict_keys(['example_short_circuit_operator']) retrieved from /home/airflow/.local/lib/python3.7/site-packages/airflow/example_dags/example_short_circuit_operator.py
[2023-01-11T13:48:58.349+0000] {logging_mixin.py:137} INFO - [2023-01-11T13:48:58.349+0000] {dag.py:2676} INFO - Sync 1 DAGs
[2023-01-11T13:48:58.399+0000] {logging_mixin.py:137} INFO - [2023-01-11T13:48:58.399+0000] {dag.py:3427} INFO - Setting next_dagrun for example_short_circuit_operator to 2023-01-10T13:48:58.398981+00:00, run_after=2023-01-11T13:48:58.398981+00:00
[2023-01-11T13:48:58.454+0000] {processor.py:175} INFO - Processing /home/airflow/.local/lib/python3.7/site-packages/airflow/example_dags/example_short_circuit_operator.py took 0.220 seconds
[2023-01-11T13:49:28.907+0000] {processor.py:153} INFO - Started process (PID=1470) to work on /home/airflow/.local/lib/python3.7/site-packages/airflow/example_dags/example_short_circuit_operator.py
[2023-01-11T13:49:28.917+0000] {processor.py:743} INFO - Processing file /home/airflow/.local/lib/python3.7/site-packages/airflow/example_dags/example_short_circuit_operator.py for tasks to queue
[2023-01-11T13:49:28.919+0000] {logging_mixin.py:137} INFO - [2023-01-11T13:49:28.918+0000] {dagbag.py:538} INFO - Filling up the DagBag from /home/airflow/.local/lib/python3.7/site-packages/airflow/example_dags/example_short_circuit_operator.py
[2023-01-11T13:49:29.006+0000] {processor.py:753} INFO - DAG(s) dict_keys(['example_short_circuit_operator']) retrieved from /home/airflow/.local/lib/python3.7/site-packages/airflow/example_dags/example_short_circuit_operator.py
[2023-01-11T13:49:29.160+0000] {logging_mixin.py:137} INFO - [2023-01-11T13:49:29.159+0000] {dag.py:2676} INFO - Sync 1 DAGs
[2023-01-11T13:49:29.272+0000] {logging_mixin.py:137} INFO - [2023-01-11T13:49:29.271+0000] {dag.py:3427} INFO - Setting next_dagrun for example_short_circuit_operator to 2023-01-10T13:49:29.271415+00:00, run_after=2023-01-11T13:49:29.271415+00:00
[2023-01-11T13:49:29.361+0000] {processor.py:175} INFO - Processing /home/airflow/.local/lib/python3.7/site-packages/airflow/example_dags/example_short_circuit_operator.py took 0.471 seconds
[2023-01-11T13:49:59.526+0000] {processor.py:153} INFO - Started process (PID=1682) to work on /home/airflow/.local/lib/python3.7/site-packages/airflow/example_dags/example_short_circuit_operator.py
[2023-01-11T13:49:59.527+0000] {processor.py:743} INFO - Processing file /home/airflow/.local/lib/python3.7/site-packages/airflow/example_dags/example_short_circuit_operator.py for tasks to queue
[2023-01-11T13:49:59.527+0000] {logging_mixin.py:137} INFO - [2023-01-11T13:49:59.527+0000] {dagbag.py:538} INFO - Filling up the DagBag from /home/airflow/.local/lib/python3.7/site-packages/airflow/example_dags/example_short_circuit_operator.py
[2023-01-11T13:49:59.542+0000] {processor.py:753} INFO - DAG(s) dict_keys(['example_short_circuit_operator']) retrieved from /home/airflow/.local/lib/python3.7/site-packages/airflow/example_dags/example_short_circuit_operator.py
[2023-01-11T13:49:59.578+0000] {logging_mixin.py:137} INFO - [2023-01-11T13:49:59.578+0000] {dag.py:2676} INFO - Sync 1 DAGs
[2023-01-11T13:49:59.602+0000] {logging_mixin.py:137} INFO - [2023-01-11T13:49:59.602+0000] {dag.py:3427} INFO - Setting next_dagrun for example_short_circuit_operator to 2023-01-10T13:49:59.602409+00:00, run_after=2023-01-11T13:49:59.602409+00:00
[2023-01-11T13:49:59.622+0000] {processor.py:175} INFO - Processing /home/airflow/.local/lib/python3.7/site-packages/airflow/example_dags/example_short_circuit_operator.py took 0.099 seconds
[2023-01-11T13:50:29.870+0000] {processor.py:153} INFO - Started process (PID=1895) to work on /home/airflow/.local/lib/python3.7/site-packages/airflow/example_dags/example_short_circuit_operator.py
[2023-01-11T13:50:29.882+0000] {processor.py:743} INFO - Processing file /home/airflow/.local/lib/python3.7/site-packages/airflow/example_dags/example_short_circuit_operator.py for tasks to queue
[2023-01-11T13:50:29.884+0000] {logging_mixin.py:137} INFO - [2023-01-11T13:50:29.883+0000] {dagbag.py:538} INFO - Filling up the DagBag from /home/airflow/.local/lib/python3.7/site-packages/airflow/example_dags/example_short_circuit_operator.py
[2023-01-11T13:50:29.990+0000] {processor.py:753} INFO - DAG(s) dict_keys(['example_short_circuit_operator']) retrieved from /home/airflow/.local/lib/python3.7/site-packages/airflow/example_dags/example_short_circuit_operator.py
[2023-01-11T13:50:30.164+0000] {logging_mixin.py:137} INFO - [2023-01-11T13:50:30.164+0000] {dag.py:2676} INFO - Sync 1 DAGs
[2023-01-11T13:50:30.281+0000] {logging_mixin.py:137} INFO - [2023-01-11T13:50:30.280+0000] {dag.py:3427} INFO - Setting next_dagrun for example_short_circuit_operator to 2023-01-10T13:50:30.280265+00:00, run_after=2023-01-11T13:50:30.280265+00:00
[2023-01-11T13:50:30.383+0000] {processor.py:175} INFO - Processing /home/airflow/.local/lib/python3.7/site-packages/airflow/example_dags/example_short_circuit_operator.py took 0.530 seconds
