[2023-01-11T13:40:27.857+0000] {processor.py:153} INFO - Started process (PID=365) to work on /home/airflow/.local/lib/python3.7/site-packages/airflow/example_dags/example_xcomargs.py
[2023-01-11T13:40:27.858+0000] {processor.py:743} INFO - Processing file /home/airflow/.local/lib/python3.7/site-packages/airflow/example_dags/example_xcomargs.py for tasks to queue
[2023-01-11T13:40:27.859+0000] {logging_mixin.py:137} INFO - [2023-01-11T13:40:27.859+0000] {dagbag.py:538} INFO - Filling up the DagBag from /home/airflow/.local/lib/python3.7/site-packages/airflow/example_dags/example_xcomargs.py
[2023-01-11T13:40:27.909+0000] {processor.py:753} INFO - DAG(s) dict_keys(['example_xcom_args_with_operators', 'example_xcom_args']) retrieved from /home/airflow/.local/lib/python3.7/site-packages/airflow/example_dags/example_xcomargs.py
[2023-01-11T13:40:27.982+0000] {logging_mixin.py:137} INFO - [2023-01-11T13:40:27.981+0000] {dag.py:2676} INFO - Sync 2 DAGs
[2023-01-11T13:40:28.031+0000] {logging_mixin.py:137} INFO - [2023-01-11T13:40:28.030+0000] {dag.py:3427} INFO - Setting next_dagrun for example_xcom_args to None, run_after=None
[2023-01-11T13:40:28.037+0000] {logging_mixin.py:137} INFO - [2023-01-11T13:40:28.036+0000] {dag.py:3427} INFO - Setting next_dagrun for example_xcom_args_with_operators to None, run_after=None
[2023-01-11T13:40:28.076+0000] {processor.py:175} INFO - Processing /home/airflow/.local/lib/python3.7/site-packages/airflow/example_dags/example_xcomargs.py took 0.225 seconds
[2023-01-11T13:40:58.301+0000] {processor.py:153} INFO - Started process (PID=577) to work on /home/airflow/.local/lib/python3.7/site-packages/airflow/example_dags/example_xcomargs.py
[2023-01-11T13:40:58.303+0000] {processor.py:743} INFO - Processing file /home/airflow/.local/lib/python3.7/site-packages/airflow/example_dags/example_xcomargs.py for tasks to queue
[2023-01-11T13:40:58.304+0000] {logging_mixin.py:137} INFO - [2023-01-11T13:40:58.304+0000] {dagbag.py:538} INFO - Filling up the DagBag from /home/airflow/.local/lib/python3.7/site-packages/airflow/example_dags/example_xcomargs.py
[2023-01-11T13:40:58.350+0000] {processor.py:753} INFO - DAG(s) dict_keys(['example_xcom_args_with_operators', 'example_xcom_args']) retrieved from /home/airflow/.local/lib/python3.7/site-packages/airflow/example_dags/example_xcomargs.py
[2023-01-11T13:40:58.425+0000] {logging_mixin.py:137} INFO - [2023-01-11T13:40:58.424+0000] {dag.py:2676} INFO - Sync 2 DAGs
[2023-01-11T13:40:58.472+0000] {logging_mixin.py:137} INFO - [2023-01-11T13:40:58.472+0000] {dag.py:3427} INFO - Setting next_dagrun for example_xcom_args to None, run_after=None
[2023-01-11T13:40:58.478+0000] {logging_mixin.py:137} INFO - [2023-01-11T13:40:58.478+0000] {dag.py:3427} INFO - Setting next_dagrun for example_xcom_args_with_operators to None, run_after=None
[2023-01-11T13:40:58.520+0000] {processor.py:175} INFO - Processing /home/airflow/.local/lib/python3.7/site-packages/airflow/example_dags/example_xcomargs.py took 0.225 seconds
[2023-01-11T13:44:56.198+0000] {processor.py:153} INFO - Started process (PID=363) to work on /home/airflow/.local/lib/python3.7/site-packages/airflow/example_dags/example_xcomargs.py
[2023-01-11T13:44:56.200+0000] {processor.py:743} INFO - Processing file /home/airflow/.local/lib/python3.7/site-packages/airflow/example_dags/example_xcomargs.py for tasks to queue
[2023-01-11T13:44:56.201+0000] {logging_mixin.py:137} INFO - [2023-01-11T13:44:56.201+0000] {dagbag.py:538} INFO - Filling up the DagBag from /home/airflow/.local/lib/python3.7/site-packages/airflow/example_dags/example_xcomargs.py
[2023-01-11T13:44:56.256+0000] {processor.py:753} INFO - DAG(s) dict_keys(['example_xcom_args_with_operators', 'example_xcom_args']) retrieved from /home/airflow/.local/lib/python3.7/site-packages/airflow/example_dags/example_xcomargs.py
[2023-01-11T13:44:56.343+0000] {logging_mixin.py:137} INFO - [2023-01-11T13:44:56.342+0000] {dag.py:2676} INFO - Sync 2 DAGs
[2023-01-11T13:44:56.413+0000] {logging_mixin.py:137} INFO - [2023-01-11T13:44:56.413+0000] {dag.py:3427} INFO - Setting next_dagrun for example_xcom_args to None, run_after=None
[2023-01-11T13:44:56.421+0000] {logging_mixin.py:137} INFO - [2023-01-11T13:44:56.421+0000] {dag.py:3427} INFO - Setting next_dagrun for example_xcom_args_with_operators to None, run_after=None
[2023-01-11T13:44:56.464+0000] {processor.py:175} INFO - Processing /home/airflow/.local/lib/python3.7/site-packages/airflow/example_dags/example_xcomargs.py took 0.273 seconds
[2023-01-11T13:46:38.928+0000] {processor.py:153} INFO - Started process (PID=361) to work on /home/airflow/.local/lib/python3.7/site-packages/airflow/example_dags/example_xcomargs.py
[2023-01-11T13:46:38.939+0000] {processor.py:743} INFO - Processing file /home/airflow/.local/lib/python3.7/site-packages/airflow/example_dags/example_xcomargs.py for tasks to queue
[2023-01-11T13:46:38.940+0000] {logging_mixin.py:137} INFO - [2023-01-11T13:46:38.940+0000] {dagbag.py:538} INFO - Filling up the DagBag from /home/airflow/.local/lib/python3.7/site-packages/airflow/example_dags/example_xcomargs.py
[2023-01-11T13:46:39.052+0000] {processor.py:753} INFO - DAG(s) dict_keys(['example_xcom_args', 'example_xcom_args_with_operators']) retrieved from /home/airflow/.local/lib/python3.7/site-packages/airflow/example_dags/example_xcomargs.py
[2023-01-11T13:46:39.130+0000] {logging_mixin.py:137} INFO - [2023-01-11T13:46:39.130+0000] {dag.py:2676} INFO - Sync 2 DAGs
[2023-01-11T13:46:39.182+0000] {logging_mixin.py:137} INFO - [2023-01-11T13:46:39.182+0000] {dag.py:3427} INFO - Setting next_dagrun for example_xcom_args to None, run_after=None
[2023-01-11T13:46:39.188+0000] {logging_mixin.py:137} INFO - [2023-01-11T13:46:39.188+0000] {dag.py:3427} INFO - Setting next_dagrun for example_xcom_args_with_operators to None, run_after=None
[2023-01-11T13:46:39.232+0000] {processor.py:175} INFO - Processing /home/airflow/.local/lib/python3.7/site-packages/airflow/example_dags/example_xcomargs.py took 0.309 seconds
[2023-01-11T13:47:09.507+0000] {processor.py:153} INFO - Started process (PID=569) to work on /home/airflow/.local/lib/python3.7/site-packages/airflow/example_dags/example_xcomargs.py
[2023-01-11T13:47:09.509+0000] {processor.py:743} INFO - Processing file /home/airflow/.local/lib/python3.7/site-packages/airflow/example_dags/example_xcomargs.py for tasks to queue
[2023-01-11T13:47:09.511+0000] {logging_mixin.py:137} INFO - [2023-01-11T13:47:09.510+0000] {dagbag.py:538} INFO - Filling up the DagBag from /home/airflow/.local/lib/python3.7/site-packages/airflow/example_dags/example_xcomargs.py
[2023-01-11T13:47:09.597+0000] {processor.py:753} INFO - DAG(s) dict_keys(['example_xcom_args', 'example_xcom_args_with_operators']) retrieved from /home/airflow/.local/lib/python3.7/site-packages/airflow/example_dags/example_xcomargs.py
[2023-01-11T13:47:09.837+0000] {logging_mixin.py:137} INFO - [2023-01-11T13:47:09.837+0000] {dag.py:2676} INFO - Sync 2 DAGs
[2023-01-11T13:47:09.941+0000] {logging_mixin.py:137} INFO - [2023-01-11T13:47:09.941+0000] {dag.py:3427} INFO - Setting next_dagrun for example_xcom_args to None, run_after=None
[2023-01-11T13:47:09.949+0000] {logging_mixin.py:137} INFO - [2023-01-11T13:47:09.948+0000] {dag.py:3427} INFO - Setting next_dagrun for example_xcom_args_with_operators to None, run_after=None
[2023-01-11T13:47:10.158+0000] {processor.py:175} INFO - Processing /home/airflow/.local/lib/python3.7/site-packages/airflow/example_dags/example_xcomargs.py took 0.660 seconds
[2023-01-11T13:47:43.210+0000] {processor.py:153} INFO - Started process (PID=790) to work on /home/airflow/.local/lib/python3.7/site-packages/airflow/example_dags/example_xcomargs.py
[2023-01-11T13:47:43.213+0000] {processor.py:743} INFO - Processing file /home/airflow/.local/lib/python3.7/site-packages/airflow/example_dags/example_xcomargs.py for tasks to queue
[2023-01-11T13:47:43.219+0000] {logging_mixin.py:137} INFO - [2023-01-11T13:47:43.219+0000] {dagbag.py:538} INFO - Filling up the DagBag from /home/airflow/.local/lib/python3.7/site-packages/airflow/example_dags/example_xcomargs.py
[2023-01-11T13:47:43.392+0000] {processor.py:753} INFO - DAG(s) dict_keys(['example_xcom_args', 'example_xcom_args_with_operators']) retrieved from /home/airflow/.local/lib/python3.7/site-packages/airflow/example_dags/example_xcomargs.py
[2023-01-11T13:47:43.771+0000] {logging_mixin.py:137} INFO - [2023-01-11T13:47:43.771+0000] {dag.py:2676} INFO - Sync 2 DAGs
[2023-01-11T13:47:43.883+0000] {logging_mixin.py:137} INFO - [2023-01-11T13:47:43.882+0000] {dag.py:3427} INFO - Setting next_dagrun for example_xcom_args to None, run_after=None
[2023-01-11T13:47:43.913+0000] {logging_mixin.py:137} INFO - [2023-01-11T13:47:43.913+0000] {dag.py:3427} INFO - Setting next_dagrun for example_xcom_args_with_operators to None, run_after=None
[2023-01-11T13:47:44.030+0000] {processor.py:175} INFO - Processing /home/airflow/.local/lib/python3.7/site-packages/airflow/example_dags/example_xcomargs.py took 0.826 seconds
[2023-01-11T13:48:18.800+0000] {processor.py:153} INFO - Started process (PID=1007) to work on /home/airflow/.local/lib/python3.7/site-packages/airflow/example_dags/example_xcomargs.py
[2023-01-11T13:48:18.811+0000] {processor.py:743} INFO - Processing file /home/airflow/.local/lib/python3.7/site-packages/airflow/example_dags/example_xcomargs.py for tasks to queue
[2023-01-11T13:48:18.815+0000] {logging_mixin.py:137} INFO - [2023-01-11T13:48:18.814+0000] {dagbag.py:538} INFO - Filling up the DagBag from /home/airflow/.local/lib/python3.7/site-packages/airflow/example_dags/example_xcomargs.py
[2023-01-11T13:48:19.133+0000] {processor.py:753} INFO - DAG(s) dict_keys(['example_xcom_args', 'example_xcom_args_with_operators']) retrieved from /home/airflow/.local/lib/python3.7/site-packages/airflow/example_dags/example_xcomargs.py
[2023-01-11T13:48:19.842+0000] {logging_mixin.py:137} INFO - [2023-01-11T13:48:19.841+0000] {dag.py:2676} INFO - Sync 2 DAGs
[2023-01-11T13:48:20.030+0000] {logging_mixin.py:137} INFO - [2023-01-11T13:48:20.030+0000] {dag.py:3427} INFO - Setting next_dagrun for example_xcom_args to None, run_after=None
[2023-01-11T13:48:20.047+0000] {logging_mixin.py:137} INFO - [2023-01-11T13:48:20.046+0000] {dag.py:3427} INFO - Setting next_dagrun for example_xcom_args_with_operators to None, run_after=None
[2023-01-11T13:48:20.166+0000] {processor.py:175} INFO - Processing /home/airflow/.local/lib/python3.7/site-packages/airflow/example_dags/example_xcomargs.py took 1.419 seconds
[2023-01-11T13:48:50.590+0000] {processor.py:153} INFO - Started process (PID=1225) to work on /home/airflow/.local/lib/python3.7/site-packages/airflow/example_dags/example_xcomargs.py
[2023-01-11T13:48:50.592+0000] {processor.py:743} INFO - Processing file /home/airflow/.local/lib/python3.7/site-packages/airflow/example_dags/example_xcomargs.py for tasks to queue
[2023-01-11T13:48:50.594+0000] {logging_mixin.py:137} INFO - [2023-01-11T13:48:50.593+0000] {dagbag.py:538} INFO - Filling up the DagBag from /home/airflow/.local/lib/python3.7/site-packages/airflow/example_dags/example_xcomargs.py
[2023-01-11T13:48:50.641+0000] {processor.py:753} INFO - DAG(s) dict_keys(['example_xcom_args_with_operators', 'example_xcom_args']) retrieved from /home/airflow/.local/lib/python3.7/site-packages/airflow/example_dags/example_xcomargs.py
[2023-01-11T13:48:50.736+0000] {logging_mixin.py:137} INFO - [2023-01-11T13:48:50.735+0000] {dag.py:2676} INFO - Sync 2 DAGs
[2023-01-11T13:48:50.789+0000] {logging_mixin.py:137} INFO - [2023-01-11T13:48:50.789+0000] {dag.py:3427} INFO - Setting next_dagrun for example_xcom_args to None, run_after=None
[2023-01-11T13:48:50.796+0000] {logging_mixin.py:137} INFO - [2023-01-11T13:48:50.796+0000] {dag.py:3427} INFO - Setting next_dagrun for example_xcom_args_with_operators to None, run_after=None
[2023-01-11T13:48:50.832+0000] {processor.py:175} INFO - Processing /home/airflow/.local/lib/python3.7/site-packages/airflow/example_dags/example_xcomargs.py took 0.248 seconds
[2023-01-11T13:49:21.426+0000] {processor.py:153} INFO - Started process (PID=1435) to work on /home/airflow/.local/lib/python3.7/site-packages/airflow/example_dags/example_xcomargs.py
[2023-01-11T13:49:21.427+0000] {processor.py:743} INFO - Processing file /home/airflow/.local/lib/python3.7/site-packages/airflow/example_dags/example_xcomargs.py for tasks to queue
[2023-01-11T13:49:21.428+0000] {logging_mixin.py:137} INFO - [2023-01-11T13:49:21.428+0000] {dagbag.py:538} INFO - Filling up the DagBag from /home/airflow/.local/lib/python3.7/site-packages/airflow/example_dags/example_xcomargs.py
[2023-01-11T13:49:21.454+0000] {processor.py:753} INFO - DAG(s) dict_keys(['example_xcom_args_with_operators', 'example_xcom_args']) retrieved from /home/airflow/.local/lib/python3.7/site-packages/airflow/example_dags/example_xcomargs.py
[2023-01-11T13:49:21.538+0000] {logging_mixin.py:137} INFO - [2023-01-11T13:49:21.538+0000] {dag.py:2676} INFO - Sync 2 DAGs
[2023-01-11T13:49:21.566+0000] {logging_mixin.py:137} INFO - [2023-01-11T13:49:21.566+0000] {dag.py:3427} INFO - Setting next_dagrun for example_xcom_args to None, run_after=None
[2023-01-11T13:49:21.570+0000] {logging_mixin.py:137} INFO - [2023-01-11T13:49:21.570+0000] {dag.py:3427} INFO - Setting next_dagrun for example_xcom_args_with_operators to None, run_after=None
[2023-01-11T13:49:21.590+0000] {processor.py:175} INFO - Processing /home/airflow/.local/lib/python3.7/site-packages/airflow/example_dags/example_xcomargs.py took 0.170 seconds
[2023-01-11T13:49:52.028+0000] {processor.py:153} INFO - Started process (PID=1651) to work on /home/airflow/.local/lib/python3.7/site-packages/airflow/example_dags/example_xcomargs.py
[2023-01-11T13:49:52.029+0000] {processor.py:743} INFO - Processing file /home/airflow/.local/lib/python3.7/site-packages/airflow/example_dags/example_xcomargs.py for tasks to queue
[2023-01-11T13:49:52.031+0000] {logging_mixin.py:137} INFO - [2023-01-11T13:49:52.031+0000] {dagbag.py:538} INFO - Filling up the DagBag from /home/airflow/.local/lib/python3.7/site-packages/airflow/example_dags/example_xcomargs.py
[2023-01-11T13:49:52.076+0000] {processor.py:753} INFO - DAG(s) dict_keys(['example_xcom_args_with_operators', 'example_xcom_args']) retrieved from /home/airflow/.local/lib/python3.7/site-packages/airflow/example_dags/example_xcomargs.py
[2023-01-11T13:49:52.156+0000] {logging_mixin.py:137} INFO - [2023-01-11T13:49:52.156+0000] {dag.py:2676} INFO - Sync 2 DAGs
[2023-01-11T13:49:52.207+0000] {logging_mixin.py:137} INFO - [2023-01-11T13:49:52.207+0000] {dag.py:3427} INFO - Setting next_dagrun for example_xcom_args to None, run_after=None
[2023-01-11T13:49:52.216+0000] {logging_mixin.py:137} INFO - [2023-01-11T13:49:52.216+0000] {dag.py:3427} INFO - Setting next_dagrun for example_xcom_args_with_operators to None, run_after=None
[2023-01-11T13:49:52.259+0000] {processor.py:175} INFO - Processing /home/airflow/.local/lib/python3.7/site-packages/airflow/example_dags/example_xcomargs.py took 0.237 seconds
[2023-01-11T13:50:22.795+0000] {processor.py:153} INFO - Started process (PID=1861) to work on /home/airflow/.local/lib/python3.7/site-packages/airflow/example_dags/example_xcomargs.py
[2023-01-11T13:50:22.800+0000] {processor.py:743} INFO - Processing file /home/airflow/.local/lib/python3.7/site-packages/airflow/example_dags/example_xcomargs.py for tasks to queue
[2023-01-11T13:50:22.802+0000] {logging_mixin.py:137} INFO - [2023-01-11T13:50:22.802+0000] {dagbag.py:538} INFO - Filling up the DagBag from /home/airflow/.local/lib/python3.7/site-packages/airflow/example_dags/example_xcomargs.py
[2023-01-11T13:50:22.851+0000] {processor.py:753} INFO - DAG(s) dict_keys(['example_xcom_args', 'example_xcom_args_with_operators']) retrieved from /home/airflow/.local/lib/python3.7/site-packages/airflow/example_dags/example_xcomargs.py
[2023-01-11T13:50:22.942+0000] {logging_mixin.py:137} INFO - [2023-01-11T13:50:22.942+0000] {dag.py:2676} INFO - Sync 2 DAGs
[2023-01-11T13:50:23.006+0000] {logging_mixin.py:137} INFO - [2023-01-11T13:50:23.005+0000] {dag.py:3427} INFO - Setting next_dagrun for example_xcom_args to None, run_after=None
[2023-01-11T13:50:23.013+0000] {logging_mixin.py:137} INFO - [2023-01-11T13:50:23.013+0000] {dag.py:3427} INFO - Setting next_dagrun for example_xcom_args_with_operators to None, run_after=None
[2023-01-11T13:50:23.046+0000] {processor.py:175} INFO - Processing /home/airflow/.local/lib/python3.7/site-packages/airflow/example_dags/example_xcomargs.py took 0.257 seconds
