[2023-01-11T13:40:06.195+0000] {processor.py:153} INFO - Started process (PID=188) to work on /home/airflow/.local/lib/python3.7/site-packages/airflow/example_dags/example_xcom.py
[2023-01-11T13:40:06.197+0000] {processor.py:743} INFO - Processing file /home/airflow/.local/lib/python3.7/site-packages/airflow/example_dags/example_xcom.py for tasks to queue
[2023-01-11T13:40:06.198+0000] {logging_mixin.py:137} INFO - [2023-01-11T13:40:06.198+0000] {dagbag.py:538} INFO - Filling up the DagBag from /home/airflow/.local/lib/python3.7/site-packages/airflow/example_dags/example_xcom.py
[2023-01-11T13:40:06.252+0000] {processor.py:753} INFO - DAG(s) dict_keys(['example_xcom']) retrieved from /home/airflow/.local/lib/python3.7/site-packages/airflow/example_dags/example_xcom.py
[2023-01-11T13:40:06.339+0000] {logging_mixin.py:137} INFO - [2023-01-11T13:40:06.339+0000] {dag.py:2676} INFO - Sync 1 DAGs
[2023-01-11T13:40:06.467+0000] {logging_mixin.py:137} INFO - [2023-01-11T13:40:06.466+0000] {dag.py:3427} INFO - Setting next_dagrun for example_xcom to 2021-01-01T00:00:00+00:00, run_after=2021-01-01T00:00:00+00:00
[2023-01-11T13:40:06.580+0000] {processor.py:175} INFO - Processing /home/airflow/.local/lib/python3.7/site-packages/airflow/example_dags/example_xcom.py took 0.391 seconds
[2023-01-11T13:40:36.753+0000] {processor.py:153} INFO - Started process (PID=400) to work on /home/airflow/.local/lib/python3.7/site-packages/airflow/example_dags/example_xcom.py
[2023-01-11T13:40:36.769+0000] {processor.py:743} INFO - Processing file /home/airflow/.local/lib/python3.7/site-packages/airflow/example_dags/example_xcom.py for tasks to queue
[2023-01-11T13:40:36.770+0000] {logging_mixin.py:137} INFO - [2023-01-11T13:40:36.770+0000] {dagbag.py:538} INFO - Filling up the DagBag from /home/airflow/.local/lib/python3.7/site-packages/airflow/example_dags/example_xcom.py
[2023-01-11T13:40:36.862+0000] {processor.py:753} INFO - DAG(s) dict_keys(['example_xcom']) retrieved from /home/airflow/.local/lib/python3.7/site-packages/airflow/example_dags/example_xcom.py
[2023-01-11T13:40:36.943+0000] {logging_mixin.py:137} INFO - [2023-01-11T13:40:36.942+0000] {dag.py:2676} INFO - Sync 1 DAGs
[2023-01-11T13:40:36.992+0000] {logging_mixin.py:137} INFO - [2023-01-11T13:40:36.991+0000] {dag.py:3427} INFO - Setting next_dagrun for example_xcom to 2021-01-01T00:00:00+00:00, run_after=2021-01-01T00:00:00+00:00
[2023-01-11T13:40:37.035+0000] {processor.py:175} INFO - Processing /home/airflow/.local/lib/python3.7/site-packages/airflow/example_dags/example_xcom.py took 0.288 seconds
[2023-01-11T13:42:31.270+0000] {processor.py:153} INFO - Started process (PID=188) to work on /home/airflow/.local/lib/python3.7/site-packages/airflow/example_dags/example_xcom.py
[2023-01-11T13:42:31.283+0000] {processor.py:743} INFO - Processing file /home/airflow/.local/lib/python3.7/site-packages/airflow/example_dags/example_xcom.py for tasks to queue
[2023-01-11T13:42:31.285+0000] {logging_mixin.py:137} INFO - [2023-01-11T13:42:31.284+0000] {dagbag.py:538} INFO - Filling up the DagBag from /home/airflow/.local/lib/python3.7/site-packages/airflow/example_dags/example_xcom.py
[2023-01-11T13:42:31.449+0000] {processor.py:753} INFO - DAG(s) dict_keys(['example_xcom']) retrieved from /home/airflow/.local/lib/python3.7/site-packages/airflow/example_dags/example_xcom.py
[2023-01-11T13:42:31.784+0000] {logging_mixin.py:137} INFO - [2023-01-11T13:42:31.784+0000] {dag.py:2676} INFO - Sync 1 DAGs
[2023-01-11T13:42:32.024+0000] {logging_mixin.py:137} INFO - [2023-01-11T13:42:32.024+0000] {dag.py:3427} INFO - Setting next_dagrun for example_xcom to 2021-01-01T00:00:00+00:00, run_after=2021-01-01T00:00:00+00:00
[2023-01-11T13:42:32.185+0000] {processor.py:175} INFO - Processing /home/airflow/.local/lib/python3.7/site-packages/airflow/example_dags/example_xcom.py took 0.928 seconds
[2023-01-11T13:44:35.422+0000] {processor.py:153} INFO - Started process (PID=186) to work on /home/airflow/.local/lib/python3.7/site-packages/airflow/example_dags/example_xcom.py
[2023-01-11T13:44:35.434+0000] {processor.py:743} INFO - Processing file /home/airflow/.local/lib/python3.7/site-packages/airflow/example_dags/example_xcom.py for tasks to queue
[2023-01-11T13:44:35.436+0000] {logging_mixin.py:137} INFO - [2023-01-11T13:44:35.435+0000] {dagbag.py:538} INFO - Filling up the DagBag from /home/airflow/.local/lib/python3.7/site-packages/airflow/example_dags/example_xcom.py
[2023-01-11T13:44:35.628+0000] {processor.py:753} INFO - DAG(s) dict_keys(['example_xcom']) retrieved from /home/airflow/.local/lib/python3.7/site-packages/airflow/example_dags/example_xcom.py
[2023-01-11T13:44:36.089+0000] {logging_mixin.py:137} INFO - [2023-01-11T13:44:36.089+0000] {dag.py:2676} INFO - Sync 1 DAGs
[2023-01-11T13:44:36.241+0000] {logging_mixin.py:137} INFO - [2023-01-11T13:44:36.240+0000] {dag.py:3427} INFO - Setting next_dagrun for example_xcom to 2021-01-01T00:00:00+00:00, run_after=2021-01-01T00:00:00+00:00
[2023-01-11T13:44:36.352+0000] {processor.py:175} INFO - Processing /home/airflow/.local/lib/python3.7/site-packages/airflow/example_dags/example_xcom.py took 0.954 seconds
[2023-01-11T13:45:07.043+0000] {processor.py:153} INFO - Started process (PID=399) to work on /home/airflow/.local/lib/python3.7/site-packages/airflow/example_dags/example_xcom.py
[2023-01-11T13:45:07.053+0000] {processor.py:743} INFO - Processing file /home/airflow/.local/lib/python3.7/site-packages/airflow/example_dags/example_xcom.py for tasks to queue
[2023-01-11T13:45:07.071+0000] {logging_mixin.py:137} INFO - [2023-01-11T13:45:07.070+0000] {dagbag.py:538} INFO - Filling up the DagBag from /home/airflow/.local/lib/python3.7/site-packages/airflow/example_dags/example_xcom.py
[2023-01-11T13:45:07.190+0000] {processor.py:753} INFO - DAG(s) dict_keys(['example_xcom']) retrieved from /home/airflow/.local/lib/python3.7/site-packages/airflow/example_dags/example_xcom.py
[2023-01-11T13:45:07.440+0000] {logging_mixin.py:137} INFO - [2023-01-11T13:45:07.439+0000] {dag.py:2676} INFO - Sync 1 DAGs
[2023-01-11T13:45:07.496+0000] {logging_mixin.py:137} INFO - [2023-01-11T13:45:07.495+0000] {dag.py:3427} INFO - Setting next_dagrun for example_xcom to 2021-01-01T00:00:00+00:00, run_after=2021-01-01T00:00:00+00:00
[2023-01-11T13:45:07.926+0000] {processor.py:175} INFO - Processing /home/airflow/.local/lib/python3.7/site-packages/airflow/example_dags/example_xcom.py took 0.905 seconds
[2023-01-11T13:46:24.224+0000] {processor.py:153} INFO - Started process (PID=187) to work on /home/airflow/.local/lib/python3.7/site-packages/airflow/example_dags/example_xcom.py
[2023-01-11T13:46:24.242+0000] {processor.py:743} INFO - Processing file /home/airflow/.local/lib/python3.7/site-packages/airflow/example_dags/example_xcom.py for tasks to queue
[2023-01-11T13:46:24.243+0000] {logging_mixin.py:137} INFO - [2023-01-11T13:46:24.243+0000] {dagbag.py:538} INFO - Filling up the DagBag from /home/airflow/.local/lib/python3.7/site-packages/airflow/example_dags/example_xcom.py
[2023-01-11T13:46:24.420+0000] {processor.py:753} INFO - DAG(s) dict_keys(['example_xcom']) retrieved from /home/airflow/.local/lib/python3.7/site-packages/airflow/example_dags/example_xcom.py
[2023-01-11T13:46:24.641+0000] {logging_mixin.py:137} INFO - [2023-01-11T13:46:24.641+0000] {dag.py:2676} INFO - Sync 1 DAGs
[2023-01-11T13:46:24.941+0000] {logging_mixin.py:137} INFO - [2023-01-11T13:46:24.941+0000] {dag.py:3427} INFO - Setting next_dagrun for example_xcom to 2021-01-01T00:00:00+00:00, run_after=2021-01-01T00:00:00+00:00
[2023-01-11T13:46:25.089+0000] {processor.py:175} INFO - Processing /home/airflow/.local/lib/python3.7/site-packages/airflow/example_dags/example_xcom.py took 0.871 seconds
[2023-01-11T13:46:55.219+0000] {processor.py:153} INFO - Started process (PID=400) to work on /home/airflow/.local/lib/python3.7/site-packages/airflow/example_dags/example_xcom.py
[2023-01-11T13:46:55.220+0000] {processor.py:743} INFO - Processing file /home/airflow/.local/lib/python3.7/site-packages/airflow/example_dags/example_xcom.py for tasks to queue
[2023-01-11T13:46:55.222+0000] {logging_mixin.py:137} INFO - [2023-01-11T13:46:55.221+0000] {dagbag.py:538} INFO - Filling up the DagBag from /home/airflow/.local/lib/python3.7/site-packages/airflow/example_dags/example_xcom.py
[2023-01-11T13:46:55.290+0000] {processor.py:753} INFO - DAG(s) dict_keys(['example_xcom']) retrieved from /home/airflow/.local/lib/python3.7/site-packages/airflow/example_dags/example_xcom.py
[2023-01-11T13:46:55.365+0000] {logging_mixin.py:137} INFO - [2023-01-11T13:46:55.364+0000] {dag.py:2676} INFO - Sync 1 DAGs
[2023-01-11T13:46:55.436+0000] {logging_mixin.py:137} INFO - [2023-01-11T13:46:55.436+0000] {dag.py:3427} INFO - Setting next_dagrun for example_xcom to 2021-01-01T00:00:00+00:00, run_after=2021-01-01T00:00:00+00:00
[2023-01-11T13:46:55.476+0000] {processor.py:175} INFO - Processing /home/airflow/.local/lib/python3.7/site-packages/airflow/example_dags/example_xcom.py took 0.263 seconds
[2023-01-11T13:47:25.615+0000] {processor.py:153} INFO - Started process (PID=613) to work on /home/airflow/.local/lib/python3.7/site-packages/airflow/example_dags/example_xcom.py
[2023-01-11T13:47:25.619+0000] {processor.py:743} INFO - Processing file /home/airflow/.local/lib/python3.7/site-packages/airflow/example_dags/example_xcom.py for tasks to queue
[2023-01-11T13:47:25.620+0000] {logging_mixin.py:137} INFO - [2023-01-11T13:47:25.620+0000] {dagbag.py:538} INFO - Filling up the DagBag from /home/airflow/.local/lib/python3.7/site-packages/airflow/example_dags/example_xcom.py
[2023-01-11T13:47:25.652+0000] {processor.py:753} INFO - DAG(s) dict_keys(['example_xcom']) retrieved from /home/airflow/.local/lib/python3.7/site-packages/airflow/example_dags/example_xcom.py
[2023-01-11T13:47:25.720+0000] {logging_mixin.py:137} INFO - [2023-01-11T13:47:25.720+0000] {dag.py:2676} INFO - Sync 1 DAGs
[2023-01-11T13:47:25.746+0000] {logging_mixin.py:137} INFO - [2023-01-11T13:47:25.746+0000] {dag.py:3427} INFO - Setting next_dagrun for example_xcom to 2021-01-01T00:00:00+00:00, run_after=2021-01-01T00:00:00+00:00
[2023-01-11T13:47:25.798+0000] {processor.py:175} INFO - Processing /home/airflow/.local/lib/python3.7/site-packages/airflow/example_dags/example_xcom.py took 0.190 seconds
[2023-01-11T13:47:56.405+0000] {processor.py:153} INFO - Started process (PID=825) to work on /home/airflow/.local/lib/python3.7/site-packages/airflow/example_dags/example_xcom.py
[2023-01-11T13:47:56.413+0000] {processor.py:743} INFO - Processing file /home/airflow/.local/lib/python3.7/site-packages/airflow/example_dags/example_xcom.py for tasks to queue
[2023-01-11T13:47:56.415+0000] {logging_mixin.py:137} INFO - [2023-01-11T13:47:56.415+0000] {dagbag.py:538} INFO - Filling up the DagBag from /home/airflow/.local/lib/python3.7/site-packages/airflow/example_dags/example_xcom.py
[2023-01-11T13:47:56.547+0000] {processor.py:753} INFO - DAG(s) dict_keys(['example_xcom']) retrieved from /home/airflow/.local/lib/python3.7/site-packages/airflow/example_dags/example_xcom.py
[2023-01-11T13:47:56.796+0000] {logging_mixin.py:137} INFO - [2023-01-11T13:47:56.796+0000] {dag.py:2676} INFO - Sync 1 DAGs
[2023-01-11T13:47:56.903+0000] {logging_mixin.py:137} INFO - [2023-01-11T13:47:56.903+0000] {dag.py:3427} INFO - Setting next_dagrun for example_xcom to 2021-01-01T00:00:00+00:00, run_after=2021-01-01T00:00:00+00:00
[2023-01-11T13:47:56.984+0000] {processor.py:175} INFO - Processing /home/airflow/.local/lib/python3.7/site-packages/airflow/example_dags/example_xcom.py took 0.589 seconds
[2023-01-11T13:48:27.186+0000] {processor.py:153} INFO - Started process (PID=1041) to work on /home/airflow/.local/lib/python3.7/site-packages/airflow/example_dags/example_xcom.py
[2023-01-11T13:48:27.191+0000] {processor.py:743} INFO - Processing file /home/airflow/.local/lib/python3.7/site-packages/airflow/example_dags/example_xcom.py for tasks to queue
[2023-01-11T13:48:27.193+0000] {logging_mixin.py:137} INFO - [2023-01-11T13:48:27.192+0000] {dagbag.py:538} INFO - Filling up the DagBag from /home/airflow/.local/lib/python3.7/site-packages/airflow/example_dags/example_xcom.py
[2023-01-11T13:48:27.291+0000] {processor.py:753} INFO - DAG(s) dict_keys(['example_xcom']) retrieved from /home/airflow/.local/lib/python3.7/site-packages/airflow/example_dags/example_xcom.py
[2023-01-11T13:48:27.483+0000] {logging_mixin.py:137} INFO - [2023-01-11T13:48:27.483+0000] {dag.py:2676} INFO - Sync 1 DAGs
[2023-01-11T13:48:27.655+0000] {logging_mixin.py:137} INFO - [2023-01-11T13:48:27.654+0000] {dag.py:3427} INFO - Setting next_dagrun for example_xcom to 2021-01-01T00:00:00+00:00, run_after=2021-01-01T00:00:00+00:00
[2023-01-11T13:48:27.743+0000] {processor.py:175} INFO - Processing /home/airflow/.local/lib/python3.7/site-packages/airflow/example_dags/example_xcom.py took 0.572 seconds
[2023-01-11T13:48:58.260+0000] {processor.py:153} INFO - Started process (PID=1257) to work on /home/airflow/.local/lib/python3.7/site-packages/airflow/example_dags/example_xcom.py
[2023-01-11T13:48:58.261+0000] {processor.py:743} INFO - Processing file /home/airflow/.local/lib/python3.7/site-packages/airflow/example_dags/example_xcom.py for tasks to queue
[2023-01-11T13:48:58.263+0000] {logging_mixin.py:137} INFO - [2023-01-11T13:48:58.262+0000] {dagbag.py:538} INFO - Filling up the DagBag from /home/airflow/.local/lib/python3.7/site-packages/airflow/example_dags/example_xcom.py
[2023-01-11T13:48:58.363+0000] {processor.py:753} INFO - DAG(s) dict_keys(['example_xcom']) retrieved from /home/airflow/.local/lib/python3.7/site-packages/airflow/example_dags/example_xcom.py
[2023-01-11T13:48:58.476+0000] {logging_mixin.py:137} INFO - [2023-01-11T13:48:58.476+0000] {dag.py:2676} INFO - Sync 1 DAGs
[2023-01-11T13:48:58.534+0000] {logging_mixin.py:137} INFO - [2023-01-11T13:48:58.533+0000] {dag.py:3427} INFO - Setting next_dagrun for example_xcom to 2021-01-01T00:00:00+00:00, run_after=2021-01-01T00:00:00+00:00
[2023-01-11T13:48:58.583+0000] {processor.py:175} INFO - Processing /home/airflow/.local/lib/python3.7/site-packages/airflow/example_dags/example_xcom.py took 0.339 seconds
[2023-01-11T13:49:29.955+0000] {processor.py:153} INFO - Started process (PID=1475) to work on /home/airflow/.local/lib/python3.7/site-packages/airflow/example_dags/example_xcom.py
[2023-01-11T13:49:29.959+0000] {processor.py:743} INFO - Processing file /home/airflow/.local/lib/python3.7/site-packages/airflow/example_dags/example_xcom.py for tasks to queue
[2023-01-11T13:49:29.961+0000] {logging_mixin.py:137} INFO - [2023-01-11T13:49:29.960+0000] {dagbag.py:538} INFO - Filling up the DagBag from /home/airflow/.local/lib/python3.7/site-packages/airflow/example_dags/example_xcom.py
[2023-01-11T13:49:30.078+0000] {processor.py:753} INFO - DAG(s) dict_keys(['example_xcom']) retrieved from /home/airflow/.local/lib/python3.7/site-packages/airflow/example_dags/example_xcom.py
[2023-01-11T13:49:30.330+0000] {logging_mixin.py:137} INFO - [2023-01-11T13:49:30.329+0000] {dag.py:2676} INFO - Sync 1 DAGs
[2023-01-11T13:49:30.453+0000] {logging_mixin.py:137} INFO - [2023-01-11T13:49:30.453+0000] {dag.py:3427} INFO - Setting next_dagrun for example_xcom to 2021-01-01T00:00:00+00:00, run_after=2021-01-01T00:00:00+00:00
[2023-01-11T13:49:30.534+0000] {processor.py:175} INFO - Processing /home/airflow/.local/lib/python3.7/site-packages/airflow/example_dags/example_xcom.py took 0.591 seconds
[2023-01-11T13:50:00.666+0000] {processor.py:153} INFO - Started process (PID=1688) to work on /home/airflow/.local/lib/python3.7/site-packages/airflow/example_dags/example_xcom.py
[2023-01-11T13:50:00.668+0000] {processor.py:743} INFO - Processing file /home/airflow/.local/lib/python3.7/site-packages/airflow/example_dags/example_xcom.py for tasks to queue
[2023-01-11T13:50:00.669+0000] {logging_mixin.py:137} INFO - [2023-01-11T13:50:00.669+0000] {dagbag.py:538} INFO - Filling up the DagBag from /home/airflow/.local/lib/python3.7/site-packages/airflow/example_dags/example_xcom.py
[2023-01-11T13:50:00.714+0000] {processor.py:753} INFO - DAG(s) dict_keys(['example_xcom']) retrieved from /home/airflow/.local/lib/python3.7/site-packages/airflow/example_dags/example_xcom.py
[2023-01-11T13:50:00.829+0000] {logging_mixin.py:137} INFO - [2023-01-11T13:50:00.829+0000] {dag.py:2676} INFO - Sync 1 DAGs
[2023-01-11T13:50:00.879+0000] {logging_mixin.py:137} INFO - [2023-01-11T13:50:00.879+0000] {dag.py:3427} INFO - Setting next_dagrun for example_xcom to 2021-01-01T00:00:00+00:00, run_after=2021-01-01T00:00:00+00:00
[2023-01-11T13:50:00.943+0000] {processor.py:175} INFO - Processing /home/airflow/.local/lib/python3.7/site-packages/airflow/example_dags/example_xcom.py took 0.283 seconds
[2023-01-11T13:50:31.404+0000] {processor.py:153} INFO - Started process (PID=1901) to work on /home/airflow/.local/lib/python3.7/site-packages/airflow/example_dags/example_xcom.py
[2023-01-11T13:50:31.427+0000] {processor.py:743} INFO - Processing file /home/airflow/.local/lib/python3.7/site-packages/airflow/example_dags/example_xcom.py for tasks to queue
[2023-01-11T13:50:31.430+0000] {logging_mixin.py:137} INFO - [2023-01-11T13:50:31.430+0000] {dagbag.py:538} INFO - Filling up the DagBag from /home/airflow/.local/lib/python3.7/site-packages/airflow/example_dags/example_xcom.py
[2023-01-11T13:50:31.531+0000] {processor.py:753} INFO - DAG(s) dict_keys(['example_xcom']) retrieved from /home/airflow/.local/lib/python3.7/site-packages/airflow/example_dags/example_xcom.py
[2023-01-11T13:50:31.681+0000] {logging_mixin.py:137} INFO - [2023-01-11T13:50:31.681+0000] {dag.py:2676} INFO - Sync 1 DAGs
[2023-01-11T13:50:31.764+0000] {logging_mixin.py:137} INFO - [2023-01-11T13:50:31.764+0000] {dag.py:3427} INFO - Setting next_dagrun for example_xcom to 2021-01-01T00:00:00+00:00, run_after=2021-01-01T00:00:00+00:00
[2023-01-11T13:50:31.823+0000] {processor.py:175} INFO - Processing /home/airflow/.local/lib/python3.7/site-packages/airflow/example_dags/example_xcom.py took 0.434 seconds
