[2023-01-11T13:40:27.182+0000] {processor.py:153} INFO - Started process (PID=355) to work on /home/airflow/.local/lib/python3.7/site-packages/airflow/example_dags/example_subdag_operator.py
[2023-01-11T13:40:27.184+0000] {processor.py:743} INFO - Processing file /home/airflow/.local/lib/python3.7/site-packages/airflow/example_dags/example_subdag_operator.py for tasks to queue
[2023-01-11T13:40:27.185+0000] {logging_mixin.py:137} INFO - [2023-01-11T13:40:27.184+0000] {dagbag.py:538} INFO - Filling up the DagBag from /home/airflow/.local/lib/python3.7/site-packages/airflow/example_dags/example_subdag_operator.py
[2023-01-11T13:40:27.358+0000] {processor.py:753} INFO - DAG(s) dict_keys(['example_subdag_operator.section-1', 'example_subdag_operator.section-2', 'example_subdag_operator']) retrieved from /home/airflow/.local/lib/python3.7/site-packages/airflow/example_dags/example_subdag_operator.py
[2023-01-11T13:40:27.474+0000] {logging_mixin.py:137} INFO - [2023-01-11T13:40:27.474+0000] {dag.py:2676} INFO - Sync 3 DAGs
[2023-01-11T13:40:27.527+0000] {logging_mixin.py:137} INFO - [2023-01-11T13:40:27.527+0000] {dag.py:3427} INFO - Setting next_dagrun for example_subdag_operator to 2022-01-01T00:00:00+00:00, run_after=2022-01-01T00:00:00+00:00
[2023-01-11T13:40:27.533+0000] {logging_mixin.py:137} INFO - [2023-01-11T13:40:27.533+0000] {dag.py:3427} INFO - Setting next_dagrun for example_subdag_operator.section-1 to None, run_after=None
[2023-01-11T13:40:27.535+0000] {logging_mixin.py:137} INFO - [2023-01-11T13:40:27.535+0000] {dag.py:3427} INFO - Setting next_dagrun for example_subdag_operator.section-2 to None, run_after=None
[2023-01-11T13:40:27.548+0000] {logging_mixin.py:137} INFO - [2023-01-11T13:40:27.548+0000] {dag.py:2676} INFO - Sync 2 DAGs
[2023-01-11T13:40:27.559+0000] {logging_mixin.py:137} INFO - [2023-01-11T13:40:27.559+0000] {dag.py:3427} INFO - Setting next_dagrun for example_subdag_operator.section-1 to None, run_after=None
[2023-01-11T13:40:27.560+0000] {logging_mixin.py:137} INFO - [2023-01-11T13:40:27.560+0000] {dag.py:3427} INFO - Setting next_dagrun for example_subdag_operator.section-2 to None, run_after=None
[2023-01-11T13:40:27.583+0000] {processor.py:175} INFO - Processing /home/airflow/.local/lib/python3.7/site-packages/airflow/example_dags/example_subdag_operator.py took 0.406 seconds
[2023-01-11T13:40:57.761+0000] {processor.py:153} INFO - Started process (PID=565) to work on /home/airflow/.local/lib/python3.7/site-packages/airflow/example_dags/example_subdag_operator.py
[2023-01-11T13:40:57.763+0000] {processor.py:743} INFO - Processing file /home/airflow/.local/lib/python3.7/site-packages/airflow/example_dags/example_subdag_operator.py for tasks to queue
[2023-01-11T13:40:57.766+0000] {logging_mixin.py:137} INFO - [2023-01-11T13:40:57.765+0000] {dagbag.py:538} INFO - Filling up the DagBag from /home/airflow/.local/lib/python3.7/site-packages/airflow/example_dags/example_subdag_operator.py
[2023-01-11T13:40:57.852+0000] {processor.py:753} INFO - DAG(s) dict_keys(['example_subdag_operator.section-1', 'example_subdag_operator.section-2', 'example_subdag_operator']) retrieved from /home/airflow/.local/lib/python3.7/site-packages/airflow/example_dags/example_subdag_operator.py
[2023-01-11T13:40:57.913+0000] {logging_mixin.py:137} INFO - [2023-01-11T13:40:57.913+0000] {dag.py:2676} INFO - Sync 3 DAGs
[2023-01-11T13:40:57.965+0000] {logging_mixin.py:137} INFO - [2023-01-11T13:40:57.965+0000] {dag.py:3427} INFO - Setting next_dagrun for example_subdag_operator to 2022-01-01T00:00:00+00:00, run_after=2022-01-01T00:00:00+00:00
[2023-01-11T13:40:57.971+0000] {logging_mixin.py:137} INFO - [2023-01-11T13:40:57.971+0000] {dag.py:3427} INFO - Setting next_dagrun for example_subdag_operator.section-1 to None, run_after=None
[2023-01-11T13:40:57.973+0000] {logging_mixin.py:137} INFO - [2023-01-11T13:40:57.973+0000] {dag.py:3427} INFO - Setting next_dagrun for example_subdag_operator.section-2 to None, run_after=None
[2023-01-11T13:40:57.994+0000] {logging_mixin.py:137} INFO - [2023-01-11T13:40:57.993+0000] {dag.py:2676} INFO - Sync 2 DAGs
[2023-01-11T13:40:58.005+0000] {logging_mixin.py:137} INFO - [2023-01-11T13:40:58.005+0000] {dag.py:3427} INFO - Setting next_dagrun for example_subdag_operator.section-1 to None, run_after=None
[2023-01-11T13:40:58.005+0000] {logging_mixin.py:137} INFO - [2023-01-11T13:40:58.005+0000] {dag.py:3427} INFO - Setting next_dagrun for example_subdag_operator.section-2 to None, run_after=None
[2023-01-11T13:40:58.026+0000] {processor.py:175} INFO - Processing /home/airflow/.local/lib/python3.7/site-packages/airflow/example_dags/example_subdag_operator.py took 0.273 seconds
[2023-01-11T13:44:55.414+0000] {processor.py:153} INFO - Started process (PID=353) to work on /home/airflow/.local/lib/python3.7/site-packages/airflow/example_dags/example_subdag_operator.py
[2023-01-11T13:44:55.416+0000] {processor.py:743} INFO - Processing file /home/airflow/.local/lib/python3.7/site-packages/airflow/example_dags/example_subdag_operator.py for tasks to queue
[2023-01-11T13:44:55.417+0000] {logging_mixin.py:137} INFO - [2023-01-11T13:44:55.417+0000] {dagbag.py:538} INFO - Filling up the DagBag from /home/airflow/.local/lib/python3.7/site-packages/airflow/example_dags/example_subdag_operator.py
[2023-01-11T13:44:55.522+0000] {processor.py:753} INFO - DAG(s) dict_keys(['example_subdag_operator.section-1', 'example_subdag_operator.section-2', 'example_subdag_operator']) retrieved from /home/airflow/.local/lib/python3.7/site-packages/airflow/example_dags/example_subdag_operator.py
[2023-01-11T13:44:55.598+0000] {logging_mixin.py:137} INFO - [2023-01-11T13:44:55.598+0000] {dag.py:2676} INFO - Sync 3 DAGs
[2023-01-11T13:44:55.656+0000] {logging_mixin.py:137} INFO - [2023-01-11T13:44:55.656+0000] {dag.py:3427} INFO - Setting next_dagrun for example_subdag_operator to 2022-01-01T00:00:00+00:00, run_after=2022-01-01T00:00:00+00:00
[2023-01-11T13:44:55.666+0000] {logging_mixin.py:137} INFO - [2023-01-11T13:44:55.666+0000] {dag.py:3427} INFO - Setting next_dagrun for example_subdag_operator.section-1 to None, run_after=None
[2023-01-11T13:44:55.668+0000] {logging_mixin.py:137} INFO - [2023-01-11T13:44:55.668+0000] {dag.py:3427} INFO - Setting next_dagrun for example_subdag_operator.section-2 to None, run_after=None
[2023-01-11T13:44:55.684+0000] {logging_mixin.py:137} INFO - [2023-01-11T13:44:55.683+0000] {dag.py:2676} INFO - Sync 2 DAGs
[2023-01-11T13:44:55.706+0000] {logging_mixin.py:137} INFO - [2023-01-11T13:44:55.705+0000] {dag.py:3427} INFO - Setting next_dagrun for example_subdag_operator.section-1 to None, run_after=None
[2023-01-11T13:44:55.706+0000] {logging_mixin.py:137} INFO - [2023-01-11T13:44:55.706+0000] {dag.py:3427} INFO - Setting next_dagrun for example_subdag_operator.section-2 to None, run_after=None
[2023-01-11T13:44:55.752+0000] {processor.py:175} INFO - Processing /home/airflow/.local/lib/python3.7/site-packages/airflow/example_dags/example_subdag_operator.py took 0.350 seconds
[2023-01-11T13:46:38.499+0000] {processor.py:153} INFO - Started process (PID=343) to work on /home/airflow/.local/lib/python3.7/site-packages/airflow/example_dags/example_subdag_operator.py
[2023-01-11T13:46:38.501+0000] {processor.py:743} INFO - Processing file /home/airflow/.local/lib/python3.7/site-packages/airflow/example_dags/example_subdag_operator.py for tasks to queue
[2023-01-11T13:46:38.503+0000] {logging_mixin.py:137} INFO - [2023-01-11T13:46:38.502+0000] {dagbag.py:538} INFO - Filling up the DagBag from /home/airflow/.local/lib/python3.7/site-packages/airflow/example_dags/example_subdag_operator.py
[2023-01-11T13:46:38.608+0000] {processor.py:753} INFO - DAG(s) dict_keys(['example_subdag_operator.section-1', 'example_subdag_operator.section-2', 'example_subdag_operator']) retrieved from /home/airflow/.local/lib/python3.7/site-packages/airflow/example_dags/example_subdag_operator.py
[2023-01-11T13:46:38.676+0000] {logging_mixin.py:137} INFO - [2023-01-11T13:46:38.676+0000] {dag.py:2676} INFO - Sync 3 DAGs
[2023-01-11T13:46:38.744+0000] {logging_mixin.py:137} INFO - [2023-01-11T13:46:38.744+0000] {dag.py:3427} INFO - Setting next_dagrun for example_subdag_operator to 2022-01-01T00:00:00+00:00, run_after=2022-01-01T00:00:00+00:00
[2023-01-11T13:46:38.769+0000] {logging_mixin.py:137} INFO - [2023-01-11T13:46:38.769+0000] {dag.py:3427} INFO - Setting next_dagrun for example_subdag_operator.section-1 to None, run_after=None
[2023-01-11T13:46:38.772+0000] {logging_mixin.py:137} INFO - [2023-01-11T13:46:38.772+0000] {dag.py:3427} INFO - Setting next_dagrun for example_subdag_operator.section-2 to None, run_after=None
[2023-01-11T13:46:38.786+0000] {logging_mixin.py:137} INFO - [2023-01-11T13:46:38.785+0000] {dag.py:2676} INFO - Sync 2 DAGs
[2023-01-11T13:46:38.797+0000] {logging_mixin.py:137} INFO - [2023-01-11T13:46:38.797+0000] {dag.py:3427} INFO - Setting next_dagrun for example_subdag_operator.section-1 to None, run_after=None
[2023-01-11T13:46:38.798+0000] {logging_mixin.py:137} INFO - [2023-01-11T13:46:38.797+0000] {dag.py:3427} INFO - Setting next_dagrun for example_subdag_operator.section-2 to None, run_after=None
[2023-01-11T13:46:38.830+0000] {processor.py:175} INFO - Processing /home/airflow/.local/lib/python3.7/site-packages/airflow/example_dags/example_subdag_operator.py took 0.338 seconds
[2023-01-11T13:47:09.147+0000] {processor.py:153} INFO - Started process (PID=562) to work on /home/airflow/.local/lib/python3.7/site-packages/airflow/example_dags/example_subdag_operator.py
[2023-01-11T13:47:09.149+0000] {processor.py:743} INFO - Processing file /home/airflow/.local/lib/python3.7/site-packages/airflow/example_dags/example_subdag_operator.py for tasks to queue
[2023-01-11T13:47:09.151+0000] {logging_mixin.py:137} INFO - [2023-01-11T13:47:09.150+0000] {dagbag.py:538} INFO - Filling up the DagBag from /home/airflow/.local/lib/python3.7/site-packages/airflow/example_dags/example_subdag_operator.py
[2023-01-11T13:47:09.224+0000] {processor.py:753} INFO - DAG(s) dict_keys(['example_subdag_operator.section-1', 'example_subdag_operator.section-2', 'example_subdag_operator']) retrieved from /home/airflow/.local/lib/python3.7/site-packages/airflow/example_dags/example_subdag_operator.py
[2023-01-11T13:47:09.287+0000] {logging_mixin.py:137} INFO - [2023-01-11T13:47:09.287+0000] {dag.py:2676} INFO - Sync 3 DAGs
[2023-01-11T13:47:09.349+0000] {logging_mixin.py:137} INFO - [2023-01-11T13:47:09.348+0000] {dag.py:3427} INFO - Setting next_dagrun for example_subdag_operator to 2022-01-01T00:00:00+00:00, run_after=2022-01-01T00:00:00+00:00
[2023-01-11T13:47:09.356+0000] {logging_mixin.py:137} INFO - [2023-01-11T13:47:09.356+0000] {dag.py:3427} INFO - Setting next_dagrun for example_subdag_operator.section-1 to None, run_after=None
[2023-01-11T13:47:09.359+0000] {logging_mixin.py:137} INFO - [2023-01-11T13:47:09.358+0000] {dag.py:3427} INFO - Setting next_dagrun for example_subdag_operator.section-2 to None, run_after=None
[2023-01-11T13:47:09.375+0000] {logging_mixin.py:137} INFO - [2023-01-11T13:47:09.374+0000] {dag.py:2676} INFO - Sync 2 DAGs
[2023-01-11T13:47:09.387+0000] {logging_mixin.py:137} INFO - [2023-01-11T13:47:09.387+0000] {dag.py:3427} INFO - Setting next_dagrun for example_subdag_operator.section-1 to None, run_after=None
[2023-01-11T13:47:09.388+0000] {logging_mixin.py:137} INFO - [2023-01-11T13:47:09.387+0000] {dag.py:3427} INFO - Setting next_dagrun for example_subdag_operator.section-2 to None, run_after=None
[2023-01-11T13:47:09.419+0000] {processor.py:175} INFO - Processing /home/airflow/.local/lib/python3.7/site-packages/airflow/example_dags/example_subdag_operator.py took 0.291 seconds
[2023-01-11T13:47:42.815+0000] {processor.py:153} INFO - Started process (PID=780) to work on /home/airflow/.local/lib/python3.7/site-packages/airflow/example_dags/example_subdag_operator.py
[2023-01-11T13:47:42.823+0000] {processor.py:743} INFO - Processing file /home/airflow/.local/lib/python3.7/site-packages/airflow/example_dags/example_subdag_operator.py for tasks to queue
[2023-01-11T13:47:42.825+0000] {logging_mixin.py:137} INFO - [2023-01-11T13:47:42.825+0000] {dagbag.py:538} INFO - Filling up the DagBag from /home/airflow/.local/lib/python3.7/site-packages/airflow/example_dags/example_subdag_operator.py
[2023-01-11T13:47:42.899+0000] {processor.py:753} INFO - DAG(s) dict_keys(['example_subdag_operator.section-1', 'example_subdag_operator.section-2', 'example_subdag_operator']) retrieved from /home/airflow/.local/lib/python3.7/site-packages/airflow/example_dags/example_subdag_operator.py
[2023-01-11T13:47:42.969+0000] {logging_mixin.py:137} INFO - [2023-01-11T13:47:42.969+0000] {dag.py:2676} INFO - Sync 3 DAGs
[2023-01-11T13:47:43.036+0000] {logging_mixin.py:137} INFO - [2023-01-11T13:47:43.036+0000] {dag.py:3427} INFO - Setting next_dagrun for example_subdag_operator to 2022-01-01T00:00:00+00:00, run_after=2022-01-01T00:00:00+00:00
[2023-01-11T13:47:43.044+0000] {logging_mixin.py:137} INFO - [2023-01-11T13:47:43.044+0000] {dag.py:3427} INFO - Setting next_dagrun for example_subdag_operator.section-1 to None, run_after=None
[2023-01-11T13:47:43.047+0000] {logging_mixin.py:137} INFO - [2023-01-11T13:47:43.046+0000] {dag.py:3427} INFO - Setting next_dagrun for example_subdag_operator.section-2 to None, run_after=None
[2023-01-11T13:47:43.065+0000] {logging_mixin.py:137} INFO - [2023-01-11T13:47:43.065+0000] {dag.py:2676} INFO - Sync 2 DAGs
[2023-01-11T13:47:43.078+0000] {logging_mixin.py:137} INFO - [2023-01-11T13:47:43.077+0000] {dag.py:3427} INFO - Setting next_dagrun for example_subdag_operator.section-1 to None, run_after=None
[2023-01-11T13:47:43.078+0000] {logging_mixin.py:137} INFO - [2023-01-11T13:47:43.078+0000] {dag.py:3427} INFO - Setting next_dagrun for example_subdag_operator.section-2 to None, run_after=None
[2023-01-11T13:47:43.101+0000] {processor.py:175} INFO - Processing /home/airflow/.local/lib/python3.7/site-packages/airflow/example_dags/example_subdag_operator.py took 0.299 seconds
[2023-01-11T13:48:17.052+0000] {processor.py:153} INFO - Started process (PID=997) to work on /home/airflow/.local/lib/python3.7/site-packages/airflow/example_dags/example_subdag_operator.py
[2023-01-11T13:48:17.064+0000] {processor.py:743} INFO - Processing file /home/airflow/.local/lib/python3.7/site-packages/airflow/example_dags/example_subdag_operator.py for tasks to queue
[2023-01-11T13:48:17.068+0000] {logging_mixin.py:137} INFO - [2023-01-11T13:48:17.068+0000] {dagbag.py:538} INFO - Filling up the DagBag from /home/airflow/.local/lib/python3.7/site-packages/airflow/example_dags/example_subdag_operator.py
[2023-01-11T13:48:17.383+0000] {processor.py:753} INFO - DAG(s) dict_keys(['example_subdag_operator.section-1', 'example_subdag_operator.section-2', 'example_subdag_operator']) retrieved from /home/airflow/.local/lib/python3.7/site-packages/airflow/example_dags/example_subdag_operator.py
[2023-01-11T13:48:17.783+0000] {logging_mixin.py:137} INFO - [2023-01-11T13:48:17.783+0000] {dag.py:2676} INFO - Sync 3 DAGs
[2023-01-11T13:48:18.003+0000] {logging_mixin.py:137} INFO - [2023-01-11T13:48:18.003+0000] {dag.py:3427} INFO - Setting next_dagrun for example_subdag_operator to 2022-01-01T00:00:00+00:00, run_after=2022-01-01T00:00:00+00:00
[2023-01-11T13:48:18.044+0000] {logging_mixin.py:137} INFO - [2023-01-11T13:48:18.043+0000] {dag.py:3427} INFO - Setting next_dagrun for example_subdag_operator.section-1 to None, run_after=None
[2023-01-11T13:48:18.054+0000] {logging_mixin.py:137} INFO - [2023-01-11T13:48:18.053+0000] {dag.py:3427} INFO - Setting next_dagrun for example_subdag_operator.section-2 to None, run_after=None
[2023-01-11T13:48:18.095+0000] {logging_mixin.py:137} INFO - [2023-01-11T13:48:18.095+0000] {dag.py:2676} INFO - Sync 2 DAGs
[2023-01-11T13:48:18.107+0000] {logging_mixin.py:137} INFO - [2023-01-11T13:48:18.106+0000] {dag.py:3427} INFO - Setting next_dagrun for example_subdag_operator.section-1 to None, run_after=None
[2023-01-11T13:48:18.107+0000] {logging_mixin.py:137} INFO - [2023-01-11T13:48:18.107+0000] {dag.py:3427} INFO - Setting next_dagrun for example_subdag_operator.section-2 to None, run_after=None
[2023-01-11T13:48:18.337+0000] {processor.py:175} INFO - Processing /home/airflow/.local/lib/python3.7/site-packages/airflow/example_dags/example_subdag_operator.py took 1.293 seconds
[2023-01-11T13:48:48.794+0000] {processor.py:153} INFO - Started process (PID=1213) to work on /home/airflow/.local/lib/python3.7/site-packages/airflow/example_dags/example_subdag_operator.py
[2023-01-11T13:48:48.795+0000] {processor.py:743} INFO - Processing file /home/airflow/.local/lib/python3.7/site-packages/airflow/example_dags/example_subdag_operator.py for tasks to queue
[2023-01-11T13:48:48.796+0000] {logging_mixin.py:137} INFO - [2023-01-11T13:48:48.796+0000] {dagbag.py:538} INFO - Filling up the DagBag from /home/airflow/.local/lib/python3.7/site-packages/airflow/example_dags/example_subdag_operator.py
[2023-01-11T13:48:48.916+0000] {processor.py:753} INFO - DAG(s) dict_keys(['example_subdag_operator.section-1', 'example_subdag_operator.section-2', 'example_subdag_operator']) retrieved from /home/airflow/.local/lib/python3.7/site-packages/airflow/example_dags/example_subdag_operator.py
[2023-01-11T13:48:49.044+0000] {logging_mixin.py:137} INFO - [2023-01-11T13:48:49.044+0000] {dag.py:2676} INFO - Sync 3 DAGs
[2023-01-11T13:48:49.154+0000] {logging_mixin.py:137} INFO - [2023-01-11T13:48:49.153+0000] {dag.py:3427} INFO - Setting next_dagrun for example_subdag_operator to 2022-01-01T00:00:00+00:00, run_after=2022-01-01T00:00:00+00:00
[2023-01-11T13:48:49.161+0000] {logging_mixin.py:137} INFO - [2023-01-11T13:48:49.161+0000] {dag.py:3427} INFO - Setting next_dagrun for example_subdag_operator.section-1 to None, run_after=None
[2023-01-11T13:48:49.163+0000] {logging_mixin.py:137} INFO - [2023-01-11T13:48:49.163+0000] {dag.py:3427} INFO - Setting next_dagrun for example_subdag_operator.section-2 to None, run_after=None
[2023-01-11T13:48:49.180+0000] {logging_mixin.py:137} INFO - [2023-01-11T13:48:49.179+0000] {dag.py:2676} INFO - Sync 2 DAGs
[2023-01-11T13:48:49.191+0000] {logging_mixin.py:137} INFO - [2023-01-11T13:48:49.191+0000] {dag.py:3427} INFO - Setting next_dagrun for example_subdag_operator.section-1 to None, run_after=None
[2023-01-11T13:48:49.191+0000] {logging_mixin.py:137} INFO - [2023-01-11T13:48:49.191+0000] {dag.py:3427} INFO - Setting next_dagrun for example_subdag_operator.section-2 to None, run_after=None
[2023-01-11T13:48:49.228+0000] {processor.py:175} INFO - Processing /home/airflow/.local/lib/python3.7/site-packages/airflow/example_dags/example_subdag_operator.py took 0.452 seconds
[2023-01-11T13:49:19.378+0000] {processor.py:153} INFO - Started process (PID=1427) to work on /home/airflow/.local/lib/python3.7/site-packages/airflow/example_dags/example_subdag_operator.py
[2023-01-11T13:49:19.386+0000] {processor.py:743} INFO - Processing file /home/airflow/.local/lib/python3.7/site-packages/airflow/example_dags/example_subdag_operator.py for tasks to queue
[2023-01-11T13:49:19.387+0000] {logging_mixin.py:137} INFO - [2023-01-11T13:49:19.387+0000] {dagbag.py:538} INFO - Filling up the DagBag from /home/airflow/.local/lib/python3.7/site-packages/airflow/example_dags/example_subdag_operator.py
[2023-01-11T13:49:19.422+0000] {processor.py:753} INFO - DAG(s) dict_keys(['example_subdag_operator.section-1', 'example_subdag_operator.section-2', 'example_subdag_operator']) retrieved from /home/airflow/.local/lib/python3.7/site-packages/airflow/example_dags/example_subdag_operator.py
[2023-01-11T13:49:19.451+0000] {logging_mixin.py:137} INFO - [2023-01-11T13:49:19.451+0000] {dag.py:2676} INFO - Sync 3 DAGs
[2023-01-11T13:49:19.475+0000] {logging_mixin.py:137} INFO - [2023-01-11T13:49:19.475+0000] {dag.py:3427} INFO - Setting next_dagrun for example_subdag_operator to 2022-01-01T00:00:00+00:00, run_after=2022-01-01T00:00:00+00:00
[2023-01-11T13:49:19.478+0000] {logging_mixin.py:137} INFO - [2023-01-11T13:49:19.478+0000] {dag.py:3427} INFO - Setting next_dagrun for example_subdag_operator.section-1 to None, run_after=None
[2023-01-11T13:49:19.479+0000] {logging_mixin.py:137} INFO - [2023-01-11T13:49:19.479+0000] {dag.py:3427} INFO - Setting next_dagrun for example_subdag_operator.section-2 to None, run_after=None
[2023-01-11T13:49:19.486+0000] {logging_mixin.py:137} INFO - [2023-01-11T13:49:19.486+0000] {dag.py:2676} INFO - Sync 2 DAGs
[2023-01-11T13:49:19.491+0000] {logging_mixin.py:137} INFO - [2023-01-11T13:49:19.491+0000] {dag.py:3427} INFO - Setting next_dagrun for example_subdag_operator.section-1 to None, run_after=None
[2023-01-11T13:49:19.491+0000] {logging_mixin.py:137} INFO - [2023-01-11T13:49:19.491+0000] {dag.py:3427} INFO - Setting next_dagrun for example_subdag_operator.section-2 to None, run_after=None
[2023-01-11T13:49:19.506+0000] {processor.py:175} INFO - Processing /home/airflow/.local/lib/python3.7/site-packages/airflow/example_dags/example_subdag_operator.py took 0.132 seconds
[2023-01-11T13:49:49.709+0000] {processor.py:153} INFO - Started process (PID=1641) to work on /home/airflow/.local/lib/python3.7/site-packages/airflow/example_dags/example_subdag_operator.py
[2023-01-11T13:49:49.710+0000] {processor.py:743} INFO - Processing file /home/airflow/.local/lib/python3.7/site-packages/airflow/example_dags/example_subdag_operator.py for tasks to queue
[2023-01-11T13:49:49.711+0000] {logging_mixin.py:137} INFO - [2023-01-11T13:49:49.711+0000] {dagbag.py:538} INFO - Filling up the DagBag from /home/airflow/.local/lib/python3.7/site-packages/airflow/example_dags/example_subdag_operator.py
[2023-01-11T13:49:49.781+0000] {processor.py:753} INFO - DAG(s) dict_keys(['example_subdag_operator.section-1', 'example_subdag_operator.section-2', 'example_subdag_operator']) retrieved from /home/airflow/.local/lib/python3.7/site-packages/airflow/example_dags/example_subdag_operator.py
[2023-01-11T13:49:49.853+0000] {logging_mixin.py:137} INFO - [2023-01-11T13:49:49.852+0000] {dag.py:2676} INFO - Sync 3 DAGs
[2023-01-11T13:49:49.907+0000] {logging_mixin.py:137} INFO - [2023-01-11T13:49:49.906+0000] {dag.py:3427} INFO - Setting next_dagrun for example_subdag_operator to 2022-01-01T00:00:00+00:00, run_after=2022-01-01T00:00:00+00:00
[2023-01-11T13:49:49.915+0000] {logging_mixin.py:137} INFO - [2023-01-11T13:49:49.915+0000] {dag.py:3427} INFO - Setting next_dagrun for example_subdag_operator.section-1 to None, run_after=None
[2023-01-11T13:49:49.918+0000] {logging_mixin.py:137} INFO - [2023-01-11T13:49:49.918+0000] {dag.py:3427} INFO - Setting next_dagrun for example_subdag_operator.section-2 to None, run_after=None
[2023-01-11T13:49:49.936+0000] {logging_mixin.py:137} INFO - [2023-01-11T13:49:49.936+0000] {dag.py:2676} INFO - Sync 2 DAGs
[2023-01-11T13:49:49.950+0000] {logging_mixin.py:137} INFO - [2023-01-11T13:49:49.949+0000] {dag.py:3427} INFO - Setting next_dagrun for example_subdag_operator.section-1 to None, run_after=None
[2023-01-11T13:49:49.950+0000] {logging_mixin.py:137} INFO - [2023-01-11T13:49:49.950+0000] {dag.py:3427} INFO - Setting next_dagrun for example_subdag_operator.section-2 to None, run_after=None
[2023-01-11T13:49:49.980+0000] {processor.py:175} INFO - Processing /home/airflow/.local/lib/python3.7/site-packages/airflow/example_dags/example_subdag_operator.py took 0.277 seconds
[2023-01-11T13:50:20.758+0000] {processor.py:153} INFO - Started process (PID=1853) to work on /home/airflow/.local/lib/python3.7/site-packages/airflow/example_dags/example_subdag_operator.py
[2023-01-11T13:50:20.766+0000] {processor.py:743} INFO - Processing file /home/airflow/.local/lib/python3.7/site-packages/airflow/example_dags/example_subdag_operator.py for tasks to queue
[2023-01-11T13:50:20.767+0000] {logging_mixin.py:137} INFO - [2023-01-11T13:50:20.767+0000] {dagbag.py:538} INFO - Filling up the DagBag from /home/airflow/.local/lib/python3.7/site-packages/airflow/example_dags/example_subdag_operator.py
[2023-01-11T13:50:20.799+0000] {processor.py:753} INFO - DAG(s) dict_keys(['example_subdag_operator.section-1', 'example_subdag_operator.section-2', 'example_subdag_operator']) retrieved from /home/airflow/.local/lib/python3.7/site-packages/airflow/example_dags/example_subdag_operator.py
[2023-01-11T13:50:20.829+0000] {logging_mixin.py:137} INFO - [2023-01-11T13:50:20.829+0000] {dag.py:2676} INFO - Sync 3 DAGs
[2023-01-11T13:50:20.855+0000] {logging_mixin.py:137} INFO - [2023-01-11T13:50:20.854+0000] {dag.py:3427} INFO - Setting next_dagrun for example_subdag_operator to 2022-01-01T00:00:00+00:00, run_after=2022-01-01T00:00:00+00:00
[2023-01-11T13:50:20.858+0000] {logging_mixin.py:137} INFO - [2023-01-11T13:50:20.858+0000] {dag.py:3427} INFO - Setting next_dagrun for example_subdag_operator.section-1 to None, run_after=None
[2023-01-11T13:50:20.860+0000] {logging_mixin.py:137} INFO - [2023-01-11T13:50:20.859+0000] {dag.py:3427} INFO - Setting next_dagrun for example_subdag_operator.section-2 to None, run_after=None
[2023-01-11T13:50:20.868+0000] {logging_mixin.py:137} INFO - [2023-01-11T13:50:20.867+0000] {dag.py:2676} INFO - Sync 2 DAGs
[2023-01-11T13:50:20.874+0000] {logging_mixin.py:137} INFO - [2023-01-11T13:50:20.874+0000] {dag.py:3427} INFO - Setting next_dagrun for example_subdag_operator.section-1 to None, run_after=None
[2023-01-11T13:50:20.874+0000] {logging_mixin.py:137} INFO - [2023-01-11T13:50:20.874+0000] {dag.py:3427} INFO - Setting next_dagrun for example_subdag_operator.section-2 to None, run_after=None
[2023-01-11T13:50:20.888+0000] {processor.py:175} INFO - Processing /home/airflow/.local/lib/python3.7/site-packages/airflow/example_dags/example_subdag_operator.py took 0.133 seconds
