[2023-01-11T13:40:12.921+0000] {processor.py:153} INFO - Started process (PID=250) to work on /home/airflow/.local/lib/python3.7/site-packages/airflow/example_dags/tutorial.py
[2023-01-11T13:40:12.923+0000] {processor.py:743} INFO - Processing file /home/airflow/.local/lib/python3.7/site-packages/airflow/example_dags/tutorial.py for tasks to queue
[2023-01-11T13:40:12.924+0000] {logging_mixin.py:137} INFO - [2023-01-11T13:40:12.923+0000] {dagbag.py:538} INFO - Filling up the DagBag from /home/airflow/.local/lib/python3.7/site-packages/airflow/example_dags/tutorial.py
[2023-01-11T13:40:12.982+0000] {processor.py:753} INFO - DAG(s) dict_keys(['tutorial']) retrieved from /home/airflow/.local/lib/python3.7/site-packages/airflow/example_dags/tutorial.py
[2023-01-11T13:40:13.074+0000] {logging_mixin.py:137} INFO - [2023-01-11T13:40:13.074+0000] {dag.py:2676} INFO - Sync 1 DAGs
[2023-01-11T13:40:13.127+0000] {logging_mixin.py:137} INFO - [2023-01-11T13:40:13.127+0000] {dag.py:3427} INFO - Setting next_dagrun for tutorial to 2023-01-10T13:40:13.126888+00:00, run_after=2023-01-11T13:40:13.126888+00:00
[2023-01-11T13:40:13.177+0000] {processor.py:175} INFO - Processing /home/airflow/.local/lib/python3.7/site-packages/airflow/example_dags/tutorial.py took 0.271 seconds
[2023-01-11T13:40:43.465+0000] {processor.py:153} INFO - Started process (PID=458) to work on /home/airflow/.local/lib/python3.7/site-packages/airflow/example_dags/tutorial.py
[2023-01-11T13:40:43.469+0000] {processor.py:743} INFO - Processing file /home/airflow/.local/lib/python3.7/site-packages/airflow/example_dags/tutorial.py for tasks to queue
[2023-01-11T13:40:43.470+0000] {logging_mixin.py:137} INFO - [2023-01-11T13:40:43.470+0000] {dagbag.py:538} INFO - Filling up the DagBag from /home/airflow/.local/lib/python3.7/site-packages/airflow/example_dags/tutorial.py
[2023-01-11T13:40:43.492+0000] {processor.py:753} INFO - DAG(s) dict_keys(['tutorial']) retrieved from /home/airflow/.local/lib/python3.7/site-packages/airflow/example_dags/tutorial.py
[2023-01-11T13:40:43.529+0000] {logging_mixin.py:137} INFO - [2023-01-11T13:40:43.529+0000] {dag.py:2676} INFO - Sync 1 DAGs
[2023-01-11T13:40:43.557+0000] {logging_mixin.py:137} INFO - [2023-01-11T13:40:43.556+0000] {dag.py:3427} INFO - Setting next_dagrun for tutorial to 2023-01-10T13:40:43.556732+00:00, run_after=2023-01-11T13:40:43.556732+00:00
[2023-01-11T13:40:43.575+0000] {processor.py:175} INFO - Processing /home/airflow/.local/lib/python3.7/site-packages/airflow/example_dags/tutorial.py took 0.113 seconds
[2023-01-11T13:43:00.073+0000] {processor.py:153} INFO - Started process (PID=260) to work on /home/airflow/.local/lib/python3.7/site-packages/airflow/example_dags/tutorial.py
[2023-01-11T13:43:00.088+0000] {processor.py:743} INFO - Processing file /home/airflow/.local/lib/python3.7/site-packages/airflow/example_dags/tutorial.py for tasks to queue
[2023-01-11T13:43:00.114+0000] {logging_mixin.py:137} INFO - [2023-01-11T13:43:00.109+0000] {dagbag.py:538} INFO - Filling up the DagBag from /home/airflow/.local/lib/python3.7/site-packages/airflow/example_dags/tutorial.py
[2023-01-11T13:43:00.527+0000] {processor.py:753} INFO - DAG(s) dict_keys(['tutorial']) retrieved from /home/airflow/.local/lib/python3.7/site-packages/airflow/example_dags/tutorial.py
[2023-01-11T13:43:01.601+0000] {logging_mixin.py:137} INFO - [2023-01-11T13:43:01.601+0000] {dag.py:2676} INFO - Sync 1 DAGs
[2023-01-11T13:43:02.712+0000] {logging_mixin.py:137} INFO - [2023-01-11T13:43:02.711+0000] {dag.py:3427} INFO - Setting next_dagrun for tutorial to 2023-01-10T13:43:02.710852+00:00, run_after=2023-01-11T13:43:02.710852+00:00
[2023-01-11T13:43:02.953+0000] {processor.py:175} INFO - Processing /home/airflow/.local/lib/python3.7/site-packages/airflow/example_dags/tutorial.py took 3.016 seconds
[2023-01-11T13:44:45.955+0000] {processor.py:153} INFO - Started process (PID=247) to work on /home/airflow/.local/lib/python3.7/site-packages/airflow/example_dags/tutorial.py
[2023-01-11T13:44:45.959+0000] {processor.py:743} INFO - Processing file /home/airflow/.local/lib/python3.7/site-packages/airflow/example_dags/tutorial.py for tasks to queue
[2023-01-11T13:44:45.962+0000] {logging_mixin.py:137} INFO - [2023-01-11T13:44:45.961+0000] {dagbag.py:538} INFO - Filling up the DagBag from /home/airflow/.local/lib/python3.7/site-packages/airflow/example_dags/tutorial.py
[2023-01-11T13:44:46.066+0000] {processor.py:753} INFO - DAG(s) dict_keys(['tutorial']) retrieved from /home/airflow/.local/lib/python3.7/site-packages/airflow/example_dags/tutorial.py
[2023-01-11T13:44:46.233+0000] {logging_mixin.py:137} INFO - [2023-01-11T13:44:46.233+0000] {dag.py:2676} INFO - Sync 1 DAGs
[2023-01-11T13:44:46.351+0000] {logging_mixin.py:137} INFO - [2023-01-11T13:44:46.351+0000] {dag.py:3427} INFO - Setting next_dagrun for tutorial to 2023-01-10T13:44:46.350878+00:00, run_after=2023-01-11T13:44:46.350878+00:00
[2023-01-11T13:44:46.483+0000] {processor.py:175} INFO - Processing /home/airflow/.local/lib/python3.7/site-packages/airflow/example_dags/tutorial.py took 0.546 seconds
[2023-01-11T13:45:16.623+0000] {processor.py:153} INFO - Started process (PID=458) to work on /home/airflow/.local/lib/python3.7/site-packages/airflow/example_dags/tutorial.py
[2023-01-11T13:45:16.625+0000] {processor.py:743} INFO - Processing file /home/airflow/.local/lib/python3.7/site-packages/airflow/example_dags/tutorial.py for tasks to queue
[2023-01-11T13:45:16.626+0000] {logging_mixin.py:137} INFO - [2023-01-11T13:45:16.626+0000] {dagbag.py:538} INFO - Filling up the DagBag from /home/airflow/.local/lib/python3.7/site-packages/airflow/example_dags/tutorial.py
[2023-01-11T13:45:16.664+0000] {processor.py:753} INFO - DAG(s) dict_keys(['tutorial']) retrieved from /home/airflow/.local/lib/python3.7/site-packages/airflow/example_dags/tutorial.py
[2023-01-11T13:45:16.742+0000] {logging_mixin.py:137} INFO - [2023-01-11T13:45:16.742+0000] {dag.py:2676} INFO - Sync 1 DAGs
[2023-01-11T13:45:16.812+0000] {logging_mixin.py:137} INFO - [2023-01-11T13:45:16.812+0000] {dag.py:3427} INFO - Setting next_dagrun for tutorial to 2023-01-10T13:45:16.811441+00:00, run_after=2023-01-11T13:45:16.811441+00:00
[2023-01-11T13:45:16.862+0000] {processor.py:175} INFO - Processing /home/airflow/.local/lib/python3.7/site-packages/airflow/example_dags/tutorial.py took 0.247 seconds
[2023-01-11T13:46:33.482+0000] {processor.py:153} INFO - Started process (PID=248) to work on /home/airflow/.local/lib/python3.7/site-packages/airflow/example_dags/tutorial.py
[2023-01-11T13:46:33.498+0000] {processor.py:743} INFO - Processing file /home/airflow/.local/lib/python3.7/site-packages/airflow/example_dags/tutorial.py for tasks to queue
[2023-01-11T13:46:33.500+0000] {logging_mixin.py:137} INFO - [2023-01-11T13:46:33.499+0000] {dagbag.py:538} INFO - Filling up the DagBag from /home/airflow/.local/lib/python3.7/site-packages/airflow/example_dags/tutorial.py
[2023-01-11T13:46:33.599+0000] {processor.py:753} INFO - DAG(s) dict_keys(['tutorial']) retrieved from /home/airflow/.local/lib/python3.7/site-packages/airflow/example_dags/tutorial.py
[2023-01-11T13:46:33.799+0000] {logging_mixin.py:137} INFO - [2023-01-11T13:46:33.799+0000] {dag.py:2676} INFO - Sync 1 DAGs
[2023-01-11T13:46:33.912+0000] {logging_mixin.py:137} INFO - [2023-01-11T13:46:33.912+0000] {dag.py:3427} INFO - Setting next_dagrun for tutorial to 2023-01-10T13:46:33.912158+00:00, run_after=2023-01-11T13:46:33.912158+00:00
[2023-01-11T13:46:34.003+0000] {processor.py:175} INFO - Processing /home/airflow/.local/lib/python3.7/site-packages/airflow/example_dags/tutorial.py took 0.527 seconds
[2023-01-11T13:47:04.324+0000] {processor.py:153} INFO - Started process (PID=465) to work on /home/airflow/.local/lib/python3.7/site-packages/airflow/example_dags/tutorial.py
[2023-01-11T13:47:04.325+0000] {processor.py:743} INFO - Processing file /home/airflow/.local/lib/python3.7/site-packages/airflow/example_dags/tutorial.py for tasks to queue
[2023-01-11T13:47:04.326+0000] {logging_mixin.py:137} INFO - [2023-01-11T13:47:04.326+0000] {dagbag.py:538} INFO - Filling up the DagBag from /home/airflow/.local/lib/python3.7/site-packages/airflow/example_dags/tutorial.py
[2023-01-11T13:47:04.357+0000] {processor.py:753} INFO - DAG(s) dict_keys(['tutorial']) retrieved from /home/airflow/.local/lib/python3.7/site-packages/airflow/example_dags/tutorial.py
[2023-01-11T13:47:04.433+0000] {logging_mixin.py:137} INFO - [2023-01-11T13:47:04.432+0000] {dag.py:2676} INFO - Sync 1 DAGs
[2023-01-11T13:47:04.487+0000] {logging_mixin.py:137} INFO - [2023-01-11T13:47:04.486+0000] {dag.py:3427} INFO - Setting next_dagrun for tutorial to 2023-01-10T13:47:04.486433+00:00, run_after=2023-01-11T13:47:04.486433+00:00
[2023-01-11T13:47:04.532+0000] {processor.py:175} INFO - Processing /home/airflow/.local/lib/python3.7/site-packages/airflow/example_dags/tutorial.py took 0.215 seconds
[2023-01-11T13:47:34.645+0000] {processor.py:153} INFO - Started process (PID=679) to work on /home/airflow/.local/lib/python3.7/site-packages/airflow/example_dags/tutorial.py
[2023-01-11T13:47:34.661+0000] {processor.py:743} INFO - Processing file /home/airflow/.local/lib/python3.7/site-packages/airflow/example_dags/tutorial.py for tasks to queue
[2023-01-11T13:47:34.665+0000] {logging_mixin.py:137} INFO - [2023-01-11T13:47:34.664+0000] {dagbag.py:538} INFO - Filling up the DagBag from /home/airflow/.local/lib/python3.7/site-packages/airflow/example_dags/tutorial.py
[2023-01-11T13:47:34.713+0000] {processor.py:753} INFO - DAG(s) dict_keys(['tutorial']) retrieved from /home/airflow/.local/lib/python3.7/site-packages/airflow/example_dags/tutorial.py
[2023-01-11T13:47:34.865+0000] {logging_mixin.py:137} INFO - [2023-01-11T13:47:34.865+0000] {dag.py:2676} INFO - Sync 1 DAGs
[2023-01-11T13:47:34.925+0000] {logging_mixin.py:137} INFO - [2023-01-11T13:47:34.925+0000] {dag.py:3427} INFO - Setting next_dagrun for tutorial to 2023-01-10T13:47:34.924731+00:00, run_after=2023-01-11T13:47:34.924731+00:00
[2023-01-11T13:47:34.973+0000] {processor.py:175} INFO - Processing /home/airflow/.local/lib/python3.7/site-packages/airflow/example_dags/tutorial.py took 0.336 seconds
[2023-01-11T13:48:06.133+0000] {processor.py:153} INFO - Started process (PID=898) to work on /home/airflow/.local/lib/python3.7/site-packages/airflow/example_dags/tutorial.py
[2023-01-11T13:48:06.135+0000] {processor.py:743} INFO - Processing file /home/airflow/.local/lib/python3.7/site-packages/airflow/example_dags/tutorial.py for tasks to queue
[2023-01-11T13:48:06.137+0000] {logging_mixin.py:137} INFO - [2023-01-11T13:48:06.137+0000] {dagbag.py:538} INFO - Filling up the DagBag from /home/airflow/.local/lib/python3.7/site-packages/airflow/example_dags/tutorial.py
[2023-01-11T13:48:06.211+0000] {processor.py:753} INFO - DAG(s) dict_keys(['tutorial']) retrieved from /home/airflow/.local/lib/python3.7/site-packages/airflow/example_dags/tutorial.py
[2023-01-11T13:48:06.536+0000] {logging_mixin.py:137} INFO - [2023-01-11T13:48:06.536+0000] {dag.py:2676} INFO - Sync 1 DAGs
[2023-01-11T13:48:06.694+0000] {logging_mixin.py:137} INFO - [2023-01-11T13:48:06.694+0000] {dag.py:3427} INFO - Setting next_dagrun for tutorial to 2023-01-10T13:48:06.693825+00:00, run_after=2023-01-11T13:48:06.693825+00:00
[2023-01-11T13:48:06.779+0000] {processor.py:175} INFO - Processing /home/airflow/.local/lib/python3.7/site-packages/airflow/example_dags/tutorial.py took 0.667 seconds
[2023-01-11T13:48:37.451+0000] {processor.py:153} INFO - Started process (PID=1104) to work on /home/airflow/.local/lib/python3.7/site-packages/airflow/example_dags/tutorial.py
[2023-01-11T13:48:37.461+0000] {processor.py:743} INFO - Processing file /home/airflow/.local/lib/python3.7/site-packages/airflow/example_dags/tutorial.py for tasks to queue
[2023-01-11T13:48:37.462+0000] {logging_mixin.py:137} INFO - [2023-01-11T13:48:37.462+0000] {dagbag.py:538} INFO - Filling up the DagBag from /home/airflow/.local/lib/python3.7/site-packages/airflow/example_dags/tutorial.py
[2023-01-11T13:48:37.527+0000] {processor.py:753} INFO - DAG(s) dict_keys(['tutorial']) retrieved from /home/airflow/.local/lib/python3.7/site-packages/airflow/example_dags/tutorial.py
[2023-01-11T13:48:37.652+0000] {logging_mixin.py:137} INFO - [2023-01-11T13:48:37.652+0000] {dag.py:2676} INFO - Sync 1 DAGs
[2023-01-11T13:48:37.723+0000] {logging_mixin.py:137} INFO - [2023-01-11T13:48:37.723+0000] {dag.py:3427} INFO - Setting next_dagrun for tutorial to 2023-01-10T13:48:37.722549+00:00, run_after=2023-01-11T13:48:37.722549+00:00
[2023-01-11T13:48:37.793+0000] {processor.py:175} INFO - Processing /home/airflow/.local/lib/python3.7/site-packages/airflow/example_dags/tutorial.py took 0.349 seconds
[2023-01-11T13:49:07.936+0000] {processor.py:153} INFO - Started process (PID=1322) to work on /home/airflow/.local/lib/python3.7/site-packages/airflow/example_dags/tutorial.py
[2023-01-11T13:49:07.937+0000] {processor.py:743} INFO - Processing file /home/airflow/.local/lib/python3.7/site-packages/airflow/example_dags/tutorial.py for tasks to queue
[2023-01-11T13:49:07.938+0000] {logging_mixin.py:137} INFO - [2023-01-11T13:49:07.938+0000] {dagbag.py:538} INFO - Filling up the DagBag from /home/airflow/.local/lib/python3.7/site-packages/airflow/example_dags/tutorial.py
[2023-01-11T13:49:07.964+0000] {processor.py:753} INFO - DAG(s) dict_keys(['tutorial']) retrieved from /home/airflow/.local/lib/python3.7/site-packages/airflow/example_dags/tutorial.py
[2023-01-11T13:49:08.041+0000] {logging_mixin.py:137} INFO - [2023-01-11T13:49:08.040+0000] {dag.py:2676} INFO - Sync 1 DAGs
[2023-01-11T13:49:08.099+0000] {logging_mixin.py:137} INFO - [2023-01-11T13:49:08.099+0000] {dag.py:3427} INFO - Setting next_dagrun for tutorial to 2023-01-10T13:49:08.099197+00:00, run_after=2023-01-11T13:49:08.099197+00:00
[2023-01-11T13:49:08.139+0000] {processor.py:175} INFO - Processing /home/airflow/.local/lib/python3.7/site-packages/airflow/example_dags/tutorial.py took 0.209 seconds
[2023-01-11T13:49:38.736+0000] {processor.py:153} INFO - Started process (PID=1536) to work on /home/airflow/.local/lib/python3.7/site-packages/airflow/example_dags/tutorial.py
[2023-01-11T13:49:38.739+0000] {processor.py:743} INFO - Processing file /home/airflow/.local/lib/python3.7/site-packages/airflow/example_dags/tutorial.py for tasks to queue
[2023-01-11T13:49:38.740+0000] {logging_mixin.py:137} INFO - [2023-01-11T13:49:38.740+0000] {dagbag.py:538} INFO - Filling up the DagBag from /home/airflow/.local/lib/python3.7/site-packages/airflow/example_dags/tutorial.py
[2023-01-11T13:49:38.769+0000] {processor.py:753} INFO - DAG(s) dict_keys(['tutorial']) retrieved from /home/airflow/.local/lib/python3.7/site-packages/airflow/example_dags/tutorial.py
[2023-01-11T13:49:38.843+0000] {logging_mixin.py:137} INFO - [2023-01-11T13:49:38.843+0000] {dag.py:2676} INFO - Sync 1 DAGs
[2023-01-11T13:49:38.912+0000] {logging_mixin.py:137} INFO - [2023-01-11T13:49:38.912+0000] {dag.py:3427} INFO - Setting next_dagrun for tutorial to 2023-01-10T13:49:38.912118+00:00, run_after=2023-01-11T13:49:38.912118+00:00
[2023-01-11T13:49:38.950+0000] {processor.py:175} INFO - Processing /home/airflow/.local/lib/python3.7/site-packages/airflow/example_dags/tutorial.py took 0.221 seconds
[2023-01-11T13:50:09.387+0000] {processor.py:153} INFO - Started process (PID=1746) to work on /home/airflow/.local/lib/python3.7/site-packages/airflow/example_dags/tutorial.py
[2023-01-11T13:50:09.388+0000] {processor.py:743} INFO - Processing file /home/airflow/.local/lib/python3.7/site-packages/airflow/example_dags/tutorial.py for tasks to queue
[2023-01-11T13:50:09.390+0000] {logging_mixin.py:137} INFO - [2023-01-11T13:50:09.390+0000] {dagbag.py:538} INFO - Filling up the DagBag from /home/airflow/.local/lib/python3.7/site-packages/airflow/example_dags/tutorial.py
[2023-01-11T13:50:09.424+0000] {processor.py:753} INFO - DAG(s) dict_keys(['tutorial']) retrieved from /home/airflow/.local/lib/python3.7/site-packages/airflow/example_dags/tutorial.py
[2023-01-11T13:50:09.511+0000] {logging_mixin.py:137} INFO - [2023-01-11T13:50:09.511+0000] {dag.py:2676} INFO - Sync 1 DAGs
[2023-01-11T13:50:09.582+0000] {logging_mixin.py:137} INFO - [2023-01-11T13:50:09.581+0000] {dag.py:3427} INFO - Setting next_dagrun for tutorial to 2023-01-10T13:50:09.580472+00:00, run_after=2023-01-11T13:50:09.580472+00:00
[2023-01-11T13:50:09.635+0000] {processor.py:175} INFO - Processing /home/airflow/.local/lib/python3.7/site-packages/airflow/example_dags/tutorial.py took 0.255 seconds
