[2023-01-11T13:40:15.492+0000] {processor.py:153} INFO - Started process (PID=279) to work on /home/airflow/.local/lib/python3.7/site-packages/airflow/example_dags/tutorial_taskflow_api.py
[2023-01-11T13:40:15.494+0000] {processor.py:743} INFO - Processing file /home/airflow/.local/lib/python3.7/site-packages/airflow/example_dags/tutorial_taskflow_api.py for tasks to queue
[2023-01-11T13:40:15.496+0000] {logging_mixin.py:137} INFO - [2023-01-11T13:40:15.495+0000] {dagbag.py:538} INFO - Filling up the DagBag from /home/airflow/.local/lib/python3.7/site-packages/airflow/example_dags/tutorial_taskflow_api.py
[2023-01-11T13:40:15.615+0000] {processor.py:753} INFO - DAG(s) dict_keys(['tutorial_taskflow_api']) retrieved from /home/airflow/.local/lib/python3.7/site-packages/airflow/example_dags/tutorial_taskflow_api.py
[2023-01-11T13:40:15.844+0000] {logging_mixin.py:137} INFO - [2023-01-11T13:40:15.843+0000] {dag.py:2676} INFO - Sync 1 DAGs
[2023-01-11T13:40:15.987+0000] {logging_mixin.py:137} INFO - [2023-01-11T13:40:15.987+0000] {dag.py:3427} INFO - Setting next_dagrun for tutorial_taskflow_api to None, run_after=None
[2023-01-11T13:40:16.059+0000] {processor.py:175} INFO - Processing /home/airflow/.local/lib/python3.7/site-packages/airflow/example_dags/tutorial_taskflow_api.py took 0.572 seconds
[2023-01-11T13:40:46.924+0000] {processor.py:153} INFO - Started process (PID=482) to work on /home/airflow/.local/lib/python3.7/site-packages/airflow/example_dags/tutorial_taskflow_api.py
[2023-01-11T13:40:46.927+0000] {processor.py:743} INFO - Processing file /home/airflow/.local/lib/python3.7/site-packages/airflow/example_dags/tutorial_taskflow_api.py for tasks to queue
[2023-01-11T13:40:46.928+0000] {logging_mixin.py:137} INFO - [2023-01-11T13:40:46.928+0000] {dagbag.py:538} INFO - Filling up the DagBag from /home/airflow/.local/lib/python3.7/site-packages/airflow/example_dags/tutorial_taskflow_api.py
[2023-01-11T13:40:46.975+0000] {processor.py:753} INFO - DAG(s) dict_keys(['tutorial_taskflow_api']) retrieved from /home/airflow/.local/lib/python3.7/site-packages/airflow/example_dags/tutorial_taskflow_api.py
[2023-01-11T13:40:47.166+0000] {logging_mixin.py:137} INFO - [2023-01-11T13:40:47.165+0000] {dag.py:2676} INFO - Sync 1 DAGs
[2023-01-11T13:40:47.313+0000] {logging_mixin.py:137} INFO - [2023-01-11T13:40:47.312+0000] {dag.py:3427} INFO - Setting next_dagrun for tutorial_taskflow_api to None, run_after=None
[2023-01-11T13:40:47.395+0000] {processor.py:175} INFO - Processing /home/airflow/.local/lib/python3.7/site-packages/airflow/example_dags/tutorial_taskflow_api.py took 0.483 seconds
[2023-01-11T13:43:07.365+0000] {processor.py:153} INFO - Started process (PID=286) to work on /home/airflow/.local/lib/python3.7/site-packages/airflow/example_dags/tutorial_taskflow_api.py
[2023-01-11T13:43:07.392+0000] {processor.py:743} INFO - Processing file /home/airflow/.local/lib/python3.7/site-packages/airflow/example_dags/tutorial_taskflow_api.py for tasks to queue
[2023-01-11T13:43:07.413+0000] {logging_mixin.py:137} INFO - [2023-01-11T13:43:07.413+0000] {dagbag.py:538} INFO - Filling up the DagBag from /home/airflow/.local/lib/python3.7/site-packages/airflow/example_dags/tutorial_taskflow_api.py
[2023-01-11T13:43:08.018+0000] {processor.py:753} INFO - DAG(s) dict_keys(['tutorial_taskflow_api']) retrieved from /home/airflow/.local/lib/python3.7/site-packages/airflow/example_dags/tutorial_taskflow_api.py
[2023-01-11T13:43:08.614+0000] {logging_mixin.py:137} INFO - [2023-01-11T13:43:08.614+0000] {dag.py:2676} INFO - Sync 1 DAGs
[2023-01-11T13:43:08.834+0000] {logging_mixin.py:137} INFO - [2023-01-11T13:43:08.833+0000] {dag.py:3427} INFO - Setting next_dagrun for tutorial_taskflow_api to None, run_after=None
[2023-01-11T13:43:09.923+0000] {processor.py:175} INFO - Processing /home/airflow/.local/lib/python3.7/site-packages/airflow/example_dags/tutorial_taskflow_api.py took 2.654 seconds
[2023-01-11T13:44:48.921+0000] {processor.py:153} INFO - Started process (PID=274) to work on /home/airflow/.local/lib/python3.7/site-packages/airflow/example_dags/tutorial_taskflow_api.py
[2023-01-11T13:44:48.935+0000] {processor.py:743} INFO - Processing file /home/airflow/.local/lib/python3.7/site-packages/airflow/example_dags/tutorial_taskflow_api.py for tasks to queue
[2023-01-11T13:44:48.937+0000] {logging_mixin.py:137} INFO - [2023-01-11T13:44:48.937+0000] {dagbag.py:538} INFO - Filling up the DagBag from /home/airflow/.local/lib/python3.7/site-packages/airflow/example_dags/tutorial_taskflow_api.py
[2023-01-11T13:44:49.092+0000] {processor.py:753} INFO - DAG(s) dict_keys(['tutorial_taskflow_api']) retrieved from /home/airflow/.local/lib/python3.7/site-packages/airflow/example_dags/tutorial_taskflow_api.py
[2023-01-11T13:44:49.243+0000] {logging_mixin.py:137} INFO - [2023-01-11T13:44:49.243+0000] {dag.py:2676} INFO - Sync 1 DAGs
[2023-01-11T13:44:49.437+0000] {logging_mixin.py:137} INFO - [2023-01-11T13:44:49.436+0000] {dag.py:3427} INFO - Setting next_dagrun for tutorial_taskflow_api to None, run_after=None
[2023-01-11T13:44:49.553+0000] {processor.py:175} INFO - Processing /home/airflow/.local/lib/python3.7/site-packages/airflow/example_dags/tutorial_taskflow_api.py took 0.640 seconds
[2023-01-11T13:45:19.999+0000] {processor.py:153} INFO - Started process (PID=480) to work on /home/airflow/.local/lib/python3.7/site-packages/airflow/example_dags/tutorial_taskflow_api.py
[2023-01-11T13:45:20.001+0000] {processor.py:743} INFO - Processing file /home/airflow/.local/lib/python3.7/site-packages/airflow/example_dags/tutorial_taskflow_api.py for tasks to queue
[2023-01-11T13:45:20.002+0000] {logging_mixin.py:137} INFO - [2023-01-11T13:45:20.002+0000] {dagbag.py:538} INFO - Filling up the DagBag from /home/airflow/.local/lib/python3.7/site-packages/airflow/example_dags/tutorial_taskflow_api.py
[2023-01-11T13:45:20.053+0000] {processor.py:753} INFO - DAG(s) dict_keys(['tutorial_taskflow_api']) retrieved from /home/airflow/.local/lib/python3.7/site-packages/airflow/example_dags/tutorial_taskflow_api.py
[2023-01-11T13:45:20.185+0000] {logging_mixin.py:137} INFO - [2023-01-11T13:45:20.185+0000] {dag.py:2676} INFO - Sync 1 DAGs
[2023-01-11T13:45:20.312+0000] {logging_mixin.py:137} INFO - [2023-01-11T13:45:20.312+0000] {dag.py:3427} INFO - Setting next_dagrun for tutorial_taskflow_api to None, run_after=None
[2023-01-11T13:45:20.367+0000] {processor.py:175} INFO - Processing /home/airflow/.local/lib/python3.7/site-packages/airflow/example_dags/tutorial_taskflow_api.py took 0.374 seconds
[2023-01-11T13:46:34.629+0000] {processor.py:153} INFO - Started process (PID=268) to work on /home/airflow/.local/lib/python3.7/site-packages/airflow/example_dags/tutorial_taskflow_api.py
[2023-01-11T13:46:34.636+0000] {processor.py:743} INFO - Processing file /home/airflow/.local/lib/python3.7/site-packages/airflow/example_dags/tutorial_taskflow_api.py for tasks to queue
[2023-01-11T13:46:34.639+0000] {logging_mixin.py:137} INFO - [2023-01-11T13:46:34.638+0000] {dagbag.py:538} INFO - Filling up the DagBag from /home/airflow/.local/lib/python3.7/site-packages/airflow/example_dags/tutorial_taskflow_api.py
[2023-01-11T13:46:34.773+0000] {processor.py:753} INFO - DAG(s) dict_keys(['tutorial_taskflow_api']) retrieved from /home/airflow/.local/lib/python3.7/site-packages/airflow/example_dags/tutorial_taskflow_api.py
[2023-01-11T13:46:34.963+0000] {logging_mixin.py:137} INFO - [2023-01-11T13:46:34.962+0000] {dag.py:2676} INFO - Sync 1 DAGs
[2023-01-11T13:46:35.121+0000] {logging_mixin.py:137} INFO - [2023-01-11T13:46:35.121+0000] {dag.py:3427} INFO - Setting next_dagrun for tutorial_taskflow_api to None, run_after=None
[2023-01-11T13:46:35.268+0000] {processor.py:175} INFO - Processing /home/airflow/.local/lib/python3.7/site-packages/airflow/example_dags/tutorial_taskflow_api.py took 0.645 seconds
[2023-01-11T13:47:05.540+0000] {processor.py:153} INFO - Started process (PID=485) to work on /home/airflow/.local/lib/python3.7/site-packages/airflow/example_dags/tutorial_taskflow_api.py
[2023-01-11T13:47:05.542+0000] {processor.py:743} INFO - Processing file /home/airflow/.local/lib/python3.7/site-packages/airflow/example_dags/tutorial_taskflow_api.py for tasks to queue
[2023-01-11T13:47:05.544+0000] {logging_mixin.py:137} INFO - [2023-01-11T13:47:05.543+0000] {dagbag.py:538} INFO - Filling up the DagBag from /home/airflow/.local/lib/python3.7/site-packages/airflow/example_dags/tutorial_taskflow_api.py
[2023-01-11T13:47:05.598+0000] {processor.py:753} INFO - DAG(s) dict_keys(['tutorial_taskflow_api']) retrieved from /home/airflow/.local/lib/python3.7/site-packages/airflow/example_dags/tutorial_taskflow_api.py
[2023-01-11T13:47:05.685+0000] {logging_mixin.py:137} INFO - [2023-01-11T13:47:05.684+0000] {dag.py:2676} INFO - Sync 1 DAGs
[2023-01-11T13:47:05.736+0000] {logging_mixin.py:137} INFO - [2023-01-11T13:47:05.735+0000] {dag.py:3427} INFO - Setting next_dagrun for tutorial_taskflow_api to None, run_after=None
[2023-01-11T13:47:05.773+0000] {processor.py:175} INFO - Processing /home/airflow/.local/lib/python3.7/site-packages/airflow/example_dags/tutorial_taskflow_api.py took 0.241 seconds
[2023-01-11T13:47:36.062+0000] {processor.py:153} INFO - Started process (PID=702) to work on /home/airflow/.local/lib/python3.7/site-packages/airflow/example_dags/tutorial_taskflow_api.py
[2023-01-11T13:47:36.066+0000] {processor.py:743} INFO - Processing file /home/airflow/.local/lib/python3.7/site-packages/airflow/example_dags/tutorial_taskflow_api.py for tasks to queue
[2023-01-11T13:47:36.068+0000] {logging_mixin.py:137} INFO - [2023-01-11T13:47:36.068+0000] {dagbag.py:538} INFO - Filling up the DagBag from /home/airflow/.local/lib/python3.7/site-packages/airflow/example_dags/tutorial_taskflow_api.py
[2023-01-11T13:47:36.146+0000] {processor.py:753} INFO - DAG(s) dict_keys(['tutorial_taskflow_api']) retrieved from /home/airflow/.local/lib/python3.7/site-packages/airflow/example_dags/tutorial_taskflow_api.py
[2023-01-11T13:47:36.253+0000] {logging_mixin.py:137} INFO - [2023-01-11T13:47:36.253+0000] {dag.py:2676} INFO - Sync 1 DAGs
[2023-01-11T13:47:36.306+0000] {logging_mixin.py:137} INFO - [2023-01-11T13:47:36.306+0000] {dag.py:3427} INFO - Setting next_dagrun for tutorial_taskflow_api to None, run_after=None
[2023-01-11T13:47:36.365+0000] {processor.py:175} INFO - Processing /home/airflow/.local/lib/python3.7/site-packages/airflow/example_dags/tutorial_taskflow_api.py took 0.310 seconds
[2023-01-11T13:48:07.496+0000] {processor.py:153} INFO - Started process (PID=917) to work on /home/airflow/.local/lib/python3.7/site-packages/airflow/example_dags/tutorial_taskflow_api.py
[2023-01-11T13:48:07.504+0000] {processor.py:743} INFO - Processing file /home/airflow/.local/lib/python3.7/site-packages/airflow/example_dags/tutorial_taskflow_api.py for tasks to queue
[2023-01-11T13:48:07.506+0000] {logging_mixin.py:137} INFO - [2023-01-11T13:48:07.506+0000] {dagbag.py:538} INFO - Filling up the DagBag from /home/airflow/.local/lib/python3.7/site-packages/airflow/example_dags/tutorial_taskflow_api.py
[2023-01-11T13:48:07.606+0000] {processor.py:753} INFO - DAG(s) dict_keys(['tutorial_taskflow_api']) retrieved from /home/airflow/.local/lib/python3.7/site-packages/airflow/example_dags/tutorial_taskflow_api.py
[2023-01-11T13:48:07.829+0000] {logging_mixin.py:137} INFO - [2023-01-11T13:48:07.829+0000] {dag.py:2676} INFO - Sync 1 DAGs
[2023-01-11T13:48:07.973+0000] {logging_mixin.py:137} INFO - [2023-01-11T13:48:07.972+0000] {dag.py:3427} INFO - Setting next_dagrun for tutorial_taskflow_api to None, run_after=None
[2023-01-11T13:48:08.051+0000] {processor.py:175} INFO - Processing /home/airflow/.local/lib/python3.7/site-packages/airflow/example_dags/tutorial_taskflow_api.py took 0.564 seconds
[2023-01-11T13:48:38.428+0000] {processor.py:153} INFO - Started process (PID=1129) to work on /home/airflow/.local/lib/python3.7/site-packages/airflow/example_dags/tutorial_taskflow_api.py
[2023-01-11T13:48:38.444+0000] {processor.py:743} INFO - Processing file /home/airflow/.local/lib/python3.7/site-packages/airflow/example_dags/tutorial_taskflow_api.py for tasks to queue
[2023-01-11T13:48:38.446+0000] {logging_mixin.py:137} INFO - [2023-01-11T13:48:38.446+0000] {dagbag.py:538} INFO - Filling up the DagBag from /home/airflow/.local/lib/python3.7/site-packages/airflow/example_dags/tutorial_taskflow_api.py
[2023-01-11T13:48:38.550+0000] {processor.py:753} INFO - DAG(s) dict_keys(['tutorial_taskflow_api']) retrieved from /home/airflow/.local/lib/python3.7/site-packages/airflow/example_dags/tutorial_taskflow_api.py
[2023-01-11T13:48:38.732+0000] {logging_mixin.py:137} INFO - [2023-01-11T13:48:38.732+0000] {dag.py:2676} INFO - Sync 1 DAGs
[2023-01-11T13:48:38.853+0000] {logging_mixin.py:137} INFO - [2023-01-11T13:48:38.852+0000] {dag.py:3427} INFO - Setting next_dagrun for tutorial_taskflow_api to None, run_after=None
[2023-01-11T13:48:38.928+0000] {processor.py:175} INFO - Processing /home/airflow/.local/lib/python3.7/site-packages/airflow/example_dags/tutorial_taskflow_api.py took 0.508 seconds
[2023-01-11T13:49:09.043+0000] {processor.py:153} INFO - Started process (PID=1342) to work on /home/airflow/.local/lib/python3.7/site-packages/airflow/example_dags/tutorial_taskflow_api.py
[2023-01-11T13:49:09.045+0000] {processor.py:743} INFO - Processing file /home/airflow/.local/lib/python3.7/site-packages/airflow/example_dags/tutorial_taskflow_api.py for tasks to queue
[2023-01-11T13:49:09.047+0000] {logging_mixin.py:137} INFO - [2023-01-11T13:49:09.046+0000] {dagbag.py:538} INFO - Filling up the DagBag from /home/airflow/.local/lib/python3.7/site-packages/airflow/example_dags/tutorial_taskflow_api.py
[2023-01-11T13:49:09.087+0000] {processor.py:753} INFO - DAG(s) dict_keys(['tutorial_taskflow_api']) retrieved from /home/airflow/.local/lib/python3.7/site-packages/airflow/example_dags/tutorial_taskflow_api.py
[2023-01-11T13:49:09.156+0000] {logging_mixin.py:137} INFO - [2023-01-11T13:49:09.155+0000] {dag.py:2676} INFO - Sync 1 DAGs
[2023-01-11T13:49:09.206+0000] {logging_mixin.py:137} INFO - [2023-01-11T13:49:09.205+0000] {dag.py:3427} INFO - Setting next_dagrun for tutorial_taskflow_api to None, run_after=None
[2023-01-11T13:49:09.243+0000] {processor.py:175} INFO - Processing /home/airflow/.local/lib/python3.7/site-packages/airflow/example_dags/tutorial_taskflow_api.py took 0.206 seconds
[2023-01-11T13:49:40.095+0000] {processor.py:153} INFO - Started process (PID=1556) to work on /home/airflow/.local/lib/python3.7/site-packages/airflow/example_dags/tutorial_taskflow_api.py
[2023-01-11T13:49:40.098+0000] {processor.py:743} INFO - Processing file /home/airflow/.local/lib/python3.7/site-packages/airflow/example_dags/tutorial_taskflow_api.py for tasks to queue
[2023-01-11T13:49:40.100+0000] {logging_mixin.py:137} INFO - [2023-01-11T13:49:40.100+0000] {dagbag.py:538} INFO - Filling up the DagBag from /home/airflow/.local/lib/python3.7/site-packages/airflow/example_dags/tutorial_taskflow_api.py
[2023-01-11T13:49:40.163+0000] {processor.py:753} INFO - DAG(s) dict_keys(['tutorial_taskflow_api']) retrieved from /home/airflow/.local/lib/python3.7/site-packages/airflow/example_dags/tutorial_taskflow_api.py
[2023-01-11T13:49:40.274+0000] {logging_mixin.py:137} INFO - [2023-01-11T13:49:40.274+0000] {dag.py:2676} INFO - Sync 1 DAGs
[2023-01-11T13:49:40.331+0000] {logging_mixin.py:137} INFO - [2023-01-11T13:49:40.331+0000] {dag.py:3427} INFO - Setting next_dagrun for tutorial_taskflow_api to None, run_after=None
[2023-01-11T13:49:40.370+0000] {processor.py:175} INFO - Processing /home/airflow/.local/lib/python3.7/site-packages/airflow/example_dags/tutorial_taskflow_api.py took 0.283 seconds
[2023-01-11T13:50:10.548+0000] {processor.py:153} INFO - Started process (PID=1768) to work on /home/airflow/.local/lib/python3.7/site-packages/airflow/example_dags/tutorial_taskflow_api.py
[2023-01-11T13:50:10.550+0000] {processor.py:743} INFO - Processing file /home/airflow/.local/lib/python3.7/site-packages/airflow/example_dags/tutorial_taskflow_api.py for tasks to queue
[2023-01-11T13:50:10.551+0000] {logging_mixin.py:137} INFO - [2023-01-11T13:50:10.551+0000] {dagbag.py:538} INFO - Filling up the DagBag from /home/airflow/.local/lib/python3.7/site-packages/airflow/example_dags/tutorial_taskflow_api.py
[2023-01-11T13:50:10.590+0000] {processor.py:753} INFO - DAG(s) dict_keys(['tutorial_taskflow_api']) retrieved from /home/airflow/.local/lib/python3.7/site-packages/airflow/example_dags/tutorial_taskflow_api.py
[2023-01-11T13:50:10.663+0000] {logging_mixin.py:137} INFO - [2023-01-11T13:50:10.662+0000] {dag.py:2676} INFO - Sync 1 DAGs
[2023-01-11T13:50:10.711+0000] {logging_mixin.py:137} INFO - [2023-01-11T13:50:10.711+0000] {dag.py:3427} INFO - Setting next_dagrun for tutorial_taskflow_api to None, run_after=None
[2023-01-11T13:50:10.750+0000] {processor.py:175} INFO - Processing /home/airflow/.local/lib/python3.7/site-packages/airflow/example_dags/tutorial_taskflow_api.py took 0.208 seconds
