[2023-01-11T13:40:13.312+0000] {processor.py:153} INFO - Started process (PID=255) to work on /home/airflow/.local/lib/python3.7/site-packages/airflow/example_dags/tutorial_dag.py
[2023-01-11T13:40:13.314+0000] {processor.py:743} INFO - Processing file /home/airflow/.local/lib/python3.7/site-packages/airflow/example_dags/tutorial_dag.py for tasks to queue
[2023-01-11T13:40:13.315+0000] {logging_mixin.py:137} INFO - [2023-01-11T13:40:13.314+0000] {dagbag.py:538} INFO - Filling up the DagBag from /home/airflow/.local/lib/python3.7/site-packages/airflow/example_dags/tutorial_dag.py
[2023-01-11T13:40:13.415+0000] {processor.py:753} INFO - DAG(s) dict_keys(['tutorial_dag']) retrieved from /home/airflow/.local/lib/python3.7/site-packages/airflow/example_dags/tutorial_dag.py
[2023-01-11T13:40:13.595+0000] {logging_mixin.py:137} INFO - [2023-01-11T13:40:13.594+0000] {dag.py:2676} INFO - Sync 1 DAGs
[2023-01-11T13:40:13.720+0000] {logging_mixin.py:137} INFO - [2023-01-11T13:40:13.720+0000] {dag.py:3427} INFO - Setting next_dagrun for tutorial_dag to None, run_after=None
[2023-01-11T13:40:13.824+0000] {processor.py:175} INFO - Processing /home/airflow/.local/lib/python3.7/site-packages/airflow/example_dags/tutorial_dag.py took 0.518 seconds
[2023-01-11T13:40:44.609+0000] {processor.py:153} INFO - Started process (PID=467) to work on /home/airflow/.local/lib/python3.7/site-packages/airflow/example_dags/tutorial_dag.py
[2023-01-11T13:40:44.610+0000] {processor.py:743} INFO - Processing file /home/airflow/.local/lib/python3.7/site-packages/airflow/example_dags/tutorial_dag.py for tasks to queue
[2023-01-11T13:40:44.610+0000] {logging_mixin.py:137} INFO - [2023-01-11T13:40:44.610+0000] {dagbag.py:538} INFO - Filling up the DagBag from /home/airflow/.local/lib/python3.7/site-packages/airflow/example_dags/tutorial_dag.py
[2023-01-11T13:40:44.626+0000] {processor.py:753} INFO - DAG(s) dict_keys(['tutorial_dag']) retrieved from /home/airflow/.local/lib/python3.7/site-packages/airflow/example_dags/tutorial_dag.py
[2023-01-11T13:40:44.664+0000] {logging_mixin.py:137} INFO - [2023-01-11T13:40:44.664+0000] {dag.py:2676} INFO - Sync 1 DAGs
[2023-01-11T13:40:44.692+0000] {logging_mixin.py:137} INFO - [2023-01-11T13:40:44.692+0000] {dag.py:3427} INFO - Setting next_dagrun for tutorial_dag to None, run_after=None
[2023-01-11T13:40:44.714+0000] {processor.py:175} INFO - Processing /home/airflow/.local/lib/python3.7/site-packages/airflow/example_dags/tutorial_dag.py took 0.109 seconds
[2023-01-11T13:43:00.420+0000] {processor.py:153} INFO - Started process (PID=263) to work on /home/airflow/.local/lib/python3.7/site-packages/airflow/example_dags/tutorial_dag.py
[2023-01-11T13:43:00.525+0000] {processor.py:743} INFO - Processing file /home/airflow/.local/lib/python3.7/site-packages/airflow/example_dags/tutorial_dag.py for tasks to queue
[2023-01-11T13:43:00.547+0000] {logging_mixin.py:137} INFO - [2023-01-11T13:43:00.547+0000] {dagbag.py:538} INFO - Filling up the DagBag from /home/airflow/.local/lib/python3.7/site-packages/airflow/example_dags/tutorial_dag.py
[2023-01-11T13:43:00.857+0000] {processor.py:753} INFO - DAG(s) dict_keys(['tutorial_dag']) retrieved from /home/airflow/.local/lib/python3.7/site-packages/airflow/example_dags/tutorial_dag.py
[2023-01-11T13:43:02.612+0000] {logging_mixin.py:137} INFO - [2023-01-11T13:43:02.611+0000] {dag.py:2676} INFO - Sync 1 DAGs
[2023-01-11T13:43:02.869+0000] {logging_mixin.py:137} INFO - [2023-01-11T13:43:02.869+0000] {dag.py:3427} INFO - Setting next_dagrun for tutorial_dag to None, run_after=None
[2023-01-11T13:43:03.117+0000] {processor.py:175} INFO - Processing /home/airflow/.local/lib/python3.7/site-packages/airflow/example_dags/tutorial_dag.py took 2.714 seconds
[2023-01-11T13:44:46.620+0000] {processor.py:153} INFO - Started process (PID=252) to work on /home/airflow/.local/lib/python3.7/site-packages/airflow/example_dags/tutorial_dag.py
[2023-01-11T13:44:46.634+0000] {processor.py:743} INFO - Processing file /home/airflow/.local/lib/python3.7/site-packages/airflow/example_dags/tutorial_dag.py for tasks to queue
[2023-01-11T13:44:46.638+0000] {logging_mixin.py:137} INFO - [2023-01-11T13:44:46.636+0000] {dagbag.py:538} INFO - Filling up the DagBag from /home/airflow/.local/lib/python3.7/site-packages/airflow/example_dags/tutorial_dag.py
[2023-01-11T13:44:46.715+0000] {processor.py:753} INFO - DAG(s) dict_keys(['tutorial_dag']) retrieved from /home/airflow/.local/lib/python3.7/site-packages/airflow/example_dags/tutorial_dag.py
[2023-01-11T13:44:46.873+0000] {logging_mixin.py:137} INFO - [2023-01-11T13:44:46.872+0000] {dag.py:2676} INFO - Sync 1 DAGs
[2023-01-11T13:44:47.014+0000] {logging_mixin.py:137} INFO - [2023-01-11T13:44:47.013+0000] {dag.py:3427} INFO - Setting next_dagrun for tutorial_dag to None, run_after=None
[2023-01-11T13:44:47.104+0000] {processor.py:175} INFO - Processing /home/airflow/.local/lib/python3.7/site-packages/airflow/example_dags/tutorial_dag.py took 0.503 seconds
[2023-01-11T13:45:17.640+0000] {processor.py:153} INFO - Started process (PID=465) to work on /home/airflow/.local/lib/python3.7/site-packages/airflow/example_dags/tutorial_dag.py
[2023-01-11T13:45:17.642+0000] {processor.py:743} INFO - Processing file /home/airflow/.local/lib/python3.7/site-packages/airflow/example_dags/tutorial_dag.py for tasks to queue
[2023-01-11T13:45:17.644+0000] {logging_mixin.py:137} INFO - [2023-01-11T13:45:17.643+0000] {dagbag.py:538} INFO - Filling up the DagBag from /home/airflow/.local/lib/python3.7/site-packages/airflow/example_dags/tutorial_dag.py
[2023-01-11T13:45:17.690+0000] {processor.py:753} INFO - DAG(s) dict_keys(['tutorial_dag']) retrieved from /home/airflow/.local/lib/python3.7/site-packages/airflow/example_dags/tutorial_dag.py
[2023-01-11T13:45:17.783+0000] {logging_mixin.py:137} INFO - [2023-01-11T13:45:17.783+0000] {dag.py:2676} INFO - Sync 1 DAGs
[2023-01-11T13:45:17.835+0000] {logging_mixin.py:137} INFO - [2023-01-11T13:45:17.834+0000] {dag.py:3427} INFO - Setting next_dagrun for tutorial_dag to None, run_after=None
[2023-01-11T13:45:17.881+0000] {processor.py:175} INFO - Processing /home/airflow/.local/lib/python3.7/site-packages/airflow/example_dags/tutorial_dag.py took 0.253 seconds
[2023-01-11T13:46:33.811+0000] {processor.py:153} INFO - Started process (PID=253) to work on /home/airflow/.local/lib/python3.7/site-packages/airflow/example_dags/tutorial_dag.py
[2023-01-11T13:46:33.826+0000] {processor.py:743} INFO - Processing file /home/airflow/.local/lib/python3.7/site-packages/airflow/example_dags/tutorial_dag.py for tasks to queue
[2023-01-11T13:46:33.827+0000] {logging_mixin.py:137} INFO - [2023-01-11T13:46:33.827+0000] {dagbag.py:538} INFO - Filling up the DagBag from /home/airflow/.local/lib/python3.7/site-packages/airflow/example_dags/tutorial_dag.py
[2023-01-11T13:46:33.901+0000] {processor.py:753} INFO - DAG(s) dict_keys(['tutorial_dag']) retrieved from /home/airflow/.local/lib/python3.7/site-packages/airflow/example_dags/tutorial_dag.py
[2023-01-11T13:46:34.108+0000] {logging_mixin.py:137} INFO - [2023-01-11T13:46:34.107+0000] {dag.py:2676} INFO - Sync 1 DAGs
[2023-01-11T13:46:34.157+0000] {logging_mixin.py:137} INFO - [2023-01-11T13:46:34.157+0000] {dag.py:3427} INFO - Setting next_dagrun for tutorial_dag to None, run_after=None
[2023-01-11T13:46:34.214+0000] {processor.py:175} INFO - Processing /home/airflow/.local/lib/python3.7/site-packages/airflow/example_dags/tutorial_dag.py took 0.408 seconds
[2023-01-11T13:47:04.578+0000] {processor.py:153} INFO - Started process (PID=470) to work on /home/airflow/.local/lib/python3.7/site-packages/airflow/example_dags/tutorial_dag.py
[2023-01-11T13:47:04.579+0000] {processor.py:743} INFO - Processing file /home/airflow/.local/lib/python3.7/site-packages/airflow/example_dags/tutorial_dag.py for tasks to queue
[2023-01-11T13:47:04.580+0000] {logging_mixin.py:137} INFO - [2023-01-11T13:47:04.580+0000] {dagbag.py:538} INFO - Filling up the DagBag from /home/airflow/.local/lib/python3.7/site-packages/airflow/example_dags/tutorial_dag.py
[2023-01-11T13:47:04.610+0000] {processor.py:753} INFO - DAG(s) dict_keys(['tutorial_dag']) retrieved from /home/airflow/.local/lib/python3.7/site-packages/airflow/example_dags/tutorial_dag.py
[2023-01-11T13:47:04.692+0000] {logging_mixin.py:137} INFO - [2023-01-11T13:47:04.692+0000] {dag.py:2676} INFO - Sync 1 DAGs
[2023-01-11T13:47:04.759+0000] {logging_mixin.py:137} INFO - [2023-01-11T13:47:04.758+0000] {dag.py:3427} INFO - Setting next_dagrun for tutorial_dag to None, run_after=None
[2023-01-11T13:47:04.831+0000] {processor.py:175} INFO - Processing /home/airflow/.local/lib/python3.7/site-packages/airflow/example_dags/tutorial_dag.py took 0.259 seconds
[2023-01-11T13:47:35.027+0000] {processor.py:153} INFO - Started process (PID=686) to work on /home/airflow/.local/lib/python3.7/site-packages/airflow/example_dags/tutorial_dag.py
[2023-01-11T13:47:35.031+0000] {processor.py:743} INFO - Processing file /home/airflow/.local/lib/python3.7/site-packages/airflow/example_dags/tutorial_dag.py for tasks to queue
[2023-01-11T13:47:35.032+0000] {logging_mixin.py:137} INFO - [2023-01-11T13:47:35.032+0000] {dagbag.py:538} INFO - Filling up the DagBag from /home/airflow/.local/lib/python3.7/site-packages/airflow/example_dags/tutorial_dag.py
[2023-01-11T13:47:35.061+0000] {processor.py:753} INFO - DAG(s) dict_keys(['tutorial_dag']) retrieved from /home/airflow/.local/lib/python3.7/site-packages/airflow/example_dags/tutorial_dag.py
[2023-01-11T13:47:35.169+0000] {logging_mixin.py:137} INFO - [2023-01-11T13:47:35.169+0000] {dag.py:2676} INFO - Sync 1 DAGs
[2023-01-11T13:47:35.245+0000] {logging_mixin.py:137} INFO - [2023-01-11T13:47:35.245+0000] {dag.py:3427} INFO - Setting next_dagrun for tutorial_dag to None, run_after=None
[2023-01-11T13:47:35.296+0000] {processor.py:175} INFO - Processing /home/airflow/.local/lib/python3.7/site-packages/airflow/example_dags/tutorial_dag.py took 0.277 seconds
[2023-01-11T13:48:06.186+0000] {processor.py:153} INFO - Started process (PID=900) to work on /home/airflow/.local/lib/python3.7/site-packages/airflow/example_dags/tutorial_dag.py
[2023-01-11T13:48:06.187+0000] {processor.py:743} INFO - Processing file /home/airflow/.local/lib/python3.7/site-packages/airflow/example_dags/tutorial_dag.py for tasks to queue
[2023-01-11T13:48:06.188+0000] {logging_mixin.py:137} INFO - [2023-01-11T13:48:06.188+0000] {dagbag.py:538} INFO - Filling up the DagBag from /home/airflow/.local/lib/python3.7/site-packages/airflow/example_dags/tutorial_dag.py
[2023-01-11T13:48:06.350+0000] {processor.py:753} INFO - DAG(s) dict_keys(['tutorial_dag']) retrieved from /home/airflow/.local/lib/python3.7/site-packages/airflow/example_dags/tutorial_dag.py
[2023-01-11T13:48:06.582+0000] {logging_mixin.py:137} INFO - [2023-01-11T13:48:06.581+0000] {dag.py:2676} INFO - Sync 1 DAGs
[2023-01-11T13:48:06.701+0000] {logging_mixin.py:137} INFO - [2023-01-11T13:48:06.701+0000] {dag.py:3427} INFO - Setting next_dagrun for tutorial_dag to None, run_after=None
[2023-01-11T13:48:06.777+0000] {processor.py:175} INFO - Processing /home/airflow/.local/lib/python3.7/site-packages/airflow/example_dags/tutorial_dag.py took 0.612 seconds
[2023-01-11T13:48:37.466+0000] {processor.py:153} INFO - Started process (PID=1105) to work on /home/airflow/.local/lib/python3.7/site-packages/airflow/example_dags/tutorial_dag.py
[2023-01-11T13:48:37.471+0000] {processor.py:743} INFO - Processing file /home/airflow/.local/lib/python3.7/site-packages/airflow/example_dags/tutorial_dag.py for tasks to queue
[2023-01-11T13:48:37.472+0000] {logging_mixin.py:137} INFO - [2023-01-11T13:48:37.472+0000] {dagbag.py:538} INFO - Filling up the DagBag from /home/airflow/.local/lib/python3.7/site-packages/airflow/example_dags/tutorial_dag.py
[2023-01-11T13:48:37.521+0000] {processor.py:753} INFO - DAG(s) dict_keys(['tutorial_dag']) retrieved from /home/airflow/.local/lib/python3.7/site-packages/airflow/example_dags/tutorial_dag.py
[2023-01-11T13:48:37.804+0000] {logging_mixin.py:137} INFO - [2023-01-11T13:48:37.802+0000] {dag.py:2676} INFO - Sync 1 DAGs
[2023-01-11T13:48:37.956+0000] {logging_mixin.py:137} INFO - [2023-01-11T13:48:37.956+0000] {dag.py:3427} INFO - Setting next_dagrun for tutorial_dag to None, run_after=None
[2023-01-11T13:48:38.026+0000] {processor.py:175} INFO - Processing /home/airflow/.local/lib/python3.7/site-packages/airflow/example_dags/tutorial_dag.py took 0.570 seconds
[2023-01-11T13:49:08.183+0000] {processor.py:153} INFO - Started process (PID=1327) to work on /home/airflow/.local/lib/python3.7/site-packages/airflow/example_dags/tutorial_dag.py
[2023-01-11T13:49:08.184+0000] {processor.py:743} INFO - Processing file /home/airflow/.local/lib/python3.7/site-packages/airflow/example_dags/tutorial_dag.py for tasks to queue
[2023-01-11T13:49:08.185+0000] {logging_mixin.py:137} INFO - [2023-01-11T13:49:08.185+0000] {dagbag.py:538} INFO - Filling up the DagBag from /home/airflow/.local/lib/python3.7/site-packages/airflow/example_dags/tutorial_dag.py
[2023-01-11T13:49:08.211+0000] {processor.py:753} INFO - DAG(s) dict_keys(['tutorial_dag']) retrieved from /home/airflow/.local/lib/python3.7/site-packages/airflow/example_dags/tutorial_dag.py
[2023-01-11T13:49:08.281+0000] {logging_mixin.py:137} INFO - [2023-01-11T13:49:08.281+0000] {dag.py:2676} INFO - Sync 1 DAGs
[2023-01-11T13:49:08.330+0000] {logging_mixin.py:137} INFO - [2023-01-11T13:49:08.330+0000] {dag.py:3427} INFO - Setting next_dagrun for tutorial_dag to None, run_after=None
[2023-01-11T13:49:08.371+0000] {processor.py:175} INFO - Processing /home/airflow/.local/lib/python3.7/site-packages/airflow/example_dags/tutorial_dag.py took 0.194 seconds
[2023-01-11T13:49:38.996+0000] {processor.py:153} INFO - Started process (PID=1541) to work on /home/airflow/.local/lib/python3.7/site-packages/airflow/example_dags/tutorial_dag.py
[2023-01-11T13:49:38.998+0000] {processor.py:743} INFO - Processing file /home/airflow/.local/lib/python3.7/site-packages/airflow/example_dags/tutorial_dag.py for tasks to queue
[2023-01-11T13:49:38.999+0000] {logging_mixin.py:137} INFO - [2023-01-11T13:49:38.999+0000] {dagbag.py:538} INFO - Filling up the DagBag from /home/airflow/.local/lib/python3.7/site-packages/airflow/example_dags/tutorial_dag.py
[2023-01-11T13:49:39.028+0000] {processor.py:753} INFO - DAG(s) dict_keys(['tutorial_dag']) retrieved from /home/airflow/.local/lib/python3.7/site-packages/airflow/example_dags/tutorial_dag.py
[2023-01-11T13:49:39.117+0000] {logging_mixin.py:137} INFO - [2023-01-11T13:49:39.117+0000] {dag.py:2676} INFO - Sync 1 DAGs
[2023-01-11T13:49:39.171+0000] {logging_mixin.py:137} INFO - [2023-01-11T13:49:39.171+0000] {dag.py:3427} INFO - Setting next_dagrun for tutorial_dag to None, run_after=None
[2023-01-11T13:49:39.211+0000] {processor.py:175} INFO - Processing /home/airflow/.local/lib/python3.7/site-packages/airflow/example_dags/tutorial_dag.py took 0.221 seconds
[2023-01-11T13:50:09.690+0000] {processor.py:153} INFO - Started process (PID=1753) to work on /home/airflow/.local/lib/python3.7/site-packages/airflow/example_dags/tutorial_dag.py
[2023-01-11T13:50:09.692+0000] {processor.py:743} INFO - Processing file /home/airflow/.local/lib/python3.7/site-packages/airflow/example_dags/tutorial_dag.py for tasks to queue
[2023-01-11T13:50:09.693+0000] {logging_mixin.py:137} INFO - [2023-01-11T13:50:09.693+0000] {dagbag.py:538} INFO - Filling up the DagBag from /home/airflow/.local/lib/python3.7/site-packages/airflow/example_dags/tutorial_dag.py
[2023-01-11T13:50:09.720+0000] {processor.py:753} INFO - DAG(s) dict_keys(['tutorial_dag']) retrieved from /home/airflow/.local/lib/python3.7/site-packages/airflow/example_dags/tutorial_dag.py
[2023-01-11T13:50:09.812+0000] {logging_mixin.py:137} INFO - [2023-01-11T13:50:09.811+0000] {dag.py:2676} INFO - Sync 1 DAGs
[2023-01-11T13:50:09.877+0000] {logging_mixin.py:137} INFO - [2023-01-11T13:50:09.877+0000] {dag.py:3427} INFO - Setting next_dagrun for tutorial_dag to None, run_after=None
[2023-01-11T13:50:09.925+0000] {processor.py:175} INFO - Processing /home/airflow/.local/lib/python3.7/site-packages/airflow/example_dags/tutorial_dag.py took 0.245 seconds
