[2023-01-08T16:32:42.432+0000] {taskinstance.py:1087} INFO - Dependencies all met for <TaskInstance: UK_Accidents_2020-DAG.extract_clean_data manual__2023-01-08T16:32:39.072222+00:00 [queued]>
[2023-01-08T16:32:42.481+0000] {taskinstance.py:1087} INFO - Dependencies all met for <TaskInstance: UK_Accidents_2020-DAG.extract_clean_data manual__2023-01-08T16:32:39.072222+00:00 [queued]>
[2023-01-08T16:32:42.483+0000] {taskinstance.py:1283} INFO - 
--------------------------------------------------------------------------------
[2023-01-08T16:32:42.484+0000] {taskinstance.py:1284} INFO - Starting attempt 1 of 1
[2023-01-08T16:32:42.485+0000] {taskinstance.py:1285} INFO - 
--------------------------------------------------------------------------------
[2023-01-08T16:32:42.695+0000] {taskinstance.py:1304} INFO - Executing <Task(PythonOperator): extract_clean_data> on 2023-01-08 16:32:39.072222+00:00
[2023-01-08T16:32:42.756+0000] {standard_task_runner.py:55} INFO - Started process 2115 to run task
[2023-01-08T16:32:42.791+0000] {standard_task_runner.py:82} INFO - Running: ['***', 'tasks', 'run', 'UK_Accidents_2020-DAG', 'extract_clean_data', 'manual__2023-01-08T16:32:39.072222+00:00', '--job-id', '179', '--raw', '--subdir', 'DAGS_FOLDER/flow.py', '--cfg-path', '/tmp/tmpfxdw8b77']
[2023-01-08T16:32:42.805+0000] {standard_task_runner.py:83} INFO - Job 179: Subtask extract_clean_data
[2023-01-08T16:32:43.089+0000] {task_command.py:389} INFO - Running <TaskInstance: UK_Accidents_2020-DAG.extract_clean_data manual__2023-01-08T16:32:39.072222+00:00 [running]> on host 4772e9b170d7
[2023-01-08T16:32:43.304+0000] {taskinstance.py:1513} INFO - Exporting the following env vars:
AIRFLOW_CTX_DAG_OWNER=***
AIRFLOW_CTX_DAG_ID=UK_Accidents_2020-DAG
AIRFLOW_CTX_TASK_ID=extract_clean_data
AIRFLOW_CTX_EXECUTION_DATE=2023-01-08T16:32:39.072222+00:00
AIRFLOW_CTX_TRY_NUMBER=1
AIRFLOW_CTX_DAG_RUN_ID=manual__2023-01-08T16:32:39.072222+00:00
[2023-01-08T16:32:45.621+0000] {logging_mixin.py:137} WARNING - /home/***/.local/lib/python3.7/site-packages/***/operators/python.py:192 DtypeWarning: Columns (0,2,20) have mixed types.Specify dtype option on import or set low_memory=False.
[2023-01-08T16:33:27.329+0000] {logging_mixin.py:137} WARNING - /opt/***/dags/ETLscripts/transformation.py:30 FutureWarning: Series.dt.weekofyear and Series.dt.week have been deprecated.  Please use Series.dt.isocalendar().week instead.
[2023-01-08T16:33:31.733+0000] {python.py:177} INFO - Done. Returned value was: None
[2023-01-08T16:33:31.743+0000] {taskinstance.py:1327} INFO - Marking task as SUCCESS. dag_id=UK_Accidents_2020-DAG, task_id=extract_clean_data, execution_date=20230108T163239, start_date=20230108T163242, end_date=20230108T163331
[2023-01-08T16:33:31.909+0000] {local_task_job.py:159} INFO - Task exited with return code 0
[2023-01-08T16:33:31.929+0000] {taskinstance.py:2582} INFO - 1 downstream tasks scheduled from follow-on schedule check
