[2023-01-08T17:40:07.172+0000] {taskinstance.py:1087} INFO - Dependencies all met for <TaskInstance: UK_Accidents_2020-DAG.extract_clean_data manual__2023-01-08T17:40:03.853158+00:00 [queued]>
[2023-01-08T17:40:07.237+0000] {taskinstance.py:1087} INFO - Dependencies all met for <TaskInstance: UK_Accidents_2020-DAG.extract_clean_data manual__2023-01-08T17:40:03.853158+00:00 [queued]>
[2023-01-08T17:40:07.237+0000] {taskinstance.py:1283} INFO - 
--------------------------------------------------------------------------------
[2023-01-08T17:40:07.238+0000] {taskinstance.py:1284} INFO - Starting attempt 1 of 1
[2023-01-08T17:40:07.238+0000] {taskinstance.py:1285} INFO - 
--------------------------------------------------------------------------------
[2023-01-08T17:40:07.322+0000] {taskinstance.py:1304} INFO - Executing <Task(PythonOperator): extract_clean_data> on 2023-01-08 17:40:03.853158+00:00
[2023-01-08T17:40:07.344+0000] {standard_task_runner.py:55} INFO - Started process 10019 to run task
[2023-01-08T17:40:07.385+0000] {standard_task_runner.py:82} INFO - Running: ['***', 'tasks', 'run', 'UK_Accidents_2020-DAG', 'extract_clean_data', 'manual__2023-01-08T17:40:03.853158+00:00', '--job-id', '326', '--raw', '--subdir', 'DAGS_FOLDER/flow.py', '--cfg-path', '/tmp/tmpk02erwxe']
[2023-01-08T17:40:07.396+0000] {standard_task_runner.py:83} INFO - Job 326: Subtask extract_clean_data
[2023-01-08T17:40:07.766+0000] {task_command.py:389} INFO - Running <TaskInstance: UK_Accidents_2020-DAG.extract_clean_data manual__2023-01-08T17:40:03.853158+00:00 [running]> on host 9f0205691dbf
[2023-01-08T17:40:08.094+0000] {taskinstance.py:1513} INFO - Exporting the following env vars:
AIRFLOW_CTX_DAG_OWNER=***
AIRFLOW_CTX_DAG_ID=UK_Accidents_2020-DAG
AIRFLOW_CTX_TASK_ID=extract_clean_data
AIRFLOW_CTX_EXECUTION_DATE=2023-01-08T17:40:03.853158+00:00
AIRFLOW_CTX_TRY_NUMBER=1
AIRFLOW_CTX_DAG_RUN_ID=manual__2023-01-08T17:40:03.853158+00:00
[2023-01-08T17:40:09.551+0000] {logging_mixin.py:137} WARNING - /home/***/.local/lib/python3.7/site-packages/***/operators/python.py:192 DtypeWarning: Columns (0,2,20) have mixed types.Specify dtype option on import or set low_memory=False.
[2023-01-08T17:40:53.394+0000] {logging_mixin.py:137} WARNING - /opt/***/dags/ETLscripts/transformation.py:30 FutureWarning: Series.dt.weekofyear and Series.dt.week have been deprecated.  Please use Series.dt.isocalendar().week instead.
[2023-01-08T17:40:59.725+0000] {python.py:177} INFO - Done. Returned value was: None
[2023-01-08T17:40:59.745+0000] {taskinstance.py:1327} INFO - Marking task as SUCCESS. dag_id=UK_Accidents_2020-DAG, task_id=extract_clean_data, execution_date=20230108T174003, start_date=20230108T174007, end_date=20230108T174059
[2023-01-08T17:40:59.975+0000] {local_task_job.py:159} INFO - Task exited with return code 0
[2023-01-08T17:41:00.022+0000] {taskinstance.py:2582} INFO - 1 downstream tasks scheduled from follow-on schedule check
