[2023-01-08T17:57:13.215+0000] {taskinstance.py:1087} INFO - Dependencies all met for <TaskInstance: UK_Accidents_2020-DAG.extract_clean_data manual__2023-01-08T17:57:09.571948+00:00 [queued]>
[2023-01-08T17:57:13.313+0000] {taskinstance.py:1087} INFO - Dependencies all met for <TaskInstance: UK_Accidents_2020-DAG.extract_clean_data manual__2023-01-08T17:57:09.571948+00:00 [queued]>
[2023-01-08T17:57:13.317+0000] {taskinstance.py:1283} INFO - 
--------------------------------------------------------------------------------
[2023-01-08T17:57:13.326+0000] {taskinstance.py:1284} INFO - Starting attempt 1 of 1
[2023-01-08T17:57:13.327+0000] {taskinstance.py:1285} INFO - 
--------------------------------------------------------------------------------
[2023-01-08T17:57:13.509+0000] {taskinstance.py:1304} INFO - Executing <Task(PythonOperator): extract_clean_data> on 2023-01-08 17:57:09.571948+00:00
[2023-01-08T17:57:13.544+0000] {standard_task_runner.py:55} INFO - Started process 417 to run task
[2023-01-08T17:57:13.610+0000] {standard_task_runner.py:82} INFO - Running: ['***', 'tasks', 'run', 'UK_Accidents_2020-DAG', 'extract_clean_data', 'manual__2023-01-08T17:57:09.571948+00:00', '--job-id', '329', '--raw', '--subdir', 'DAGS_FOLDER/flow.py', '--cfg-path', '/tmp/tmp5fbwa6ew']
[2023-01-08T17:57:13.664+0000] {standard_task_runner.py:83} INFO - Job 329: Subtask extract_clean_data
[2023-01-08T17:57:14.477+0000] {task_command.py:389} INFO - Running <TaskInstance: UK_Accidents_2020-DAG.extract_clean_data manual__2023-01-08T17:57:09.571948+00:00 [running]> on host 75f2c64fc9ef
[2023-01-08T17:57:14.931+0000] {taskinstance.py:1513} INFO - Exporting the following env vars:
AIRFLOW_CTX_DAG_OWNER=***
AIRFLOW_CTX_DAG_ID=UK_Accidents_2020-DAG
AIRFLOW_CTX_TASK_ID=extract_clean_data
AIRFLOW_CTX_EXECUTION_DATE=2023-01-08T17:57:09.571948+00:00
AIRFLOW_CTX_TRY_NUMBER=1
AIRFLOW_CTX_DAG_RUN_ID=manual__2023-01-08T17:57:09.571948+00:00
[2023-01-08T17:57:18.278+0000] {logging_mixin.py:137} WARNING - /home/***/.local/lib/python3.7/site-packages/***/operators/python.py:192 DtypeWarning: Columns (0,2,20) have mixed types.Specify dtype option on import or set low_memory=False.
[2023-01-08T17:58:02.405+0000] {logging_mixin.py:137} WARNING - /opt/***/dags/ETLscripts/transformation.py:30 FutureWarning: Series.dt.weekofyear and Series.dt.week have been deprecated.  Please use Series.dt.isocalendar().week instead.
[2023-01-08T17:58:05.820+0000] {python.py:177} INFO - Done. Returned value was: None
[2023-01-08T17:58:05.841+0000] {taskinstance.py:1327} INFO - Marking task as SUCCESS. dag_id=UK_Accidents_2020-DAG, task_id=extract_clean_data, execution_date=20230108T175709, start_date=20230108T175713, end_date=20230108T175805
[2023-01-08T17:58:06.064+0000] {local_task_job.py:159} INFO - Task exited with return code 0
[2023-01-08T17:58:06.110+0000] {taskinstance.py:2582} INFO - 1 downstream tasks scheduled from follow-on schedule check
